   8.4627637e-01  -4.0086501e-01   0.0000000e+00
   8.4627637e-01  -4.0086501e-01   0.0000000e+00
   8.4627637e-01  -3.8616947e-01   0.0000000e+00
   8.4627637e-01  -3.8768289e-01   0.0000000e+00
   8.4627637e-01  -3.6801447e-01   0.0000000e+00
   8.4627637e-01  -3.8396404e-01   0.0000000e+00
   8.4627637e-01  -3.5439039e-01   0.0000000e+00
   8.4627637e-01  -4.0879480e-01   0.0000000e+00
   8.3967060e-01  -3.3581715e-01   0.0000000e+00
   8.3967060e-01  -3.2429258e-01   0.0000000e+00
   8.3967060e-01  -3.2212620e-01   0.0000000e+00
   8.3967060e-01  -3.0463944e-01   0.0000000e+00
   8.3590639e-01  -3.0227411e-01   0.0000000e+00
   8.3590639e-01  -2.8824042e-01   0.0000000e+00
   8.3590639e-01  -2.8824042e-01   0.0000000e+00
   8.3496912e-01  -2.7996102e-01   0.0000000e+00
   8.3215732e-01  -2.4893884e-01   0.0000000e+00
   8.3215732e-01  -2.4893884e-01   0.0000000e+00
   8.3215732e-01  -2.2840534e-01   0.0000000e+00
   8.3215732e-01  -2.2061476e-01   0.0000000e+00
   6.4181312e-01  -2.2993379e-01   0.0000000e+00
   6.4181312e-01  -2.2993379e-01   0.0000000e+00
   6.3926200e-01  -2.2964613e-01   0.0000000e+00
   6.3926200e-01  -2.2964613e-01   0.0000000e+00
   6.3926200e-01  -2.2964613e-01   0.0000000e+00
   6.3926200e-01  -2.2304518e-01   0.0000000e+00
   6.3926200e-01  -2.1422341e-01   0.0000000e+00
   6.3926200e-01  -1.9057189e-01   0.0000000e+00
   6.3482703e-01  -2.2421522e-01   0.0000000e+00
   6.3482703e-01  -2.2421522e-01   0.0000000e+00
   6.3196687e-01  -1.3481270e-01   0.0000000e+00
   6.3196687e-01  -1.5207418e-01   0.0000000e+00
   6.2910671e-01  -1.1844635e-01   0.0000000e+00
   6.2910671e-01  -9.9081167e-02   0.0000000e+00
   6.2910671e-01  -1.1844635e-01   0.0000000e+00
   6.2910671e-01  -1.1844635e-01   0.0000000e+00
   6.2910671e-01  -1.2629366e-01   0.0000000e+00
   6.2910671e-01  -1.2073331e-01   0.0000000e+00
   6.2910671e-01  -1.2073331e-01   0.0000000e+00
   6.2910671e-01  -1.0634700e-01   0.0000000e+00
   4.5774175e-01   8.3727475e-03   0.0000000e+00
   4.5774175e-01   8.3727475e-03   0.0000000e+00
   4.5774175e-01   8.3727475e-03   0.0000000e+00
   4.5774175e-01   8.3727475e-03   0.0000000e+00
   4.5774175e-01   2.1811165e-02   0.0000000e+00
   4.5774175e-01   2.1634702e-02   0.0000000e+00
   4.5774175e-01   2.1634702e-02   0.0000000e+00
   4.5774175e-01   2.1634702e-02   0.0000000e+00
   4.5774175e-01   2.1634702e-02   0.0000000e+00
   4.5549590e-01   3.2382407e-02   0.0000000e+00
   4.5549590e-01   2.4927189e-02   0.0000000e+00
   4.4743205e-01   6.7240039e-02   0.0000000e+00
   4.4296397e-01   7.6362602e-02   0.0000000e+00
   4.4296397e-01   9.6318213e-02   0.0000000e+00
   4.4296397e-01   9.6318213e-02   0.0000000e+00
   4.3133098e-01   1.3263797e-01   0.0000000e+00
   4.3133098e-01   1.3463181e-01   0.0000000e+00
   4.3133098e-01   1.4378656e-01   0.0000000e+00
   4.2694644e-01   1.9210839e-01   0.0000000e+00
   4.2369487e-01   2.2147409e-01   0.0000000e+00
   4.2270924e-01   2.4133802e-01   0.0000000e+00
   4.1635344e-01   2.3321148e-01   0.0000000e+00
   4.1635344e-01   2.8154090e-01   0.0000000e+00
   2.5604375e-01   2.9577415e-01   0.0000000e+00
   2.5604375e-01   2.9577415e-01   0.0000000e+00
   2.5604375e-01   2.9577415e-01   0.0000000e+00
   2.5588864e-01   2.9427920e-01   0.0000000e+00
   2.5588864e-01   2.9427920e-01   0.0000000e+00
   2.5588864e-01   2.9301274e-01   0.0000000e+00
   2.5588864e-01   2.9301274e-01   0.0000000e+00
   2.5588864e-01   2.9301274e-01   0.0000000e+00
   2.5588864e-01   2.9301274e-01   0.0000000e+00
   2.5635395e-01   2.9400393e-01   0.0000000e+00
   2.5635395e-01   3.1900048e-01   0.0000000e+00
   2.4832131e-01   3.3045175e-01   0.0000000e+00
   2.4790342e-01   3.3991462e-01   0.0000000e+00
   2.3954025e-01   3.8284921e-01   0.0000000e+00
   2.3954025e-01   3.8284921e-01   0.0000000e+00
   2.3474013e-01   4.5088504e-01   0.0000000e+00
   2.2524244e-01   5.0423057e-01   0.0000000e+00
   2.2284238e-01   5.3720281e-01   0.0000000e+00
   2.1914030e-01   5.8865095e-01   0.0000000e+00
   2.1303815e-01   6.1143464e-01   0.0000000e+00
   2.0998708e-01   6.6737644e-01   0.0000000e+00
   8.6067163e-02   7.3965362e-01   0.0000000e+00
   8.6829930e-02   7.3947498e-01   0.0000000e+00
   8.6829930e-02   7.3722795e-01   0.0000000e+00
   8.6829930e-02   7.3722795e-01   0.0000000e+00
   8.6829930e-02   7.3074856e-01   0.0000000e+00
   8.6829930e-02   7.3074856e-01   0.0000000e+00
   8.6829930e-02   7.3074856e-01   0.0000000e+00
   8.6829930e-02   7.2867832e-01   0.0000000e+00
   7.8878478e-02   7.3369505e-01   0.0000000e+00
   7.0927026e-02   7.5715489e-01   0.0000000e+00
   5.9259087e-02   7.9330498e-01   0.0000000e+00
   4.7591147e-02   8.0178831e-01   0.0000000e+00
   3.9639695e-02   9.4256792e-01   0.0000000e+00
   2.4255268e-02   9.7535195e-01   0.0000000e+00
   1.4054345e-02   1.0784121e+00   0.0000000e+00
   0.0000000e+00   1.2545891e+00   0.0000000e+00
