   8.4398586e-01  -4.7476448e-01   0.0000000e+00
   8.4398586e-01  -4.7564323e-01   0.0000000e+00
   8.4398586e-01  -4.7564323e-01   0.0000000e+00
   8.4398586e-01  -4.7564323e-01   0.0000000e+00
   8.4398586e-01  -4.8381193e-01   0.0000000e+00
   8.4398586e-01  -4.8381193e-01   0.0000000e+00
   8.4398586e-01  -4.8381193e-01   0.0000000e+00
   8.4398586e-01  -4.8381193e-01   0.0000000e+00
   8.4398586e-01  -4.6304045e-01   0.0000000e+00
   8.4398586e-01  -4.4569895e-01   0.0000000e+00
   8.4398586e-01  -4.4569895e-01   0.0000000e+00
   8.4452446e-01  -4.5033099e-01   0.0000000e+00
   8.4452446e-01  -4.5515831e-01   0.0000000e+00
   8.4434845e-01  -4.6083878e-01   0.0000000e+00
   8.4434845e-01  -4.6083878e-01   0.0000000e+00
   8.4434845e-01  -4.6083878e-01   0.0000000e+00
   8.4434845e-01  -4.6083878e-01   0.0000000e+00
   8.3825375e-01  -4.2083247e-01   0.0000000e+00
   8.3825375e-01  -4.2083247e-01   0.0000000e+00
   8.3825375e-01  -4.2083247e-01   0.0000000e+00
   8.3825375e-01  -4.2083247e-01   0.0000000e+00
   8.3861337e-01  -4.2028859e-01   0.0000000e+00
   8.3298030e-01  -4.2005372e-01   0.0000000e+00
   8.3298030e-01  -4.2005372e-01   0.0000000e+00
   8.3298030e-01  -4.2005372e-01   0.0000000e+00
   8.3298030e-01  -4.2005372e-01   0.0000000e+00
   8.3298030e-01  -3.8687437e-01   0.0000000e+00
   8.3298030e-01  -4.0135448e-01   0.0000000e+00
   6.5961516e-01  -2.6063719e-01   0.0000000e+00
   6.5961516e-01  -2.6063719e-01   0.0000000e+00
   6.5961516e-01  -2.6063719e-01   0.0000000e+00
   6.4863408e-01  -2.4865141e-01   0.0000000e+00
   6.4863408e-01  -2.4865141e-01   0.0000000e+00
   6.4863408e-01  -2.4865141e-01   0.0000000e+00
   6.4863408e-01  -2.4482767e-01   0.0000000e+00
   6.4572882e-01  -2.3773856e-01   0.0000000e+00
   6.3773653e-01  -2.2322405e-01   0.0000000e+00
   6.3555477e-01  -2.0930312e-01   0.0000000e+00
   6.3555477e-01  -1.9869907e-01   0.0000000e+00
   6.3555477e-01  -1.9869907e-01   0.0000000e+00
   6.3119123e-01  -1.6207965e-01   0.0000000e+00
   6.3119123e-01  -1.4907887e-01   0.0000000e+00
   6.3119123e-01  -1.5508319e-01   0.0000000e+00
   6.3119123e-01  -1.6207965e-01   0.0000000e+00
   6.2828033e-01  -8.8954450e-02   0.0000000e+00
   6.2536942e-01  -7.5277422e-02   0.0000000e+00
   4.5286154e-01   2.5087761e-02   0.0000000e+00
   4.5286154e-01   1.5925740e-02   0.0000000e+00
   4.5286154e-01   2.7368619e-03   0.0000000e+00
   4.5286154e-01   2.7368619e-03   0.0000000e+00
   4.5286154e-01   2.7368619e-03   0.0000000e+00
   4.5286154e-01  -5.0994459e-03   0.0000000e+00
   4.5286154e-01  -9.6859145e-03   0.0000000e+00
   4.5286154e-01  -9.6859145e-03   0.0000000e+00
   4.5286154e-01  -1.4908669e-02   0.0000000e+00
   4.5286154e-01  -1.4908669e-02   0.0000000e+00
   4.4560857e-01  -5.8262944e-03   0.0000000e+00
   4.4560857e-01  -5.8262944e-03   0.0000000e+00
   4.3835561e-01   3.0074730e-02   0.0000000e+00
   4.3835561e-01   3.0074730e-02   0.0000000e+00
   4.3228167e-01   8.6177374e-02   0.0000000e+00
   4.3228167e-01   8.6177374e-02   0.0000000e+00
   4.3025703e-01   1.3499459e-01   0.0000000e+00
   4.2620774e-01   1.5707340e-01   0.0000000e+00
   4.2433190e-01   1.6795432e-01   0.0000000e+00
   4.2433190e-01   1.7665780e-01   0.0000000e+00
   4.2433190e-01   1.6795432e-01   0.0000000e+00
   4.2433190e-01   1.6795432e-01   0.0000000e+00
   2.5023942e-01   3.0319094e-01   0.0000000e+00
   2.5023942e-01   3.0234794e-01   0.0000000e+00
   2.5023942e-01   3.0234794e-01   0.0000000e+00
   2.5023942e-01   3.0234794e-01   0.0000000e+00
   2.5023942e-01   3.0234794e-01   0.0000000e+00
   2.5023942e-01   3.0273926e-01   0.0000000e+00
   2.5229882e-01   2.9470550e-01   0.0000000e+00
   2.5229882e-01   2.9470550e-01   0.0000000e+00
   2.5229882e-01   2.9470550e-01   0.0000000e+00
   2.5229882e-01   2.9708326e-01   0.0000000e+00
   2.4495430e-01   3.1335184e-01   0.0000000e+00
   2.4495430e-01   3.1335184e-01   0.0000000e+00
   2.2870575e-01   4.1481128e-01   0.0000000e+00
   2.2543970e-01   4.3438901e-01   0.0000000e+00
   2.2543970e-01   4.9697330e-01   0.0000000e+00
   2.2390546e-01   5.7508668e-01   0.0000000e+00
   2.1762003e-01   6.5644733e-01   0.0000000e+00
   2.1403392e-01   7.1377942e-01   0.0000000e+00
   2.1403392e-01   7.1795434e-01   0.0000000e+00
   9.1837803e-02   8.8399252e-01   0.0000000e+00
   9.1837803e-02   8.7148166e-01   0.0000000e+00
   9.1837803e-02   8.6338732e-01   0.0000000e+00
   9.1837803e-02   8.6338732e-01   0.0000000e+00
   9.1837803e-02   8.5135121e-01   0.0000000e+00
   8.3795664e-02   8.3835384e-01   0.0000000e+00
   8.3795664e-02   8.3835384e-01   0.0000000e+00
   5.9702194e-02   8.8582110e-01   0.0000000e+00
   5.9702194e-02   8.8582110e-01   0.0000000e+00
   4.6208985e-02   9.8089502e-01   0.0000000e+00
   3.5625196e-02   1.1352372e+00   0.0000000e+00
   1.7812598e-02   1.3410736e+00   0.0000000e+00
   0.0000000e+00   1.5187829e+00   0.0000000e+00
