   8.3955789e-01  -3.6994020e-01   0.0000000e+00
   8.3946035e-01  -3.6143220e-01   0.0000000e+00
   8.3946035e-01  -3.5378230e-01   0.0000000e+00
   8.3877760e-01  -3.4479778e-01   0.0000000e+00
   8.3877760e-01  -3.4479778e-01   0.0000000e+00
   8.3809485e-01  -3.2708027e-01   0.0000000e+00
   8.3562527e-01  -3.2246999e-01   0.0000000e+00
   8.3562527e-01  -3.1649355e-01   0.0000000e+00
   8.3190686e-01  -3.0338660e-01   0.0000000e+00
   8.3190686e-01  -3.0338660e-01   0.0000000e+00
   8.3190686e-01  -3.0338660e-01   0.0000000e+00
   8.3137566e-01  -2.8891617e-01   0.0000000e+00
   8.3137566e-01  -2.7217248e-01   0.0000000e+00
   8.3137566e-01  -2.7217248e-01   0.0000000e+00
   8.3137566e-01  -2.6013978e-01   0.0000000e+00
   8.3137566e-01  -2.4150976e-01   0.0000000e+00
   6.4962897e-01  -2.2726982e-01   0.0000000e+00
   6.4962897e-01  -2.2726982e-01   0.0000000e+00
   6.4962897e-01  -2.2726982e-01   0.0000000e+00
   6.4725761e-01  -2.1878166e-01   0.0000000e+00
   6.4466375e-01  -2.1158174e-01   0.0000000e+00
   6.4466375e-01  -1.9716430e-01   0.0000000e+00
   6.4092172e-01  -1.8908613e-01   0.0000000e+00
   6.4092172e-01  -1.8567988e-01   0.0000000e+00
   6.4092172e-01  -1.8567988e-01   0.0000000e+00
   6.3458584e-01  -1.6380072e-01   0.0000000e+00
   6.3458584e-01  -1.6380072e-01   0.0000000e+00
   6.3458584e-01  -1.4623675e-01   0.0000000e+00
   6.3458584e-01  -1.2550238e-01   0.0000000e+00
   6.3322510e-01  -1.1681897e-01   0.0000000e+00
   6.3322510e-01  -1.4038509e-01   0.0000000e+00
   6.3322510e-01  -8.9492044e-02   0.0000000e+00
   6.3012093e-01  -7.6952200e-02   0.0000000e+00
   6.3012093e-01  -7.6952200e-02   0.0000000e+00
   6.3012093e-01  -7.6952200e-02   0.0000000e+00
   4.5441554e-01  -3.5198312e-02   0.0000000e+00
   4.5441554e-01  -3.5198312e-02   0.0000000e+00
   4.5441554e-01  -4.1126572e-02   0.0000000e+00
   4.5441554e-01  -4.1126572e-02   0.0000000e+00
   4.5441554e-01  -4.1133242e-02   0.0000000e+00
   4.5441554e-01  -4.1133242e-02   0.0000000e+00
   4.5441554e-01  -4.1133242e-02   0.0000000e+00
   4.5083278e-01  -3.8074145e-02   0.0000000e+00
   4.5083278e-01  -3.4927896e-02   0.0000000e+00
   4.4277158e-01  -1.2302014e-02   0.0000000e+00
   4.4008451e-01  -3.8592724e-03   0.0000000e+00
   4.4106290e-01   1.0518809e-02   0.0000000e+00
   4.3812773e-01   1.6773995e-02   0.0000000e+00
   4.3755532e-01   2.8543170e-02   0.0000000e+00
   4.3696706e-01   4.5356710e-02   0.0000000e+00
   4.3572318e-01   7.2991186e-02   0.0000000e+00
   4.3572318e-01   7.2991186e-02   0.0000000e+00
   4.3340185e-01   1.0555436e-01   0.0000000e+00
   4.3796130e-01   9.3028318e-02   0.0000000e+00
   4.3309475e-01   1.4735967e-01   0.0000000e+00
   4.3046632e-01   1.6109480e-01   0.0000000e+00
   4.3046632e-01   1.9011722e-01   0.0000000e+00
   4.3046632e-01   1.9011722e-01   0.0000000e+00
   4.3046632e-01   1.9358456e-01   0.0000000e+00
   4.3046632e-01   1.9358456e-01   0.0000000e+00
   2.5800063e-01   2.7089900e-01   0.0000000e+00
   2.5800063e-01   2.6677931e-01   0.0000000e+00
   2.5800063e-01   2.6677931e-01   0.0000000e+00
   2.5800063e-01   2.6164949e-01   0.0000000e+00
   2.5800063e-01   2.6164949e-01   0.0000000e+00
   2.5800063e-01   2.6164949e-01   0.0000000e+00
   2.5800063e-01   2.6164949e-01   0.0000000e+00
   2.5800063e-01   2.6185006e-01   0.0000000e+00
   2.5800063e-01   2.6185006e-01   0.0000000e+00
   2.5800063e-01   2.6741882e-01   0.0000000e+00
   2.5465523e-01   2.6889388e-01   0.0000000e+00
   2.5130982e-01   2.7003381e-01   0.0000000e+00
   2.4591927e-01   2.7226363e-01   0.0000000e+00
   2.4591927e-01   3.1502025e-01   0.0000000e+00
   2.3955041e-01   3.4055303e-01   0.0000000e+00
   2.3318155e-01   3.7664135e-01   0.0000000e+00
   2.3208085e-01   3.9488584e-01   0.0000000e+00
   2.2822485e-01   4.1964897e-01   0.0000000e+00
   2.2634290e-01   4.6848341e-01   0.0000000e+00
   2.2221350e-01   5.1001682e-01   0.0000000e+00
   2.1881833e-01   5.5607718e-01   0.0000000e+00
   2.1569098e-01   5.6808389e-01   0.0000000e+00
   2.0898385e-01   6.0772926e-01   0.0000000e+00
   2.0540406e-01   6.8049825e-01   0.0000000e+00
   2.0048682e-01   7.1993010e-01   0.0000000e+00
   8.5087611e-02   7.8103864e-01   0.0000000e+00
   8.5087611e-02   7.8103864e-01   0.0000000e+00
   8.5087611e-02   7.8103864e-01   0.0000000e+00
   8.5968857e-02   7.7353539e-01   0.0000000e+00
   8.5968857e-02   7.7353539e-01   0.0000000e+00
   8.5968857e-02   7.7353539e-01   0.0000000e+00
   8.5968857e-02   7.7353539e-01   0.0000000e+00
   8.5968857e-02   7.8255458e-01   0.0000000e+00
   7.5964114e-02   7.9652570e-01   0.0000000e+00
   6.3315634e-02   8.2101582e-01   0.0000000e+00
   4.6331252e-02   8.6443709e-01   0.0000000e+00
   3.1435819e-02   9.1316675e-01   0.0000000e+00
   2.6671341e-02   9.7908254e-01   0.0000000e+00
   9.5289554e-03   1.0552949e+00   0.0000000e+00
   0.0000000e+00   1.1461754e+00   0.0000000e+00
