   8.3851988e-01  -3.1644070e-01   0.0000000e+00
   8.3825775e-01  -3.1171474e-01   0.0000000e+00
   8.3825775e-01  -3.0223100e-01   0.0000000e+00
   8.3825775e-01  -3.0223100e-01   0.0000000e+00
   8.3825775e-01  -2.9959161e-01   0.0000000e+00
   8.3825775e-01  -3.3279634e-01   0.0000000e+00
   8.3825775e-01  -3.0326966e-01   0.0000000e+00
   8.3825775e-01  -2.7583939e-01   0.0000000e+00
   8.3825775e-01  -3.3279634e-01   0.0000000e+00
   8.3825775e-01  -3.1193927e-01   0.0000000e+00
   8.3698521e-01  -3.0422666e-01   0.0000000e+00
   8.3698521e-01  -3.0422666e-01   0.0000000e+00
   8.3698521e-01  -3.0422666e-01   0.0000000e+00
   8.3698521e-01  -3.0422666e-01   0.0000000e+00
   8.3921215e-01  -3.2637674e-01   0.0000000e+00
   8.3921215e-01  -3.1377422e-01   0.0000000e+00
   8.4255257e-01  -3.4622135e-01   0.0000000e+00
   8.5546126e-01  -3.8355952e-01   0.0000000e+00
   8.3536916e-01  -3.0177401e-01   0.0000000e+00
   8.3536916e-01  -3.0177401e-01   0.0000000e+00
   8.3536916e-01  -3.0177401e-01   0.0000000e+00
   8.3536916e-01  -3.0177401e-01   0.0000000e+00
   8.3536916e-01  -2.6026577e-01   0.0000000e+00
   8.3536916e-01  -2.6026577e-01   0.0000000e+00
   8.3536916e-01  -3.5076865e-01   0.0000000e+00
   8.3536916e-01  -3.5076865e-01   0.0000000e+00
   6.4212875e-01  -8.9744319e-02   0.0000000e+00
   6.6181673e-01  -9.3139348e-02   0.0000000e+00
   6.4212875e-01  -9.8104261e-02   0.0000000e+00
   6.6181673e-01  -9.3139348e-02   0.0000000e+00
   6.4795741e-01  -9.6167483e-02   0.0000000e+00
   6.4795741e-01  -9.6167483e-02   0.0000000e+00
   6.4795741e-01  -9.6167483e-02   0.0000000e+00
   6.4795741e-01  -9.6167483e-02   0.0000000e+00
   6.4795741e-01  -7.3051832e-02   0.0000000e+00
   6.3409670e-01  -1.3768076e-01   0.0000000e+00
   6.3409670e-01  -1.3768076e-01   0.0000000e+00
   6.3409670e-01  -1.3768076e-01   0.0000000e+00
   6.3409670e-01  -1.3768076e-01   0.0000000e+00
   6.3409670e-01  -1.6252548e-01   0.0000000e+00
   6.3376016e-01  -2.0148564e-01   0.0000000e+00
   4.4908892e-01   6.3460360e-02   0.0000000e+00
   4.4841584e-01   4.9177751e-02   0.0000000e+00
   4.4841584e-01   4.9177751e-02   0.0000000e+00
   4.4841584e-01   4.9177751e-02   0.0000000e+00
   4.4841584e-01   4.9177751e-02   0.0000000e+00
   4.4841584e-01   5.9386760e-02   0.0000000e+00
   4.4841584e-01   8.3912480e-02   0.0000000e+00
   4.4701154e-01   1.0270206e-01   0.0000000e+00
   4.4701154e-01   1.0270206e-01   0.0000000e+00
   4.4741386e-01   1.1398261e-01   0.0000000e+00
   4.4701154e-01   1.1556284e-01   0.0000000e+00
   4.4150068e-01   1.1723825e-01   0.0000000e+00
   4.4150068e-01   1.1723825e-01   0.0000000e+00
   4.4150068e-01   1.3861363e-01   0.0000000e+00
   4.4150068e-01   1.1723825e-01   0.0000000e+00
   4.4150068e-01   1.3553996e-01   0.0000000e+00
   4.4150068e-01   1.3553996e-01   0.0000000e+00
   4.4150068e-01   2.0480422e-01   0.0000000e+00
   4.4150068e-01   2.0480422e-01   0.0000000e+00
   4.4150068e-01   1.3512752e-01   0.0000000e+00
   2.5503401e-01   3.0302029e-01   0.0000000e+00
   2.5503401e-01   3.0302029e-01   0.0000000e+00
   2.5503401e-01   3.0302029e-01   0.0000000e+00
   2.5503401e-01   3.0028831e-01   0.0000000e+00
   2.5503401e-01   3.0028831e-01   0.0000000e+00
   2.5503401e-01   3.0028831e-01   0.0000000e+00
   2.5503401e-01   3.0028831e-01   0.0000000e+00
   2.5503401e-01   3.0029627e-01   0.0000000e+00
   2.5503401e-01   2.9887431e-01   0.0000000e+00
   2.5503401e-01   3.0280319e-01   0.0000000e+00
   2.5503401e-01   3.0450591e-01   0.0000000e+00
   2.4691013e-01   3.1921037e-01   0.0000000e+00
   2.5022382e-01   3.3093139e-01   0.0000000e+00
   2.4028275e-01   3.3849798e-01   0.0000000e+00
   2.4028275e-01   3.3849798e-01   0.0000000e+00
   2.3427313e-01   3.6831119e-01   0.0000000e+00
   2.3427313e-01   3.6831119e-01   0.0000000e+00
   2.3427313e-01   3.6831119e-01   0.0000000e+00
   2.1620448e-01   5.2654120e-01   0.0000000e+00
   2.1620448e-01   5.2654120e-01   0.0000000e+00
   2.0247106e-01   5.9573360e-01   0.0000000e+00
   2.0247106e-01   5.9573360e-01   0.0000000e+00
   2.0247106e-01   6.2713930e-01   0.0000000e+00
   7.7740173e-02   6.9066772e-01   0.0000000e+00
   7.7740173e-02   6.8958663e-01   0.0000000e+00
   7.7740173e-02   6.8958663e-01   0.0000000e+00
   7.7740173e-02   6.8958663e-01   0.0000000e+00
   7.7740173e-02   6.8871199e-01   0.0000000e+00
   7.7740173e-02   6.8871199e-01   0.0000000e+00
   7.7740173e-02   6.8871199e-01   0.0000000e+00
   7.7740173e-02   6.8871199e-01   0.0000000e+00
   7.5814843e-02   6.8981178e-01   0.0000000e+00
   7.0613067e-02   7.1223757e-01   0.0000000e+00
   5.4694152e-02   7.5276542e-01   0.0000000e+00
   4.3977013e-02   7.9254682e-01   0.0000000e+00
   3.5498790e-02   8.4869610e-01   0.0000000e+00
   2.4319950e-02   8.9497263e-01   0.0000000e+00
   1.3254620e-02   9.7425021e-01   0.0000000e+00
   0.0000000e+00   1.0852809e+00   0.0000000e+00
