   8.4782475e-01  -5.4381742e-01   0.0000000e+00
   8.4782475e-01  -5.4381742e-01   0.0000000e+00
   8.4782475e-01  -5.4381742e-01   0.0000000e+00
   8.4677257e-01  -5.4209446e-01   0.0000000e+00
   8.4572039e-01  -5.1435849e-01   0.0000000e+00
   8.4572039e-01  -5.1435849e-01   0.0000000e+00
   8.4572039e-01  -5.0235661e-01   0.0000000e+00
   8.4572039e-01  -5.0235661e-01   0.0000000e+00
   8.4378170e-01  -4.7865577e-01   0.0000000e+00
   8.4378170e-01  -4.7865577e-01   0.0000000e+00
   8.4184301e-01  -4.5760620e-01   0.0000000e+00
   8.4108158e-01  -4.5127757e-01   0.0000000e+00
   8.4070086e-01  -4.4257758e-01   0.0000000e+00
   8.4070086e-01  -4.4257758e-01   0.0000000e+00
   8.4032014e-01  -4.1137130e-01   0.0000000e+00
   8.3879727e-01  -4.0306188e-01   0.0000000e+00
   8.3879727e-01  -4.0306188e-01   0.0000000e+00
   8.3955871e-01  -4.0673626e-01   0.0000000e+00
   8.3653386e-01  -3.6529225e-01   0.0000000e+00
   8.3653386e-01  -3.6529225e-01   0.0000000e+00
   8.3653386e-01  -3.6529225e-01   0.0000000e+00
   8.3653386e-01  -3.6529225e-01   0.0000000e+00
   8.3653386e-01  -3.6374640e-01   0.0000000e+00
   8.2695166e-01  -3.0990751e-01   0.0000000e+00
   8.2695166e-01  -2.9800107e-01   0.0000000e+00
   8.2663122e-01  -2.8032910e-01   0.0000000e+00
   8.2663122e-01  -2.5768426e-01   0.0000000e+00
   8.2663122e-01  -2.5768426e-01   0.0000000e+00
   8.2663122e-01  -2.5768426e-01   0.0000000e+00
   8.2663122e-01  -2.9833254e-01   0.0000000e+00
   8.2663122e-01  -2.9833254e-01   0.0000000e+00
   8.2663122e-01  -3.2226090e-01   0.0000000e+00
   6.3749637e-01  -1.9826315e-01   0.0000000e+00
   6.3749637e-01  -1.9826315e-01   0.0000000e+00
   6.3749637e-01  -1.9826315e-01   0.0000000e+00
   6.3749637e-01  -2.2283090e-01   0.0000000e+00
   6.3431422e-01  -2.2732653e-01   0.0000000e+00
   6.3431422e-01  -2.4491498e-01   0.0000000e+00
   6.3431422e-01  -2.4491498e-01   0.0000000e+00
   6.3431422e-01  -2.4491498e-01   0.0000000e+00
   6.2476779e-01  -1.2303713e-01   0.0000000e+00
   6.2476779e-01  -1.2303713e-01   0.0000000e+00
   6.2476779e-01  -1.0848118e-01   0.0000000e+00
   6.2476779e-01  -8.5104501e-02   0.0000000e+00
   6.2476779e-01  -6.1736581e-02   0.0000000e+00
   6.2476779e-01  -6.3975000e-02   0.0000000e+00
   6.2476779e-01  -2.2407384e-02   0.0000000e+00
   4.5116984e-01   9.7108493e-03   0.0000000e+00
   4.5116984e-01   9.6228413e-03   0.0000000e+00
   4.5116984e-01   6.6251667e-04   0.0000000e+00
   4.5116984e-01   6.6251667e-04   0.0000000e+00
   4.5116984e-01  -1.0483567e-02   0.0000000e+00
   4.5116984e-01  -1.0483567e-02   0.0000000e+00
   4.5116984e-01  -1.0483567e-02   0.0000000e+00
   4.5116984e-01  -1.0483567e-02   0.0000000e+00
   4.5116984e-01   1.4352809e-02   0.0000000e+00
   4.5116984e-01   1.9954509e-02   0.0000000e+00
   4.5116984e-01   1.9954509e-02   0.0000000e+00
   4.5116984e-01   6.0715930e-02   0.0000000e+00
   4.4266423e-01   1.0506498e-01   0.0000000e+00
   4.4082171e-01   1.2547530e-01   0.0000000e+00
   4.3902740e-01   1.5397677e-01   0.0000000e+00
   4.3723310e-01   1.6609799e-01   0.0000000e+00
   4.3723310e-01   1.6609799e-01   0.0000000e+00
   4.3364448e-01   2.2693472e-01   0.0000000e+00
   4.3364448e-01   2.1993442e-01   0.0000000e+00
   4.2470636e-01   3.0437285e-01   0.0000000e+00
   4.2470636e-01   3.3665703e-01   0.0000000e+00
   2.6273472e-01   3.9200240e-01   0.0000000e+00
   2.6920544e-01   3.7499108e-01   0.0000000e+00
   2.6920544e-01   3.7499108e-01   0.0000000e+00
   2.6273472e-01   3.7258239e-01   0.0000000e+00
   2.6273472e-01   3.7258239e-01   0.0000000e+00
   2.6273472e-01   3.7258239e-01   0.0000000e+00
   2.6273472e-01   3.7258239e-01   0.0000000e+00
   2.6273472e-01   3.7297093e-01   0.0000000e+00
   2.6273472e-01   3.7297093e-01   0.0000000e+00
   2.6273472e-01   3.7796441e-01   0.0000000e+00
   2.4422091e-01   4.0416100e-01   0.0000000e+00
   2.3955647e-01   4.0442483e-01   0.0000000e+00
   2.3278351e-01   4.5129340e-01   0.0000000e+00
   2.2706480e-01   4.7488892e-01   0.0000000e+00
   2.2706480e-01   4.9548235e-01   0.0000000e+00
   2.1423978e-01   5.6816807e-01   0.0000000e+00
   2.0999282e-01   6.2257214e-01   0.0000000e+00
   1.9718779e-01   6.6434841e-01   0.0000000e+00
   8.6904353e-02   7.4331705e-01   0.0000000e+00
   8.6904353e-02   7.4331705e-01   0.0000000e+00
   8.6904353e-02   7.3155844e-01   0.0000000e+00
   8.6904353e-02   7.3155844e-01   0.0000000e+00
   8.6904353e-02   7.3155844e-01   0.0000000e+00
   8.6904353e-02   7.3155844e-01   0.0000000e+00
   8.6904353e-02   7.3735744e-01   0.0000000e+00
   7.3991285e-02   7.4615414e-01   0.0000000e+00
   6.9728720e-02   7.5475633e-01   0.0000000e+00
   5.2553088e-02   7.9207684e-01   0.0000000e+00
   4.1080859e-02   8.6982794e-01   0.0000000e+00
   2.9608630e-02   8.9349958e-01   0.0000000e+00
   1.6571062e-02   1.0734565e+00   0.0000000e+00
   0.0000000e+00   1.2554944e+00   0.0000000e+00
