   8.5365481e-01   1.7321357e-01   0.0000000e+00
   8.5365481e-01   1.4245841e-01   0.0000000e+00
   8.5365481e-01   1.4245841e-01   0.0000000e+00
   8.5365481e-01   1.4245841e-01   0.0000000e+00
   8.5365481e-01   1.3673043e-01   0.0000000e+00
   8.5365481e-01   1.3673043e-01   0.0000000e+00
   8.5365481e-01   1.3673043e-01   0.0000000e+00
   8.5365481e-01   1.3160535e-01   0.0000000e+00
   8.5365481e-01   1.3160535e-01   0.0000000e+00
   8.5365481e-01   1.2981593e-01   0.0000000e+00
   8.5365481e-01   1.1044218e-01   0.0000000e+00
   8.5365481e-01   1.1044218e-01   0.0000000e+00
   8.5365481e-01   9.8382682e-02   0.0000000e+00
   8.5365481e-01   9.8382682e-02   0.0000000e+00
   8.5365481e-01   9.8382682e-02   0.0000000e+00
   8.5365481e-01   8.7102825e-02   0.0000000e+00
   8.5365481e-01   8.7102825e-02   0.0000000e+00
   8.5365481e-01   8.7102825e-02   0.0000000e+00
   8.5365481e-01   8.4845654e-02   0.0000000e+00
   8.5365481e-01   8.4845654e-02   0.0000000e+00
   8.5365481e-01   8.4845654e-02   0.0000000e+00
   8.5365481e-01   8.4845654e-02   0.0000000e+00
   8.5365481e-01   8.4845654e-02   0.0000000e+00
   8.5365481e-01   8.4845654e-02   0.0000000e+00
   8.5365481e-01   8.4845654e-02   0.0000000e+00
   8.5365481e-01   8.4845654e-02   0.0000000e+00
   8.5365481e-01   7.4454257e-02   0.0000000e+00
   8.5365481e-01   7.4454257e-02   0.0000000e+00
   8.5365481e-01   6.1194187e-02   0.0000000e+00
   8.5365481e-01   6.1194187e-02   0.0000000e+00
   8.4396816e-01  -1.7291067e-02   0.0000000e+00
   8.4396816e-01  -1.7291067e-02   0.0000000e+00
   8.4396816e-01  -1.7291067e-02   0.0000000e+00
   8.4396816e-01  -1.7291067e-02   0.0000000e+00
   8.4396816e-01  -1.7291067e-02   0.0000000e+00
   8.4396816e-01  -1.7291067e-02   0.0000000e+00
   8.4396816e-01   6.6235273e-04   0.0000000e+00
   8.4396816e-01   6.6235273e-04   0.0000000e+00
   8.4396816e-01   6.6235273e-04   0.0000000e+00
   8.4396816e-01   6.6235273e-04   0.0000000e+00
   8.4396816e-01   6.6235273e-04   0.0000000e+00
   8.4396816e-01   6.6235273e-04   0.0000000e+00
   8.4396816e-01   6.6235273e-04   0.0000000e+00
   8.4396816e-01   4.6721396e-02   0.0000000e+00
   8.4396816e-01   4.6721396e-02   0.0000000e+00
   8.4396816e-01   4.6721396e-02   0.0000000e+00
   8.4396816e-01   4.6019993e-02   0.0000000e+00
   8.4396816e-01   4.6019993e-02   0.0000000e+00
   6.3865654e-01   8.8584709e-02   0.0000000e+00
   6.3865654e-01   8.8584709e-02   0.0000000e+00
   6.3865654e-01   8.8584709e-02   0.0000000e+00
   6.3865654e-01   8.8584709e-02   0.0000000e+00
   6.3865654e-01   8.8584709e-02   0.0000000e+00
   6.3865654e-01   8.8584709e-02   0.0000000e+00
   6.3865654e-01   8.8584709e-02   0.0000000e+00
   6.3865654e-01   9.0034525e-02   0.0000000e+00
   6.3865654e-01   9.0034525e-02   0.0000000e+00
   6.3865654e-01   9.0034525e-02   0.0000000e+00
   6.3865654e-01   9.0034525e-02   0.0000000e+00
   6.3865654e-01   1.1732791e-01   0.0000000e+00
   6.3865654e-01   1.1732791e-01   0.0000000e+00
   6.3865654e-01   1.1732791e-01   0.0000000e+00
   6.3865654e-01   1.1732791e-01   0.0000000e+00
   6.3865654e-01   1.1732791e-01   0.0000000e+00
   6.3865654e-01   1.3129256e-01   0.0000000e+00
   6.3865654e-01   7.8534819e-02   0.0000000e+00
   4.5355194e-01   1.6057387e-01   0.0000000e+00
   4.5355194e-01   1.6057387e-01   0.0000000e+00
   4.5355194e-01   1.6057387e-01   0.0000000e+00
   4.5355194e-01   1.4416807e-01   0.0000000e+00
   4.5355194e-01   1.2736645e-01   0.0000000e+00
   4.5355194e-01   1.2736645e-01   0.0000000e+00
   4.5355194e-01   1.2736645e-01   0.0000000e+00
   4.5355194e-01   1.2736645e-01   0.0000000e+00
   4.5355194e-01   1.2736645e-01   0.0000000e+00
   4.5355194e-01   1.2736645e-01   0.0000000e+00
   4.5355194e-01   1.2736645e-01   0.0000000e+00
   4.5355194e-01   1.2736645e-01   0.0000000e+00
   4.5355194e-01   1.4193661e-01   0.0000000e+00
   4.4491857e-01   1.3657415e-01   0.0000000e+00
   4.4491857e-01   1.3657415e-01   0.0000000e+00
   4.4491857e-01   1.3657415e-01   0.0000000e+00
   4.4491857e-01   1.2139301e-01   0.0000000e+00
   4.4491857e-01   1.2139301e-01   0.0000000e+00
   4.4491857e-01   1.2139301e-01   0.0000000e+00
   4.4405524e-01   1.4683483e-01   0.0000000e+00
   4.4405524e-01   1.4683483e-01   0.0000000e+00
   4.4405524e-01   1.4683483e-01   0.0000000e+00
   4.4405524e-01   1.4683483e-01   0.0000000e+00
   4.4405524e-01   1.4683483e-01   0.0000000e+00
   4.4405524e-01   1.3079240e-01   0.0000000e+00
   4.4405524e-01   1.3079240e-01   0.0000000e+00
   4.4405524e-01   1.3079240e-01   0.0000000e+00
   4.4405524e-01   1.3079240e-01   0.0000000e+00
   4.4405524e-01   1.3079240e-01   0.0000000e+00
   4.4405524e-01   1.3079240e-01   0.0000000e+00
   4.4405524e-01   1.3079240e-01   0.0000000e+00
   4.4405524e-01   1.3079240e-01   0.0000000e+00
   4.4405524e-01   1.2739132e-01   0.0000000e+00
   4.4405524e-01   1.3079240e-01   0.0000000e+00
   4.4405524e-01   1.5603359e-01   0.0000000e+00
   4.4405524e-01   1.5603359e-01   0.0000000e+00
   4.4405524e-01   1.5603359e-01   0.0000000e+00
   4.4405524e-01   1.5603359e-01   0.0000000e+00
   4.4405524e-01   1.4482752e-01   0.0000000e+00
   4.4405524e-01   1.5600706e-01   0.0000000e+00
   4.4405524e-01   1.5129669e-01   0.0000000e+00
   4.4373149e-01   2.2078357e-01   0.0000000e+00
   4.4373149e-01   2.2078357e-01   0.0000000e+00
   4.4373149e-01   2.2078357e-01   0.0000000e+00
   4.4373149e-01   2.2078357e-01   0.0000000e+00
   4.4373149e-01   2.2078357e-01   0.0000000e+00
   4.4373149e-01   2.2078357e-01   0.0000000e+00
   4.4373149e-01   2.2078357e-01   0.0000000e+00
   2.4974009e-01   4.3701340e-01   0.0000000e+00
   2.4974009e-01   4.2068477e-01   0.0000000e+00
   2.4974009e-01   4.0463998e-01   0.0000000e+00
   2.4974009e-01   4.0463998e-01   0.0000000e+00
   2.4974009e-01   4.0463998e-01   0.0000000e+00
   2.4974009e-01   4.0463998e-01   0.0000000e+00
   2.4974009e-01   4.0463998e-01   0.0000000e+00
   2.4974009e-01   4.0463998e-01   0.0000000e+00
   2.5952917e-01   3.9263338e-01   0.0000000e+00
   2.5952917e-01   3.9263338e-01   0.0000000e+00
   2.5952917e-01   3.9263338e-01   0.0000000e+00
   2.5952917e-01   3.8163204e-01   0.0000000e+00
   2.5952917e-01   3.8163204e-01   0.0000000e+00
   2.5952917e-01   3.6164861e-01   0.0000000e+00
   2.5952917e-01   3.6164861e-01   0.0000000e+00
   2.5952917e-01   3.6164861e-01   0.0000000e+00
   2.5952917e-01   3.6164861e-01   0.0000000e+00
   2.5952917e-01   3.6164861e-01   0.0000000e+00
   2.5463463e-01   3.5800530e-01   0.0000000e+00
   2.5463463e-01   3.5800530e-01   0.0000000e+00
   2.5463463e-01   3.5800530e-01   0.0000000e+00
   2.5463463e-01   3.8380688e-01   0.0000000e+00
   2.5218736e-01   3.9326790e-01   0.0000000e+00
   2.4974009e-01   3.9763176e-01   0.0000000e+00
   2.4974009e-01   3.9763176e-01   0.0000000e+00
   2.4974009e-01   4.1843707e-01   0.0000000e+00
   2.4974009e-01   4.1872098e-01   0.0000000e+00
   2.4974009e-01   4.2120664e-01   0.0000000e+00
   2.4974009e-01   4.2120664e-01   0.0000000e+00
   2.4974009e-01   4.8452826e-01   0.0000000e+00
   2.4974009e-01   4.9240660e-01   0.0000000e+00
   2.4974009e-01   4.8690237e-01   0.0000000e+00
   2.4974009e-01   4.8690237e-01   0.0000000e+00
   2.4974009e-01   5.3255334e-01   0.0000000e+00
   2.4974009e-01   5.3255334e-01   0.0000000e+00
   2.4974009e-01   5.0055856e-01   0.0000000e+00
   2.4974009e-01   4.7020661e-01   0.0000000e+00
   2.4974009e-01   4.7020661e-01   0.0000000e+00
   2.4974009e-01   4.4001810e-01   0.0000000e+00
   2.4974009e-01   4.4001810e-01   0.0000000e+00
   2.4974009e-01   4.0391641e-01   0.0000000e+00
   2.4974009e-01   4.0391641e-01   0.0000000e+00
   2.4974009e-01   4.5378604e-01   0.0000000e+00
   9.1957565e-02   7.3727969e-01   0.0000000e+00
   9.1957565e-02   7.3727969e-01   0.0000000e+00
   9.1957565e-02   7.3727969e-01   0.0000000e+00
   8.1028838e-02   7.2487486e-01   0.0000000e+00
   8.1028838e-02   7.2487486e-01   0.0000000e+00
   8.1655973e-02   7.1655910e-01   0.0000000e+00
   8.1655973e-02   7.1277177e-01   0.0000000e+00
   8.1655973e-02   7.1069981e-01   0.0000000e+00
   8.1655973e-02   7.1069981e-01   0.0000000e+00
   8.1655973e-02   7.0645335e-01   0.0000000e+00
   8.1655973e-02   7.0638388e-01   0.0000000e+00
   8.1655973e-02   7.0638388e-01   0.0000000e+00
   8.1655973e-02   7.0638388e-01   0.0000000e+00
   8.1655973e-02   7.0638388e-01   0.0000000e+00
   8.1655973e-02   7.0638388e-01   0.0000000e+00
   8.1655973e-02   7.0472008e-01   0.0000000e+00
   8.1655973e-02   7.0472008e-01   0.0000000e+00
   8.1655973e-02   7.0472008e-01   0.0000000e+00
   8.1655973e-02   7.0472008e-01   0.0000000e+00
   8.1655973e-02   7.0472008e-01   0.0000000e+00
   8.1655973e-02   7.0472008e-01   0.0000000e+00
   8.1655973e-02   7.0472008e-01   0.0000000e+00
   8.1655973e-02   7.0472008e-01   0.0000000e+00
   8.1655973e-02   7.0472008e-01   0.0000000e+00
   8.1655973e-02   7.0472008e-01   0.0000000e+00
   7.8761619e-02   7.1467769e-01   0.0000000e+00
   7.8761619e-02   7.4775164e-01   0.0000000e+00
   6.9276261e-02   7.6262268e-01   0.0000000e+00
   6.9276261e-02   7.6262268e-01   0.0000000e+00
   6.4740120e-02   7.8891041e-01   0.0000000e+00
   5.6279586e-02   8.0446811e-01   0.0000000e+00
   5.6279586e-02   8.1162679e-01   0.0000000e+00
   4.7824267e-02   8.6899599e-01   0.0000000e+00
   4.7824267e-02   8.6899599e-01   0.0000000e+00
   4.3714539e-02   8.7403556e-01   0.0000000e+00
   3.8597258e-02   9.1536105e-01   0.0000000e+00
   3.2711767e-02   9.2472175e-01   0.0000000e+00
   2.4639056e-02   9.5986176e-01   0.0000000e+00
   1.6145422e-02   9.8316704e-01   0.0000000e+00
   1.6145422e-02   9.8316704e-01   0.0000000e+00
   1.2657611e-02   1.0598848e+00   0.0000000e+00
   4.3744387e-03   1.1096026e+00   0.0000000e+00
   0.0000000e+00   1.2245094e+00   0.0000000e+00
