   8.4869613e-01  -2.6098091e-01   0.0000000e+00
   8.4869613e-01  -2.6098091e-01   0.0000000e+00
   8.4869613e-01  -2.6246950e-01   0.0000000e+00
   8.4869613e-01  -2.6246950e-01   0.0000000e+00
   8.4869613e-01  -2.6246950e-01   0.0000000e+00
   8.4869613e-01  -2.6246950e-01   0.0000000e+00
   8.4869613e-01  -2.6246950e-01   0.0000000e+00
   8.4869613e-01  -2.6246950e-01   0.0000000e+00
   8.4869613e-01  -2.6246950e-01   0.0000000e+00
   8.4869613e-01  -2.6246950e-01   0.0000000e+00
   8.4869613e-01  -2.6246950e-01   0.0000000e+00
   8.4869613e-01  -2.6135378e-01   0.0000000e+00
   8.4869613e-01  -2.6246950e-01   0.0000000e+00
   8.4869613e-01  -2.5403401e-01   0.0000000e+00
   8.4439096e-01  -2.5369109e-01   0.0000000e+00
   8.4439096e-01  -2.5369109e-01   0.0000000e+00
   8.4439096e-01  -2.5369109e-01   0.0000000e+00
   8.4271923e-01  -2.3527831e-01   0.0000000e+00
   8.4260880e-01  -2.4346305e-01   0.0000000e+00
   8.4260880e-01  -2.4346305e-01   0.0000000e+00
   8.4059400e-01  -2.3792509e-01   0.0000000e+00
   8.3857920e-01  -2.4976562e-01   0.0000000e+00
   8.3857920e-01  -2.4976562e-01   0.0000000e+00
   8.3857920e-01  -2.4630539e-01   0.0000000e+00
   8.3857920e-01  -2.4630539e-01   0.0000000e+00
   8.3733719e-01  -2.0389575e-01   0.0000000e+00
   8.3547417e-01  -1.9678602e-01   0.0000000e+00
   8.3547417e-01  -1.9678602e-01   0.0000000e+00
   8.3547417e-01  -1.9678602e-01   0.0000000e+00
   8.3547417e-01  -1.9678602e-01   0.0000000e+00
   8.3510934e-01  -1.6364279e-01   0.0000000e+00
   8.3510934e-01  -1.6364279e-01   0.0000000e+00
   8.3510934e-01  -1.6364279e-01   0.0000000e+00
   8.3510934e-01  -1.6851996e-01   0.0000000e+00
   8.3510934e-01  -1.6851996e-01   0.0000000e+00
   8.3510934e-01  -1.6851996e-01   0.0000000e+00
   8.3510934e-01  -1.6851996e-01   0.0000000e+00
   8.3510934e-01  -1.6851996e-01   0.0000000e+00
   8.3510934e-01  -1.6851996e-01   0.0000000e+00
   8.3510934e-01  -1.6851996e-01   0.0000000e+00
   8.3478100e-01  -1.4428768e-01   0.0000000e+00
   8.3478100e-01  -1.4428768e-01   0.0000000e+00
   8.3478100e-01  -1.4428768e-01   0.0000000e+00
   8.3478100e-01  -1.4736410e-01   0.0000000e+00
   8.3478100e-01  -1.4736410e-01   0.0000000e+00
   8.3478100e-01  -1.4736410e-01   0.0000000e+00
   8.3478100e-01  -1.4736410e-01   0.0000000e+00
   8.3478100e-01  -1.4736410e-01   0.0000000e+00
   8.3478100e-01  -1.4736410e-01   0.0000000e+00
   8.3478100e-01  -1.4736410e-01   0.0000000e+00
   8.3478100e-01  -1.4736410e-01   0.0000000e+00
   8.3478100e-01  -1.6454394e-01   0.0000000e+00
   8.3478100e-01  -1.6454394e-01   0.0000000e+00
   8.3478100e-01  -1.4934359e-01   0.0000000e+00
   8.3478100e-01  -1.5254140e-01   0.0000000e+00
   6.3407447e-01  -4.3269593e-02   0.0000000e+00
   6.3407447e-01  -4.3269593e-02   0.0000000e+00
   6.3407447e-01  -4.3269593e-02   0.0000000e+00
   6.3407447e-01  -4.3269593e-02   0.0000000e+00
   6.3407447e-01  -4.3269593e-02   0.0000000e+00
   6.3407447e-01  -4.3269593e-02   0.0000000e+00
   6.3407447e-01  -4.3269593e-02   0.0000000e+00
   6.3407447e-01  -2.2397807e-02   0.0000000e+00
   6.3407447e-01  -2.1471642e-02   0.0000000e+00
   6.3407447e-01  -2.1471642e-02   0.0000000e+00
   6.3406311e-01  -4.4352707e-03   0.0000000e+00
   6.3401767e-01   2.6978851e-03   0.0000000e+00
   6.3401767e-01   7.9468494e-03   0.0000000e+00
   6.3401767e-01   1.3209048e-02   0.0000000e+00
   6.3401767e-01   1.3209048e-02   0.0000000e+00
   6.3401767e-01   1.3209048e-02   0.0000000e+00
   6.3398358e-01   3.7041022e-02   0.0000000e+00
   6.3396086e-01   4.5623494e-02   0.0000000e+00
   6.3398358e-01   3.7041022e-02   0.0000000e+00
   6.3398358e-01   6.4680609e-02   0.0000000e+00
   6.3398358e-01   6.4680609e-02   0.0000000e+00
   6.3119454e-01   5.3075709e-02   0.0000000e+00
   6.3119454e-01   5.3075709e-02   0.0000000e+00
   6.3119454e-01   5.3075709e-02   0.0000000e+00
   6.3119454e-01   6.2182835e-02   0.0000000e+00
   6.3119454e-01   6.2182835e-02   0.0000000e+00
   6.3119454e-01   6.2182835e-02   0.0000000e+00
   6.3119454e-01   6.2182835e-02   0.0000000e+00
   6.2701098e-01   1.3796821e-01   0.0000000e+00
   6.2701098e-01   1.4008797e-01   0.0000000e+00
   6.2701098e-01   1.4008797e-01   0.0000000e+00
   6.2701098e-01   1.4008797e-01   0.0000000e+00
   6.2701098e-01   1.4008797e-01   0.0000000e+00
   6.2701098e-01   1.4008797e-01   0.0000000e+00
   4.4294892e-01   1.9720271e-01   0.0000000e+00
   4.4294892e-01   1.4580433e-01   0.0000000e+00
   4.4294892e-01   1.3222238e-01   0.0000000e+00
   4.4294892e-01   1.3222238e-01   0.0000000e+00
   4.4294892e-01   1.2667929e-01   0.0000000e+00
   4.4294892e-01   1.2667929e-01   0.0000000e+00
   4.4294892e-01   1.2012249e-01   0.0000000e+00
   4.4294892e-01   1.2012249e-01   0.0000000e+00
   4.4294892e-01   1.1590887e-01   0.0000000e+00
   4.4294892e-01   1.2012249e-01   0.0000000e+00
   4.4294892e-01   1.2743799e-01   0.0000000e+00
   4.4294892e-01   1.2743799e-01   0.0000000e+00
   4.4294892e-01   1.2743799e-01   0.0000000e+00
   4.4294892e-01   1.4974674e-01   0.0000000e+00
   4.4294892e-01   1.4974674e-01   0.0000000e+00
   4.4294892e-01   1.2743799e-01   0.0000000e+00
   4.4294892e-01   1.3745833e-01   0.0000000e+00
   4.4112691e-01   1.9058985e-01   0.0000000e+00
   4.4051958e-01   1.9827074e-01   0.0000000e+00
   4.4051958e-01   1.9827074e-01   0.0000000e+00
   4.4051958e-01   1.9827074e-01   0.0000000e+00
   4.4051958e-01   2.3289451e-01   0.0000000e+00
   4.3930491e-01   2.3874271e-01   0.0000000e+00
   4.3809024e-01   2.5487314e-01   0.0000000e+00
   4.3581273e-01   2.6473812e-01   0.0000000e+00
   4.3467398e-01   2.7221097e-01   0.0000000e+00
   4.3353523e-01   2.8252386e-01   0.0000000e+00
   4.3353523e-01   2.8252386e-01   0.0000000e+00
   4.3323156e-01   3.0897654e-01   0.0000000e+00
   4.3323156e-01   3.0897654e-01   0.0000000e+00
   4.3323156e-01   3.0897654e-01   0.0000000e+00
   4.3201689e-01   3.3893219e-01   0.0000000e+00
   4.3080222e-01   3.3491372e-01   0.0000000e+00
   4.3080222e-01   3.6601170e-01   0.0000000e+00
   4.3080222e-01   3.7455310e-01   0.0000000e+00
   4.3080222e-01   4.0238045e-01   0.0000000e+00
   4.3080222e-01   3.6601170e-01   0.0000000e+00
   2.4220450e-01   4.2114069e-01   0.0000000e+00
   2.4462420e-01   4.1351479e-01   0.0000000e+00
   2.4462420e-01   4.1351479e-01   0.0000000e+00
   2.4462420e-01   4.1351479e-01   0.0000000e+00
   2.4628994e-01   3.9874102e-01   0.0000000e+00
   2.4628994e-01   3.9874102e-01   0.0000000e+00
   2.4628994e-01   3.9862022e-01   0.0000000e+00
   2.4628994e-01   3.9403524e-01   0.0000000e+00
   2.4628994e-01   3.9403524e-01   0.0000000e+00
   2.4628994e-01   3.9403524e-01   0.0000000e+00
   2.4628994e-01   3.9403524e-01   0.0000000e+00
   2.4628994e-01   3.9403524e-01   0.0000000e+00
   2.4628994e-01   3.9403524e-01   0.0000000e+00
   2.4628994e-01   3.9403524e-01   0.0000000e+00
   2.4628994e-01   3.9403524e-01   0.0000000e+00
   2.4712280e-01   3.8404661e-01   0.0000000e+00
   2.4712280e-01   3.8404661e-01   0.0000000e+00
   2.5002030e-01   3.7662778e-01   0.0000000e+00
   2.5002030e-01   3.7662778e-01   0.0000000e+00
   2.5002030e-01   3.7662778e-01   0.0000000e+00
   2.5002030e-01   3.7662778e-01   0.0000000e+00
   2.4712280e-01   3.8404661e-01   0.0000000e+00
   2.4195213e-01   3.9802865e-01   0.0000000e+00
   2.4070347e-01   4.0275432e-01   0.0000000e+00
   2.4070347e-01   4.0275432e-01   0.0000000e+00
   2.3236390e-01   4.3622612e-01   0.0000000e+00
   2.3091515e-01   4.4434833e-01   0.0000000e+00
   2.2841783e-01   4.4994652e-01   0.0000000e+00
   2.2518454e-01   4.6144390e-01   0.0000000e+00
   2.2321150e-01   4.7491225e-01   0.0000000e+00
   2.2321150e-01   4.8348381e-01   0.0000000e+00
   2.2050249e-01   5.1334283e-01   0.0000000e+00
   2.1682707e-01   5.3254471e-01   0.0000000e+00
   2.1682707e-01   5.3994627e-01   0.0000000e+00
   2.1371612e-01   5.6785951e-01   0.0000000e+00
   2.1111296e-01   5.7368416e-01   0.0000000e+00
   2.1111296e-01   5.8995592e-01   0.0000000e+00
   2.0172342e-01   6.3969552e-01   0.0000000e+00
   2.0172342e-01   6.0069691e-01   0.0000000e+00
   1.9702866e-01   6.4157298e-01   0.0000000e+00
   1.9468127e-01   6.5380352e-01   0.0000000e+00
   1.9468127e-01   6.5380352e-01   0.0000000e+00
   8.9811557e-02   7.2625578e-01   0.0000000e+00
   8.9811557e-02   7.2606924e-01   0.0000000e+00
   8.9811557e-02   7.2606924e-01   0.0000000e+00
   8.9811557e-02   7.2409038e-01   0.0000000e+00
   8.9811557e-02   7.2409038e-01   0.0000000e+00
   8.9811557e-02   7.2306465e-01   0.0000000e+00
   8.9811557e-02   7.2112914e-01   0.0000000e+00
   8.9811557e-02   7.1909145e-01   0.0000000e+00
   8.9811557e-02   7.1604119e-01   0.0000000e+00
   8.9811557e-02   7.1604119e-01   0.0000000e+00
   8.9811557e-02   7.1178742e-01   0.0000000e+00
   8.9811557e-02   7.1178742e-01   0.0000000e+00
   8.9811557e-02   7.1178742e-01   0.0000000e+00
   8.9811557e-02   7.1178742e-01   0.0000000e+00
   8.9811557e-02   7.1178742e-01   0.0000000e+00
   8.9811557e-02   7.1604119e-01   0.0000000e+00
   8.4744538e-02   7.3107537e-01   0.0000000e+00
   7.9677520e-02   7.5226145e-01   0.0000000e+00
   7.5058671e-02   7.6688535e-01   0.0000000e+00
   6.5372803e-02   7.9316254e-01   0.0000000e+00
   6.5372803e-02   7.9316254e-01   0.0000000e+00
   5.8197852e-02   8.2932308e-01   0.0000000e+00
   5.4981506e-02   8.5556881e-01   0.0000000e+00
   4.6852220e-02   9.1068071e-01   0.0000000e+00
   4.0872980e-02   9.5790106e-01   0.0000000e+00
   3.9344506e-02   9.6222666e-01   0.0000000e+00
   3.2290243e-02   1.0157933e+00   0.0000000e+00
   2.3199384e-02   1.0291252e+00   0.0000000e+00
   1.9626289e-02   1.0542894e+00   0.0000000e+00
   9.7961288e-03   1.1373579e+00   0.0000000e+00
   4.8521001e-03   1.1838798e+00   0.0000000e+00
   0.0000000e+00   1.3036190e+00   0.0000000e+00
