   8.4750322e-01  -2.5321498e-01   0.0000000e+00
   8.4750322e-01  -2.5777479e-01   0.0000000e+00
   8.4750322e-01  -2.5777479e-01   0.0000000e+00
   8.4750322e-01  -2.6267919e-01   0.0000000e+00
   8.4750322e-01  -2.4535103e-01   0.0000000e+00
   8.4750322e-01  -2.5321498e-01   0.0000000e+00
   8.4750322e-01  -2.5321498e-01   0.0000000e+00
   8.4750322e-01  -2.5321498e-01   0.0000000e+00
   8.4750322e-01  -2.5777479e-01   0.0000000e+00
   8.4750322e-01  -2.6267919e-01   0.0000000e+00
   8.4750322e-01  -2.5996612e-01   0.0000000e+00
   8.4061381e-01  -2.1962472e-01   0.0000000e+00
   8.4061381e-01  -2.1962472e-01   0.0000000e+00
   8.4061381e-01  -2.1962472e-01   0.0000000e+00
   8.3610248e-01  -2.3798237e-01   0.0000000e+00
   8.3610248e-01  -2.3798237e-01   0.0000000e+00
   8.3610248e-01  -2.3798237e-01   0.0000000e+00
   8.3610248e-01  -1.8562371e-01   0.0000000e+00
   8.3610248e-01  -1.8562371e-01   0.0000000e+00
   8.3610248e-01  -1.8562371e-01   0.0000000e+00
   8.3418917e-01  -1.7939170e-01   0.0000000e+00
   8.3418917e-01  -1.7939170e-01   0.0000000e+00
   8.3418917e-01  -1.7939170e-01   0.0000000e+00
   8.3418917e-01  -1.7939170e-01   0.0000000e+00
   8.3418917e-01  -1.7715109e-01   0.0000000e+00
   8.3418917e-01  -1.7715109e-01   0.0000000e+00
   8.3418917e-01  -1.7715109e-01   0.0000000e+00
   8.3418917e-01  -1.7715109e-01   0.0000000e+00
   8.3418917e-01  -1.7715109e-01   0.0000000e+00
   8.3418917e-01  -1.7715109e-01   0.0000000e+00
   8.3418917e-01  -1.7715109e-01   0.0000000e+00
   8.3418917e-01  -1.7715109e-01   0.0000000e+00
   8.3418917e-01  -1.5463401e-01   0.0000000e+00
   8.3104962e-01  -1.0312141e-01   0.0000000e+00
   6.5338618e-01  -9.2684971e-02   0.0000000e+00
   6.5338618e-01  -1.0746922e-01   0.0000000e+00
   6.5338618e-01  -1.0746922e-01   0.0000000e+00
   6.5338618e-01  -1.0746922e-01   0.0000000e+00
   6.5338618e-01  -1.0746922e-01   0.0000000e+00
   6.5338618e-01  -1.0746922e-01   0.0000000e+00
   6.5338618e-01  -1.0746922e-01   0.0000000e+00
   6.5338618e-01  -1.0746922e-01   0.0000000e+00
   6.5338618e-01  -1.0746922e-01   0.0000000e+00
   6.5069440e-01  -1.1576523e-01   0.0000000e+00
   6.5069440e-01  -1.1576523e-01   0.0000000e+00
   6.5069440e-01  -1.1576523e-01   0.0000000e+00
   6.5069440e-01  -1.1576523e-01   0.0000000e+00
   6.5069440e-01  -1.1576523e-01   0.0000000e+00
   6.5069440e-01  -1.1576523e-01   0.0000000e+00
   6.4947086e-01  -5.4808311e-02   0.0000000e+00
   6.4457671e-01  -5.5584156e-02   0.0000000e+00
   6.4457671e-01  -4.6412830e-02   0.0000000e+00
   6.4457671e-01  -3.9083595e-02   0.0000000e+00
   6.4457671e-01  -3.9083595e-02   0.0000000e+00
   6.4457671e-01  -3.9083595e-02   0.0000000e+00
   6.4457671e-01  -3.9083595e-02   0.0000000e+00
   6.4457671e-01  -2.9914398e-02   0.0000000e+00
   6.4457671e-01  -4.1934164e-02   0.0000000e+00
   6.4457671e-01  -4.2007134e-02   0.0000000e+00
   6.4457671e-01  -3.1122214e-02   0.0000000e+00
   6.3687031e-01   1.1644382e-02   0.0000000e+00
   6.3687031e-01   1.1644382e-02   0.0000000e+00
   6.3487548e-01  -7.0586463e-03   0.0000000e+00
   6.3487548e-01  -7.0586463e-03   0.0000000e+00
   6.3487548e-01  -7.0586463e-03   0.0000000e+00
   6.3487548e-01   4.0739179e-02   0.0000000e+00
   6.3487548e-01   4.0739179e-02   0.0000000e+00
   6.3421054e-01   5.1585960e-02   0.0000000e+00
   6.3421054e-01   5.1585960e-02   0.0000000e+00
   6.3421054e-01   6.9256403e-02   0.0000000e+00
   6.3421054e-01   6.9256403e-02   0.0000000e+00
   6.3421054e-01   5.1585960e-02   0.0000000e+00
   6.3421054e-01   5.1585960e-02   0.0000000e+00
   6.2980606e-01   1.0012801e-01   0.0000000e+00
   6.2980606e-01   1.0421581e-01   0.0000000e+00
   6.2980606e-01   1.0421581e-01   0.0000000e+00
   6.2980606e-01   1.1988495e-01   0.0000000e+00
   6.2932236e-01   1.2567523e-01   0.0000000e+00
   6.2720251e-01   1.4004991e-01   0.0000000e+00
   6.2720251e-01   1.4823769e-01   0.0000000e+00
   6.2720251e-01   1.4823769e-01   0.0000000e+00
   6.2359576e-01   1.0352247e-01   0.0000000e+00
   6.2359576e-01   1.0352247e-01   0.0000000e+00
   6.2359576e-01   1.0352247e-01   0.0000000e+00
   6.2359576e-01   1.0352247e-01   0.0000000e+00
   6.2359576e-01   1.9548081e-01   0.0000000e+00
   4.4501537e-01   1.9541334e-01   0.0000000e+00
   4.4501537e-01   1.9354850e-01   0.0000000e+00
   4.4501537e-01   1.9354850e-01   0.0000000e+00
   4.4501537e-01   1.9354850e-01   0.0000000e+00
   4.4501537e-01   1.8385207e-01   0.0000000e+00
   4.4501537e-01   1.8385207e-01   0.0000000e+00
   4.4501537e-01   1.8385207e-01   0.0000000e+00
   4.4501537e-01   1.7725571e-01   0.0000000e+00
   4.4501537e-01   1.7725571e-01   0.0000000e+00
   4.4501537e-01   1.7143563e-01   0.0000000e+00
   4.4501537e-01   1.7143563e-01   0.0000000e+00
   4.4501537e-01   1.7143563e-01   0.0000000e+00
   4.4501537e-01   1.7143563e-01   0.0000000e+00
   4.4501537e-01   1.7143563e-01   0.0000000e+00
   4.4501537e-01   1.7725571e-01   0.0000000e+00
   4.4501537e-01   1.7143563e-01   0.0000000e+00
   4.4501537e-01   1.7143563e-01   0.0000000e+00
   4.3788748e-01   2.0514927e-01   0.0000000e+00
   4.4501537e-01   1.7143563e-01   0.0000000e+00
   4.4501537e-01   2.2925842e-01   0.0000000e+00
   4.4501537e-01   2.0981294e-01   0.0000000e+00
   4.3175800e-01   2.4485810e-01   0.0000000e+00
   4.3175800e-01   2.4485810e-01   0.0000000e+00
   4.2997603e-01   2.6124988e-01   0.0000000e+00
   4.2997603e-01   2.6124988e-01   0.0000000e+00
   4.2997603e-01   2.6124988e-01   0.0000000e+00
   4.2997603e-01   2.6124988e-01   0.0000000e+00
   4.2729965e-01   2.4685947e-01   0.0000000e+00
   4.2729965e-01   3.0179706e-01   0.0000000e+00
   4.2729965e-01   3.0179706e-01   0.0000000e+00
   4.2729965e-01   3.0179706e-01   0.0000000e+00
   4.2729965e-01   3.0179706e-01   0.0000000e+00
   4.2729965e-01   3.1325999e-01   0.0000000e+00
   4.2729965e-01   3.1325999e-01   0.0000000e+00
   4.2729965e-01   3.1325999e-01   0.0000000e+00
   4.2729965e-01   3.1325999e-01   0.0000000e+00
   4.2729965e-01   3.1325999e-01   0.0000000e+00
   4.2729965e-01   3.1325999e-01   0.0000000e+00
   2.5320900e-01   4.3884879e-01   0.0000000e+00
   2.5320900e-01   4.3483402e-01   0.0000000e+00
   2.5320900e-01   4.3483402e-01   0.0000000e+00
   2.5320900e-01   4.2364583e-01   0.0000000e+00
   2.5320900e-01   4.1588492e-01   0.0000000e+00
   2.5320900e-01   4.1588492e-01   0.0000000e+00
   2.5320900e-01   4.1588492e-01   0.0000000e+00
   2.5320900e-01   4.1588492e-01   0.0000000e+00
   2.5320900e-01   4.1114945e-01   0.0000000e+00
   2.5320900e-01   4.0298064e-01   0.0000000e+00
   2.5320900e-01   4.0298064e-01   0.0000000e+00
   2.5320900e-01   3.9524753e-01   0.0000000e+00
   2.5320900e-01   3.9524753e-01   0.0000000e+00
   2.5320900e-01   3.9524753e-01   0.0000000e+00
   2.5320900e-01   3.9524753e-01   0.0000000e+00
   2.5320900e-01   3.9524753e-01   0.0000000e+00
   2.5320900e-01   3.9524753e-01   0.0000000e+00
   2.5320900e-01   3.9398052e-01   0.0000000e+00
   2.5320900e-01   3.9398052e-01   0.0000000e+00
   2.5320900e-01   3.9398052e-01   0.0000000e+00
   2.5320900e-01   3.9398052e-01   0.0000000e+00
   2.5320900e-01   4.0083298e-01   0.0000000e+00
   2.5320900e-01   3.9398052e-01   0.0000000e+00
   2.3934273e-01   4.4197971e-01   0.0000000e+00
   2.3934273e-01   4.4197971e-01   0.0000000e+00
   2.3934273e-01   4.4197971e-01   0.0000000e+00
   2.3934273e-01   4.4197971e-01   0.0000000e+00
   2.3720404e-01   4.7739237e-01   0.0000000e+00
   2.3720404e-01   4.7739237e-01   0.0000000e+00
   2.3720404e-01   4.7739237e-01   0.0000000e+00
   2.2756814e-01   5.4805228e-01   0.0000000e+00
   2.2756814e-01   5.4805228e-01   0.0000000e+00
   2.2756814e-01   5.5512606e-01   0.0000000e+00
   2.2434772e-01   5.6697949e-01   0.0000000e+00
   2.2434772e-01   5.6697949e-01   0.0000000e+00
   2.2434772e-01   6.1634354e-01   0.0000000e+00
   2.2434772e-01   6.1634354e-01   0.0000000e+00
   2.2434772e-01   6.1634354e-01   0.0000000e+00
   2.2434772e-01   5.9923735e-01   0.0000000e+00
   2.2434772e-01   5.0789573e-01   0.0000000e+00
   6.7951782e-02   7.5640110e-01   0.0000000e+00
   6.7951782e-02   7.5640110e-01   0.0000000e+00
   6.7951782e-02   7.5640110e-01   0.0000000e+00
   6.7951782e-02   7.5640110e-01   0.0000000e+00
   8.6200468e-02   7.5734171e-01   0.0000000e+00
   8.6200468e-02   7.5574594e-01   0.0000000e+00
   8.6200468e-02   7.5574594e-01   0.0000000e+00
   8.6200468e-02   7.5574594e-01   0.0000000e+00
   9.0384078e-02   7.4324008e-01   0.0000000e+00
   8.6200468e-02   7.4170566e-01   0.0000000e+00
   8.6200468e-02   7.4170566e-01   0.0000000e+00
   7.3649636e-02   7.2872625e-01   0.0000000e+00
   6.7374221e-02   7.2332488e-01   0.0000000e+00
   6.7374221e-02   7.2332488e-01   0.0000000e+00
   6.9466026e-02   7.2052612e-01   0.0000000e+00
   6.9466026e-02   7.2052612e-01   0.0000000e+00
   6.9466026e-02   7.2052612e-01   0.0000000e+00
   6.9466026e-02   7.2052612e-01   0.0000000e+00
   6.9466026e-02   7.2052612e-01   0.0000000e+00
   8.1120387e-02   6.9922402e-01   0.0000000e+00
   6.9466026e-02   7.1689939e-01   0.0000000e+00
   6.9466026e-02   7.1689939e-01   0.0000000e+00
   6.5837313e-02   7.1959203e-01   0.0000000e+00
   5.4182952e-02   7.5287100e-01   0.0000000e+00
   5.4182952e-02   7.5287100e-01   0.0000000e+00
   5.4182952e-02   7.5561665e-01   0.0000000e+00
   4.6157303e-02   8.0152335e-01   0.0000000e+00
   3.8660039e-02   8.1532198e-01   0.0000000e+00
   3.8660039e-02   8.1532198e-01   0.0000000e+00
   3.4647215e-02   8.3597805e-01   0.0000000e+00
   2.6621567e-02   8.5885433e-01   0.0000000e+00
   1.9781868e-02   9.3709908e-01   0.0000000e+00
   1.8595918e-02   9.5266921e-01   0.0000000e+00
   4.9165216e-03   9.6711043e-01   0.0000000e+00
   4.9165216e-03   9.6711043e-01   0.0000000e+00
   0.0000000e+00   1.1211092e+00   0.0000000e+00
