   8.4792275e-01   2.6246743e-02   0.0000000e+00
   8.4792275e-01   2.6246743e-02   0.0000000e+00
   8.4792275e-01   2.6246743e-02   0.0000000e+00
   8.4792275e-01   2.6246743e-02   0.0000000e+00
   8.4722810e-01   2.8219991e-02   0.0000000e+00
   8.4722810e-01   2.8219991e-02   0.0000000e+00
   8.4722810e-01   2.8219991e-02   0.0000000e+00
   8.4722810e-01   2.8219991e-02   0.0000000e+00
   8.4722810e-01   4.0780510e-02   0.0000000e+00
   8.4722810e-01   4.0780510e-02   0.0000000e+00
   8.4722810e-01   4.0780510e-02   0.0000000e+00
   8.4433937e-01   6.2441638e-02   0.0000000e+00
   8.4206043e-01   6.5181450e-02   0.0000000e+00
   8.4206043e-01   6.5181450e-02   0.0000000e+00
   8.4206043e-01   7.4293862e-02   0.0000000e+00
   8.4092096e-01   8.2848336e-02   0.0000000e+00
   8.4092096e-01   8.2848336e-02   0.0000000e+00
   8.4092096e-01   8.6611216e-02   0.0000000e+00
   8.4092096e-01   9.6018006e-02   0.0000000e+00
   8.4092096e-01   8.6611216e-02   0.0000000e+00
   8.4092096e-01   8.6611216e-02   0.0000000e+00
   8.4092096e-01   8.6611216e-02   0.0000000e+00
   8.4092096e-01   9.3396668e-02   0.0000000e+00
   8.4092096e-01   9.3396668e-02   0.0000000e+00
   8.3676117e-01   1.2566337e-01   0.0000000e+00
   8.3676117e-01   1.2566337e-01   0.0000000e+00
   8.3676117e-01   1.2566337e-01   0.0000000e+00
   8.3676117e-01   1.2566337e-01   0.0000000e+00
   8.3676117e-01   1.2566337e-01   0.0000000e+00
   8.3676117e-01   1.2566337e-01   0.0000000e+00
   8.3676117e-01   1.4338365e-01   0.0000000e+00
   8.3676117e-01   1.4338365e-01   0.0000000e+00
   8.3676117e-01   1.4338365e-01   0.0000000e+00
   8.3676117e-01   1.4338365e-01   0.0000000e+00
   8.3676117e-01   1.8259645e-01   0.0000000e+00
   8.3676117e-01   1.4338365e-01   0.0000000e+00
   8.3676117e-01   1.9904241e-01   0.0000000e+00
   8.3676117e-01   1.9904241e-01   0.0000000e+00
   8.3676117e-01   1.7313758e-01   0.0000000e+00
   8.3676117e-01   2.1476940e-01   0.0000000e+00
   6.5346774e-01   2.1359199e-01   0.0000000e+00
   6.5346774e-01   2.1359199e-01   0.0000000e+00
   6.5346774e-01   2.1359199e-01   0.0000000e+00
   6.5346774e-01   2.1359199e-01   0.0000000e+00
   6.5346774e-01   2.1359199e-01   0.0000000e+00
   6.5346774e-01   2.1359199e-01   0.0000000e+00
   6.5346774e-01   2.1359199e-01   0.0000000e+00
   6.5346774e-01   2.1534082e-01   0.0000000e+00
   6.5346774e-01   2.2046311e-01   0.0000000e+00
   6.5346774e-01   2.1820367e-01   0.0000000e+00
   6.5346774e-01   2.1820367e-01   0.0000000e+00
   6.5346774e-01   2.2542840e-01   0.0000000e+00
   6.5346774e-01   2.2542840e-01   0.0000000e+00
   6.5346774e-01   2.2542840e-01   0.0000000e+00
   6.5346774e-01   2.2476259e-01   0.0000000e+00
   6.5346774e-01   2.3617609e-01   0.0000000e+00
   6.5346774e-01   2.1968120e-01   0.0000000e+00
   6.5346774e-01   2.3052040e-01   0.0000000e+00
   6.5346774e-01   2.5509603e-01   0.0000000e+00
   6.5346774e-01   2.6177655e-01   0.0000000e+00
   6.5346774e-01   2.6177655e-01   0.0000000e+00
   6.5139419e-01   3.0154327e-01   0.0000000e+00
   6.4828387e-01   3.0095162e-01   0.0000000e+00
   6.4828387e-01   3.0095162e-01   0.0000000e+00
   6.4828387e-01   3.0095162e-01   0.0000000e+00
   6.4828387e-01   3.2581850e-01   0.0000000e+00
   6.4828387e-01   3.3174646e-01   0.0000000e+00
   6.4828387e-01   3.3174646e-01   0.0000000e+00
   6.4828387e-01   3.3174646e-01   0.0000000e+00
   6.4828387e-01   3.3174646e-01   0.0000000e+00
   4.5211425e-01   2.9281807e-01   0.0000000e+00
   4.5211425e-01   2.7543568e-01   0.0000000e+00
   4.5211425e-01   2.7543568e-01   0.0000000e+00
   4.5211425e-01   2.7543568e-01   0.0000000e+00
   4.5211425e-01   2.7543568e-01   0.0000000e+00
   4.5211425e-01   2.7543568e-01   0.0000000e+00
   4.5211425e-01   2.7543568e-01   0.0000000e+00
   4.5211425e-01   2.7543568e-01   0.0000000e+00
   4.5211425e-01   2.7543568e-01   0.0000000e+00
   4.5211425e-01   2.7543568e-01   0.0000000e+00
   4.5211425e-01   2.7543568e-01   0.0000000e+00
   4.5211425e-01   2.7543568e-01   0.0000000e+00
   4.5211425e-01   3.2807120e-01   0.0000000e+00
   4.5211425e-01   3.3585383e-01   0.0000000e+00
   4.5211425e-01   3.4425917e-01   0.0000000e+00
   4.5211425e-01   3.4811033e-01   0.0000000e+00
   4.5211425e-01   3.5894125e-01   0.0000000e+00
   4.5211425e-01   3.4811033e-01   0.0000000e+00
   4.5211425e-01   3.6713440e-01   0.0000000e+00
   4.5211425e-01   3.7656704e-01   0.0000000e+00
   4.5211425e-01   3.7656704e-01   0.0000000e+00
   4.5211425e-01   3.7524619e-01   0.0000000e+00
   4.5211425e-01   3.7524619e-01   0.0000000e+00
   4.5211425e-01   3.7524619e-01   0.0000000e+00
   4.5211425e-01   3.7524619e-01   0.0000000e+00
   4.5211425e-01   3.7524619e-01   0.0000000e+00
   4.5211425e-01   3.7524619e-01   0.0000000e+00
   4.5211425e-01   3.7524619e-01   0.0000000e+00
   4.5211425e-01   3.7524619e-01   0.0000000e+00
   4.5211425e-01   3.6532310e-01   0.0000000e+00
   2.6710838e-01   4.6206567e-01   0.0000000e+00
   2.5567942e-01   4.3994121e-01   0.0000000e+00
   2.5567942e-01   4.3994121e-01   0.0000000e+00
   2.5567942e-01   4.3994121e-01   0.0000000e+00
   2.5567942e-01   4.3994121e-01   0.0000000e+00
   2.5567942e-01   4.3994121e-01   0.0000000e+00
   2.5567942e-01   4.3994121e-01   0.0000000e+00
   2.5567942e-01   4.3994121e-01   0.0000000e+00
   2.5567942e-01   4.3994121e-01   0.0000000e+00
   2.5567942e-01   4.3994121e-01   0.0000000e+00
   2.5567942e-01   4.4160808e-01   0.0000000e+00
   2.6059658e-01   4.3624670e-01   0.0000000e+00
   2.6059658e-01   4.3624670e-01   0.0000000e+00
   2.6059658e-01   4.2550808e-01   0.0000000e+00
   2.6059658e-01   4.2550808e-01   0.0000000e+00
   2.6059658e-01   4.2550808e-01   0.0000000e+00
   2.6059658e-01   4.2550808e-01   0.0000000e+00
   2.6059658e-01   4.2550808e-01   0.0000000e+00
   2.6059658e-01   4.2425155e-01   0.0000000e+00
   2.6059658e-01   4.2425155e-01   0.0000000e+00
   2.5533810e-01   4.0547222e-01   0.0000000e+00
   2.5533810e-01   4.0547222e-01   0.0000000e+00
   2.5533810e-01   4.0547222e-01   0.0000000e+00
   2.5533810e-01   4.0547222e-01   0.0000000e+00
   2.5533810e-01   4.3077351e-01   0.0000000e+00
   2.5533810e-01   4.3077351e-01   0.0000000e+00
   2.5533810e-01   4.3077351e-01   0.0000000e+00
   2.4534778e-01   4.4963244e-01   0.0000000e+00
   2.4534778e-01   4.4963244e-01   0.0000000e+00
   2.4379720e-01   4.5839338e-01   0.0000000e+00
   2.3914545e-01   4.7269868e-01   0.0000000e+00
   2.3914545e-01   4.7269868e-01   0.0000000e+00
   2.3914545e-01   4.7269868e-01   0.0000000e+00
   2.3914545e-01   4.7269868e-01   0.0000000e+00
   2.3914545e-01   5.0231950e-01   0.0000000e+00
   2.3857085e-01   4.9105096e-01   0.0000000e+00
   2.3857085e-01   4.9105096e-01   0.0000000e+00
   2.3857085e-01   4.9105096e-01   0.0000000e+00
   2.3657946e-01   5.4226064e-01   0.0000000e+00
   2.3657946e-01   5.5075794e-01   0.0000000e+00
   2.3657946e-01   5.7146165e-01   0.0000000e+00
   2.3516267e-01   5.8260428e-01   0.0000000e+00
   2.3516267e-01   5.8260428e-01   0.0000000e+00
   2.3445428e-01   6.1280864e-01   0.0000000e+00
   2.3445428e-01   6.1280864e-01   0.0000000e+00
   2.3445428e-01   6.1280864e-01   0.0000000e+00
   2.3445428e-01   6.1280864e-01   0.0000000e+00
   2.3445428e-01   6.1280864e-01   0.0000000e+00
   2.3445428e-01   6.1280864e-01   0.0000000e+00
   2.3445428e-01   6.1280864e-01   0.0000000e+00
   7.7753482e-02   7.1982392e-01   0.0000000e+00
   7.7753482e-02   7.1982392e-01   0.0000000e+00
   7.7753482e-02   7.1982392e-01   0.0000000e+00
   7.7753482e-02   7.1913487e-01   0.0000000e+00
   7.7753482e-02   7.1913487e-01   0.0000000e+00
   7.7753482e-02   7.1913487e-01   0.0000000e+00
   7.7753482e-02   7.1913487e-01   0.0000000e+00
   7.7753482e-02   7.1913487e-01   0.0000000e+00
   7.7753482e-02   7.0881468e-01   0.0000000e+00
   7.7753482e-02   7.0881468e-01   0.0000000e+00
   7.7753482e-02   7.0881468e-01   0.0000000e+00
   7.7753482e-02   7.0881468e-01   0.0000000e+00
   7.5511490e-02   6.9833651e-01   0.0000000e+00
   7.5511490e-02   6.9833651e-01   0.0000000e+00
   7.5511490e-02   6.9833651e-01   0.0000000e+00
   7.5511490e-02   6.9833651e-01   0.0000000e+00
   7.6632486e-02   6.9772097e-01   0.0000000e+00
   7.6632486e-02   6.9715055e-01   0.0000000e+00
   7.6632486e-02   6.9715055e-01   0.0000000e+00
   7.6632486e-02   6.9715055e-01   0.0000000e+00
   7.6632486e-02   6.9715055e-01   0.0000000e+00
   7.6632486e-02   6.9715055e-01   0.0000000e+00
   7.6632486e-02   6.9715055e-01   0.0000000e+00
   7.6632486e-02   6.9641873e-01   0.0000000e+00
   7.9068030e-02   6.9545959e-01   0.0000000e+00
   7.9068030e-02   6.9545959e-01   0.0000000e+00
   7.9068030e-02   6.9545959e-01   0.0000000e+00
   7.9068030e-02   6.9545959e-01   0.0000000e+00
   7.9068030e-02   6.9545959e-01   0.0000000e+00
   7.6632486e-02   6.9641873e-01   0.0000000e+00
   7.1297677e-02   7.0398117e-01   0.0000000e+00
   6.8398411e-02   7.1494978e-01   0.0000000e+00
   5.5639304e-02   7.3579100e-01   0.0000000e+00
   5.5639304e-02   7.3579100e-01   0.0000000e+00
   5.5639304e-02   7.3579100e-01   0.0000000e+00
   5.5639304e-02   7.3694106e-01   0.0000000e+00
   5.1157705e-02   7.5157833e-01   0.0000000e+00
   4.2880197e-02   7.7333126e-01   0.0000000e+00
   4.2880197e-02   7.7333126e-01   0.0000000e+00
   4.2630669e-02   8.0633774e-01   0.0000000e+00
   3.9084288e-02   8.3135153e-01   0.0000000e+00
   3.5396160e-02   8.5952358e-01   0.0000000e+00
   2.8664336e-02   8.7084139e-01   0.0000000e+00
   2.3300758e-02   8.9047096e-01   0.0000000e+00
   2.3300758e-02   8.9047096e-01   0.0000000e+00
   1.4947532e-02   9.4353751e-01   0.0000000e+00
   1.4716801e-02   9.6527685e-01   0.0000000e+00
   3.1941528e-03   9.9010191e-01   0.0000000e+00
   3.1941528e-03   9.9010191e-01   0.0000000e+00
   0.0000000e+00   1.2038280e+00   0.0000000e+00
