   8.5073051e-01  -7.4476435e-01   0.0000000e+00
   8.4568809e-01  -7.2352697e-01   0.0000000e+00
   8.4316687e-01  -7.0599077e-01   0.0000000e+00
   8.4019847e-01  -6.7885737e-01   0.0000000e+00
   8.3812445e-01  -6.5485583e-01   0.0000000e+00
   8.3649762e-01  -6.2442806e-01   0.0000000e+00
   8.3449425e-01  -6.0308161e-01   0.0000000e+00
   8.3218502e-01  -5.6346270e-01   0.0000000e+00
   8.3025231e-01  -5.3116144e-01   0.0000000e+00
   8.2787242e-01  -5.0174977e-01   0.0000000e+00
   8.2549252e-01  -4.6443114e-01   0.0000000e+00
   6.5294258e-01  -4.4935516e-01   0.0000000e+00
   6.5294258e-01  -4.4935516e-01   0.0000000e+00
   6.4758409e-01  -4.2136773e-01   0.0000000e+00
   6.4217514e-01  -3.9045393e-01   0.0000000e+00
   6.3717816e-01  -3.5290642e-01   0.0000000e+00
   6.3263031e-01  -3.0443635e-01   0.0000000e+00
   6.2966502e-01  -2.6314546e-01   0.0000000e+00
   6.2584266e-01  -2.1295505e-01   0.0000000e+00
   6.2091766e-01  -1.5511372e-01   0.0000000e+00
   4.5299663e-01  -1.1736248e-01   0.0000000e+00
   4.5299663e-01  -1.1736248e-01   0.0000000e+00
   4.5299663e-01  -1.1736248e-01   0.0000000e+00
   4.4798516e-01  -1.0474937e-01   0.0000000e+00
   4.3599656e-01  -4.6038698e-02   0.0000000e+00
   4.2901942e-01   1.4379746e-02   0.0000000e+00
   4.2132624e-01   9.7060583e-02   0.0000000e+00
   4.1396784e-01   1.8230672e-01   0.0000000e+00
   2.5755266e-01   2.4217783e-01   0.0000000e+00
   2.5755266e-01   2.4217391e-01   0.0000000e+00
   2.5755266e-01   2.4217391e-01   0.0000000e+00
   2.5445701e-01   2.4360306e-01   0.0000000e+00
   2.3276728e-01   3.1806657e-01   0.0000000e+00
   2.1524013e-01   4.3692516e-01   0.0000000e+00
   1.9751811e-01   5.7134199e-01   0.0000000e+00
   8.5138894e-02   6.6996741e-01   0.0000000e+00
   8.5138894e-02   6.6996741e-01   0.0000000e+00
   7.0949079e-02   6.7753886e-01   0.0000000e+00
   3.7839509e-02   7.7037276e-01   0.0000000e+00
   0.0000000e+00   1.0000395e+00   0.0000000e+00
