   8.5082534e-01  -7.2913611e-01   0.0000000e+00
   8.4417550e-01  -7.1219077e-01   0.0000000e+00
   8.4417550e-01  -7.0825693e-01   0.0000000e+00
   8.3932014e-01  -6.7139501e-01   0.0000000e+00
   8.3590361e-01  -6.4287469e-01   0.0000000e+00
   8.3525941e-01  -6.2688540e-01   0.0000000e+00
   8.3525941e-01  -5.9592764e-01   0.0000000e+00
   8.3525941e-01  -5.9020132e-01   0.0000000e+00
   8.3093378e-01  -5.4141861e-01   0.0000000e+00
   8.2877097e-01  -5.0971014e-01   0.0000000e+00
   6.5138680e-01  -4.4746678e-01   0.0000000e+00
   6.5138680e-01  -4.4746678e-01   0.0000000e+00
   6.5030539e-01  -4.4608502e-01   0.0000000e+00
   6.4408077e-01  -4.1630643e-01   0.0000000e+00
   6.3733931e-01  -3.7158171e-01   0.0000000e+00
   6.3733931e-01  -3.7103688e-01   0.0000000e+00
   6.3189468e-01  -3.1334004e-01   0.0000000e+00
   6.3189468e-01  -3.1334004e-01   0.0000000e+00
   6.2312208e-01  -1.9875927e-01   0.0000000e+00
   6.2312208e-01  -1.8470184e-01   0.0000000e+00
   4.5314017e-01  -1.2181389e-01   0.0000000e+00
   4.5314017e-01  -1.2181389e-01   0.0000000e+00
   4.5314017e-01  -1.2181389e-01   0.0000000e+00
   4.4564960e-01  -1.0331070e-01   0.0000000e+00
   4.3480385e-01  -4.0078134e-02   0.0000000e+00
   4.2707554e-01   3.0431034e-02   0.0000000e+00
   4.2351007e-01   8.0826154e-02   0.0000000e+00
   4.1964592e-01   1.2359286e-01   0.0000000e+00
   2.5697911e-01   2.4247040e-01   0.0000000e+00
   2.5697911e-01   2.4247040e-01   0.0000000e+00
   2.5697911e-01   2.4247040e-01   0.0000000e+00
   2.5252895e-01   2.4592241e-01   0.0000000e+00
   2.3238005e-01   3.3196547e-01   0.0000000e+00
   2.1372640e-01   4.5394384e-01   0.0000000e+00
   1.8991846e-01   6.5829930e-01   0.0000000e+00
   8.3360086e-02   6.6977278e-01   0.0000000e+00
   8.3360086e-02   6.6977278e-01   0.0000000e+00
   7.4569517e-02   6.7356699e-01   0.0000000e+00
   3.9701392e-02   7.6403729e-01   0.0000000e+00
   0.0000000e+00   1.0000607e+00   0.0000000e+00
