   8.4985701e-01  -7.3150298e-01   0.0000000e+00
   8.4480238e-01  -7.1322185e-01   0.0000000e+00
   8.4226105e-01  -6.9393699e-01   0.0000000e+00
   8.3904832e-01  -6.6400128e-01   0.0000000e+00
   8.3710625e-01  -6.4198823e-01   0.0000000e+00
   8.3499481e-01  -6.1949875e-01   0.0000000e+00
   8.3228412e-01  -5.8409953e-01   0.0000000e+00
   8.3113562e-01  -5.5625328e-01   0.0000000e+00
   8.2933095e-01  -5.4489091e-01   0.0000000e+00
   8.2646489e-01  -4.8384677e-01   0.0000000e+00
   8.2557774e-01  -4.7233915e-01   0.0000000e+00
   6.5211630e-01  -4.3178547e-01   0.0000000e+00
   6.5557148e-01  -4.3185442e-01   0.0000000e+00
   6.4801080e-01  -4.1876835e-01   0.0000000e+00
   6.4110043e-01  -3.7821442e-01   0.0000000e+00
   6.3668724e-01  -3.3874419e-01   0.0000000e+00
   6.3364711e-01  -2.9263948e-01   0.0000000e+00
   6.3174533e-01  -2.6631759e-01   0.0000000e+00
   6.2717654e-01  -2.0448171e-01   0.0000000e+00
   6.2717654e-01  -1.8676770e-01   0.0000000e+00
   4.5436346e-01  -1.2331386e-01   0.0000000e+00
   4.5436346e-01  -1.2331386e-01   0.0000000e+00
   4.5436346e-01  -1.2331386e-01   0.0000000e+00
   4.4456737e-01  -9.5438336e-02   0.0000000e+00
   4.3581738e-01  -4.1807882e-02   0.0000000e+00
   4.2866742e-01   2.2538996e-02   0.0000000e+00
   4.2071745e-01   1.0887862e-01   0.0000000e+00
   4.1737898e-01   1.5346911e-01   0.0000000e+00
   2.5721884e-01   2.4643247e-01   0.0000000e+00
   2.5721884e-01   2.4643247e-01   0.0000000e+00
   2.5721884e-01   2.4643247e-01   0.0000000e+00
   2.5353262e-01   2.4930991e-01   0.0000000e+00
   2.3236484e-01   3.2604308e-01   0.0000000e+00
   2.1549764e-01   4.5045337e-01   0.0000000e+00
   1.9655989e-01   5.9728199e-01   0.0000000e+00
   8.5166951e-02   6.7014223e-01   0.0000000e+00
   8.5166951e-02   6.7014223e-01   0.0000000e+00
   7.0428640e-02   6.7863273e-01   0.0000000e+00
   3.4110344e-02   7.8569763e-01   0.0000000e+00
   0.0000000e+00   1.0004838e+00   0.0000000e+00
