   6.5218185e-01  -4.3422342e-01   0.0000000e+00
   6.4929040e-01  -4.3401283e-01   0.0000000e+00
   6.4447130e-01  -4.1577444e-01   0.0000000e+00
   6.4061602e-01  -3.9047957e-01   0.0000000e+00
   6.3820647e-01  -3.7093369e-01   0.0000000e+00
   6.3820647e-01  -3.7078300e-01   0.0000000e+00
   6.3820647e-01  -3.7224651e-01   0.0000000e+00
   6.3365450e-01  -3.0988975e-01   0.0000000e+00
   6.3019175e-01  -2.7363120e-01   0.0000000e+00
   6.3019175e-01  -2.8038878e-01   0.0000000e+00
   6.3019175e-01  -2.8038878e-01   0.0000000e+00
   6.2273556e-01  -1.9503779e-01   0.0000000e+00
   6.2273556e-01  -1.8186403e-01   0.0000000e+00
   6.2273556e-01  -1.9503779e-01   0.0000000e+00
   4.5361164e-01  -1.2336127e-01   0.0000000e+00
   4.5361164e-01  -1.2336127e-01   0.0000000e+00
   4.5361164e-01  -1.2255672e-01   0.0000000e+00
   4.4341802e-01  -9.3726085e-02   0.0000000e+00
   4.3818324e-01  -5.9764104e-02   0.0000000e+00
   4.3294846e-01  -2.0592977e-02   0.0000000e+00
   4.3294846e-01  -1.6413338e-02   0.0000000e+00
   4.2668749e-01   4.9961803e-02   0.0000000e+00
   4.2668749e-01   5.1423867e-02   0.0000000e+00
   4.1885185e-01   1.6144448e-01   0.0000000e+00
   4.1885185e-01   1.5099677e-01   0.0000000e+00
   2.6030696e-01   2.4301772e-01   0.0000000e+00
   2.6030696e-01   2.4301772e-01   0.0000000e+00
   2.6030696e-01   2.4301772e-01   0.0000000e+00
   2.6030696e-01   2.4301772e-01   0.0000000e+00
   2.4674902e-01   2.7010420e-01   0.0000000e+00
   2.2990380e-01   3.5124131e-01   0.0000000e+00
   2.2072186e-01   4.2128531e-01   0.0000000e+00
   2.0886644e-01   5.1302647e-01   0.0000000e+00
   1.9386602e-01   6.2444056e-01   0.0000000e+00
   8.5994715e-02   6.7451729e-01   0.0000000e+00
   8.6015350e-02   6.7442104e-01   0.0000000e+00
   8.5994715e-02   6.7441443e-01   0.0000000e+00
   5.8672483e-02   7.0572608e-01   0.0000000e+00
   3.1308980e-02   8.0162524e-01   0.0000000e+00
   0.0000000e+00   1.0052761e+00   0.0000000e+00
