   8.5198085e-01  -7.4940133e-01   0.0000000e+00
   8.4503901e-01  -7.2840642e-01   0.0000000e+00
   8.4224384e-01  -7.0540934e-01   0.0000000e+00
   8.3947939e-01  -6.7984778e-01   0.0000000e+00
   8.3757137e-01  -6.5434753e-01   0.0000000e+00
   8.3618553e-01  -6.2752403e-01   0.0000000e+00
   8.3447961e-01  -5.9890844e-01   0.0000000e+00
   8.3238226e-01  -5.7202320e-01   0.0000000e+00
   8.3054586e-01  -5.4111278e-01   0.0000000e+00
   8.2857898e-01  -5.0245795e-01   0.0000000e+00
   8.2665451e-01  -4.6458704e-01   0.0000000e+00
   6.5261577e-01  -4.5009314e-01   0.0000000e+00
   6.5261577e-01  -4.5009314e-01   0.0000000e+00
   6.4673358e-01  -4.3049462e-01   0.0000000e+00
   6.3926752e-01  -3.9084102e-01   0.0000000e+00
   6.3687084e-01  -3.6543235e-01   0.0000000e+00
   6.3221771e-01  -3.1052679e-01   0.0000000e+00
   6.2996127e-01  -2.7576197e-01   0.0000000e+00
   6.2609953e-01  -2.3415076e-01   0.0000000e+00
   6.2609953e-01  -2.0316591e-01   0.0000000e+00
   4.5451323e-01  -1.2091666e-01   0.0000000e+00
   4.5451323e-01  -1.2091666e-01   0.0000000e+00
   4.5451323e-01  -1.2091666e-01   0.0000000e+00
   4.4899380e-01  -1.0596469e-01   0.0000000e+00
   4.3783006e-01  -5.0340306e-02   0.0000000e+00
   4.3021988e-01   1.7138008e-02   0.0000000e+00
   4.2421811e-01   8.5143578e-02   0.0000000e+00
   4.1626823e-01   1.8165538e-01   0.0000000e+00
   2.5795407e-01   2.4248049e-01   0.0000000e+00
   2.5795407e-01   2.4231191e-01   0.0000000e+00
   2.5795407e-01   2.4231191e-01   0.0000000e+00
   2.5620679e-01   2.4268220e-01   0.0000000e+00
   2.3311732e-01   3.1629342e-01   0.0000000e+00
   2.1488143e-01   4.3962125e-01   0.0000000e+00
   1.9805020e-01   5.6857171e-01   0.0000000e+00
   8.7784090e-02   6.7084784e-01   0.0000000e+00
   8.7784090e-02   6.7084784e-01   0.0000000e+00
   7.3305245e-02   6.7473091e-01   0.0000000e+00
   3.6447031e-02   7.7589601e-01   0.0000000e+00
   0.0000000e+00   1.0000000e+00   0.0000000e+00
