   8.5197674e-01  -7.3651559e-01   0.0000000e+00
   8.4464318e-01  -7.1534042e-01   0.0000000e+00
   8.4198159e-01  -6.9181816e-01   0.0000000e+00
   8.3869367e-01  -6.6684901e-01   0.0000000e+00
   8.3780454e-01  -6.4971345e-01   0.0000000e+00
   8.3537895e-01  -6.2518031e-01   0.0000000e+00
   8.3384249e-01  -5.9105651e-01   0.0000000e+00
   8.3129387e-01  -5.5483021e-01   0.0000000e+00
   8.2972011e-01  -5.2635498e-01   0.0000000e+00
   8.2821301e-01  -4.9367584e-01   0.0000000e+00
   8.2557596e-01  -4.5968946e-01   0.0000000e+00
   6.5199293e-01  -4.4422521e-01   0.0000000e+00
   6.5199293e-01  -4.4422521e-01   0.0000000e+00
   6.4405757e-01  -4.1711747e-01   0.0000000e+00
   6.3929636e-01  -3.7944806e-01   0.0000000e+00
   6.3485256e-01  -3.4297348e-01   0.0000000e+00
   6.3247195e-01  -3.1006717e-01   0.0000000e+00
   6.2926412e-01  -2.5803857e-01   0.0000000e+00
   6.2577420e-01  -2.2616465e-01   0.0000000e+00
   6.2577420e-01  -1.8803255e-01   0.0000000e+00
   4.5329420e-01  -1.2404016e-01   0.0000000e+00
   4.5329420e-01  -1.2404016e-01   0.0000000e+00
   4.5329420e-01  -1.2404016e-01   0.0000000e+00
   4.4373840e-01  -1.0013963e-01   0.0000000e+00
   4.3498690e-01  -3.7004721e-02   0.0000000e+00
   4.2823419e-01   2.7507861e-02   0.0000000e+00
   4.2306613e-01   8.1047561e-02   0.0000000e+00
   4.1511894e-01   1.8775428e-01   0.0000000e+00
   2.5676377e-01   2.4891684e-01   0.0000000e+00
   2.5767963e-01   2.4878231e-01   0.0000000e+00
   2.5767963e-01   2.4878231e-01   0.0000000e+00
   2.5447412e-01   2.5196049e-01   0.0000000e+00
   2.3312752e-01   3.2290221e-01   0.0000000e+00
   2.1214104e-01   4.6307472e-01   0.0000000e+00
   1.9751585e-01   5.9153897e-01   0.0000000e+00
   8.7080650e-02   6.7292234e-01   0.0000000e+00
   8.7080650e-02   6.7292234e-01   0.0000000e+00
   7.2225382e-02   6.7848157e-01   0.0000000e+00
   3.7355852e-02   7.7462844e-01   0.0000000e+00
   0.0000000e+00   1.0028201e+00   0.0000000e+00
