   8.5068064e-01  -7.5431840e-01   0.0000000e+00
   8.5004307e-01  -7.5093556e-01   0.0000000e+00
   8.5004307e-01  -7.5093556e-01   0.0000000e+00
   8.3978857e-01  -6.8504559e-01   0.0000000e+00
   8.3851343e-01  -6.6738888e-01   0.0000000e+00
   8.3490891e-01  -6.3478091e-01   0.0000000e+00
   8.3427135e-01  -6.1686468e-01   0.0000000e+00
   8.3128316e-01  -5.7519650e-01   0.0000000e+00
   8.2912355e-01  -5.4067369e-01   0.0000000e+00
   8.2696394e-01  -5.0794328e-01   0.0000000e+00
   8.2696394e-01  -5.0652534e-01   0.0000000e+00
   6.5238807e-01  -4.5039297e-01   0.0000000e+00
   6.5469767e-01  -4.5087949e-01   0.0000000e+00
   6.4584145e-01  -4.3260552e-01   0.0000000e+00
   6.4072912e-01  -3.9381477e-01   0.0000000e+00
   6.3610992e-01  -3.5662762e-01   0.0000000e+00
   6.3329741e-01  -3.2153442e-01   0.0000000e+00
   6.2914131e-01  -2.7094974e-01   0.0000000e+00
   6.2779772e-01  -2.3475262e-01   0.0000000e+00
   6.2320748e-01  -1.7156632e-01   0.0000000e+00
   4.5441064e-01  -1.2041425e-01   0.0000000e+00
   4.5441064e-01  -1.2041425e-01   0.0000000e+00
   4.5441064e-01  -1.2041425e-01   0.0000000e+00
   4.4665245e-01  -1.0985168e-01   0.0000000e+00
   4.3819557e-01  -5.5235789e-02   0.0000000e+00
   4.3104091e-01   1.4683094e-02   0.0000000e+00
   4.2349595e-01   9.0284655e-02   0.0000000e+00
   4.1689181e-01   1.7738918e-01   0.0000000e+00
   2.5652905e-01   2.4763714e-01   0.0000000e+00
   2.5652905e-01   2.4763714e-01   0.0000000e+00
   2.5652905e-01   2.4763714e-01   0.0000000e+00
   2.5652905e-01   2.4763714e-01   0.0000000e+00
   2.3622759e-01   3.2520710e-01   0.0000000e+00
   2.1610362e-01   4.3881812e-01   0.0000000e+00
   1.9746651e-01   5.8437405e-01   0.0000000e+00
   7.6702263e-02   6.7584863e-01   0.0000000e+00
   7.6702263e-02   6.7584863e-01   0.0000000e+00
   7.6702263e-02   6.7584863e-01   0.0000000e+00
   3.8351132e-02   7.7160694e-01   0.0000000e+00
   0.0000000e+00   1.0040460e+00   0.0000000e+00
