2.462090e-02	5.620889e+00	0.000000e+00
7.464598e-01	5.503093e-01	0.000000e+00
3.195420e-02	1.387621e+00	0.000000e+00
3.256112e-01	1.133756e+00	0.000000e+00
3.105984e-01	1.171683e+00	0.000000e+00
3.498346e-01	8.562004e-01	0.000000e+00
1.777765e-01	1.364528e+00	0.000000e+00
3.498346e-01	8.562004e-01	0.000000e+00
1.854664e-01	1.216710e+00	0.000000e+00
4.112962e-01	6.711858e-01	0.000000e+00
7.192005e-01	5.666495e-01	0.000000e+00
3.431125e-01	9.191931e-01	0.000000e+00
2.930787e-02	4.292341e+00	0.000000e+00
5.715975e-01	6.030638e-01	0.000000e+00
1.305593e-01	1.493009e+00	0.000000e+00
6.859922e-01	6.068959e-01	0.000000e+00
3.128493e-02	6.585297e+00	0.000000e+00
4.471385e-02	2.365472e+00	0.000000e+00
5.871112e-01	7.723085e-01	0.000000e+00
3.534341e-02	4.292341e+00	0.000000e+00
3.961448e-02	2.625317e+00	0.000000e+00
9.172267e-01	5.742008e-01	0.000000e+00
3.498346e-01	8.999370e-01	0.000000e+00
5.444213e-01	7.740038e-01	0.000000e+00
8.191038e-01	5.816772e-01	0.000000e+00
6.680603e-01	6.486226e-01	0.000000e+00
6.517512e-01	6.689603e-01	0.000000e+00
1.996140e-01	1.311159e+00	0.000000e+00
3.136280e-01	1.224441e+00	0.000000e+00
2.133409e-01	1.231473e+00	0.000000e+00
5.168704e-01	8.985527e-01	0.000000e+00
5.899088e-01	7.639259e-01	0.000000e+00
5.940541e-01	6.773943e-01	0.000000e+00
3.172075e-01	1.171871e+00	0.000000e+00
6.480681e-02	1.999983e+00	0.000000e+00
6.492887e-02	1.778808e+00	0.000000e+00
1.574669e-01	1.438010e+00	0.000000e+00
1.682968e-01	1.408058e+00	0.000000e+00
1.111865e-01	1.711737e+00	0.000000e+00
4.796463e-02	2.313296e+00	0.000000e+00
7.158344e+00	5.582395e-01	0.000000e+00
9.986824e-01	5.648206e-01	0.000000e+00
2.836511e-02	6.602016e+00	0.000000e+00
2.015961e-01	1.365511e+00	0.000000e+00
1.165454e-01	1.755057e+00	0.000000e+00
9.781591e-01	5.998929e-01	0.000000e+00
3.020552e-02	6.744533e+00	0.000000e+00
1.192868e-01	1.754848e+00	0.000000e+00
6.841961e-02	2.195781e+00	0.000000e+00
5.372562e-02	3.411192e+00	0.000000e+00
6.419342e-02	2.565632e+00	0.000000e+00
1.467957e+00	5.652335e-01	0.000000e+00
6.179662e-01	6.975224e-01	0.000000e+00
5.974246e-01	7.655021e-01	0.000000e+00
2.930068e-01	1.289268e+00	0.000000e+00
6.754794e-01	6.486226e-01	0.000000e+00
5.372562e-02	3.411192e+00	0.000000e+00
3.172075e-01	1.198556e+00	0.000000e+00
1.079550e+00	5.721822e-01	0.000000e+00
1.047856e+00	5.958614e-01	0.000000e+00
1.848147e-01	1.454057e+00	0.000000e+00
1.805609e-01	1.467829e+00	0.000000e+00
1.574669e-01	1.476333e+00	0.000000e+00
1.574669e-01	1.476333e+00	0.000000e+00
7.161560e+00	5.582395e-01	0.000000e+00
8.005419e-02	2.033722e+00	0.000000e+00
9.693807e-01	6.025871e-01	0.000000e+00
8.584773e-01	6.217368e-01	0.000000e+00
3.611943e-01	9.191931e-01	0.000000e+00
4.479216e-02	3.922214e+00	0.000000e+00
4.296197e-02	5.828268e+00	0.000000e+00
4.479216e-02	3.922214e+00	0.000000e+00
7.206701e-01	6.289826e-01	0.000000e+00
7.114928e-01	6.294664e-01	0.000000e+00
2.270598e-01	1.441396e+00	0.000000e+00
1.602694e+00	6.003298e-01	0.000000e+00
5.225141e-02	4.283220e+00	0.000000e+00
7.299128e+00	5.582395e-01	0.000000e+00
6.822338e-02	2.698131e+00	0.000000e+00
4.352397e-02	6.191265e+00	0.000000e+00
2.930068e-01	1.354618e+00	0.000000e+00
6.562917e-02	3.713029e+00	0.000000e+00
6.069467e-01	7.800409e-01	0.000000e+00
6.273511e-01	7.621511e-01	0.000000e+00
3.402444e-01	1.313189e+00	0.000000e+00
6.754794e-01	6.488442e-01	0.000000e+00
3.235132e-01	1.350802e+00	0.000000e+00
8.826722e-01	6.371016e-01	0.000000e+00
6.656317e-02	3.486265e+00	0.000000e+00
6.027975e-02	3.962224e+00	0.000000e+00
1.753341e+00	5.800273e-01	0.000000e+00
1.047856e+00	6.009743e-01	0.000000e+00
4.118863e-01	9.191931e-01	0.000000e+00
1.621944e-01	1.540895e+00	0.000000e+00
3.825559e-01	9.200790e-01	0.000000e+00
5.956094e-02	4.255401e+00	0.000000e+00
1.619051e+00	6.000604e-01	0.000000e+00
1.849320e-01	1.540869e+00	0.000000e+00
1.901847e-01	1.498696e+00	0.000000e+00
1.043187e+00	6.367546e-01	0.000000e+00
1.245513e+00	6.009665e-01	0.000000e+00
4.849647e-02	5.484061e+00	0.000000e+00
1.015740e-01	2.054032e+00	0.000000e+00
1.015740e-01	2.054032e+00	0.000000e+00
8.347976e-02	2.104408e+00	0.000000e+00
4.849647e-02	5.484061e+00	0.000000e+00
5.066062e-02	4.688155e+00	0.000000e+00
7.711463e-01	6.429435e-01	0.000000e+00
6.668257e-01	7.412867e-01	0.000000e+00
3.332556e+00	5.688708e-01	0.000000e+00
3.959892e+00	5.688700e-01	0.000000e+00
6.866294e-02	2.214124e+00	0.000000e+00
1.298747e-01	1.984452e+00	0.000000e+00
1.553022e-01	1.835208e+00	0.000000e+00
1.531211e-01	1.848550e+00	0.000000e+00
1.431606e-01	1.969593e+00	0.000000e+00
2.393837e-01	1.378847e+00	0.000000e+00
2.925620e-01	1.369450e+00	0.000000e+00
5.197883e-02	5.227560e+00	0.000000e+00
1.594958e-01	1.849539e+00	0.000000e+00
3.389236e+00	5.688708e-01	0.000000e+00
2.930068e-01	1.396180e+00	0.000000e+00
4.920085e-02	6.367788e+00	0.000000e+00
7.304699e-02	2.575844e+00	0.000000e+00
9.788451e-01	6.443593e-01	0.000000e+00
1.631826e-01	1.570046e+00	0.000000e+00
8.754079e-02	2.312981e+00	0.000000e+00
6.952806e-02	3.743856e+00	0.000000e+00
8.398005e-01	6.453327e-01	0.000000e+00
3.838553e-01	9.282142e-01	0.000000e+00
6.905262e-01	6.634353e-01	0.000000e+00
6.905262e-01	6.634353e-01	0.000000e+00
7.371871e-01	6.525167e-01	0.000000e+00
1.901847e-01	1.528025e+00	0.000000e+00
6.168002e-02	4.119965e+00	0.000000e+00
1.801269e+00	5.861252e-01	0.000000e+00
1.047856e+00	6.020385e-01	0.000000e+00
2.317643e+00	5.806663e-01	0.000000e+00
1.731201e-01	1.548218e+00	0.000000e+00
1.731201e-01	1.548218e+00	0.000000e+00
2.783372e-01	1.411957e+00	0.000000e+00
2.783372e-01	1.411957e+00	0.000000e+00
6.146423e-02	4.150468e+00	0.000000e+00
1.531609e+00	6.019074e-01	0.000000e+00
2.876912e-01	1.398955e+00	0.000000e+00
6.680603e-01	7.713827e-01	0.000000e+00
2.538834e-01	1.413081e+00	0.000000e+00
5.015222e-02	6.072355e+00	0.000000e+00
1.065940e-01	2.108383e+00	0.000000e+00
5.386259e-02	5.085780e+00	0.000000e+00
1.559952e-01	1.863226e+00	0.000000e+00
9.735994e-02	2.115875e+00	0.000000e+00
8.054319e-02	2.335777e+00	0.000000e+00
6.984499e-02	2.684172e+00	0.000000e+00
7.483757e-02	2.363782e+00	0.000000e+00
1.412780e-01	1.984452e+00	0.000000e+00
3.389236e+00	5.688708e-01	0.000000e+00
6.076319e-01	7.825290e-01	0.000000e+00
6.098577e-01	7.808489e-01	0.000000e+00
6.562917e-02	3.945266e+00	0.000000e+00
4.525502e-02	6.471838e+00	0.000000e+00
7.405164e+00	5.659180e-01	0.000000e+00
5.462046e-02	4.526396e+00	0.000000e+00
5.492673e-02	5.021560e+00	0.000000e+00
7.393402e-02	2.702362e+00	0.000000e+00
5.409861e-02	5.870118e+00	0.000000e+00
7.922885e-01	6.536008e-01	0.000000e+00
2.317643e+00	5.842595e-01	0.000000e+00
1.007797e-01	2.253578e+00	0.000000e+00
7.079959e-02	3.092136e+00	0.000000e+00
4.532262e-02	6.471838e+00	0.000000e+00
1.659088e-01	1.854368e+00	0.000000e+00
2.590563e+00	5.841243e-01	0.000000e+00
7.805728e-02	2.408904e+00	0.000000e+00
1.400972e+00	6.169298e-01	0.000000e+00
5.669015e+00	5.698827e-01	0.000000e+00
2.272768e-01	1.588544e+00	0.000000e+00
3.927053e+00	5.789077e-01	0.000000e+00
6.233868e-01	7.859351e-01	0.000000e+00
1.150481e-01	2.182192e+00	0.000000e+00
5.433995e-02	5.506258e+00	0.000000e+00
7.441009e-01	6.592673e-01	0.000000e+00
6.992186e-01	6.634353e-01	0.000000e+00
6.927068e-01	6.664119e-01	0.000000e+00
2.563188e-01	1.413081e+00	0.000000e+00
2.547948e-01	1.467818e+00	0.000000e+00
6.156757e-01	8.929479e-01	0.000000e+00
3.374702e-01	1.411572e+00	0.000000e+00
1.065139e+00	6.233425e-01	0.000000e+00
2.021566e+00	6.099865e-01	0.000000e+00
1.057711e+00	6.429435e-01	0.000000e+00
3.374702e-01	1.411572e+00	0.000000e+00
2.101626e-01	1.591570e+00	0.000000e+00
2.317643e+00	5.842595e-01	0.000000e+00
2.021566e+00	6.099865e-01	0.000000e+00
1.065139e+00	6.233425e-01	0.000000e+00
2.393837e-01	1.531888e+00	0.000000e+00
1.008087e-01	2.253492e+00	0.000000e+00
5.433995e-02	5.506258e+00	0.000000e+00
1.293387e-01	2.133499e+00	0.000000e+00
5.628281e-02	4.563428e+00	0.000000e+00
1.643012e-01	1.929959e+00	0.000000e+00
5.628281e-02	4.563428e+00	0.000000e+00
1.593961e-01	1.981040e+00	0.000000e+00
6.562917e-02	3.986089e+00	0.000000e+00
1.293387e-01	2.133499e+00	0.000000e+00
7.048956e-02	3.398641e+00	0.000000e+00
6.608595e+00	5.691831e-01	0.000000e+00
6.993105e-02	3.440410e+00	0.000000e+00
5.137098e+00	5.760492e-01	0.000000e+00
5.483894e+00	5.749521e-01	0.000000e+00
5.528351e+00	5.743097e-01	0.000000e+00
6.993105e-02	3.440410e+00	0.000000e+00
1.153706e+01	5.663696e-01	0.000000e+00
8.252369e+00	5.683412e-01	0.000000e+00
1.153706e+01	5.663696e-01	0.000000e+00
1.153706e+01	5.663696e-01	0.000000e+00
3.958777e-01	9.666620e-01	0.000000e+00
3.884382e-01	1.017097e+00	0.000000e+00
1.668474e-01	1.592071e+00	0.000000e+00
5.243485e-02	5.880422e+00	0.000000e+00
4.050421e+00	5.796923e-01	0.000000e+00
4.118863e-01	1.060301e+00	0.000000e+00
6.538920e-01	8.928396e-01	0.000000e+00
7.183605e-02	3.437215e+00	0.000000e+00
8.091268e-02	2.480423e+00	0.000000e+00
1.153706e+01	5.664273e-01	0.000000e+00
1.386715e-01	2.133885e+00	0.000000e+00
7.728592e-02	3.387894e+00	0.000000e+00
6.009493e+00	5.745554e-01	0.000000e+00
2.359648e+00	5.919013e-01	0.000000e+00
3.447120e+00	5.859031e-01	0.000000e+00
1.298921e-01	2.207650e+00	0.000000e+00
2.530398e-01	1.561657e+00	0.000000e+00
9.770260e-02	2.476315e+00	0.000000e+00
5.079263e-01	9.666620e-01	0.000000e+00
7.981279e-02	2.558723e+00	0.000000e+00
3.896556e-01	1.141951e+00	0.000000e+00
1.116256e+01	5.712827e-01	0.000000e+00
4.415441e-01	9.694037e-01	0.000000e+00
4.488376e+00	5.796441e-01	0.000000e+00
5.710028e-02	4.588748e+00	0.000000e+00
3.246270e-01	1.427102e+00	0.000000e+00
1.191152e-01	2.236919e+00	0.000000e+00
5.710330e+00	5.748806e-01	0.000000e+00
7.529651e-01	6.611519e-01	0.000000e+00
7.066432e-01	6.832699e-01	0.000000e+00
2.530398e-01	1.561657e+00	0.000000e+00
6.156757e-01	9.144604e-01	0.000000e+00
1.347819e+00	6.475036e-01	0.000000e+00
1.142539e+00	6.488759e-01	0.000000e+00
2.826302e-01	1.488741e+00	0.000000e+00
2.411573e-01	1.631900e+00	0.000000e+00
2.903985e-01	1.477117e+00	0.000000e+00
2.877171e-01	1.478707e+00	0.000000e+00
1.605195e+00	6.318160e-01	0.000000e+00
3.886881e-01	1.258171e+00	0.000000e+00
1.066020e-01	2.365192e+00	0.000000e+00
1.066020e-01	2.365192e+00	0.000000e+00
1.668474e-01	1.701182e+00	0.000000e+00
1.643012e-01	2.048095e+00	0.000000e+00
1.970900e-01	1.671846e+00	0.000000e+00
5.628281e-02	4.684422e+00	0.000000e+00
6.724924e-02	4.080906e+00	0.000000e+00
1.301363e-01	2.189169e+00	0.000000e+00
5.146059e+00	5.760492e-01	0.000000e+00
7.012348e-02	3.690290e+00	0.000000e+00
6.905935e-01	8.056961e-01	0.000000e+00
6.888082e-01	8.120182e-01	0.000000e+00
6.540045e-01	8.700047e-01	0.000000e+00
6.888082e-01	8.120182e-01	0.000000e+00
1.644841e+00	6.211552e-01	0.000000e+00
1.644841e+00	6.211552e-01	0.000000e+00
4.682550e-02	6.907408e+00	0.000000e+00
8.585880e-01	6.545364e-01	0.000000e+00
8.585880e-01	6.545364e-01	0.000000e+00
8.187827e-01	6.589425e-01	0.000000e+00
6.459177e-01	9.146674e-01	0.000000e+00
5.420172e+00	5.774966e-01	0.000000e+00
2.577014e-01	1.571720e+00	0.000000e+00
7.066432e-01	7.019767e-01	0.000000e+00
5.188578e+00	5.780230e-01	0.000000e+00
4.076001e-01	1.173705e+00	0.000000e+00
5.628281e-02	4.777601e+00	0.000000e+00
2.969204e-01	1.531888e+00	0.000000e+00
6.232442e-01	9.235614e-01	0.000000e+00
3.208656e-01	1.528025e+00	0.000000e+00
3.993165e-01	1.258171e+00	0.000000e+00
6.946940e-01	8.331070e-01	0.000000e+00
7.864333e+00	5.758226e-01	0.000000e+00
1.673485e-01	1.856638e+00	0.000000e+00
2.335862e+00	6.238097e-01	0.000000e+00
1.655524e+00	6.264391e-01	0.000000e+00
7.012348e-02	3.829012e+00	0.000000e+00
7.606117e-01	6.642087e-01	0.000000e+00
9.838757e-01	6.621070e-01	0.000000e+00
7.277506e-01	6.937611e-01	0.000000e+00
3.426758e-01	1.488687e+00	0.000000e+00
1.037442e+00	6.551291e-01	0.000000e+00
2.842409e-01	1.544264e+00	0.000000e+00
2.577014e-01	1.571720e+00	0.000000e+00
1.413862e-01	2.255520e+00	0.000000e+00
1.444910e-01	2.196825e+00	0.000000e+00
1.404169e-01	2.258354e+00	0.000000e+00
6.773019e-02	4.158404e+00	0.000000e+00
6.724924e-02	4.212089e+00	0.000000e+00
2.369313e+00	6.218328e-01	0.000000e+00
6.903896e-01	8.758343e-01	0.000000e+00
2.335862e+00	6.238097e-01	0.000000e+00
1.668474e-01	1.974681e+00	0.000000e+00
2.153288e-01	1.725476e+00	0.000000e+00
5.669015e+00	5.760492e-01	0.000000e+00
4.895438e-02	7.697573e+00	0.000000e+00
1.222939e-01	2.303911e+00	0.000000e+00
3.710257e-01	1.435600e+00	0.000000e+00
3.748547e-01	1.429011e+00	0.000000e+00
4.981978e-01	1.051387e+00	0.000000e+00
5.296240e-01	1.007395e+00	0.000000e+00
4.821960e-01	1.060898e+00	0.000000e+00
1.153706e+01	5.715050e-01	0.000000e+00
1.153706e+01	5.715050e-01	0.000000e+00
4.003577e-01	1.224630e+00	0.000000e+00
8.572607e-02	2.559765e+00	0.000000e+00
8.054319e-02	2.571073e+00	0.000000e+00
3.638752e+00	5.859031e-01	0.000000e+00
2.558742e+00	5.942438e-01	0.000000e+00
2.441803e+00	5.973122e-01	0.000000e+00
1.488411e-01	2.133989e+00	0.000000e+00
1.483884e-01	2.147683e+00	0.000000e+00
8.704944e-02	2.545708e+00	0.000000e+00
7.210587e-02	3.506281e+00	0.000000e+00
4.122099e-01	1.077423e+00	0.000000e+00
4.283565e+00	5.796923e-01	0.000000e+00
1.452522e-01	2.196825e+00	0.000000e+00
6.703199e-01	9.226196e-01	0.000000e+00
2.586373e-01	1.694210e+00	0.000000e+00
1.721617e+00	6.284106e-01	0.000000e+00
1.693100e-01	1.992716e+00	0.000000e+00
4.146613e-01	1.125760e+00	0.000000e+00
4.318008e-01	1.082746e+00	0.000000e+00
1.983606e+00	6.264391e-01	0.000000e+00
3.839952e+00	5.937167e-01	0.000000e+00
6.724924e-02	4.549409e+00	0.000000e+00
1.623423e-01	2.144169e+00	0.000000e+00
4.960600e-01	1.062542e+00	0.000000e+00
4.122099e-01	1.142108e+00	0.000000e+00
7.376607e-02	3.822713e+00	0.000000e+00
1.228656e-01	2.332242e+00	0.000000e+00
7.630476e-01	6.702907e-01	0.000000e+00
8.840339e-01	6.642087e-01	0.000000e+00
2.586373e-01	1.694210e+00	0.000000e+00
2.660426e-01	1.591570e+00	0.000000e+00
1.335563e+00	6.566779e-01	0.000000e+00
1.140565e+00	6.597648e-01	0.000000e+00
2.362547e-01	1.780856e+00	0.000000e+00
4.031448e+00	5.859031e-01	0.000000e+00
4.031448e+00	5.859031e-01	0.000000e+00
3.748547e-01	1.444719e+00	0.000000e+00
6.953444e-01	9.121073e-01	0.000000e+00
6.773019e-02	4.502162e+00	0.000000e+00
4.038004e-01	1.435600e+00	0.000000e+00
2.418552e+00	6.239647e-01	0.000000e+00
1.234278e-01	2.303911e+00	0.000000e+00
1.559952e-01	2.155490e+00	0.000000e+00
5.994145e-01	1.030137e+00	0.000000e+00
4.821960e-01	1.077423e+00	0.000000e+00
5.722083e-01	1.035734e+00	0.000000e+00
6.002484e-01	1.012841e+00	0.000000e+00
1.623423e-01	2.144169e+00	0.000000e+00
6.070436e+00	5.761639e-01	0.000000e+00
4.537925e+00	5.809872e-01	0.000000e+00
4.487770e+00	5.834835e-01	0.000000e+00
8.054319e-02	2.665364e+00	0.000000e+00
2.772718e+00	6.173154e-01	0.000000e+00
2.772718e+00	6.173154e-01	0.000000e+00
3.127649e+00	5.947060e-01	0.000000e+00
1.015174e-01	2.558723e+00	0.000000e+00
7.140528e-02	3.861577e+00	0.000000e+00
1.675272e+00	6.462382e-01	0.000000e+00
1.983606e+00	6.264391e-01	0.000000e+00
1.770226e-01	1.876264e+00	0.000000e+00
6.452987e-01	9.577017e-01	0.000000e+00
5.799027e-02	5.658320e+00	0.000000e+00
5.799027e-02	5.658320e+00	0.000000e+00
5.806487e-02	4.829801e+00	0.000000e+00
5.698002e-02	5.882716e+00	0.000000e+00
6.558131e-02	4.794374e+00	0.000000e+00
7.081412e-01	7.087567e-01	0.000000e+00
5.713705e-02	6.460351e+00	0.000000e+00
8.674683e+00	5.804364e-01	0.000000e+00
5.858109e-02	5.105516e+00	0.000000e+00
4.589563e+00	5.834735e-01	0.000000e+00
5.820383e-02	6.384445e+00	0.000000e+00
6.805989e+00	5.823416e-01	0.000000e+00
6.312098e+00	5.828224e-01	0.000000e+00
8.054319e-02	2.702362e+00	0.000000e+00
7.760412e-02	3.825280e+00	0.000000e+00
3.142487e+00	5.967593e-01	0.000000e+00
8.081776e-01	6.841041e-01	0.000000e+00
3.961175e+00	5.937167e-01	0.000000e+00
