# This file contains the data of final population
# of objectives = 2, # of constraints = 2, # of real_var = 4, # of bits of bin_var = 0, constr_violation, rank, crowding_distance
2.851282e-02	9.507663e-01	7.055142e-01	5.437772e-01	2.678997e-02	4.564554e-02	2.091244e-02	4.353467e-02	0.000000e+00	1	1.538581e-02
7.543183e-02	8.780614e-01	6.565359e-01	4.190331e-01	6.482115e-02	3.632413e-02	5.601244e-02	-1.049120e-01	0.000000e+00	1	3.104341e-03
5.016418e-01	2.708946e-01	1.609489e-01	2.634183e-01	4.848765e-01	-2.995609e-01	5.660036e-02	-1.251896e-01	0.000000e+00	1	1.198509e-02
6.022902e-02	9.006857e-01	6.907975e-01	3.892216e-01	5.617680e-02	6.559329e-02	2.038617e-02	-1.285355e-01	0.000000e+00	1	1.166069e-02
9.219823e-02	8.368408e-01	5.324804e-01	5.285480e-01	9.071999e-02	-8.763325e-02	-5.252048e-03	-8.352015e-03	0.000000e+00	1	5.931246e-03
2.282830e-01	6.176881e-01	5.935592e-01	3.559550e-01	2.274544e-01	5.967458e-02	1.990566e-01	1.136441e-01	0.000000e+00	1	1.398768e-02
1.149176e-01	7.960116e-01	5.139167e-01	5.430473e-01	1.148822e-01	-1.214178e-01	-1.147441e-02	1.155449e-02	0.000000e+00	1	2.160806e-02
2.032692e-02	9.661266e-01	7.514993e-01	4.912058e-01	1.922319e-02	7.919535e-02	-4.724526e-02	-6.995906e-03	0.000000e+00	1	1.547219e-03
5.746906e-01	2.381013e-01	3.404723e-02	2.954437e-01	5.542158e-01	-4.180165e-02	2.879361e-01	4.371063e-01	0.000000e+00	1	3.190764e-02
4.581293e-01	3.375440e-01	2.402933e-01	4.837184e-01	4.577705e-01	-1.672202e-01	-2.282694e-02	-7.296679e-02	0.000000e+00	1	1.257852e-02
1.642034e-01	7.115319e-01	6.103660e-01	4.654829e-01	1.604398e-01	-5.103275e-02	1.815835e-02	1.374744e-02	0.000000e+00	1	2.189715e-03
2.337507e-02	9.569357e-01	6.880621e-01	4.359913e-01	2.334445e-02	2.266226e-02	-1.203989e-02	-6.314926e-02	0.000000e+00	1	6.806801e-03
2.791900e-01	5.306362e-01	4.069635e-01	3.916515e-01	2.715602e-01	8.491537e-02	1.677286e-01	2.028130e-01	0.000000e+00	1	1.965552e-04
9.584504e-01	1.266912e-01	1.374438e-01	4.618896e-02	9.577674e-01	8.124702e-01	3.430963e-02	7.676876e-01	0.000000e+00	1	4.193359e-02
1.969093e-04	1.023956e+00	8.054374e-01	3.791196e-01	1.729569e-04	9.865248e-02	-4.992277e-03	-1.208160e-01	0.000000e+00	1	3.672775e-02
6.509960e-02	8.928866e-01	6.202109e-01	5.218993e-01	5.644983e-02	-4.796467e-03	-1.364220e-01	3.944347e-03	0.000000e+00	1	9.771354e-03
2.178514e-01	6.260734e-01	4.611060e-01	2.929537e-01	2.178498e-01	-1.079334e-01	1.702341e-01	2.391576e-02	0.000000e+00	1	5.981130e-03
5.016418e-01	2.708946e-01	1.609489e-01	2.634183e-01	4.848765e-01	-2.995609e-01	5.660036e-02	-1.251896e-01	0.000000e+00	1	4.621219e-04
3.201128e-04	1.000509e+00	6.753003e-01	5.094429e-01	2.871917e-04	-3.127208e-02	-5.901026e-03	9.549313e-03	0.000000e+00	1	6.033054e-04
1.474034e-02	9.856696e-01	7.614538e-01	5.113222e-01	9.387599e-03	7.170481e-02	6.700011e-02	1.353028e-02	0.000000e+00	1	2.608630e-03
4.360536e-01	4.596021e-01	3.629126e-01	6.407483e-01	4.349153e-01	5.380070e-02	-1.149057e-01	5.607088e-03	0.000000e+00	1	5.368104e-02
2.178514e-01	6.260734e-01	4.611060e-01	2.929537e-01	2.178498e-01	-1.079334e-01	1.702341e-01	2.391576e-02	0.000000e+00	1	9.072459e-03
2.123691e-01	6.331058e-01	4.715492e-01	3.145300e-01	2.107595e-01	-1.198863e-01	1.283105e-01	2.372138e-02	0.000000e+00	1	6.232039e-03
2.060213e-01	6.558892e-01	5.147808e-01	3.655942e-01	1.923506e-01	-1.198863e-01	3.002792e-02	1.395337e-02	0.000000e+00	1	7.158658e-03
1.858213e-04	1.103419e+00	1.005534e+00	3.791196e-01	1.729569e-04	2.987491e-01	3.488549e-03	-1.208160e-01	0.000000e+00	1	1.000000e+14
9.856933e-01	6.006964e-02	3.676520e-02	6.019227e-02	9.850696e-01	8.789196e-01	-3.555818e-01	4.309876e-01	0.000000e+00	1	5.651992e-02
6.246320e-01	2.274238e-01	2.621368e-02	2.580777e-01	5.659990e-01	5.012676e-02	1.638597e-01	4.582204e-01	0.000000e+00	1	3.397454e-02
9.887358e-01	3.220969e-02	3.682981e-03	3.326395e-03	9.850696e-01	8.458374e-01	-3.200062e-01	3.741218e-01	0.000000e+00	1	0.000000e+00
3.429348e-01	4.953773e-01	2.234332e-01	5.011956e-01	3.208604e-01	1.242607e-01	1.434375e-02	1.955529e-01	0.000000e+00	1	5.589643e-02
6.899799e-01	2.193311e-01	3.114555e-02	2.072241e-01	5.869864e-01	2.529981e-01	-1.250956e-02	4.615941e-01	0.000000e+00	1	6.067560e-02
1.766578e-01	6.839477e-01	5.495950e-01	4.137331e-01	1.737303e-01	-1.073766e-01	1.645601e-01	1.038167e-03	0.000000e+00	1	9.579612e-03
9.582848e-02	8.298184e-01	6.813746e-01	5.279951e-01	9.447272e-02	5.963814e-02	-4.308387e-03	-9.459186e-03	0.000000e+00	1	8.290665e-03
4.396322e-01	4.429535e-01	2.478237e-01	6.574476e-01	4.383866e-01	-7.780163e-02	-9.348432e-02	3.001927e-02	0.000000e+00	1	1.548471e-02
1.404503e-01	7.469674e-01	4.923641e-01	5.078413e-01	1.403681e-01	-1.624268e-01	4.114641e-02	9.426907e-03	0.000000e+00	1	1.442671e-02
5.236007e-01	2.612552e-01	6.026254e-02	2.026248e-01	5.035741e-01	-2.995609e-01	1.618794e-01	-3.871245e-02	0.000000e+00	1	4.437630e-02
1.747595e-01	6.863451e-01	4.658190e-01	3.799243e-01	1.747523e-01	-1.904452e-01	1.100276e-01	-2.956666e-02	0.000000e+00	1	1.121705e-02
9.603293e-01	1.238985e-01	1.374438e-01	3.975193e-02	9.577674e-01	8.124702e-01	5.878940e-02	7.612506e-01	0.000000e+00	1	1.392923e-02
4.584253e-01	3.184594e-01	4.143496e-02	4.049480e-01	4.575666e-01	-3.653504e-01	2.401407e-02	-1.527173e-01	0.000000e+00	1	1.362587e-02
4.554377e-01	3.424606e-01	3.633397e-01	3.492580e-01	4.553300e-01	-3.522959e-02	-3.098378e-02	-2.188388e-01	0.000000e+00	1	1.132585e-02
2.498790e-01	5.796735e-01	5.549992e-01	3.865811e-01	2.482486e-01	1.134100e-01	1.046104e-01	1.861774e-01	0.000000e+00	1	1.064927e-02
4.854622e-01	2.755880e-01	1.609489e-01	3.498954e-01	4.848765e-01	-2.995609e-01	1.618794e-01	-3.871245e-02	0.000000e+00	1	1.087047e-03
1.516015e-01	7.277701e-01	5.638132e-01	5.067306e-01	1.496162e-01	-9.560882e-02	9.812267e-02	2.772793e-02	0.000000e+00	1	1.545406e-02
2.121023e-01	6.333610e-01	4.722915e-01	3.153330e-01	2.105061e-01	-1.198863e-01	1.283105e-01	2.372138e-02	0.000000e+00	1	1.311353e-02
4.422486e-01	4.327702e-01	2.648757e-01	6.416821e-01	4.420590e-01	-7.780163e-02	-9.302351e-02	2.407911e-02	0.000000e+00	1	3.674278e-03
4.448312e-01	3.758803e-01	3.730546e-01	4.687254e-01	4.420590e-01	3.037728e-02	-5.414083e-02	-1.488776e-01	0.000000e+00	1	3.691261e-02
7.371461e-01	2.174464e-01	4.397362e-03	2.452903e-01	5.688642e-01	5.411759e-02	-1.363598e-02	4.568102e-01	0.000000e+00	1	1.522090e-01
2.708683e-01	5.506804e-01	4.964527e-01	3.857998e-01	2.619963e-01	1.243415e-01	1.701458e-02	1.973346e-01	0.000000e+00	1	2.661409e-02
4.857952e-01	2.732354e-01	1.606882e-01	2.236502e-01	4.856235e-01	-2.996266e-01	2.042503e-01	-1.594298e-01	0.000000e+00	1	8.725697e-03
1.361854e-01	7.633079e-01	6.398719e-01	5.210712e-01	1.326438e-01	-9.631031e-03	-4.427497e-02	9.426907e-03	0.000000e+00	1	0.000000e+00
7.371461e-01	2.174464e-01	4.397362e-03	2.452903e-01	5.688642e-01	5.411759e-02	-1.363598e-02	4.568102e-01	0.000000e+00	1	8.708220e-04
4.588215e-01	3.088006e-01	4.143496e-02	3.441531e-01	4.575666e-01	-3.653504e-01	-4.071496e-02	-2.135122e-01	0.000000e+00	1	6.635566e-03
1.929825e-01	6.566157e-01	5.050770e-01	3.547446e-01	1.926040e-01	-1.291418e-01	1.279045e-01	3.956798e-03	0.000000e+00	1	1.270354e-02
4.931324e-02	9.042549e-01	6.497407e-01	4.606033e-01	4.931291e-02	1.877005e-02	-3.846532e-02	-5.224305e-02	0.000000e+00	1	2.209745e-02
6.702586e-03	9.918577e-01	7.613495e-01	5.167723e-01	6.115936e-03	6.559329e-02	2.038617e-02	1.850712e-02	0.000000e+00	1	6.121346e-03
1.519488e-01	7.259213e-01	5.879787e-01	4.727298e-01	1.496162e-01	-7.144329e-02	1.018638e-01	-6.272875e-03	0.000000e+00	1	1.275504e-02
2.284842e-01	6.072673e-01	5.467406e-01	3.559550e-01	2.274544e-01	1.285592e-02	2.023631e-01	1.136441e-01	0.000000e+00	1	1.547590e-02
1.361854e-01	7.633079e-01	6.398719e-01	5.210712e-01	1.326438e-01	-9.631031e-03	-4.427497e-02	9.426907e-03	0.000000e+00	1	9.959998e-04
9.887358e-01	3.220969e-02	3.682981e-03	3.326395e-03	9.850696e-01	8.458374e-01	-3.200062e-01	3.741218e-01	0.000000e+00	1	6.561877e-03
4.854622e-01	2.755880e-01	1.609489e-01	3.498954e-01	4.848765e-01	-2.995609e-01	1.618794e-01	-3.871245e-02	0.000000e+00	1	1.658996e-04
6.244705e-01	2.304793e-01	3.387978e-02	2.580777e-01	5.659990e-01	5.779286e-02	1.641934e-01	4.582204e-01	0.000000e+00	1	1.492314e-03
8.407661e-03	9.876673e-01	6.601099e-01	5.116405e-01	7.073305e-03	-3.388165e-02	3.203119e-02	1.354622e-02	0.000000e+00	1	5.100855e-03
1.474034e-02	9.856696e-01	7.614538e-01	5.113222e-01	9.387599e-03	7.170481e-02	6.700011e-02	1.353028e-02	0.000000e+00	1	9.001534e-03
2.201000e-04	1.000990e+00	6.715120e-01	5.113326e-01	1.962775e-04	-3.522959e-02	-4.992277e-03	1.140562e-02	0.000000e+00	1	2.718613e-04
4.372593e-02	9.307126e-01	6.601858e-01	4.535934e-01	3.586356e-02	1.361920e-02	6.015064e-02	-5.076546e-02	0.000000e+00	1	2.807798e-03
2.791900e-01	5.306362e-01	4.069635e-01	3.916515e-01	2.715602e-01	8.491537e-02	1.677286e-01	2.028130e-01	0.000000e+00	1	0.000000e+00
1.872795e-01	6.712524e-01	5.629205e-01	3.410230e-01	1.871777e-01	-8.001961e-02	1.279045e-01	-2.797840e-02	0.000000e+00	1	8.783158e-04
1.301589e-01	7.815103e-01	6.915114e-01	4.759754e-01	1.241935e-01	4.863118e-02	7.572515e-02	-4.693814e-02	0.000000e+00	1	2.399892e-02
1.040134e-01	8.163459e-01	6.460353e-01	4.772011e-01	9.765233e-02	2.266226e-02	4.124484e-02	-6.036278e-02	0.000000e+00	1	8.435824e-03
1.361854e-01	7.633079e-01	6.398719e-01	5.210712e-01	1.326438e-01	-9.631031e-03	-4.427497e-02	9.426907e-03	0.000000e+00	1	2.125217e-03
3.589343e-02	9.371372e-01	7.151746e-01	4.493032e-01	3.368188e-02	6.559329e-02	2.038617e-02	-5.392042e-02	0.000000e+00	1	1.351977e-02
6.828677e-02	8.783323e-01	6.986546e-01	5.363820e-01	6.698740e-02	7.929154e-02	-1.155421e-02	1.094794e-02	0.000000e+00	1	8.313020e-03
5.007144e-01	2.731520e-01	1.609489e-01	2.293542e-01	4.848765e-01	-2.995609e-01	6.023253e-02	-1.592536e-01	0.000000e+00	1	1.505131e-03
1.678098e-01	6.986822e-01	4.636298e-01	3.863413e-01	1.677865e-01	-1.963760e-01	9.207145e-02	-4.446399e-02	0.000000e+00	1	3.462997e-03
9.584504e-01	1.266912e-01	1.374438e-01	4.618896e-02	9.577674e-01	8.124702e-01	3.430963e-02	7.676876e-01	0.000000e+00	1	0.000000e+00
7.371461e-01	2.174464e-01	4.397362e-03	2.452903e-01	5.688642e-01	5.411759e-02	-1.363598e-02	4.568102e-01	0.000000e+00	1	2.350283e-02
1.642034e-01	7.115319e-01	6.103660e-01	4.654829e-01	1.604398e-01	-5.103275e-02	1.815835e-02	1.374744e-02	0.000000e+00	1	1.275504e-02
4.458717e-01	3.488370e-01	2.648757e-01	4.777682e-01	4.420590e-01	-7.780163e-02	-4.504527e-02	-1.398349e-01	0.000000e+00	1	2.072680e-02
2.795844e-01	5.304076e-01	4.058598e-01	3.910251e-01	2.717166e-01	8.463282e-02	1.685314e-01	2.021185e-01	0.000000e+00	1	8.256439e-03
1.646764e-01	7.067928e-01	5.671467e-01	4.654829e-01	1.604398e-01	-9.425199e-02	1.441723e-02	1.374744e-02	0.000000e+00	1	3.751111e-03
9.584504e-01	1.266912e-01	1.374438e-01	4.618896e-02	9.577674e-01	8.124702e-01	3.430963e-02	7.676876e-01	0.000000e+00	1	1.290375e-03
1.361854e-01	7.633079e-01	6.398719e-01	5.210712e-01	1.326438e-01	-9.631031e-03	-4.427497e-02	9.426907e-03	0.000000e+00	1	7.135579e-04
4.620215e-01	3.079766e-01	4.143496e-02	3.348741e-01	4.575666e-01	-3.653504e-01	6.145472e-02	-2.227912e-01	0.000000e+00	1	3.807255e-04
2.795844e-01	5.304076e-01	4.058598e-01	3.910251e-01	2.717166e-01	8.463282e-02	1.685314e-01	2.021185e-01	0.000000e+00	1	2.628025e-03
5.691690e-01	2.398962e-01	5.965842e-02	2.442591e-01	5.691397e-01	1.118868e-01	3.901931e-01	4.568102e-01	0.000000e+00	1	4.314587e-03
1.646764e-01	7.067928e-01	5.671467e-01	4.654829e-01	1.604398e-01	-9.425199e-02	1.441723e-02	1.374744e-02	0.000000e+00	1	3.983212e-03
8.115802e-04	9.986996e-01	7.174563e-01	5.112540e-01	7.796203e-04	1.180010e-02	-6.100762e-03	1.153722e-02	0.000000e+00	1	3.300512e-03
1.881634e-01	6.641242e-01	4.709594e-01	3.668273e-01	1.878083e-01	-1.710609e-01	1.579857e-01	-6.606590e-05	0.000000e+00	1	3.909757e-03
1.678098e-01	6.986822e-01	4.636298e-01	3.863413e-01	1.677865e-01	-1.963760e-01	9.207145e-02	-4.446399e-02	0.000000e+00	1	0.000000e+00
8.002757e-04	9.998545e-01	6.704266e-01	5.110083e-01	7.796203e-04	-3.522959e-02	-4.992277e-03	1.129154e-02	0.000000e+00	1	7.757668e-05
9.223560e-02	8.356379e-01	6.797517e-01	5.281789e-01	9.071999e-02	5.963814e-02	-4.769199e-03	-8.721135e-03	0.000000e+00	1	2.602327e-03
2.791900e-01	5.306362e-01	4.069635e-01	3.916515e-01	2.715602e-01	8.491537e-02	1.677286e-01	2.028130e-01	0.000000e+00	1	0.000000e+00
4.181198e-02	9.307638e-01	6.601858e-01	5.199923e-01	3.586356e-02	1.361920e-02	4.860666e-02	1.563343e-02	0.000000e+00	1	3.326741e-03
4.372593e-02	9.307126e-01	6.601858e-01	4.535934e-01	3.586356e-02	1.361920e-02	6.015064e-02	-5.076546e-02	0.000000e+00	1	1.317856e-02
5.195806e-03	9.974517e-01	7.179838e-01	5.150228e-01	1.473921e-03	1.361920e-02	6.015064e-02	1.554300e-02	0.000000e+00	1	6.096790e-03
1.864519e-01	6.722001e-01	4.235960e-01	3.730088e-01	1.859564e-01	-2.210568e-01	1.579857e-01	-6.606590e-05	0.000000e+00	1	4.378733e-04
1.006390e-01	8.223684e-01	6.167560e-01	4.955810e-01	9.376644e-02	-4.648593e-03	4.124484e-02	-4.180308e-02	0.000000e+00	1	7.828373e-03
1.033501e-01	8.176213e-01	6.456178e-01	4.772062e-01	9.688152e-02	2.266226e-02	4.124484e-02	-6.036278e-02	0.000000e+00	1	2.475157e-03
1.474034e-02	9.856696e-01	7.614538e-01	5.113222e-01	9.387599e-03	7.170481e-02	6.700011e-02	1.353028e-02	0.000000e+00	1	1.763578e-03
4.140021e-02	9.354044e-01	6.629602e-01	5.307366e-01	3.385260e-02	1.361920e-02	6.008818e-02	2.742716e-02	0.000000e+00	1	0.000000e+00
1.678098e-01	6.986822e-01	4.636298e-01	3.863413e-01	1.677865e-01	-1.963760e-01	9.207145e-02	-4.446399e-02	0.000000e+00	1	7.261758e-03
8.002757e-04	9.998545e-01	6.704266e-01	5.110083e-01	7.796203e-04	-3.522959e-02	-4.992277e-03	1.129154e-02	0.000000e+00	1	5.392689e-04
1.053669e-01	8.015390e-01	5.843643e-01	4.839580e-01	1.051097e-01	-4.365116e-02	-4.682975e-02	-5.243602e-02	0.000000e+00	1	1.482904e-02
1.642034e-01	7.115319e-01	6.103660e-01	4.654829e-01	1.604398e-01	-5.103275e-02	1.815835e-02	1.374744e-02	0.000000e+00	1	2.357012e-04
6.828677e-02	8.783323e-01	6.986546e-01	5.363820e-01	6.698740e-02	7.929154e-02	-1.155421e-02	1.094794e-02	0.000000e+00	1	0.000000e+00
1.474034e-02	9.856696e-01	7.614538e-01	5.113222e-01	9.387599e-03	7.170481e-02	6.700011e-02	1.353028e-02	0.000000e+00	1	0.000000e+00
8.002757e-04	9.998545e-01	6.704266e-01	5.110083e-01	7.796203e-04	-3.522959e-02	-4.992277e-03	1.129154e-02	0.000000e+00	1	1.327720e-04
4.620215e-01	3.079766e-01	4.143496e-02	3.348741e-01	4.575666e-01	-3.653504e-01	6.145472e-02	-2.227912e-01	0.000000e+00	1	1.594558e-03
2.791900e-01	5.306362e-01	4.069635e-01	3.916515e-01	2.715602e-01	8.491537e-02	1.677286e-01	2.028130e-01	0.000000e+00	1	1.055874e-04
2.704959e-01	5.788599e-01	3.821656e-01	1.782937e-01	2.695582e-01	4.960449e-02	5.666686e-02	-9.851255e-03	0.000000e+00	1	1.320596e-02
1.678098e-01	6.986822e-01	4.636298e-01	3.863413e-01	1.677865e-01	-1.963760e-01	9.207145e-02	-4.446399e-02	0.000000e+00	1	3.747511e-03
1.158455e-02	9.860830e-01	6.986704e-01	5.254716e-01	7.384868e-03	5.252098e-03	6.008818e-02	2.742716e-02	0.000000e+00	1	4.078635e-03
9.489139e-02	8.341131e-01	6.143222e-01	5.010613e-01	8.736190e-02	-4.648593e-03	4.124484e-02	-3.498378e-02	0.000000e+00	1	4.479243e-03
4.140021e-02	9.354044e-01	6.629602e-01	5.307366e-01	3.385260e-02	1.361920e-02	6.008818e-02	2.742716e-02	0.000000e+00	1	1.005824e-03
1.872795e-01	6.712524e-01	5.629205e-01	3.410230e-01	1.871777e-01	-8.001961e-02	1.279045e-01	-2.797840e-02	0.000000e+00	1	3.706033e-03
5.689051e-01	2.411998e-01	6.216653e-02	2.452903e-01	5.688642e-01	1.118868e-01	3.901931e-01	4.568102e-01	0.000000e+00	1	3.595263e-03
1.361854e-01	7.633079e-01	6.398719e-01	5.210712e-01	1.326438e-01	-9.631031e-03	-4.427497e-02	9.426907e-03	0.000000e+00	1	7.550178e-03
1.864519e-01	6.722001e-01	4.235960e-01	3.730088e-01	1.859564e-01	-2.210568e-01	1.579857e-01	-6.606590e-05	0.000000e+00	1	2.782416e-03
8.141057e-02	8.655033e-01	6.321511e-01	4.764586e-01	6.968118e-02	1.361920e-02	6.015064e-02	-5.076546e-02	0.000000e+00	1	1.117797e-02
2.791900e-01	5.306362e-01	4.069635e-01	3.916515e-01	2.715602e-01	8.491537e-02	1.677286e-01	2.028130e-01	0.000000e+00	1	1.340813e-02
1.031872e-01	8.208118e-01	7.037158e-01	4.573155e-01	9.997549e-02	7.900906e-02	-9.301540e-02	-8.010565e-02	0.000000e+00	1	3.544392e-03
4.140021e-02	9.354044e-01	6.629602e-01	5.307366e-01	3.385260e-02	1.361920e-02	6.008818e-02	2.742716e-02	0.000000e+00	1	4.888206e-03
9.887358e-01	3.220969e-02	3.682981e-03	3.326395e-03	9.850696e-01	8.458374e-01	-3.200062e-01	3.741218e-01	0.000000e+00	1	7.407857e-03
9.584504e-01	1.266912e-01	1.374438e-01	4.618896e-02	9.577674e-01	8.124702e-01	3.430963e-02	7.676876e-01	0.000000e+00	1	0.000000e+00
6.409950e-02	8.949643e-01	6.842005e-01	5.213066e-01	5.563165e-02	5.859582e-02	-1.349932e-01	3.944347e-03	0.000000e+00	1	6.030561e-03
1.881634e-01	6.641242e-01	4.709594e-01	3.668273e-01	1.878083e-01	-1.710609e-01	1.579857e-01	-6.606590e-05	0.000000e+00	1	5.694974e-03
8.141057e-02	8.655033e-01	6.321511e-01	4.764586e-01	6.968118e-02	1.361920e-02	6.015064e-02	-5.076546e-02	0.000000e+00	1	1.622276e-02
9.887358e-01	3.220969e-02	3.682981e-03	3.326395e-03	9.850696e-01	8.458374e-01	-3.200062e-01	3.741218e-01	0.000000e+00	1	1.287274e-02
1.003602e+00	2.128926e-02	9.305765e-02	3.716828e-02	9.997111e-01	9.048298e-01	-6.248123e-01	1.055919e-01	0.000000e+00	1	1.000000e+14
5.007144e-01	2.731520e-01	1.609489e-01	2.293542e-01	4.848765e-01	-2.995609e-01	6.023253e-02	-1.592536e-01	0.000000e+00	1	7.434208e-03
2.337507e-02	9.569357e-01	6.880621e-01	4.359913e-01	2.334445e-02	2.266226e-02	-1.203989e-02	-6.314926e-02	0.000000e+00	1	4.369451e-03
2.063709e-01	6.555611e-01	5.143325e-01	3.647411e-01	1.926040e-01	-1.198863e-01	3.002792e-02	1.395337e-02	0.000000e+00	1	1.343933e-02
1.404503e-01	7.469674e-01	4.923641e-01	5.078413e-01	1.403681e-01	-1.624268e-01	4.114641e-02	9.426907e-03	0.000000e+00	1	9.675395e-03
6.244705e-01	2.304793e-01	3.387978e-02	2.580777e-01	5.659990e-01	5.779286e-02	1.641934e-01	4.582204e-01	0.000000e+00	1	2.832695e-02
2.704959e-01	5.788599e-01	3.821656e-01	1.782937e-01	2.695582e-01	4.960449e-02	5.666686e-02	-9.851255e-03	0.000000e+00	1	1.064927e-02
2.498790e-01	5.796735e-01	5.549992e-01	3.865811e-01	2.482486e-01	1.134100e-01	1.046104e-01	1.861774e-01	0.000000e+00	1	2.341078e-02
9.219823e-02	8.368408e-01	5.324804e-01	5.285480e-01	9.071999e-02	-8.763325e-02	-5.252048e-03	-8.352015e-03	0.000000e+00	1	1.326219e-02
2.846465e-01	5.129640e-01	3.814502e-01	3.979829e-01	2.840451e-01	1.242607e-01	8.008893e-03	1.973346e-01	0.000000e+00	1	4.775319e-02
2.201000e-04	1.000990e+00	6.715120e-01	5.113326e-01	1.962775e-04	-3.522959e-02	-4.992277e-03	1.140562e-02	0.000000e+00	1	1.062292e-02
6.246320e-01	2.274238e-01	2.621368e-02	2.580777e-01	5.659990e-01	5.012676e-02	1.638597e-01	4.582204e-01	0.000000e+00	1	3.819723e-03
2.178514e-01	6.260734e-01	4.611060e-01	2.929537e-01	2.178498e-01	-1.079334e-01	1.702341e-01	2.391576e-02	0.000000e+00	1	0.000000e+00
2.791900e-01	5.306362e-01	4.069635e-01	3.916515e-01	2.715602e-01	8.491537e-02	1.677286e-01	2.028130e-01	0.000000e+00	1	0.000000e+00
3.480306e-01	4.603458e-01	2.709931e-01	3.503135e-01	3.254785e-01	1.854256e-01	-4.769199e-03	2.549312e-02	0.000000e+00	1	6.293086e-02
1.843180e-01	6.759207e-01	5.668180e-01	3.428812e-01	1.842950e-01	-8.001961e-02	1.373564e-01	-3.571126e-02	0.000000e+00	1	1.030834e-02
9.584504e-01	1.266912e-01	1.374438e-01	4.618896e-02	9.577674e-01	8.124702e-01	3.430963e-02	7.676876e-01	0.000000e+00	1	9.362206e-04
4.620215e-01	3.079766e-01	4.143496e-02	3.348741e-01	4.575666e-01	-3.653504e-01	6.145472e-02	-2.227912e-01	0.000000e+00	1	1.168047e-02
5.007144e-01	2.731520e-01	1.609489e-01	2.293542e-01	4.848765e-01	-2.995609e-01	6.023253e-02	-1.592536e-01	0.000000e+00	1	3.854309e-05
4.620215e-01	3.079766e-01	4.143496e-02	3.348741e-01	4.575666e-01	-3.653504e-01	6.145472e-02	-2.227912e-01	0.000000e+00	1	1.496519e-02
1.474034e-02	9.856696e-01	7.614538e-01	5.113222e-01	9.387599e-03	7.170481e-02	6.700011e-02	1.353028e-02	0.000000e+00	1	0.000000e+00
1.347534e-01	7.654635e-01	4.829379e-01	5.366992e-01	1.333671e-01	-1.670999e-01	-2.047567e-02	2.617548e-02	0.000000e+00	1	1.141342e-02
1.864519e-01	6.722001e-01	4.235960e-01	3.730088e-01	1.859564e-01	-2.210568e-01	1.579857e-01	-6.606590e-05	0.000000e+00	1	4.124224e-04
4.854622e-01	2.755880e-01	1.609489e-01	3.498954e-01	4.848765e-01	-2.995609e-01	1.618794e-01	-3.871245e-02	0.000000e+00	1	1.496519e-02
5.679029e-01	2.463118e-01	7.179232e-02	2.493693e-01	5.678023e-01	1.118868e-01	3.901931e-01	4.568102e-01	0.000000e+00	1	3.184167e-02
1.642034e-01	7.115319e-01	6.103660e-01	4.654829e-01	1.604398e-01	-5.103275e-02	1.815835e-02	1.374744e-02	0.000000e+00	1	0.000000e+00
2.032692e-02	9.661266e-01	7.514993e-01	4.912058e-01	1.922319e-02	7.919535e-02	-4.724526e-02	-6.995906e-03	0.000000e+00	1	4.421820e-03
9.603293e-01	1.238985e-01	1.374438e-01	3.975193e-02	9.577674e-01	8.124702e-01	5.878940e-02	7.612506e-01	0.000000e+00	1	3.042847e-02
9.584504e-01	1.266912e-01	1.374438e-01	4.618896e-02	9.577674e-01	8.124702e-01	3.430963e-02	7.676876e-01	0.000000e+00	1	0.000000e+00
1.361854e-01	7.633079e-01	6.398719e-01	5.210712e-01	1.326438e-01	-9.631031e-03	-4.427497e-02	9.426907e-03	0.000000e+00	1	0.000000e+00
2.284842e-01	6.072673e-01	5.467406e-01	3.559550e-01	2.274544e-01	1.285592e-02	2.023631e-01	1.136441e-01	0.000000e+00	1	1.285010e-02
4.422486e-01	4.327702e-01	2.648757e-01	6.416821e-01	4.420590e-01	-7.780163e-02	-9.302351e-02	2.407911e-02	0.000000e+00	1	6.008958e-03
4.854622e-01	2.755880e-01	1.609489e-01	3.498954e-01	4.848765e-01	-2.995609e-01	1.618794e-01	-3.871245e-02	0.000000e+00	1	1.168047e-02
6.445923e-04	1.000142e+00	6.707178e-01	5.103116e-01	6.231028e-04	-3.522959e-02	-4.992277e-03	1.053948e-02	0.000000e+00	1	5.417928e-04
1.969093e-04	1.023956e+00	8.054374e-01	3.791196e-01	1.729569e-04	9.865248e-02	-4.992277e-03	-1.208160e-01	0.000000e+00	1	1.061689e-02
2.121023e-01	6.333610e-01	4.722915e-01	3.153330e-01	2.105061e-01	-1.198863e-01	1.283105e-01	2.372138e-02	0.000000e+00	1	2.509089e-04
7.543183e-02	8.780614e-01	6.565359e-01	4.190331e-01	6.482115e-02	3.632413e-02	5.601244e-02	-1.049120e-01	0.000000e+00	1	9.362873e-03
4.429113e-01	4.255328e-01	1.806229e-01	6.416821e-01	4.420590e-01	-1.620544e-01	-1.359873e-01	2.407911e-02	0.000000e+00	1	2.757299e-02
5.016418e-01	2.708946e-01	1.609489e-01	2.634183e-01	4.848765e-01	-2.995609e-01	5.660036e-02	-1.251896e-01	0.000000e+00	1	4.453918e-03
6.828677e-02	8.783323e-01	6.986546e-01	5.363820e-01	6.698740e-02	7.929154e-02	-1.155421e-02	1.094794e-02	0.000000e+00	1	3.685513e-03
1.519488e-01	7.259213e-01	5.879787e-01	4.727298e-01	1.496162e-01	-7.144329e-02	1.018638e-01	-6.272875e-03	0.000000e+00	1	1.027351e-03
1.997542e-02	9.661879e-01	7.514993e-01	4.847687e-01	1.922319e-02	7.919535e-02	-4.144970e-02	-1.343294e-02	0.000000e+00	1	1.181365e-02
9.584504e-01	1.266912e-01	1.374438e-01	4.618896e-02	9.577674e-01	8.124702e-01	3.430963e-02	7.676876e-01	0.000000e+00	1	1.102754e-01
2.201000e-04	1.008694e+00	8.015394e-01	5.113326e-01	1.962775e-04	9.479783e-02	-4.992277e-03	1.140562e-02	0.000000e+00	2	1.000000e+14
1.004016e+00	3.220969e-02	3.682981e-03	3.326395e-03	9.850696e-01	8.458374e-01	-2.429096e-01	3.741218e-01	0.000000e+00	2	1.000000e+14
9.601189e-01	1.826067e-01	2.308115e-01	3.588206e-02	9.577674e-01	9.058378e-01	5.666686e-02	7.573807e-01	0.000000e+00	2	2.203577e-01
6.246320e-01	2.304793e-01	3.387978e-02	2.580777e-01	5.659990e-01	5.779286e-02	1.638597e-01	4.582204e-01	0.000000e+00	2	1.975962e-01
3.480306e-01	4.623463e-01	2.709931e-01	3.166769e-01	3.254785e-01	1.854256e-01	-4.769199e-03	-8.143498e-03	0.000000e+00	2	1.184684e-01
2.892402e-01	5.131199e-01	3.705995e-01	3.868257e-01	2.840451e-01	1.134100e-01	1.046104e-01	1.861774e-01	0.000000e+00	2	6.856540e-02
2.742293e-01	5.952817e-01	3.967680e-01	1.292309e-01	2.730946e-01	8.277346e-02	4.124484e-02	-6.036278e-02	0.000000e+00	2	6.541270e-02
5.169314e-01	2.708946e-01	1.609489e-01	2.634183e-01	4.848765e-01	-2.995609e-01	7.042292e-03	-1.251896e-01	0.000000e+00	2	5.693751e-02
4.444793e-01	4.327702e-01	2.648757e-01	6.416821e-01	4.420590e-01	-7.780163e-02	-5.759601e-02	2.407911e-02	0.000000e+00	2	4.804202e-02
9.603293e-01	1.266912e-01	1.374438e-01	4.618896e-02	9.577674e-01	8.124702e-01	5.878940e-02	7.676876e-01	0.000000e+00	2	4.236269e-02
9.878969e-01	8.687394e-02	6.602952e-02	1.006788e-01	9.850696e-01	9.081839e-01	-3.273831e-01	4.714741e-01	0.000000e+00	2	4.123732e-02
5.695654e-01	2.432328e-01	6.696165e-02	2.370007e-01	5.688642e-01	1.166819e-01	3.701056e-01	4.485206e-01	0.000000e+00	2	4.038145e-02
1.362724e-01	7.656897e-01	6.398719e-01	5.358975e-01	1.326438e-01	-9.631031e-03	-4.500178e-02	2.425316e-02	0.000000e+00	2	3.730220e-02
2.791900e-01	5.307637e-01	4.069635e-01	4.001473e-01	2.715602e-01	8.491537e-02	1.677286e-01	2.113087e-01	0.000000e+00	2	3.550676e-02
2.284842e-01	6.091866e-01	5.467406e-01	3.399920e-01	2.274544e-01	1.285592e-02	2.023631e-01	9.768104e-02	0.000000e+00	2	3.441849e-02
8.141057e-02	8.661228e-01	6.321511e-01	4.984014e-01	6.968118e-02	1.361920e-02	6.015064e-02	-2.882264e-02	0.000000e+00	2	3.341342e-02
6.223809e-01	2.399572e-01	5.937587e-02	2.490430e-01	5.691397e-01	1.116042e-01	1.648723e-01	4.615941e-01	0.000000e+00	2	3.027830e-02
2.032692e-02	9.661879e-01	7.514993e-01	4.847687e-01	1.922319e-02	7.919535e-02	-4.724526e-02	-1.343294e-02	0.000000e+00	2	2.964062e-02
1.929825e-01	6.568289e-01	5.143325e-01	3.547446e-01	1.926040e-01	-1.198863e-01	1.279045e-01	3.956798e-03	0.000000e+00	2	2.803738e-02
1.404521e-01	7.479528e-01	4.850439e-01	5.078413e-01	1.403681e-01	-1.697470e-01	4.124484e-02	9.426907e-03	0.000000e+00	2	2.703757e-02
1.038632e-01	8.190036e-01	4.755159e-01	4.523369e-01	1.031763e-01	-1.511997e-01	-6.795294e-03	-8.456250e-02	0.000000e+00	2	2.683250e-02
3.589343e-02	9.483663e-01	7.151746e-01	3.746882e-01	3.368188e-02	6.559329e-02	2.038617e-02	-1.285355e-01	0.000000e+00	2	2.632994e-02
1.149786e-01	7.960224e-01	5.134884e-01	5.427658e-01	1.148822e-01	-1.218461e-01	-7.606847e-03	1.127295e-02	0.000000e+00	2	2.619384e-02
9.419977e-02	8.378386e-01	7.194645e-01	4.155805e-01	9.280485e-02	9.849245e-02	-4.992277e-03	-1.216821e-01	0.000000e+00	2	2.572668e-02
5.746906e-01	2.410293e-01	4.162113e-02	2.954437e-01	5.542158e-01	-3.422776e-02	2.879361e-01	4.371063e-01	0.000000e+00	2	2.488328e-02
4.861122e-01	2.732475e-01	1.607691e-01	2.236502e-01	4.856235e-01	-2.995457e-01	2.132559e-01	-1.594298e-01	0.000000e+00	2	2.455097e-02
5.094085e-02	9.046199e-01	7.087035e-01	5.069613e-01	5.088976e-02	7.919535e-02	-4.724526e-02	-6.995906e-03	0.000000e+00	2	2.410871e-02
4.572051e-01	4.157305e-01	1.806229e-01	6.268559e-01	4.420590e-01	-1.620544e-01	1.627682e-02	9.252858e-03	0.000000e+00	2	2.262638e-02
9.908666e-01	6.006964e-02	3.676520e-02	6.019227e-02	9.850696e-01	8.789196e-01	-3.044174e-01	4.309876e-01	0.000000e+00	2	2.122759e-02
4.619352e-01	3.387271e-01	1.922911e-02	4.592489e-01	4.575666e-01	-3.875563e-01	6.080493e-02	-9.841643e-02	0.000000e+00	2	2.108543e-02
