# This file contains the data of final population
# of objectives = 2, # of constraints = 2, # of real_var = 4, # of bits of bin_var = 0, constr_violation, rank, crowding_distance
9.828095e-02	8.356027e-01	7.326809e-01	4.941046e-01	9.537547e-02	1.105030e-01	1.347571e-02	-4.341548e-02	0.000000e+00	1	3.329466e-02
1.933336e-01	6.519506e-01	4.939689e-01	4.574137e-01	1.933127e-01	-1.389750e-01	1.439193e-01	1.090119e-01	0.000000e+00	1	1.852752e-02
5.264950e-01	2.460397e-01	1.800775e-02	3.241456e-01	5.263028e-01	-2.407147e-01	4.173728e-01	2.699206e-01	0.000000e+00	1	1.357955e-02
1.316457e-01	8.035196e-01	6.133436e-01	6.333618e-01	1.229615e-01	-2.853594e-02	8.941056e-02	1.090846e-01	0.000000e+00	1	2.480973e-02
1.479842e-01	7.487034e-01	6.127426e-01	3.081282e-01	1.475956e-01	-4.586579e-02	2.907237e-02	-1.754367e-01	0.000000e+00	1	2.144735e-02
1.036866e-01	8.265040e-01	7.361948e-01	4.425112e-01	1.015825e-01	1.105030e-01	1.115263e-02	-9.469621e-02	0.000000e+00	1	8.370399e-03
3.494098e-01	4.413732e-01	3.123601e-01	3.739000e-01	3.360599e-01	2.509343e-01	-3.151609e-01	1.949459e-03	0.000000e+00	1	1.017725e-01
2.984168e-01	5.094775e-01	3.633297e-01	4.529195e-01	2.903344e-01	1.376555e-01	9.573466e-02	2.414552e-01	0.000000e+00	1	4.865789e-04
4.443225e-02	9.479648e-01	6.024951e-01	6.122890e-01	3.680517e-02	-4.280917e-02	5.801252e-02	1.074150e-01	0.000000e+00	1	0.000000e+00
1.791521e-01	6.963628e-01	6.029305e-01	3.093350e-01	1.790017e-01	-4.977796e-02	1.341282e-01	-8.659353e-02	0.000000e+00	1	1.213659e-02
3.172983e-01	4.813314e-01	3.633854e-01	3.621605e-01	3.063013e-01	2.107350e-01	3.812514e-02	1.093584e-01	0.000000e+00	1	4.411155e-02
2.173204e-02	9.632129e-01	6.730086e-01	4.909934e-01	1.867148e-02	-2.407949e-04	4.176649e-02	-7.115487e-03	0.000000e+00	1	2.671171e-03
5.296233e-01	2.380794e-01	2.844793e-03	2.975030e-01	5.292048e-01	-2.407147e-01	4.321945e-01	2.662618e-01	0.000000e+00	1	8.100343e-03
4.443225e-02	9.479648e-01	6.024951e-01	6.122890e-01	3.680517e-02	-4.280917e-02	5.801252e-02	1.074150e-01	0.000000e+00	1	0.000000e+00
6.386828e-04	1.050894e+00	5.281105e-01	6.411564e-01	4.709402e-04	-1.781200e-01	-1.322030e-02	1.413297e-01	0.000000e+00	1	3.233334e-02
2.767962e-01	5.296681e-01	4.054190e-01	3.148088e-01	2.757585e-01	1.053771e-01	9.737935e-02	1.234415e-01	0.000000e+00	1	7.835968e-03
1.805809e-01	6.899688e-01	5.483058e-01	3.076427e-01	1.790017e-01	-1.044028e-01	8.212652e-02	-8.828577e-02	0.000000e+00	1	8.525132e-03
2.328943e-01	6.004805e-01	4.683433e-01	5.064576e-01	2.317397e-01	-4.819110e-02	1.336602e-01	2.747687e-01	0.000000e+00	1	4.633008e-03
4.341497e-03	1.007280e+00	5.779995e-01	4.922676e-01	4.161711e-03	-1.213724e-01	-1.593990e-02	-6.430804e-03	0.000000e+00	1	9.820314e-03
2.134240e-02	9.740661e-01	7.562662e-01	5.723330e-01	1.867148e-02	8.301678e-02	3.812514e-02	7.422414e-02	0.000000e+00	1	6.799496e-04
4.916418e-01	2.654944e-01	6.451618e-02	2.088297e-01	4.893399e-01	-3.928606e-01	2.639727e-01	-1.462131e-01	0.000000e+00	1	3.603427e-02
2.453861e-01	5.800254e-01	5.234647e-01	4.531763e-01	2.449710e-01	6.610483e-02	1.306963e-01	2.479190e-01	0.000000e+00	1	4.184474e-04
2.484960e-01	5.707796e-01	3.872452e-01	4.598634e-01	2.484741e-01	-5.324511e-02	1.398693e-01	2.597667e-01	0.000000e+00	1	1.509139e-03
5.041384e-01	2.562125e-01	5.290435e-02	3.023460e-01	4.946324e-01	-3.928606e-01	1.526154e-01	-1.141148e-02	0.000000e+00	1	2.979323e-03
2.454033e-01	5.744577e-01	4.791468e-01	4.531469e-01	2.449894e-01	2.187463e-02	1.306963e-01	2.479190e-01	0.000000e+00	1	1.292204e-04
2.134240e-02	9.740661e-01	7.562662e-01	5.723330e-01	1.867148e-02	8.301678e-02	3.812514e-02	7.422414e-02	0.000000e+00	1	2.130237e-03
4.298845e-01	3.397792e-01	2.955947e-01	2.726141e-01	4.252214e-01	3.365861e-02	-1.305139e-01	-3.759659e-01	0.000000e+00	1	1.164252e-02
5.125179e-02	9.246269e-01	7.183775e-01	5.846143e-01	4.573284e-02	8.378980e-02	3.781078e-02	7.422414e-02	0.000000e+00	1	3.272422e-02
2.475152e-01	5.727713e-01	4.268939e-01	3.474081e-01	2.451242e-01	-2.973716e-02	1.019070e-01	1.423938e-01	0.000000e+00	1	3.457141e-03
2.151600e-01	6.381205e-01	3.436751e-01	4.867627e-01	2.151071e-01	-2.343972e-01	1.779551e-01	2.094755e-01	0.000000e+00	1	1.538173e-02
1.150082e-01	8.101455e-01	7.415106e-01	4.392401e-01	1.137778e-01	1.070504e-01	1.596642e-02	-9.301109e-02	0.000000e+00	1	0.000000e+00
3.044501e-01	5.016930e-01	5.013435e-01	3.573812e-01	3.043710e-01	3.405500e-01	-4.886203e-02	1.105733e-01	0.000000e+00	1	3.004521e-03
7.576000e-02	8.706756e-01	6.924086e-01	3.613774e-01	7.572232e-02	7.485040e-02	-5.465746e-02	-1.695244e-01	0.000000e+00	1	6.777196e-03
7.632247e-02	8.656801e-01	5.894842e-01	3.707395e-01	7.572232e-02	-2.807392e-02	-7.301695e-02	-1.601623e-01	0.000000e+00	1	2.932087e-02
1.708743e-02	9.794045e-01	6.050517e-01	4.727097e-01	1.440405e-02	-7.565747e-02	4.176649e-02	-2.495626e-02	0.000000e+00	1	0.000000e+00
4.598067e-01	2.958227e-01	1.539899e-01	2.786426e-01	4.563742e-01	-2.484671e-01	4.510816e-02	-2.846566e-01	0.000000e+00	1	0.000000e+00
5.296233e-01	2.380794e-01	2.844793e-03	2.975030e-01	5.292048e-01	-2.407147e-01	4.321945e-01	2.662618e-01	0.000000e+00	1	0.000000e+00
4.294537e-01	3.407341e-01	1.636357e-01	2.750064e-01	4.199958e-01	-7.284810e-02	-1.249668e-01	-3.759348e-01	0.000000e+00	1	9.290279e-02
6.237960e-01	2.340460e-01	1.606320e-02	2.956284e-01	5.479073e-01	-1.081941e-01	1.598177e-01	3.990735e-01	0.000000e+00	1	1.997327e-03
1.697791e-02	9.802508e-01	5.974330e-01	4.719900e-01	1.466256e-02	-8.281745e-02	3.787506e-02	-2.568866e-02	0.000000e+00	1	2.944269e-03
4.282025e-05	1.081880e+00	5.648559e-01	7.483083e-01	5.677230e-06	-1.422403e-01	6.091295e-03	2.483104e-01	0.000000e+00	1	1.000000e+14
1.127213e-01	8.192161e-01	5.704614e-01	5.004242e-01	9.629879e-02	-5.218717e-02	8.847531e-02	-3.713507e-02	0.000000e+00	1	4.770482e-03
6.757934e-02	8.811751e-01	5.457004e-01	5.163066e-01	6.658337e-02	-7.380872e-02	-1.593990e-02	-8.852752e-03	0.000000e+00	1	3.980240e-02
1.148730e-01	8.114727e-01	7.448441e-01	4.376547e-01	1.136265e-01	1.105030e-01	1.596642e-02	-9.469621e-02	0.000000e+00	1	3.943656e-03
5.296233e-01	2.380794e-01	2.844793e-03	2.975030e-01	5.292048e-01	-2.407147e-01	4.321945e-01	2.662618e-01	0.000000e+00	1	0.000000e+00
2.812329e-02	9.500963e-01	6.195171e-01	4.616557e-01	2.742633e-02	-3.935657e-02	5.244649e-03	-3.882019e-02	0.000000e+00	1	9.595976e-03
1.326188e-02	9.860230e-01	6.114169e-01	4.727244e-01	1.085805e-02	-7.565747e-02	4.176649e-02	-2.495626e-02	0.000000e+00	1	7.194500e-03
2.987055e-01	5.088066e-01	3.839602e-01	4.532395e-01	2.904960e-01	1.590798e-01	9.573466e-02	2.414552e-01	0.000000e+00	1	1.510071e-04
5.081435e-01	2.536970e-01	3.566737e-02	3.034248e-01	4.972860e-01	-3.985784e-01	1.623553e-01	1.086620e-02	0.000000e+00	1	1.678095e-02
1.118666e-03	1.018359e+00	6.903527e-01	6.411567e-01	9.581734e-04	-1.497134e-02	-1.322030e-02	1.415023e-01	0.000000e+00	1	1.972351e-02
1.446943e-01	7.586010e-01	6.113368e-01	2.904589e-01	1.446309e-01	-4.586579e-02	3.388098e-02	-1.994790e-01	0.000000e+00	1	1.456809e-02
2.181675e-01	6.174135e-01	4.278679e-01	4.775096e-01	2.180719e-01	-1.404201e-01	1.813062e-01	2.091289e-01	0.000000e+00	1	9.977735e-03
3.044501e-01	5.016930e-01	5.013435e-01	3.573812e-01	3.043710e-01	3.405500e-01	-4.886203e-02	1.105733e-01	0.000000e+00	1	1.690385e-02
1.805111e-01	6.901821e-01	6.244681e-01	5.013993e-01	1.800938e-01	-2.716261e-02	1.445701e-01	1.090119e-01	0.000000e+00	1	8.175223e-04
2.674003e-01	5.468853e-01	4.465881e-01	3.094854e-01	2.656835e-01	9.370710e-02	1.414215e-01	1.217523e-01	0.000000e+00	1	1.126708e-02
5.026007e-03	9.964133e-01	6.242727e-01	4.896782e-01	4.858257e-03	-7.380872e-02	-1.593990e-02	-8.852752e-03	0.000000e+00	1	1.529738e-02
2.484960e-01	5.707796e-01	3.872452e-01	4.598634e-01	2.484741e-01	-5.324511e-02	1.398693e-01	2.597667e-01	0.000000e+00	1	0.000000e+00
2.767962e-01	5.296681e-01	4.054190e-01	3.148088e-01	2.757585e-01	1.053771e-01	9.737935e-02	1.234415e-01	0.000000e+00	1	7.047216e-03
1.321386e-01	7.713138e-01	5.509933e-01	3.147096e-01	1.321017e-01	-9.810454e-02	8.028062e-03	-1.977584e-01	0.000000e+00	1	1.210046e-03
2.454033e-01	5.744577e-01	4.791468e-01	4.531469e-01	2.449894e-01	2.187463e-02	1.306963e-01	2.479190e-01	0.000000e+00	1	1.948002e-03
1.127213e-01	8.192161e-01	5.704614e-01	5.004242e-01	9.629879e-02	-5.218717e-02	8.847531e-02	-3.713507e-02	0.000000e+00	1	8.598221e-03
2.987055e-01	5.088066e-01	3.839602e-01	4.532395e-01	2.904960e-01	1.590798e-01	9.573466e-02	2.414552e-01	0.000000e+00	1	3.355718e-04
5.020095e-01	2.579812e-01	5.290435e-02	3.246237e-01	4.946324e-01	-3.928606e-01	1.642237e-01	1.086620e-02	0.000000e+00	1	6.963360e-03
2.173204e-02	9.632129e-01	6.730086e-01	4.909934e-01	1.867148e-02	-2.407949e-04	4.176649e-02	-7.115487e-03	0.000000e+00	1	5.768429e-04
9.560319e-01	8.219640e-02	5.144986e-02	3.233977e-02	9.557339e-01	7.069993e-01	2.018696e-02	7.733601e-01	0.000000e+00	1	1.000000e+14
1.919959e-01	6.659985e-01	6.067620e-01	4.618665e-01	1.919899e-01	-2.853594e-02	1.439193e-01	1.090119e-01	0.000000e+00	1	7.725812e-03
2.453898e-01	5.791926e-01	3.685627e-01	3.308966e-01	2.453376e-01	-8.705212e-02	1.432045e-01	1.262181e-01	0.000000e+00	1	2.664489e-03
2.555902e-01	5.693915e-01	5.291166e-01	3.352088e-01	2.547668e-01	1.199056e-01	1.019098e-01	1.422210e-01	0.000000e+00	1	8.169433e-04
2.042234e-01	6.417415e-01	4.598842e-01	4.661172e-01	2.007915e-01	-1.576570e-01	1.004301e-01	1.428108e-01	0.000000e+00	1	5.720040e-03
2.984168e-01	5.094775e-01	3.633297e-01	4.529195e-01	2.903344e-01	1.376555e-01	9.573466e-02	2.414552e-01	0.000000e+00	1	4.440716e-04
6.212999e-01	2.379348e-01	2.334695e-03	2.972533e-01	5.292048e-01	-2.412248e-01	1.082655e-01	2.660121e-01	0.000000e+00	1	3.250490e-03
5.264950e-01	2.460397e-01	1.800775e-02	3.241456e-01	5.263028e-01	-2.407147e-01	4.173728e-01	2.699206e-01	0.000000e+00	1	0.000000e+00
3.484942e-01	4.595550e-01	3.779972e-01	4.871371e-01	3.362572e-01	3.169234e-01	-3.110263e-01	1.142749e-01	0.000000e+00	1	1.137051e-02
5.451110e-01	2.379572e-01	2.334695e-03	2.975030e-01	5.292048e-01	-2.412248e-01	2.856176e-01	2.662618e-01	0.000000e+00	1	6.115361e-05
2.416374e-01	5.916965e-01	4.631331e-01	3.333601e-01	2.342296e-01	-4.288369e-02	7.943053e-02	1.074150e-01	0.000000e+00	1	7.831136e-03
2.365910e-01	5.944448e-01	3.950067e-01	4.409109e-01	2.320207e-01	-1.203565e-01	9.981539e-02	2.098864e-01	0.000000e+00	1	5.143391e-03
1.150082e-01	8.101455e-01	7.415106e-01	4.392401e-01	1.137778e-01	1.070504e-01	1.596642e-02	-9.301109e-02	0.000000e+00	1	3.384764e-03
1.586478e-01	7.192071e-01	4.356552e-01	4.695986e-01	1.585149e-01	-2.257173e-01	8.641715e-02	1.268398e-02	0.000000e+00	1	1.213870e-02
3.044501e-01	5.016930e-01	5.013435e-01	3.573812e-01	3.043710e-01	3.405500e-01	-4.886203e-02	1.105733e-01	0.000000e+00	1	3.557939e-03
4.484350e-01	3.139969e-01	1.288270e-01	2.097063e-01	4.484349e-01	-2.420330e-01	-6.619031e-02	-3.868105e-01	0.000000e+00	1	1.165789e-02
5.451110e-01	2.379572e-01	2.334695e-03	2.975030e-01	5.292048e-01	-2.412248e-01	2.856176e-01	2.662618e-01	0.000000e+00	1	8.111501e-03
5.451110e-01	2.379572e-01	2.334695e-03	2.975030e-01	5.292048e-01	-2.412248e-01	2.856176e-01	2.662618e-01	0.000000e+00	1	0.000000e+00
5.296233e-01	2.380794e-01	2.844793e-03	2.975030e-01	5.292048e-01	-2.407147e-01	4.321945e-01	2.662618e-01	0.000000e+00	1	0.000000e+00
1.326188e-02	9.860230e-01	6.114169e-01	4.727244e-01	1.085805e-02	-7.565747e-02	4.176649e-02	-2.495626e-02	0.000000e+00	1	7.140378e-03
4.598067e-01	2.958227e-01	1.539899e-01	2.786426e-01	4.563742e-01	-2.484671e-01	4.510816e-02	-2.846566e-01	0.000000e+00	1	3.181929e-02
2.153452e-01	6.226179e-01	4.376522e-01	4.864161e-01	2.151071e-01	-1.404201e-01	1.861148e-01	2.091289e-01	0.000000e+00	1	9.229849e-03
6.212999e-01	2.379348e-01	2.334695e-03	2.972533e-01	5.292048e-01	-2.412248e-01	1.082655e-01	2.660121e-01	0.000000e+00	1	1.115787e-05
6.237960e-01	2.340460e-01	1.606320e-02	2.956284e-01	5.479073e-01	-1.081941e-01	1.598177e-01	3.990735e-01	0.000000e+00	1	1.381561e-03
1.844436e-01	6.772495e-01	4.743745e-01	5.026070e-01	1.812518e-01	-1.760382e-01	7.001927e-02	1.139964e-01	0.000000e+00	1	3.476869e-03
4.598067e-01	2.958227e-01	1.539899e-01	2.786426e-01	4.563742e-01	-2.484671e-01	4.510816e-02	-2.846566e-01	0.000000e+00	1	1.792957e-03
4.949313e-01	2.605069e-01	2.725190e-02	3.432977e-01	4.949214e-01	-4.175191e-01	2.487871e-01	3.183429e-02	0.000000e+00	1	4.965343e-03
2.431179e-01	5.856126e-01	3.633099e-01	4.816482e-01	2.429699e-01	-1.034841e-01	1.422346e-01	2.730764e-01	0.000000e+00	1	4.229213e-03
5.041384e-01	2.562125e-01	5.290435e-02	3.023460e-01	4.946324e-01	-3.928606e-01	1.526154e-01	-1.141148e-02	0.000000e+00	1	2.371565e-03
4.443225e-02	9.479648e-01	6.024951e-01	6.122890e-01	3.680517e-02	-4.280917e-02	5.801252e-02	1.074150e-01	0.000000e+00	1	4.393595e-03
1.708743e-02	9.794045e-01	6.050517e-01	4.727097e-01	1.440405e-02	-7.565747e-02	4.176649e-02	-2.495626e-02	0.000000e+00	1	9.518955e-05
2.554467e-01	5.698298e-01	5.312506e-01	3.352088e-01	2.547668e-01	1.220396e-01	1.045304e-01	1.422210e-01	0.000000e+00	1	3.854562e-03
5.296233e-01	2.380794e-01	2.844793e-03	2.975030e-01	5.292048e-01	-2.407147e-01	4.321945e-01	2.662618e-01	0.000000e+00	1	0.000000e+00
1.708743e-02	9.794045e-01	6.050517e-01	4.727097e-01	1.440405e-02	-7.565747e-02	4.176649e-02	-2.495626e-02	0.000000e+00	1	1.990094e-03
5.296233e-01	2.380794e-01	2.844793e-03	2.975030e-01	5.292048e-01	-2.407147e-01	4.321945e-01	2.662618e-01	0.000000e+00	1	0.000000e+00
4.443225e-02	9.479648e-01	6.024951e-01	6.122890e-01	3.680517e-02	-4.280917e-02	5.801252e-02	1.074150e-01	0.000000e+00	1	2.196539e-03
2.453861e-01	5.800254e-01	5.234647e-01	4.531763e-01	2.449710e-01	6.610483e-02	1.306963e-01	2.479190e-01	0.000000e+00	1	3.980834e-03
4.525669e-01	3.121520e-01	1.288270e-01	2.205508e-01	4.484349e-01	-2.420330e-01	-1.308283e-01	-3.759659e-01	0.000000e+00	1	3.083775e-03
5.296233e-01	2.380794e-01	2.844793e-03	2.975030e-01	5.292048e-01	-2.407147e-01	4.321945e-01	2.662618e-01	0.000000e+00	1	0.000000e+00
5.296233e-01	2.380794e-01	2.844793e-03	2.975030e-01	5.292048e-01	-2.407147e-01	4.321945e-01	2.662618e-01	0.000000e+00	1	1.636200e-03
6.212999e-01	2.379348e-01	2.334695e-03	2.972533e-01	5.292048e-01	-2.412248e-01	1.082655e-01	2.660121e-01	0.000000e+00	1	3.984822e-02
4.525669e-01	3.121520e-01	1.288270e-01	2.205508e-01	4.484349e-01	-2.420330e-01	-1.308283e-01	-3.759659e-01	0.000000e+00	1	1.993627e-03
5.296233e-01	2.380794e-01	2.844793e-03	2.975030e-01	5.292048e-01	-2.407147e-01	4.321945e-01	2.662618e-01	0.000000e+00	1	0.000000e+00
5.296233e-01	2.380794e-01	2.844793e-03	2.975030e-01	5.292048e-01	-2.407147e-01	4.321945e-01	2.662618e-01	0.000000e+00	1	3.981375e-03
5.451110e-01	2.379572e-01	2.334695e-03	2.975030e-01	5.292048e-01	-2.412248e-01	2.856176e-01	2.662618e-01	0.000000e+00	1	0.000000e+00
4.949313e-01	2.605069e-01	2.725190e-02	3.432977e-01	4.949214e-01	-4.175191e-01	2.487871e-01	3.183429e-02	0.000000e+00	1	4.214984e-03
2.153452e-01	6.226179e-01	4.376522e-01	4.864161e-01	2.151071e-01	-1.404201e-01	1.861148e-01	2.091289e-01	0.000000e+00	1	2.699897e-03
2.173204e-02	9.632129e-01	6.730086e-01	4.909934e-01	1.867148e-02	-2.407949e-04	4.176649e-02	-7.115487e-03	0.000000e+00	1	5.428313e-03
2.453861e-01	5.800254e-01	5.234647e-01	4.531763e-01	2.449710e-01	6.610483e-02	1.306963e-01	2.479190e-01	0.000000e+00	1	0.000000e+00
5.296233e-01	2.380794e-01	2.844793e-03	2.975030e-01	5.292048e-01	-2.407147e-01	4.321945e-01	2.662618e-01	0.000000e+00	1	0.000000e+00
5.264950e-01	2.460397e-01	1.800775e-02	3.241456e-01	5.263028e-01	-2.407147e-01	4.173728e-01	2.699206e-01	0.000000e+00	1	5.466099e-03
4.598067e-01	2.958227e-01	1.539899e-01	2.786426e-01	4.563742e-01	-2.484671e-01	4.510816e-02	-2.846566e-01	0.000000e+00	1	0.000000e+00
2.769591e-01	5.247500e-01	4.054190e-01	4.012537e-01	2.757585e-01	1.053771e-01	9.981539e-02	2.098864e-01	0.000000e+00	1	8.519224e-05
5.296233e-01	2.380794e-01	2.844793e-03	2.975030e-01	5.292048e-01	-2.407147e-01	4.321945e-01	2.662618e-01	0.000000e+00	1	6.115361e-05
4.443225e-02	9.479648e-01	6.024951e-01	6.122890e-01	3.680517e-02	-4.280917e-02	5.801252e-02	1.074150e-01	0.000000e+00	1	0.000000e+00
2.484960e-01	5.707796e-01	3.872452e-01	4.598634e-01	2.484741e-01	-5.324511e-02	1.398693e-01	2.597667e-01	0.000000e+00	1	4.110436e-03
2.134240e-02	9.740661e-01	7.562662e-01	5.723330e-01	1.867148e-02	8.301678e-02	3.812514e-02	7.422414e-02	0.000000e+00	1	2.037871e-04
2.987055e-01	5.088066e-01	3.839602e-01	4.532395e-01	2.904960e-01	1.590798e-01	9.573466e-02	2.414552e-01	0.000000e+00	1	6.562460e-03
4.443225e-02	9.479648e-01	6.024951e-01	6.122890e-01	3.680517e-02	-4.280917e-02	5.801252e-02	1.074150e-01	0.000000e+00	1	9.595976e-03
2.680252e-01	5.451647e-01	4.282408e-01	3.094694e-01	2.662754e-01	7.845871e-02	1.399378e-01	1.217523e-01	0.000000e+00	1	1.352562e-02
1.036866e-01	8.265040e-01	7.361948e-01	4.425112e-01	1.015825e-01	1.105030e-01	1.115263e-02	-9.469621e-02	0.000000e+00	1	6.115243e-04
2.323759e-01	6.015583e-01	4.137185e-01	5.047654e-01	2.317397e-01	-1.028159e-01	1.424160e-01	2.730764e-01	0.000000e+00	1	9.637820e-03
6.238960e-01	2.338939e-01	1.559648e-02	2.956284e-01	5.479073e-01	-1.086608e-01	1.596363e-01	3.990735e-01	0.000000e+00	1	2.388245e-01
1.148730e-01	8.114727e-01	7.448441e-01	4.376547e-01	1.136265e-01	1.105030e-01	1.596642e-02	-9.469621e-02	0.000000e+00	1	1.789176e-03
2.769591e-01	5.247500e-01	4.054190e-01	4.012537e-01	2.757585e-01	1.053771e-01	9.981539e-02	2.098864e-01	0.000000e+00	1	0.000000e+00
2.358108e-01	5.958871e-01	3.980380e-01	4.966146e-01	2.353185e-01	-1.032826e-01	1.422346e-01	2.730764e-01	0.000000e+00	1	4.952307e-03
1.859592e-01	6.718829e-01	5.849564e-01	4.800285e-01	1.859567e-01	-5.969593e-02	1.341282e-01	1.069546e-01	0.000000e+00	1	9.577281e-03
2.042234e-01	6.417415e-01	4.598842e-01	4.661172e-01	2.007915e-01	-1.576570e-01	1.004301e-01	1.428108e-01	0.000000e+00	1	1.811073e-03
1.919959e-01	6.659985e-01	6.067620e-01	4.618665e-01	1.919899e-01	-2.853594e-02	1.439193e-01	1.090119e-01	0.000000e+00	1	6.100412e-03
2.431179e-01	5.856126e-01	3.633099e-01	4.816482e-01	2.429699e-01	-1.034841e-01	1.422346e-01	2.730764e-01	0.000000e+00	1	3.568818e-03
9.560319e-01	8.219640e-02	5.144986e-02	3.233977e-02	9.557339e-01	7.069993e-01	2.018696e-02	7.733601e-01	0.000000e+00	1	1.064177e-02
2.134240e-02	9.740661e-01	7.562662e-01	5.723330e-01	1.867148e-02	8.301678e-02	3.812514e-02	7.422414e-02	0.000000e+00	1	5.428313e-03
2.554467e-01	5.698298e-01	5.312506e-01	3.352088e-01	2.547668e-01	1.220396e-01	1.045304e-01	1.422210e-01	0.000000e+00	1	5.501362e-04
4.484350e-01	3.139969e-01	1.288270e-01	2.097063e-01	4.484349e-01	-2.420330e-01	-6.619031e-02	-3.868105e-01	0.000000e+00	1	3.083775e-03
2.769591e-01	5.247500e-01	4.054190e-01	4.012537e-01	2.757585e-01	1.053771e-01	9.981539e-02	2.098864e-01	0.000000e+00	1	0.000000e+00
4.257171e-03	1.015244e+00	6.563034e-01	6.444057e-01	4.115601e-03	-4.315401e-02	-1.439985e-02	1.456958e-01	0.000000e+00	1	7.226913e-03
1.316457e-01	8.035196e-01	6.133436e-01	6.333618e-01	1.229615e-01	-2.853594e-02	8.941056e-02	1.090846e-01	0.000000e+00	1	3.571815e-03
9.558029e-01	1.034732e-01	1.092961e-01	2.070183e-02	9.554884e-01	7.624421e-01	2.323556e-02	7.640121e-01	0.000000e+00	1	2.495860e-01
1.697791e-02	9.802508e-01	5.974330e-01	4.719900e-01	1.466256e-02	-8.281745e-02	3.787506e-02	-2.568866e-02	0.000000e+00	1	2.366820e-03
5.050095e-02	9.287439e-01	6.506362e-01	4.659707e-01	3.665505e-02	5.132299e-03	8.847531e-02	-3.882019e-02	0.000000e+00	1	8.649272e-03
2.981505e-01	5.100869e-01	2.897979e-01	3.259184e-01	2.936745e-01	8.034259e-02	5.801252e-02	1.074150e-01	0.000000e+00	1	4.518729e-03
2.453951e-01	5.747075e-01	3.685627e-01	3.823987e-01	2.453376e-01	-8.705212e-02	1.428494e-01	1.777202e-01	0.000000e+00	1	2.375262e-03
5.296233e-01	2.380794e-01	2.844793e-03	2.975030e-01	5.292048e-01	-2.407147e-01	4.321945e-01	2.662618e-01	0.000000e+00	1	0.000000e+00
1.572848e-01	7.288858e-01	6.131123e-01	4.798974e-01	1.498057e-01	-4.637952e-02	1.404985e-01	1.331382e-03	0.000000e+00	1	2.033012e-02
1.805111e-01	6.901821e-01	6.244681e-01	5.013993e-01	1.800938e-01	-2.716261e-02	1.445701e-01	1.090119e-01	0.000000e+00	1	3.127814e-03
2.558783e-01	5.686477e-01	5.274246e-01	3.349118e-01	2.551012e-01	1.199056e-01	1.019098e-01	1.422210e-01	0.000000e+00	1	7.353880e-03
4.525669e-01	3.121520e-01	1.288270e-01	2.205508e-01	4.484349e-01	-2.420330e-01	-1.308283e-01	-3.759659e-01	0.000000e+00	1	8.115950e-03
5.451110e-01	2.379572e-01	2.334695e-03	2.975030e-01	5.292048e-01	-2.412248e-01	2.856176e-01	2.662618e-01	0.000000e+00	1	0.000000e+00
1.586478e-01	7.192071e-01	4.356552e-01	4.695986e-01	1.585149e-01	-2.257173e-01	8.641715e-02	1.268398e-02	0.000000e+00	1	1.556496e-02
2.042234e-01	6.417415e-01	4.598842e-01	4.661172e-01	2.007915e-01	-1.576570e-01	1.004301e-01	1.428108e-01	0.000000e+00	1	1.080170e-02
4.863198e-02	9.391804e-01	6.024951e-01	5.706205e-01	3.680517e-02	-4.280917e-02	7.943053e-02	6.574646e-02	0.000000e+00	1	1.278753e-02
1.399317e-01	7.694099e-01	4.244494e-01	5.077860e-01	1.356956e-01	-2.272606e-01	8.682318e-02	1.036427e-03	0.000000e+00	1	1.292525e-02
1.032480e-01	8.272680e-01	7.361948e-01	4.937919e-01	1.015825e-01	1.105030e-01	6.092728e-03	-4.341548e-02	0.000000e+00	1	7.378053e-03
1.708743e-02	9.794045e-01	6.050517e-01	4.727097e-01	1.440405e-02	-7.565747e-02	4.176649e-02	-2.495626e-02	0.000000e+00	1	4.805517e-04
1.321386e-01	7.713138e-01	5.509933e-01	3.147096e-01	1.321017e-01	-9.810454e-02	8.028062e-03	-1.977584e-01	0.000000e+00	1	2.018391e-02
2.769591e-01	5.247500e-01	4.054190e-01	4.012537e-01	2.757585e-01	1.053771e-01	9.981539e-02	2.098864e-01	0.000000e+00	1	1.434270e-02
4.598067e-01	2.958227e-01	1.539899e-01	2.786426e-01	4.563742e-01	-2.484671e-01	4.510816e-02	-2.846566e-01	0.000000e+00	1	5.128671e-05
1.791521e-01	6.963628e-01	6.029305e-01	3.093350e-01	1.790017e-01	-4.977796e-02	1.341282e-01	-8.659353e-02	0.000000e+00	1	1.381539e-02
1.726943e-02	9.754256e-01	7.588076e-01	5.616093e-01	1.720152e-02	8.301678e-02	-4.082983e-03	6.370842e-02	0.000000e+00	1	4.895471e-03
2.221961e-01	6.098328e-01	4.182491e-01	3.978955e-01	2.206883e-01	-1.409616e-01	1.329540e-01	1.371304e-01	0.000000e+00	1	6.533735e-03
2.769591e-01	5.247500e-01	4.054190e-01	4.012537e-01	2.757585e-01	1.053771e-01	9.981539e-02	2.098864e-01	0.000000e+00	1	2.459808e-03
6.238960e-01	2.338939e-01	1.559648e-02	2.956284e-01	5.479073e-01	-1.086608e-01	1.596363e-01	3.990735e-01	0.000000e+00	1	1.283976e-04
7.576000e-02	8.706756e-01	6.924086e-01	3.613774e-01	7.572232e-02	7.485040e-02	-5.465746e-02	-1.695244e-01	0.000000e+00	1	5.545595e-03
4.341406e-01	3.223575e-01	2.187584e-01	2.929394e-01	4.329502e-01	-8.087944e-02	-1.249668e-01	-3.458885e-01	0.000000e+00	1	2.259750e-02
2.554467e-01	5.698298e-01	5.312506e-01	3.352088e-01	2.547668e-01	1.220396e-01	1.045304e-01	1.422210e-01	0.000000e+00	1	0.000000e+00
2.967338e-01	5.167522e-01	3.115175e-01	4.586901e-01	2.894227e-01	8.134782e-02	9.529622e-02	2.489926e-01	0.000000e+00	1	1.841736e-02
1.150082e-01	8.101455e-01	7.415106e-01	4.392401e-01	1.137778e-01	1.070504e-01	1.596642e-02	-9.301109e-02	0.000000e+00	1	9.365522e-03
1.844436e-01	6.772495e-01	4.743745e-01	5.026070e-01	1.812518e-01	-1.760382e-01	7.001927e-02	1.139964e-01	0.000000e+00	1	8.381888e-03
2.683926e-02	9.624671e-01	5.897815e-01	4.920184e-01	2.332058e-02	-7.565747e-02	4.176649e-02	-7.115487e-03	0.000000e+00	1	9.903144e-03
2.812329e-02	9.500963e-01	6.195171e-01	4.616557e-01	2.742633e-02	-3.935657e-02	5.244649e-03	-3.882019e-02	0.000000e+00	1	6.858918e-03
5.451110e-01	2.379572e-01	2.334695e-03	2.975030e-01	5.292048e-01	-2.412248e-01	2.856176e-01	2.662618e-01	0.000000e+00	1	3.984822e-02
2.231515e-01	6.095620e-01	4.106472e-01	4.638847e-01	2.229418e-01	-1.404201e-01	1.861148e-01	2.094755e-01	0.000000e+00	1	9.462797e-03
4.563786e-01	2.959252e-01	1.673855e-01	3.105120e-01	4.563742e-01	-2.350714e-01	-1.558854e-02	-2.527872e-01	0.000000e+00	1	1.195382e-02
2.621877e-01	5.615874e-01	3.228525e-01	3.073261e-01	2.617823e-01	-5.037010e-02	1.319660e-01	1.187853e-01	0.000000e+00	1	1.691084e-02
3.484942e-01	4.595550e-01	3.779972e-01	4.871371e-01	3.362572e-01	3.169234e-01	-3.110263e-01	1.142749e-01	0.000000e+00	1	2.540982e-02
9.561924e-01	8.622794e-02	7.914199e-02	7.390012e-03	9.529679e-01	7.069993e-01	2.018696e-02	7.733601e-01	0.000000e+00	2	1.000000e+14
4.282025e-05	1.928441e+00	1.642361e+00	7.318167e-01	5.677230e-06	9.352651e-01	6.091295e-03	2.318189e-01	0.000000e+00	2	1.000000e+14
7.896135e-01	2.338939e-01	1.559648e-02	2.956284e-01	5.479073e-01	-1.086608e-01	-5.633961e-02	3.990735e-01	0.000000e+00	2	1.737327e-01
1.118666e-03	1.019897e+00	6.297971e-01	6.260990e-01	9.581734e-04	-7.552689e-02	-1.322030e-02	1.264445e-01	0.000000e+00	2	1.290818e-01
1.295981e-04	1.484845e+00	1.398340e+00	4.159402e-01	4.120049e-05	6.913100e-01	-9.425326e-03	-8.404440e-02	0.000000e+00	2	1.261928e-01
9.558029e-01	2.335678e-01	2.974293e-01	2.070183e-02	9.554884e-01	9.505752e-01	2.323556e-02	7.640121e-01	0.000000e+00	2	1.229513e-01
6.238378e-01	2.340760e-01	1.615510e-02	2.956284e-01	5.479073e-01	-1.081022e-01	1.597418e-01	3.990735e-01	0.000000e+00	2	8.941285e-02
1.295981e-04	1.484845e+00	1.398340e+00	4.159402e-01	4.120049e-05	6.913100e-01	-9.425326e-03	-8.404440e-02	0.000000e+00	2	6.641394e-02
8.053891e-05	1.727637e+00	1.553050e+00	6.096261e-01	5.677230e-06	8.459535e-01	8.649053e-03	1.096283e-01	0.000000e+00	2	6.592238e-02
6.207400e-01	2.379603e-01	2.348019e-03	2.975030e-01	5.292048e-01	-2.412115e-01	1.091895e-01	2.662618e-01	0.000000e+00	2	5.022126e-02
5.298775e-01	2.380794e-01	2.844793e-03	2.975030e-01	5.292048e-01	-2.407147e-01	4.376739e-01	2.662618e-01	0.000000e+00	2	4.754708e-02
8.053891e-05	1.727637e+00	1.553050e+00	6.096261e-01	5.677230e-06	8.459535e-01	8.649053e-03	1.096283e-01	0.000000e+00	2	4.531593e-02
4.833168e-05	1.894538e+00	1.623970e+00	7.321613e-01	1.115090e-05	9.168836e-01	6.091295e-03	2.321654e-01	0.000000e+00	2	4.530197e-02
3.494098e-01	4.422314e-01	3.102573e-01	3.902073e-01	3.360599e-01	2.488314e-01	-3.151609e-01	1.825677e-02	0.000000e+00	2	4.203017e-02
4.297840e-01	3.755973e-01	1.389796e-02	2.746060e-01	4.217001e-01	-2.308551e-01	-1.249668e-01	-3.759348e-01	0.000000e+00	2	4.203017e-02
4.934647e-01	2.654944e-01	6.451618e-02	2.088297e-01	4.893399e-01	-3.928606e-01	1.517700e-01	-1.462131e-01	0.000000e+00	2	4.008852e-02
5.050095e-02	9.322222e-01	6.074768e-01	4.634483e-01	3.665505e-02	-3.802707e-02	8.847531e-02	-4.134267e-02	0.000000e+00	2	3.793316e-02
9.560319e-01	1.007600e-01	9.451125e-02	3.245076e-02	9.557339e-01	7.500607e-01	2.018696e-02	7.734711e-01	0.000000e+00	2	3.604573e-02
1.071409e-01	8.302729e-01	6.247877e-01	4.978014e-01	8.947759e-02	5.132299e-03	8.847531e-02	-3.882019e-02	0.000000e+00	2	3.079714e-02
3.243582e-01	4.825780e-01	4.076877e-01	3.749279e-01	3.065643e-01	2.561302e-01	6.542514e-02	1.212890e-01	0.000000e+00	2	2.888830e-02
4.341406e-01	3.246510e-01	2.267898e-01	2.628931e-01	4.329502e-01	-7.284810e-02	-1.249668e-01	-3.759348e-01	0.000000e+00	2	2.824909e-02
