# This file contains the data of final population
# of objectives = 2, # of constraints = 2, # of real_var = 4, # of bits of bin_var = 0, constr_violation, rank, crowding_distance
5.323413e-04	1.007723e+00	7.731173e-01	4.383551e-01	2.281377e-04	6.643501e-02	-1.757104e-02	-6.156012e-02	0.000000e+00	1	1.000000e+14
9.656686e-01	8.509470e-02	5.235825e-02	5.715561e-02	9.656625e-01	7.950924e-01	-1.039261e-01	6.937396e-01	0.000000e+00	1	1.000000e+14
6.429793e-01	1.881507e-01	1.688504e-02	2.122116e-01	6.429775e-01	7.067666e-01	-1.723161e-01	2.636578e-01	0.000000e+00	1	2.676891e-01
9.656686e-01	8.509470e-02	5.235825e-02	5.715561e-02	9.656625e-01	7.950924e-01	-1.039261e-01	6.937396e-01	0.000000e+00	1	1.671729e-01
5.891069e-01	2.531945e-01	7.123261e-02	9.265405e-02	5.872411e-01	2.955678e-01	3.500405e-01	3.472486e-01	0.000000e+00	1	5.918257e-02
6.136428e-01	2.425284e-01	2.898504e-02	3.724562e-01	5.909547e-01	2.895531e-01	1.323658e-01	6.290893e-01	0.000000e+00	1	5.850942e-02
5.346352e-01	3.017504e-01	2.238822e-01	2.657447e-01	4.558659e-01	-1.766936e-01	-2.976141e-01	-2.999058e-01	0.000000e+00	1	5.607086e-02
9.656686e-01	8.509470e-02	5.235825e-02	5.715561e-02	9.656625e-01	7.950924e-01	-1.039261e-01	6.937396e-01	0.000000e+00	1	5.584918e-02
4.538070e-01	3.028241e-01	2.158829e-01	2.720247e-01	4.531386e-01	-1.742470e-01	-6.129294e-02	-3.057236e-01	0.000000e+00	1	3.819974e-02
5.269879e-01	3.022936e-01	2.134363e-01	2.778425e-01	4.531386e-01	-1.766936e-01	-3.071917e-01	-2.999058e-01	0.000000e+00	1	3.791220e-02
4.285193e-01	3.517450e-01	3.557208e-01	3.476057e-01	4.281578e-01	7.941972e-02	-1.654771e-01	-2.981570e-01	0.000000e+00	1	3.537440e-02
3.239955e-01	4.748993e-01	4.707319e-01	3.554293e-01	3.220811e-01	3.753266e-01	-9.600551e-02	4.481516e-02	0.000000e+00	1	3.058252e-02
1.926549e-01	6.561101e-01	4.922764e-01	3.660875e-01	1.920496e-01	-1.429177e-01	1.218561e-01	1.343378e-02	0.000000e+00	1	3.029616e-02
8.922473e-02	8.314081e-01	5.801486e-01	4.465284e-01	8.894168e-02	-3.932188e-02	-6.154743e-02	-8.995913e-02	0.000000e+00	1	2.840856e-02
4.016755e-01	3.828362e-01	1.191114e-01	4.230554e-01	4.016478e-01	-3.372270e-02	-2.868896e-01	-2.107310e-01	0.000000e+00	1	2.776082e-02
3.735922e-01	3.996776e-01	3.428084e-01	3.980057e-01	3.734856e-01	2.784910e-01	-2.883400e-01	-1.468230e-01	0.000000e+00	1	2.684942e-02
1.510177e-01	7.241105e-01	5.169549e-01	4.894526e-01	1.508980e-01	-1.429177e-01	6.755810e-02	1.343378e-02	0.000000e+00	1	2.566775e-02
1.674228e-01	6.946796e-01	5.174554e-01	4.474786e-01	1.666879e-01	-1.429177e-01	1.214403e-01	1.343378e-02	0.000000e+00	1	2.524064e-02
3.410184e-01	4.375156e-01	3.318520e-01	4.106055e-01	3.408729e-01	2.779415e-01	-2.302607e-01	1.617625e-02	0.000000e+00	1	2.370269e-02
3.068008e-01	5.148945e-01	2.224129e-01	2.548756e-01	3.067877e-01	7.177991e-02	-7.262314e-02	5.224605e-04	0.000000e+00	1	2.180403e-02
1.149543e-01	7.849341e-01	5.907999e-01	4.852174e-01	1.145582e-01	-4.427726e-02	1.979937e-03	-4.650350e-02	0.000000e+00	1	2.146015e-02
1.247096e-01	7.682255e-01	6.002782e-01	4.871930e-01	1.246652e-01	-4.298391e-02	6.030587e-03	-3.517975e-02	0.000000e+00	1	2.026651e-02
2.665653e-01	5.383406e-01	4.216178e-01	4.093247e-01	2.665624e-01	7.333911e-02	9.546478e-02	2.216051e-01	0.000000e+00	1	1.927998e-02
6.308059e-02	8.806013e-01	6.416673e-01	4.638128e-01	6.168139e-02	1.993889e-02	-8.468963e-03	-5.791628e-02	0.000000e+00	1	1.743080e-02
1.049246e-01	8.063489e-01	5.857806e-01	5.268424e-01	1.046074e-01	-4.189136e-02	-4.919195e-02	-9.697004e-03	0.000000e+00	1	1.719640e-02
2.371801e-01	6.217248e-01	5.724345e-01	2.603176e-01	2.344895e-01	6.753336e-02	2.171204e-01	3.495290e-02	0.000000e+00	1	1.668185e-02
3.583708e-01	4.336748e-01	2.327440e-01	3.486634e-01	3.468011e-01	1.849554e-01	-1.315991e-01	-7.392705e-02	0.000000e+00	1	1.632710e-02
2.613645e-01	5.764012e-01	5.636032e-01	4.916874e-01	2.609723e-01	1.861806e-01	1.339707e-01	3.028275e-01	0.000000e+00	1	1.528633e-02
4.324369e-02	9.168694e-01	6.548776e-01	4.710203e-01	4.257756e-02	1.677078e-02	-5.986646e-02	-3.730506e-02	0.000000e+00	1	1.476867e-02
3.402276e-01	4.638811e-01	2.571281e-01	2.671945e-01	3.301769e-01	1.835316e-01	-7.508622e-02	-7.807641e-02	0.000000e+00	1	1.469795e-02
3.381458e-01	4.701928e-01	3.358353e-01	5.362060e-01	3.381456e-01	2.779415e-01	-2.082525e-01	1.545725e-01	0.000000e+00	1	1.438036e-02
5.966555e-01	2.518321e-01	7.123261e-02	9.840792e-02	5.872411e-01	2.955678e-01	2.098180e-01	3.530024e-01	0.000000e+00	1	1.384241e-02
8.100325e-02	8.568923e-01	6.636284e-01	3.716659e-01	8.043746e-02	4.599996e-02	-7.170359e-02	-1.616796e-01	0.000000e+00	1	1.381064e-02
4.285340e-01	3.297144e-01	2.482992e-01	3.363484e-01	4.281578e-01	-2.800187e-02	-1.650942e-01	-3.094144e-01	0.000000e+00	1	1.351187e-02
1.672598e-02	9.722606e-01	6.983666e-01	4.673579e-01	1.436492e-02	1.758796e-02	-5.859419e-02	-3.030627e-02	0.000000e+00	1	1.328894e-02
4.030851e-01	3.706611e-01	1.252635e-01	2.923290e-01	4.030633e-01	-3.350924e-02	-2.830469e-01	-3.441005e-01	0.000000e+00	1	1.317648e-02
3.612712e-01	4.098103e-01	3.257161e-01	3.408788e-01	3.604248e-01	2.784910e-01	-2.484330e-01	-1.462483e-01	0.000000e+00	1	1.293287e-02
2.439668e-01	5.808148e-01	3.910983e-01	3.219402e-01	2.436002e-01	-7.274102e-02	1.725308e-01	1.144405e-01	0.000000e+00	1	1.240419e-02
2.430856e-01	6.035925e-01	4.893656e-01	2.765201e-01	2.347496e-01	-1.441591e-02	2.562969e-01	5.173251e-02	0.000000e+00	1	1.199390e-02
2.135176e-01	6.372982e-01	5.757578e-01	3.221499e-01	2.134764e-01	-7.465368e-03	1.764008e-01	3.985052e-02	0.000000e+00	1	1.196791e-02
2.434327e-01	5.821481e-01	3.855837e-01	3.228336e-01	2.430739e-01	-8.072390e-02	1.731762e-01	1.144405e-01	0.000000e+00	1	1.189804e-02
3.691367e-01	4.012746e-01	3.352052e-01	3.729133e-01	3.691103e-01	2.784910e-01	-2.883400e-01	-1.533364e-01	0.000000e+00	1	1.187424e-02
2.871322e-01	5.324558e-01	4.752081e-01	4.771989e-01	2.804204e-01	1.994122e-01	1.291265e-01	2.813106e-01	0.000000e+00	1	1.184291e-02
2.620824e-01	5.506433e-01	3.456201e-01	4.101331e-01	2.618180e-01	-2.741705e-02	9.546478e-02	2.216051e-01	0.000000e+00	1	1.140571e-02
1.030948e-01	8.252583e-01	5.813166e-01	4.742733e-01	9.202592e-02	-3.932188e-02	6.233984e-02	-6.286953e-02	0.000000e+00	1	1.137518e-02
2.871322e-01	5.324558e-01	4.752081e-01	4.771989e-01	2.804204e-01	1.994122e-01	1.291265e-01	2.813106e-01	0.000000e+00	1	1.136316e-02
1.457722e-01	7.355412e-01	5.145604e-01	5.022323e-01	1.451744e-01	-1.429177e-01	6.755810e-02	1.343378e-02	0.000000e+00	1	1.135310e-02
1.805433e-01	6.762087e-01	5.108522e-01	4.130672e-01	1.778520e-01	-1.429177e-01	6.755810e-02	1.343378e-02	0.000000e+00	1	1.089203e-02
3.498993e-02	9.362311e-01	7.185709e-01	4.811275e-01	3.358048e-02	6.884653e-02	-6.409563e-02	-2.204542e-02	0.000000e+00	1	1.079179e-02
3.029103e-01	5.302636e-01	2.106964e-01	2.412322e-01	3.023146e-01	4.099360e-02	-7.262314e-02	5.224605e-04	0.000000e+00	1	1.058831e-02
4.030851e-01	3.706611e-01	1.252635e-01	2.923290e-01	4.030633e-01	-3.350924e-02	-2.830469e-01	-3.441005e-01	0.000000e+00	1	1.025121e-02
3.063596e-01	5.258086e-01	2.067995e-01	2.340738e-01	3.063264e-01	5.425388e-02	-7.262314e-02	-1.880813e-02	0.000000e+00	1	1.001621e-02
5.603145e-02	8.930255e-01	6.382612e-01	4.403937e-01	5.582312e-02	1.279842e-02	-2.864444e-02	-7.710719e-02	0.000000e+00	1	9.953529e-03
3.239955e-01	4.748993e-01	4.707319e-01	3.554293e-01	3.220811e-01	3.753266e-01	-9.600551e-02	4.481516e-02	0.000000e+00	1	9.881345e-03
7.150368e-02	8.648916e-01	6.677930e-01	4.901513e-01	7.087669e-02	4.955093e-02	-7.336145e-02	-3.784096e-02	0.000000e+00	1	9.686491e-03
4.367684e-01	3.203935e-01	1.955113e-01	3.372189e-01	4.347487e-01	-1.128005e-01	-1.046335e-01	-2.982539e-01	0.000000e+00	1	9.461463e-03
1.079656e-01	7.981828e-01	5.836928e-01	4.914972e-01	1.072412e-01	-4.582220e-02	-1.269909e-03	-4.416765e-02	0.000000e+00	1	9.449921e-03
4.538070e-01	3.028241e-01	2.158829e-01	2.720247e-01	4.531386e-01	-1.742470e-01	-6.129294e-02	-3.057236e-01	0.000000e+00	1	9.272594e-03
4.436250e-01	3.102009e-01	1.833492e-01	3.143459e-01	4.431841e-01	-1.644459e-01	-1.208701e-01	-2.999058e-01	0.000000e+00	1	9.272594e-03
8.100325e-02	8.568923e-01	6.636284e-01	3.716659e-01	8.043746e-02	4.599996e-02	-7.170359e-02	-1.616796e-01	0.000000e+00	1	9.256397e-03
1.769045e-01	6.776983e-01	5.116753e-01	4.161178e-01	1.768994e-01	-1.429177e-01	1.151447e-01	1.343378e-02	0.000000e+00	1	9.139561e-03
3.068008e-01	5.148945e-01	2.224129e-01	2.548756e-01	3.067877e-01	7.177991e-02	-7.262314e-02	5.224605e-04	0.000000e+00	1	9.106759e-03
4.436250e-01	3.102009e-01	1.833492e-01	3.143459e-01	4.431841e-01	-1.644459e-01	-1.208701e-01	-2.999058e-01	0.000000e+00	1	9.075814e-03
2.140725e-02	9.662605e-01	6.287144e-01	4.206856e-01	2.119797e-02	-4.024503e-02	-3.017795e-02	-7.791260e-02	0.000000e+00	1	8.995947e-03
2.659182e-01	5.477527e-01	4.503887e-01	4.701881e-01	2.649202e-01	9.351589e-02	1.339707e-01	2.823928e-01	0.000000e+00	1	8.989640e-03
4.313591e-01	3.295269e-01	2.499067e-01	3.359654e-01	4.284866e-01	-2.800187e-02	-2.364354e-01	-3.094144e-01	0.000000e+00	1	8.931564e-03
1.381114e-01	7.498596e-01	6.074767e-01	4.290499e-01	1.354700e-01	-4.407476e-02	7.264497e-02	-7.807641e-02	0.000000e+00	1	8.704895e-03
3.612712e-01	4.098103e-01	3.257161e-01	3.408788e-01	3.604248e-01	2.784910e-01	-2.484330e-01	-1.462483e-01	0.000000e+00	1	8.700562e-03
1.317156e-01	7.635603e-01	5.058838e-01	5.264912e-01	1.317081e-01	-1.429177e-01	1.602649e-02	1.343378e-02	0.000000e+00	1	8.073317e-03
7.067603e-02	8.658537e-01	6.648329e-01	4.846332e-01	7.012952e-02	4.641542e-02	-7.159828e-02	-4.288094e-02	0.000000e+00	1	8.063816e-03
2.081587e-01	6.467036e-01	4.764715e-01	3.394522e-01	1.999784e-01	-1.429177e-01	6.755810e-02	1.343378e-02	0.000000e+00	1	8.031884e-03
3.564430e-01	4.356448e-01	2.331099e-01	3.397746e-01	3.455784e-01	1.843465e-01	-1.307924e-01	-7.698251e-02	0.000000e+00	1	8.004455e-03
2.617614e-01	5.648254e-01	3.778578e-01	4.757532e-01	2.543598e-01	-3.340924e-02	2.176232e-01	2.823928e-01	0.000000e+00	1	7.852034e-03
2.374666e-01	6.081817e-01	4.893656e-01	2.597405e-01	2.347496e-01	-1.441591e-02	2.171204e-01	3.495290e-02	0.000000e+00	1	7.487859e-03
5.224131e-02	9.050137e-01	5.847744e-01	4.376332e-01	5.199028e-02	-4.376120e-02	-2.496344e-02	-7.710719e-02	0.000000e+00	1	7.413342e-03
2.294004e-01	6.312531e-01	5.577192e-01	4.192389e-01	2.093661e-01	-3.774731e-02	3.090039e-01	1.239969e-01	0.000000e+00	1	7.409756e-03
2.167078e-01	6.327924e-01	5.665936e-01	3.123754e-01	2.166808e-01	-6.352225e-03	1.764008e-01	3.985052e-02	0.000000e+00	1	7.409756e-03
1.449570e-01	7.480770e-01	6.102862e-01	4.697678e-01	1.368731e-01	-4.223745e-02	-6.560840e-02	-3.497662e-02	0.000000e+00	1	7.215882e-03
1.584316e-02	9.854630e-01	7.003326e-01	6.034402e-01	1.326201e-02	1.758796e-02	-5.992994e-02	1.058082e-01	0.000000e+00	1	7.154784e-03
1.029622e-01	8.254631e-01	5.813166e-01	4.471837e-01	9.202592e-02	-3.932188e-02	6.170784e-02	-8.995913e-02	0.000000e+00	1	7.116858e-03
2.220803e-02	9.609013e-01	7.348564e-01	4.613678e-01	2.152791e-02	6.644946e-02	-4.207540e-02	-3.730631e-02	0.000000e+00	1	6.564078e-03
2.617614e-01	5.648254e-01	3.778578e-01	4.757532e-01	2.543598e-01	-3.340924e-02	2.176232e-01	2.823928e-01	0.000000e+00	1	6.478918e-03
2.336421e-02	9.560188e-01	7.250451e-01	5.104468e-01	2.336376e-02	5.967687e-02	-1.825636e-02	1.130087e-02	0.000000e+00	1	6.432383e-03
1.805433e-01	6.762087e-01	5.108522e-01	4.130672e-01	1.778520e-01	-1.429177e-01	6.755810e-02	1.343378e-02	0.000000e+00	1	6.274568e-03
1.104085e-01	7.941538e-01	5.893910e-01	4.569163e-01	1.088479e-01	-4.129569e-02	-6.560840e-02	-7.807641e-02	0.000000e+00	1	6.261992e-03
1.320221e-01	7.554887e-01	6.046583e-01	4.662887e-01	1.318858e-01	-4.427726e-02	1.979937e-03	-4.650350e-02	0.000000e+00	1	6.205230e-03
1.711368e-01	6.890495e-01	5.161889e-01	4.377377e-01	1.699564e-01	-1.429177e-01	6.755810e-02	1.343378e-02	0.000000e+00	1	6.151554e-03
3.065509e-01	5.152614e-01	2.234896e-01	2.540444e-01	3.065276e-01	7.177991e-02	-7.262314e-02	5.224605e-04	0.000000e+00	1	6.143207e-03
3.498993e-02	9.362311e-01	7.185709e-01	4.811275e-01	3.358048e-02	6.884653e-02	-6.409563e-02	-2.204542e-02	0.000000e+00	1	5.939535e-03
1.711368e-01	6.890495e-01	5.161889e-01	4.377377e-01	1.699564e-01	-1.429177e-01	6.755810e-02	1.343378e-02	0.000000e+00	1	5.543671e-03
4.703185e-02	9.090221e-01	6.343935e-01	4.741911e-01	4.687911e-02	1.008071e-03	-2.496344e-02	-3.697406e-02	0.000000e+00	1	5.501015e-03
2.294004e-01	6.312531e-01	5.577192e-01	4.192389e-01	2.093661e-01	-3.774731e-02	3.090039e-01	1.239969e-01	0.000000e+00	1	5.163653e-03
3.441264e-02	9.393009e-01	6.080766e-01	4.806112e-01	3.296258e-02	-4.252544e-02	-6.409563e-02	-2.225703e-02	0.000000e+00	1	5.156881e-03
2.982357e-02	9.448700e-01	6.197283e-01	4.983575e-01	2.961098e-02	-3.579659e-02	-8.499420e-03	-2.986762e-03	0.000000e+00	1	5.148493e-03
2.081587e-01	6.467036e-01	4.764715e-01	3.394522e-01	1.999784e-01	-1.429177e-01	6.755810e-02	1.343378e-02	0.000000e+00	1	5.097678e-03
2.081587e-01	6.467036e-01	4.764715e-01	3.394522e-01	1.999784e-01	-1.429177e-01	6.755810e-02	1.343378e-02	0.000000e+00	1	5.097101e-03
5.740840e-02	8.915864e-01	6.910732e-01	4.962238e-01	5.699261e-02	6.644946e-02	-6.409563e-02	-2.212439e-02	0.000000e+00	1	4.881227e-03
4.365588e-01	3.209047e-01	1.934424e-01	3.380588e-01	4.343185e-01	-1.128005e-01	-1.046335e-01	-2.982539e-01	0.000000e+00	1	4.781242e-03
1.504864e-01	7.258527e-01	5.330368e-01	4.376182e-01	1.481624e-01	-1.258122e-01	1.914099e-03	-4.468466e-02	0.000000e+00	1	4.774890e-03
1.015677e-02	9.860467e-01	7.559094e-01	5.127723e-01	8.837909e-03	6.515610e-02	-4.207540e-02	1.492270e-02	0.000000e+00	1	4.670749e-03
1.104085e-01	7.941538e-01	5.893910e-01	4.569163e-01	1.088479e-01	-4.129569e-02	-6.560840e-02	-7.807641e-02	0.000000e+00	1	4.538442e-03
1.319440e-01	7.602439e-01	5.646917e-01	5.298415e-01	1.318858e-01	-8.424386e-02	6.030587e-03	1.704925e-02	0.000000e+00	1	4.533036e-03
1.420240e-01	7.489873e-01	6.185572e-01	4.323664e-01	1.366531e-01	-3.381615e-02	-4.946536e-02	-7.275749e-02	0.000000e+00	1	4.512431e-03
3.402276e-01	4.638811e-01	2.571281e-01	2.671945e-01	3.301769e-01	1.835316e-01	-7.508622e-02	-7.807641e-02	0.000000e+00	1	4.499010e-03
7.067603e-02	8.658537e-01	6.648329e-01	4.846332e-01	7.012952e-02	4.641542e-02	-7.159828e-02	-4.288094e-02	0.000000e+00	1	4.383354e-03
8.100325e-02	8.568923e-01	6.636284e-01	3.716659e-01	8.043746e-02	4.599996e-02	-7.170359e-02	-1.616796e-01	0.000000e+00	1	4.259232e-03
5.322290e-01	3.022868e-01	2.133734e-01	2.778425e-01	4.531386e-01	-1.767565e-01	-3.166695e-01	-2.999058e-01	0.000000e+00	1	4.256116e-03
2.745565e-02	9.503740e-01	7.265005e-01	4.628946e-01	2.667396e-02	6.644946e-02	-4.845131e-02	-3.730631e-02	0.000000e+00	1	4.209551e-03
4.560554e-02	9.144842e-01	6.340321e-01	4.301453e-01	4.547730e-02	-8.292398e-04	-2.496344e-02	-8.007384e-02	0.000000e+00	1	4.183662e-03
6.052210e-02	8.883113e-01	5.789040e-01	4.485160e-01	6.011209e-02	-4.370957e-02	-2.496344e-02	-7.208760e-02	0.000000e+00	1	4.178259e-03
1.477478e-01	7.297956e-01	5.320250e-01	4.425574e-01	1.459070e-01	-1.258122e-01	1.914099e-03	-4.468466e-02	0.000000e+00	1	4.137219e-03
2.167078e-01	6.327924e-01	5.665936e-01	3.123754e-01	2.166808e-01	-6.352225e-03	1.764008e-01	3.985052e-02	0.000000e+00	1	4.094528e-03
4.017194e-01	3.753402e-01	1.193249e-01	3.713116e-01	4.016478e-01	-3.350924e-02	-2.900894e-01	-2.624748e-01	0.000000e+00	1	4.085071e-03
2.294004e-01	6.312531e-01	5.577192e-01	4.192389e-01	2.093661e-01	-3.774731e-02	3.090039e-01	1.239969e-01	0.000000e+00	1	4.030333e-03
5.224131e-02	9.050137e-01	5.847744e-01	4.376332e-01	5.199028e-02	-4.376120e-02	-2.496344e-02	-7.710719e-02	0.000000e+00	1	4.015277e-03
3.756187e-03	1.000461e+00	7.040545e-01	4.157125e-01	3.225752e-03	2.945894e-03	-2.496344e-02	-8.323351e-02	0.000000e+00	1	3.999866e-03
6.797806e-03	9.938224e-01	6.540540e-01	4.364472e-01	6.070643e-03	-4.178585e-02	-3.076969e-02	-6.182675e-02	0.000000e+00	1	3.962924e-03
5.966555e-01	2.518321e-01	7.123261e-02	9.840792e-02	5.872411e-01	2.955678e-01	2.098180e-01	3.530024e-01	0.000000e+00	1	3.910651e-03
1.161572e-03	1.007033e+00	7.676903e-01	4.383551e-01	2.281377e-04	6.100803e-02	-3.068177e-02	-6.156012e-02	0.000000e+00	1	3.887707e-03
1.477478e-01	7.297956e-01	5.320250e-01	4.425574e-01	1.459070e-01	-1.258122e-01	1.914099e-03	-4.468466e-02	0.000000e+00	1	3.555503e-03
6.052210e-02	8.883113e-01	5.789040e-01	4.485160e-01	6.011209e-02	-4.370957e-02	-2.496344e-02	-7.208760e-02	0.000000e+00	1	3.388002e-03
8.033360e-03	9.880453e-01	6.532147e-01	4.525257e-01	8.027107e-03	-3.902401e-02	-2.672633e-03	-4.542501e-02	0.000000e+00	1	3.367885e-03
1.584316e-02	9.854630e-01	7.003326e-01	6.034402e-01	1.326201e-02	1.758796e-02	-5.992994e-02	1.058082e-01	0.000000e+00	1	3.262239e-03
4.022708e-01	3.738570e-01	1.135127e-01	3.358633e-01	4.022534e-01	-4.184843e-02	-2.844394e-01	-2.990790e-01	0.000000e+00	1	3.243209e-03
1.029622e-01	8.254631e-01	5.813166e-01	4.471837e-01	9.202592e-02	-3.932188e-02	6.170784e-02	-8.995913e-02	0.000000e+00	1	3.221822e-03
2.629053e-02	9.529346e-01	6.314757e-01	4.696734e-01	2.525753e-02	-3.082382e-02	-5.138754e-02	-3.004477e-02	0.000000e+00	1	3.187445e-03
5.047209e-02	9.087997e-01	5.970644e-01	4.316286e-01	4.968817e-02	-3.355084e-02	-6.729546e-02	-8.148078e-02	0.000000e+00	1	3.069073e-03
3.029103e-01	5.302636e-01	2.106964e-01	2.412322e-01	3.023146e-01	4.099360e-02	-7.262314e-02	5.224605e-04	0.000000e+00	1	2.975016e-03
4.365588e-01	3.209047e-01	1.934424e-01	3.380588e-01	4.343185e-01	-1.128005e-01	-1.046335e-01	-2.982539e-01	0.000000e+00	1	2.970813e-03
6.576485e-03	9.959111e-01	6.555948e-01	4.203614e-01	6.070643e-03	-4.024503e-02	-2.629466e-02	-7.791260e-02	0.000000e+00	1	2.883369e-03
1.679957e-01	6.937654e-01	5.172875e-01	4.459382e-01	1.672118e-01	-1.429177e-01	6.755810e-02	1.343378e-02	0.000000e+00	1	2.852469e-03
2.081587e-01	6.467036e-01	4.764715e-01	3.394522e-01	1.999784e-01	-1.429177e-01	6.755810e-02	1.343378e-02	0.000000e+00	1	2.776278e-03
5.269879e-01	3.022936e-01	2.134363e-01	2.778425e-01	4.531386e-01	-1.766936e-01	-3.071917e-01	-2.999058e-01	0.000000e+00	1	2.718830e-03
1.769045e-01	6.776983e-01	5.116753e-01	4.161178e-01	1.768994e-01	-1.429177e-01	1.151447e-01	1.343378e-02	0.000000e+00	1	2.692400e-03
1.320221e-01	7.554887e-01	6.046583e-01	4.662887e-01	1.318858e-01	-4.427726e-02	1.979937e-03	-4.650350e-02	0.000000e+00	1	2.617469e-03
2.613645e-01	5.764012e-01	5.636032e-01	4.916874e-01	2.609723e-01	1.861806e-01	1.339707e-01	3.028275e-01	0.000000e+00	1	2.597495e-03
3.756187e-03	1.000461e+00	7.040545e-01	4.157125e-01	3.225752e-03	2.945894e-03	-2.496344e-02	-8.323351e-02	0.000000e+00	1	2.461713e-03
4.601916e-03	9.983986e-01	6.710452e-01	4.278434e-01	3.821036e-03	-2.895859e-02	-3.025568e-02	-7.094208e-02	0.000000e+00	1	2.370998e-03
8.491024e-03	9.870534e-01	6.532807e-01	4.631140e-01	8.101485e-03	-3.882150e-02	-2.496344e-02	-3.482662e-02	0.000000e+00	1	2.183168e-03
2.423664e-01	6.037062e-01	4.695880e-01	2.461164e-01	2.393741e-01	-1.375244e-02	2.143464e-01	3.094943e-02	0.000000e+00	1	2.176378e-03
2.403205e-01	6.049652e-01	4.723316e-01	3.645746e-01	2.235729e-01	-7.640210e-02	3.009417e-01	1.119095e-01	0.000000e+00	1	2.160739e-03
4.030851e-01	3.706611e-01	1.252635e-01	2.923290e-01	4.030633e-01	-3.350924e-02	-2.830469e-01	-3.441005e-01	0.000000e+00	1	2.153782e-03
1.679957e-01	6.937654e-01	5.172875e-01	4.459382e-01	1.672118e-01	-1.429177e-01	6.755810e-02	1.343378e-02	0.000000e+00	1	2.122732e-03
3.567541e-01	4.356198e-01	2.329662e-01	3.417092e-01	3.455784e-01	1.842029e-01	-1.293109e-01	-7.504790e-02	0.000000e+00	1	2.066341e-03
4.560554e-02	9.144842e-01	6.340321e-01	4.301453e-01	4.547730e-02	-8.292398e-04	-2.496344e-02	-8.007384e-02	0.000000e+00	1	2.031494e-03
1.449570e-01	7.480770e-01	6.102862e-01	4.697678e-01	1.368731e-01	-4.223745e-02	-6.560840e-02	-3.497662e-02	0.000000e+00	1	2.012766e-03
5.030314e-02	9.088242e-01	5.968510e-01	4.316286e-01	4.968817e-02	-3.376430e-02	-6.409563e-02	-8.148078e-02	0.000000e+00	1	1.902783e-03
3.190435e-02	9.427972e-01	6.065781e-01	4.827956e-01	3.136345e-02	-4.633911e-02	-4.787632e-02	-1.931769e-02	0.000000e+00	1	1.894778e-03
1.805433e-01	6.762087e-01	5.108522e-01	4.130672e-01	1.778520e-01	-1.429177e-01	6.755810e-02	1.343378e-02	0.000000e+00	1	1.885149e-03
2.740833e-02	9.506628e-01	7.218884e-01	4.532500e-01	2.662419e-02	6.175905e-02	-4.845131e-02	-4.693319e-02	0.000000e+00	1	1.810253e-03
2.629053e-02	9.529346e-01	6.314757e-01	4.696734e-01	2.525753e-02	-3.082382e-02	-5.138754e-02	-3.004477e-02	0.000000e+00	1	1.810253e-03
2.374666e-01	6.081817e-01	4.893656e-01	2.597405e-01	2.347496e-01	-1.441591e-02	2.171204e-01	3.495290e-02	0.000000e+00	1	1.743147e-03
2.403205e-01	6.049652e-01	4.723316e-01	3.645746e-01	2.235729e-01	-7.640210e-02	3.009417e-01	1.119095e-01	0.000000e+00	1	1.743147e-03
1.711368e-01	6.890495e-01	5.161889e-01	4.377377e-01	1.699564e-01	-1.429177e-01	6.755810e-02	1.343378e-02	0.000000e+00	1	1.627258e-03
3.025469e-02	9.435495e-01	7.172839e-01	5.013937e-01	2.961098e-02	6.175905e-02	-4.845131e-02	4.936569e-05	0.000000e+00	1	1.570213e-03
4.601916e-03	9.983986e-01	6.710452e-01	4.278434e-01	3.821036e-03	-2.895859e-02	-3.025568e-02	-7.094208e-02	0.000000e+00	1	1.555682e-03
3.612712e-01	4.098103e-01	3.257161e-01	3.408788e-01	3.604248e-01	2.784910e-01	-2.484330e-01	-1.462483e-01	0.000000e+00	1	1.502585e-03
2.374666e-01	6.081817e-01	4.893656e-01	2.597405e-01	2.347496e-01	-1.441591e-02	2.171204e-01	3.495290e-02	0.000000e+00	1	1.478488e-03
1.161572e-03	1.007033e+00	7.676903e-01	4.383551e-01	2.281377e-04	6.100803e-02	-3.068177e-02	-6.156012e-02	0.000000e+00	1	1.344170e-03
6.052210e-02	8.883113e-01	5.789040e-01	4.485160e-01	6.011209e-02	-4.370957e-02	-2.496344e-02	-7.208760e-02	0.000000e+00	1	1.325456e-03
3.190435e-02	9.427972e-01	6.065781e-01	4.827956e-01	3.136345e-02	-4.633911e-02	-4.787632e-02	-1.931769e-02	0.000000e+00	1	1.299449e-03
4.324369e-02	9.168694e-01	6.548776e-01	4.710203e-01	4.257756e-02	1.677078e-02	-5.986646e-02	-3.730506e-02	0.000000e+00	1	1.292579e-03
3.190435e-02	9.427972e-01	6.065781e-01	4.827956e-01	3.136345e-02	-4.633911e-02	-4.787632e-02	-1.931769e-02	0.000000e+00	1	1.262311e-03
4.324369e-02	9.168694e-01	6.548776e-01	4.710203e-01	4.257756e-02	1.677078e-02	-5.986646e-02	-3.730506e-02	0.000000e+00	1	1.223585e-03
8.033360e-03	9.880453e-01	6.532147e-01	4.525257e-01	8.027107e-03	-3.902401e-02	-2.672633e-03	-4.542501e-02	0.000000e+00	1	1.177653e-03
3.564430e-01	4.356448e-01	2.331099e-01	3.397746e-01	3.455784e-01	1.843465e-01	-1.307924e-01	-7.698251e-02	0.000000e+00	1	1.174981e-03
4.017194e-01	3.753402e-01	1.193249e-01	3.713116e-01	4.016478e-01	-3.350924e-02	-2.900894e-01	-2.624748e-01	0.000000e+00	1	1.089427e-03
2.403205e-01	6.049652e-01	4.723316e-01	3.645746e-01	2.235729e-01	-7.640210e-02	3.009417e-01	1.119095e-01	0.000000e+00	1	1.059898e-03
6.753421e-03	9.951348e-01	6.608213e-01	5.488841e-01	4.581478e-03	-3.777270e-02	-4.940967e-02	5.028835e-02	0.000000e+00	1	1.054556e-03
7.081431e-02	8.650262e-01	6.667071e-01	4.900740e-01	7.075512e-02	4.843778e-02	-4.061328e-02	-3.784096e-02	0.000000e+00	1	9.501833e-04
2.434327e-01	5.821481e-01	3.855837e-01	3.228336e-01	2.430739e-01	-8.072390e-02	1.731762e-01	1.144405e-01	0.000000e+00	1	9.024141e-04
1.805433e-01	6.762087e-01	5.108522e-01	4.130672e-01	1.778520e-01	-1.429177e-01	6.755810e-02	1.343378e-02	0.000000e+00	1	8.072509e-04
5.966555e-01	2.518321e-01	7.123261e-02	9.840792e-02	5.872411e-01	2.955678e-01	2.098180e-01	3.530024e-01	0.000000e+00	1	7.383483e-04
6.797704e-03	9.941767e-01	6.572339e-01	4.314256e-01	6.070643e-03	-3.860594e-02	-3.076779e-02	-6.684842e-02	0.000000e+00	1	7.342296e-04
3.025469e-02	9.435495e-01	7.172839e-01	5.013937e-01	2.961098e-02	6.175905e-02	-4.845131e-02	4.936569e-05	0.000000e+00	1	6.310389e-04
1.584316e-02	9.854630e-01	7.003326e-01	6.034402e-01	1.326201e-02	1.758796e-02	-5.992994e-02	1.058082e-01	0.000000e+00	1	4.573534e-04
1.161572e-03	1.007033e+00	7.676903e-01	4.383551e-01	2.281377e-04	6.100803e-02	-3.068177e-02	-6.156012e-02	0.000000e+00	1	3.737423e-04
5.269879e-01	3.022936e-01	2.134363e-01	2.778425e-01	4.531386e-01	-1.766936e-01	-3.071917e-01	-2.999058e-01	0.000000e+00	1	2.875396e-04
2.430856e-01	6.035925e-01	4.893656e-01	2.765201e-01	2.347496e-01	-1.441591e-02	2.562969e-01	5.173251e-02	0.000000e+00	1	2.414939e-04
2.740833e-02	9.506628e-01	7.218884e-01	4.532500e-01	2.662419e-02	6.175905e-02	-4.845131e-02	-4.693319e-02	0.000000e+00	1	1.810145e-04
2.745565e-02	9.503740e-01	7.265005e-01	4.628946e-01	2.667396e-02	6.644946e-02	-4.845131e-02	-3.730631e-02	0.000000e+00	1	1.810145e-04
1.029622e-01	8.254631e-01	5.813166e-01	4.471837e-01	9.202592e-02	-3.932188e-02	6.170784e-02	-8.995913e-02	0.000000e+00	1	1.109753e-04
1.029622e-01	8.254631e-01	5.813166e-01	4.471837e-01	9.202592e-02	-3.932188e-02	6.170784e-02	-8.995913e-02	0.000000e+00	1	6.868771e-05
3.190435e-02	9.427972e-01	6.065781e-01	4.827956e-01	3.136345e-02	-4.633911e-02	-4.787632e-02	-1.931769e-02	0.000000e+00	1	0.000000e+00
3.190435e-02	9.427972e-01	6.065781e-01	4.827956e-01	3.136345e-02	-4.633911e-02	-4.787632e-02	-1.931769e-02	0.000000e+00	1	0.000000e+00
1.805433e-01	6.762087e-01	5.108522e-01	4.130672e-01	1.778520e-01	-1.429177e-01	6.755810e-02	1.343378e-02	0.000000e+00	1	0.000000e+00
2.081587e-01	6.467036e-01	4.764715e-01	3.394522e-01	1.999784e-01	-1.429177e-01	6.755810e-02	1.343378e-02	0.000000e+00	1	0.000000e+00
3.025469e-02	9.435495e-01	7.172839e-01	5.013937e-01	2.961098e-02	6.175905e-02	-4.845131e-02	4.936569e-05	0.000000e+00	1	0.000000e+00
4.030851e-01	3.706611e-01	1.252635e-01	2.923290e-01	4.030633e-01	-3.350924e-02	-2.830469e-01	-3.441005e-01	0.000000e+00	1	0.000000e+00
1.805433e-01	6.762087e-01	5.108522e-01	4.130672e-01	1.778520e-01	-1.429177e-01	6.755810e-02	1.343378e-02	0.000000e+00	1	0.000000e+00
1.805433e-01	6.762087e-01	5.108522e-01	4.130672e-01	1.778520e-01	-1.429177e-01	6.755810e-02	1.343378e-02	0.000000e+00	1	0.000000e+00
1.805433e-01	6.762087e-01	5.108522e-01	4.130672e-01	1.778520e-01	-1.429177e-01	6.755810e-02	1.343378e-02	0.000000e+00	1	0.000000e+00
9.656686e-01	8.509470e-02	5.235825e-02	5.715561e-02	9.656625e-01	7.950924e-01	-1.039261e-01	6.937396e-01	0.000000e+00	1	0.000000e+00
2.081587e-01	6.467036e-01	4.764715e-01	3.394522e-01	1.999784e-01	-1.429177e-01	6.755810e-02	1.343378e-02	0.000000e+00	1	0.000000e+00
2.745565e-02	9.503740e-01	7.265005e-01	4.628946e-01	2.667396e-02	6.644946e-02	-4.845131e-02	-3.730631e-02	0.000000e+00	1	0.000000e+00
1.711368e-01	6.890495e-01	5.161889e-01	4.377377e-01	1.699564e-01	-1.429177e-01	6.755810e-02	1.343378e-02	0.000000e+00	1	0.000000e+00
5.966555e-01	2.518321e-01	7.123261e-02	9.840792e-02	5.872411e-01	2.955678e-01	2.098180e-01	3.530024e-01	0.000000e+00	1	0.000000e+00
7.067603e-02	8.658537e-01	6.648329e-01	4.846332e-01	7.012952e-02	4.641542e-02	-7.159828e-02	-4.288094e-02	0.000000e+00	1	0.000000e+00
1.805433e-01	6.762087e-01	5.108522e-01	4.130672e-01	1.778520e-01	-1.429177e-01	6.755810e-02	1.343378e-02	0.000000e+00	1	0.000000e+00
6.052210e-02	8.883113e-01	5.789040e-01	4.485160e-01	6.011209e-02	-4.370957e-02	-2.496344e-02	-7.208760e-02	0.000000e+00	1	0.000000e+00
