   8.4409022e-01  -4.8733816e-01   0.0000000e+00
   8.4409022e-01  -4.8733816e-01   0.0000000e+00
   8.4409022e-01  -4.8733816e-01   0.0000000e+00
   8.4409022e-01  -4.7666064e-01   0.0000000e+00
   8.4409022e-01  -4.8046202e-01   0.0000000e+00
   8.4409022e-01  -4.6505709e-01   0.0000000e+00
   8.4409022e-01  -4.4654886e-01   0.0000000e+00
   8.4409022e-01  -4.7918921e-01   0.0000000e+00
   8.3783963e-01  -4.3077455e-01   0.0000000e+00
   8.3783963e-01  -4.3077455e-01   0.0000000e+00
   8.3783963e-01  -4.1742845e-01   0.0000000e+00
   8.3783963e-01  -3.9702700e-01   0.0000000e+00
   8.3710225e-01  -3.8626686e-01   0.0000000e+00
   8.3636487e-01  -3.8141159e-01   0.0000000e+00
   8.3636487e-01  -3.8141159e-01   0.0000000e+00
   8.3489010e-01  -3.5085627e-01   0.0000000e+00
   8.3489010e-01  -3.5085627e-01   0.0000000e+00
   8.3489010e-01  -3.5085627e-01   0.0000000e+00
   8.3345305e-01  -3.4091610e-01   0.0000000e+00
   8.3223722e-01  -3.0413425e-01   0.0000000e+00
   8.3008165e-01  -2.8933155e-01   0.0000000e+00
   8.2936312e-01  -2.7938901e-01   0.0000000e+00
   8.2936312e-01  -2.7114334e-01   0.0000000e+00
   8.2853779e-01  -2.6040573e-01   0.0000000e+00
   8.2771246e-01  -2.3690461e-01   0.0000000e+00
   8.2688713e-01  -2.3006396e-01   0.0000000e+00
   8.2688713e-01  -2.1639910e-01   0.0000000e+00
   6.4541341e-01  -1.9627791e-01   0.0000000e+00
   6.4541341e-01  -2.0236214e-01   0.0000000e+00
   6.4541341e-01  -2.0236214e-01   0.0000000e+00
   6.4541341e-01  -2.0236214e-01   0.0000000e+00
   6.4541341e-01  -2.0236214e-01   0.0000000e+00
   6.4458808e-01  -1.9214905e-01   0.0000000e+00
   6.4417541e-01  -1.8308452e-01   0.0000000e+00
   6.4396908e-01  -1.7417922e-01   0.0000000e+00
   6.4386591e-01  -1.5650364e-01   0.0000000e+00
   6.4386591e-01  -1.5650364e-01   0.0000000e+00
   6.4417541e-01  -1.2619269e-01   0.0000000e+00
   6.3751177e-01  -1.0085346e-01   0.0000000e+00
   6.3751177e-01  -1.0085346e-01   0.0000000e+00
   6.3308345e-01  -7.3761190e-02   0.0000000e+00
   6.3308345e-01  -7.3761190e-02   0.0000000e+00
   6.3289853e-01  -7.1095003e-02   0.0000000e+00
   6.3289853e-01  -2.8852013e-02   0.0000000e+00
   6.2938497e-01  -8.1780706e-04   0.0000000e+00
   6.2920005e-01   1.6336230e-02   0.0000000e+00
   6.2896889e-01   3.7436436e-02   0.0000000e+00
   6.2896889e-01   3.7436436e-02   0.0000000e+00
   6.2915382e-01   2.9225996e-02   0.0000000e+00
   6.2915382e-01   5.0543577e-02   0.0000000e+00
   4.5264772e-01   1.2723245e-01   0.0000000e+00
   4.5240657e-01   1.1217766e-01   0.0000000e+00
   4.5240657e-01   1.0758539e-01   0.0000000e+00
   4.5240657e-01   1.0758539e-01   0.0000000e+00
   4.5240657e-01   9.8263037e-02   0.0000000e+00
   4.5240657e-01   9.8263037e-02   0.0000000e+00
   4.5417537e-01   9.4619724e-02   0.0000000e+00
   4.4681201e-01   1.0662420e-01   0.0000000e+00
   4.4681201e-01   1.0662420e-01   0.0000000e+00
   4.4327441e-01   1.3296454e-01   0.0000000e+00
   4.4121745e-01   1.6334425e-01   0.0000000e+00
   4.4121745e-01   1.6334425e-01   0.0000000e+00
   4.3582062e-01   2.2476962e-01   0.0000000e+00
   4.3042379e-01   2.4334592e-01   0.0000000e+00
   2.5415249e-01   2.7869064e-01   0.0000000e+00
   2.5415249e-01   2.6841346e-01   0.0000000e+00
   2.5415249e-01   2.6841346e-01   0.0000000e+00
   2.5415249e-01   2.6841346e-01   0.0000000e+00
   2.5415249e-01   2.6161412e-01   0.0000000e+00
   2.5415249e-01   2.6051419e-01   0.0000000e+00
   2.5415249e-01   2.6051419e-01   0.0000000e+00
   2.6010502e-01   2.5845002e-01   0.0000000e+00
   2.6010502e-01   2.5845002e-01   0.0000000e+00
   2.6010502e-01   2.5845002e-01   0.0000000e+00
   2.5415249e-01   2.5964358e-01   0.0000000e+00
   2.4522371e-01   2.7779373e-01   0.0000000e+00
   2.4224745e-01   3.0890162e-01   0.0000000e+00
   2.3764566e-01   3.2800582e-01   0.0000000e+00
   2.3666525e-01   3.4965979e-01   0.0000000e+00
   2.2746168e-01   4.0082298e-01   0.0000000e+00
   2.2418037e-01   4.3583185e-01   0.0000000e+00
   2.2016246e-01   4.6298176e-01   0.0000000e+00
   2.1024907e-01   5.2519433e-01   0.0000000e+00
   2.0484380e-01   5.7129156e-01   0.0000000e+00
   1.9944344e-01   6.3400757e-01   0.0000000e+00
   8.3147461e-02   7.0413674e-01   0.0000000e+00
   8.3147461e-02   7.0288351e-01   0.0000000e+00
   8.3147461e-02   7.0288351e-01   0.0000000e+00
   8.3147461e-02   7.0195526e-01   0.0000000e+00
   8.3147461e-02   7.0102670e-01   0.0000000e+00
   8.3147461e-02   7.0102670e-01   0.0000000e+00
   8.3147461e-02   7.0102670e-01   0.0000000e+00
   8.3147461e-02   7.0102670e-01   0.0000000e+00
   7.5879614e-02   7.2771064e-01   0.0000000e+00
   6.2723252e-02   7.5420847e-01   0.0000000e+00
   5.0442151e-02   8.0001741e-01   0.0000000e+00
   4.0459004e-02   8.4237850e-01   0.0000000e+00
   2.6184435e-02   8.9431170e-01   0.0000000e+00
   1.2128858e-02   1.0016701e+00   0.0000000e+00
   0.0000000e+00   1.1087629e+00   0.0000000e+00
