   8.4773115e-01  -5.8882918e-01   0.0000000e+00
   8.4676787e-01  -5.8124790e-01   0.0000000e+00
   8.4532296e-01  -5.7207942e-01   0.0000000e+00
   8.4460050e-01  -5.6386212e-01   0.0000000e+00
   8.4460050e-01  -5.6837618e-01   0.0000000e+00
   8.4219231e-01  -5.4596397e-01   0.0000000e+00
   8.4219231e-01  -5.4109639e-01   0.0000000e+00
   8.4186415e-01  -5.2577919e-01   0.0000000e+00
   8.4003559e-01  -5.1862085e-01   0.0000000e+00
   8.3859778e-01  -5.1074679e-01   0.0000000e+00
   8.3859778e-01  -5.0168705e-01   0.0000000e+00
   8.3753539e-01  -4.9405876e-01   0.0000000e+00
   8.3753539e-01  -4.8725720e-01   0.0000000e+00
   8.3753539e-01  -4.8725720e-01   0.0000000e+00
   8.3753539e-01  -4.8805284e-01   0.0000000e+00
   8.3753539e-01  -4.8358130e-01   0.0000000e+00
   8.3636386e-01  -4.3457019e-01   0.0000000e+00
   8.3457304e-01  -4.2257212e-01   0.0000000e+00
   8.3457304e-01  -4.0768968e-01   0.0000000e+00
   8.3457304e-01  -4.0196618e-01   0.0000000e+00
   8.3457304e-01  -4.0196618e-01   0.0000000e+00
   8.3457304e-01  -4.0196618e-01   0.0000000e+00
   8.3057332e-01  -3.5384160e-01   0.0000000e+00
   8.3057332e-01  -3.4795384e-01   0.0000000e+00
   8.2957339e-01  -3.3480850e-01   0.0000000e+00
   8.2957339e-01  -3.3480850e-01   0.0000000e+00
   8.2957339e-01  -3.3540466e-01   0.0000000e+00
   8.2957339e-01  -3.0516790e-01   0.0000000e+00
   8.2957339e-01  -3.0516790e-01   0.0000000e+00
   8.3057332e-01  -3.1481497e-01   0.0000000e+00
   8.3057332e-01  -3.1481497e-01   0.0000000e+00
   6.4970106e-01  -2.3822790e-01   0.0000000e+00
   6.4970106e-01  -2.4481531e-01   0.0000000e+00
   6.4970106e-01  -2.4481531e-01   0.0000000e+00
   6.4970106e-01  -2.4481531e-01   0.0000000e+00
   6.4088593e-01  -2.5164145e-01   0.0000000e+00
   6.4088593e-01  -2.4527245e-01   0.0000000e+00
   6.4088593e-01  -2.1139471e-01   0.0000000e+00
   6.4088593e-01  -2.1139471e-01   0.0000000e+00
   6.4011088e-01  -1.7567894e-01   0.0000000e+00
   6.4011088e-01  -1.7567894e-01   0.0000000e+00
   6.3998767e-01  -1.5072063e-01   0.0000000e+00
   6.3986445e-01  -1.2485812e-01   0.0000000e+00
   6.3986445e-01  -1.0352015e-01   0.0000000e+00
   6.3986445e-01  -1.1202836e-01   0.0000000e+00
   6.3626439e-01  -7.6022133e-02   0.0000000e+00
   6.3266432e-01  -3.8400127e-02   0.0000000e+00
   6.3266432e-01  -3.8400127e-02   0.0000000e+00
   6.3266432e-01  -5.5708737e-02   0.0000000e+00
   6.3266432e-01  -5.5708737e-02   0.0000000e+00
   6.3266432e-01  -5.5708737e-02   0.0000000e+00
   6.3266432e-01  -4.4988061e-02   0.0000000e+00
   4.4873343e-01   4.9876293e-02   0.0000000e+00
   4.4873343e-01   4.9876293e-02   0.0000000e+00
   4.4871099e-01   4.9201844e-02   0.0000000e+00
   4.4871099e-01   4.9201844e-02   0.0000000e+00
   4.4871099e-01   4.7008969e-02   0.0000000e+00
   4.4871099e-01   4.7008969e-02   0.0000000e+00
   4.4871099e-01   4.7008969e-02   0.0000000e+00
   4.4871099e-01   6.2315711e-02   0.0000000e+00
   4.4746022e-01   9.3555070e-02   0.0000000e+00
   4.4746022e-01   1.0066574e-01   0.0000000e+00
   4.4746022e-01   1.0066574e-01   0.0000000e+00
   4.4746022e-01   1.1292378e-01   0.0000000e+00
   4.4746022e-01   1.3183211e-01   0.0000000e+00
   4.4746022e-01   1.1279980e-01   0.0000000e+00
   4.4746022e-01   1.1279980e-01   0.0000000e+00
   4.4746022e-01   7.4438064e-02   0.0000000e+00
   2.5714962e-01   3.3565546e-01   0.0000000e+00
   2.5714962e-01   3.3565546e-01   0.0000000e+00
   2.5714962e-01   3.3565546e-01   0.0000000e+00
   2.5714962e-01   3.3565546e-01   0.0000000e+00
   2.5714962e-01   3.3565546e-01   0.0000000e+00
   2.5714962e-01   3.3565546e-01   0.0000000e+00
   2.5714962e-01   3.3565546e-01   0.0000000e+00
   2.5714962e-01   3.3565546e-01   0.0000000e+00
   2.5714962e-01   3.3565546e-01   0.0000000e+00
   2.6013119e-01   3.3809264e-01   0.0000000e+00
   2.5216686e-01   3.4493241e-01   0.0000000e+00
   2.4501277e-01   3.7717031e-01   0.0000000e+00
   2.4020015e-01   4.1954145e-01   0.0000000e+00
   2.3659891e-01   4.2467079e-01   0.0000000e+00
   2.2712981e-01   4.9069901e-01   0.0000000e+00
   2.1915151e-01   5.5920710e-01   0.0000000e+00
   2.1274572e-01   6.0407610e-01   0.0000000e+00
   2.0748356e-01   6.4437237e-01   0.0000000e+00
   2.0748356e-01   7.6353797e-01   0.0000000e+00
   8.7385925e-02   8.5337201e-01   0.0000000e+00
   8.7385925e-02   8.4088278e-01   0.0000000e+00
   7.7965037e-02   8.2898892e-01   0.0000000e+00
   7.7965037e-02   8.2898892e-01   0.0000000e+00
   7.7965037e-02   8.2767397e-01   0.0000000e+00
   7.7965037e-02   8.2767397e-01   0.0000000e+00
   7.7965037e-02   8.2767397e-01   0.0000000e+00
   7.7965037e-02   8.7217032e-01   0.0000000e+00
   6.1899140e-02   8.8129689e-01   0.0000000e+00
   3.5645706e-02   9.5168844e-01   0.0000000e+00
   2.9082348e-02   1.0050420e+00   0.0000000e+00
   1.4659433e-02   1.1239228e+00   0.0000000e+00
   0.0000000e+00   1.2661595e+00   0.0000000e+00
