   8.5281325e-01  -5.0439777e-01   0.0000000e+00
   8.5281325e-01  -5.0439777e-01   0.0000000e+00
   8.5281325e-01  -4.8962331e-01   0.0000000e+00
   8.5281325e-01  -4.8962331e-01   0.0000000e+00
   8.5281325e-01  -4.8962331e-01   0.0000000e+00
   8.5281325e-01  -5.0100780e-01   0.0000000e+00
   8.5281325e-01  -4.5543052e-01   0.0000000e+00
   8.5281325e-01  -4.3993688e-01   0.0000000e+00
   8.5281325e-01  -4.3993688e-01   0.0000000e+00
   8.5281325e-01  -4.3975121e-01   0.0000000e+00
   8.5243730e-01  -4.4461719e-01   0.0000000e+00
   8.5018160e-01  -4.1444748e-01   0.0000000e+00
   8.4379047e-01  -3.9033789e-01   0.0000000e+00
   8.4379047e-01  -3.9033789e-01   0.0000000e+00
   8.4379047e-01  -3.7183559e-01   0.0000000e+00
   8.4368903e-01  -3.5669436e-01   0.0000000e+00
   8.4368903e-01  -3.5669436e-01   0.0000000e+00
   8.4358759e-01  -3.3100896e-01   0.0000000e+00
   8.4358759e-01  -3.2577048e-01   0.0000000e+00
   8.3786163e-01  -3.0818395e-01   0.0000000e+00
   8.3213566e-01  -2.9921998e-01   0.0000000e+00
   8.3213566e-01  -2.7989380e-01   0.0000000e+00
   8.3213566e-01  -2.7989380e-01   0.0000000e+00
   8.3213566e-01  -2.5714972e-01   0.0000000e+00
   8.3213566e-01  -2.5730493e-01   0.0000000e+00
   8.3213566e-01  -2.5730493e-01   0.0000000e+00
   8.3213566e-01  -2.3445594e-01   0.0000000e+00
   8.3213566e-01  -2.3577036e-01   0.0000000e+00
   8.3213566e-01  -1.8871268e-01   0.0000000e+00
   8.3213566e-01  -1.8916348e-01   0.0000000e+00
   8.3213566e-01  -1.8916348e-01   0.0000000e+00
   8.3213566e-01  -2.4485744e-01   0.0000000e+00
   6.3031672e-01  -1.2207201e-01   0.0000000e+00
   6.3031672e-01  -1.2207201e-01   0.0000000e+00
   6.3031672e-01  -1.2207201e-01   0.0000000e+00
   6.3031672e-01  -1.2207201e-01   0.0000000e+00
   6.3031672e-01  -1.1551435e-01   0.0000000e+00
   6.3031672e-01  -1.1551435e-01   0.0000000e+00
   6.3031672e-01  -1.1551435e-01   0.0000000e+00
   6.3031672e-01  -1.0321510e-01   0.0000000e+00
   6.3031672e-01  -1.0675806e-01   0.0000000e+00
   6.3031672e-01  -7.8388092e-02   0.0000000e+00
   6.3031672e-01  -6.6058778e-02   0.0000000e+00
   6.3031672e-01  -1.5834207e-01   0.0000000e+00
   6.3031672e-01  -1.5834207e-01   0.0000000e+00
   6.3031672e-01  -1.5834207e-01   0.0000000e+00
   4.5445079e-01   4.6831649e-02   0.0000000e+00
   4.4936808e-01   2.5616708e-02   0.0000000e+00
   4.4936808e-01   2.5616708e-02   0.0000000e+00
   4.4936808e-01   2.5616708e-02   0.0000000e+00
   4.4936808e-01   2.5616708e-02   0.0000000e+00
   4.5072626e-01   2.4208735e-02   0.0000000e+00
   4.5072626e-01   2.0150969e-02   0.0000000e+00
   4.5072626e-01   2.0150969e-02   0.0000000e+00
   4.4393537e-01   3.3351360e-02   0.0000000e+00
   4.4393537e-01   4.1812979e-02   0.0000000e+00
   4.4325628e-01   6.8542484e-02   0.0000000e+00
   4.3850266e-01   9.3611555e-02   0.0000000e+00
   4.3850266e-01   1.2085547e-01   0.0000000e+00
   4.3442812e-01   1.3373066e-01   0.0000000e+00
   4.3442812e-01   1.3547811e-01   0.0000000e+00
   4.3442812e-01   1.2481946e-01   0.0000000e+00
   4.3442812e-01   1.2481946e-01   0.0000000e+00
   4.3442812e-01   1.8825214e-01   0.0000000e+00
   4.1912907e-01   2.7477193e-01   0.0000000e+00
   4.1912907e-01   3.0017194e-01   0.0000000e+00
   4.1912907e-01   3.1581019e-01   0.0000000e+00
   2.4981726e-01   3.5324663e-01   0.0000000e+00
   2.4981726e-01   3.1951300e-01   0.0000000e+00
   2.4981726e-01   3.1951300e-01   0.0000000e+00
   2.4981726e-01   3.1951300e-01   0.0000000e+00
   2.4981726e-01   3.1897102e-01   0.0000000e+00
   2.4981726e-01   3.1897102e-01   0.0000000e+00
   2.5028879e-01   3.1387483e-01   0.0000000e+00
   2.4981726e-01   2.7622047e-01   0.0000000e+00
   2.4981726e-01   2.7622047e-01   0.0000000e+00
   2.4981726e-01   3.1726422e-01   0.0000000e+00
   2.4887420e-01   3.5407085e-01   0.0000000e+00
   2.4211775e-01   3.7048167e-01   0.0000000e+00
   2.3206058e-01   4.4124550e-01   0.0000000e+00
   2.3135328e-01   4.6703578e-01   0.0000000e+00
   2.2687774e-01   5.1612823e-01   0.0000000e+00
   2.2310949e-01   5.6680243e-01   0.0000000e+00
   2.1486569e-01   6.2890656e-01   0.0000000e+00
   2.0179271e-01   6.8272538e-01   0.0000000e+00
   1.9767081e-01   6.9594593e-01   0.0000000e+00
   7.7301184e-02   7.9571832e-01   0.0000000e+00
   7.7301184e-02   7.9571832e-01   0.0000000e+00
   7.7301184e-02   7.9218918e-01   0.0000000e+00
   7.7301184e-02   7.9218918e-01   0.0000000e+00
   7.7301184e-02   7.9218918e-01   0.0000000e+00
   7.7301184e-02   7.8453005e-01   0.0000000e+00
   7.7301184e-02   7.8453005e-01   0.0000000e+00
   7.7301184e-02   7.8453005e-01   0.0000000e+00
   6.5219695e-02   7.8896019e-01   0.0000000e+00
   5.1530488e-02   8.2270932e-01   0.0000000e+00
   4.0252859e-02   8.7119396e-01   0.0000000e+00
   2.7257862e-02   9.6159303e-01   0.0000000e+00
   1.6217983e-02   1.0268899e+00   0.0000000e+00
   0.0000000e+00   1.2079523e+00   0.0000000e+00
