   8.4893603e-01  -4.6000213e-01   0.0000000e+00
   8.4893603e-01  -4.6000213e-01   0.0000000e+00
   8.4893603e-01  -4.6000213e-01   0.0000000e+00
   8.4893603e-01  -4.6000213e-01   0.0000000e+00
   8.4893603e-01  -4.6068474e-01   0.0000000e+00
   8.4893603e-01  -5.0568623e-01   0.0000000e+00
   8.4893603e-01  -5.0568623e-01   0.0000000e+00
   8.4893603e-01  -5.1715789e-01   0.0000000e+00
   8.4251687e-01  -4.6395106e-01   0.0000000e+00
   8.4251687e-01  -4.6395106e-01   0.0000000e+00
   8.3930505e-01  -4.3499953e-01   0.0000000e+00
   8.3770138e-01  -4.1795076e-01   0.0000000e+00
   8.3770138e-01  -4.1795076e-01   0.0000000e+00
   8.3770138e-01  -4.1795076e-01   0.0000000e+00
   8.3770138e-01  -4.1795076e-01   0.0000000e+00
   8.3529869e-01  -3.7379062e-01   0.0000000e+00
   8.3529869e-01  -3.7379062e-01   0.0000000e+00
   8.3798446e-01  -3.7193576e-01   0.0000000e+00
   8.3798446e-01  -3.7193576e-01   0.0000000e+00
   8.3798446e-01  -3.7193576e-01   0.0000000e+00
   8.4025338e-01  -4.0496167e-01   0.0000000e+00
   8.4025338e-01  -4.0496167e-01   0.0000000e+00
   8.4025338e-01  -4.0678510e-01   0.0000000e+00
   8.4025338e-01  -4.0678510e-01   0.0000000e+00
   8.4025338e-01  -3.4702945e-01   0.0000000e+00
   8.4025338e-01  -3.4702945e-01   0.0000000e+00
   8.4025338e-01  -3.3891339e-01   0.0000000e+00
   8.3156242e-01  -2.6723485e-01   0.0000000e+00
   6.4559390e-01  -2.3679887e-01   0.0000000e+00
   6.4559390e-01  -2.3679887e-01   0.0000000e+00
   6.4559390e-01  -2.3674552e-01   0.0000000e+00
   6.4559390e-01  -2.3674552e-01   0.0000000e+00
   6.4559390e-01  -2.3674552e-01   0.0000000e+00
   6.4559390e-01  -2.3674552e-01   0.0000000e+00
   6.4559390e-01  -2.2932069e-01   0.0000000e+00
   6.4559390e-01  -2.2932069e-01   0.0000000e+00
   6.4559390e-01  -2.7174185e-01   0.0000000e+00
   6.4559390e-01  -3.3276827e-01   0.0000000e+00
   6.4559390e-01  -3.3276827e-01   0.0000000e+00
   6.4559390e-01  -3.3367756e-01   0.0000000e+00
   6.4559390e-01  -3.5986519e-01   0.0000000e+00
   4.4645363e-01  -7.1117159e-02   0.0000000e+00
   4.4645363e-01  -7.4946531e-02   0.0000000e+00
   4.4645363e-01  -7.4946531e-02   0.0000000e+00
   4.4645363e-01  -7.4946531e-02   0.0000000e+00
   4.4645363e-01  -7.4946531e-02   0.0000000e+00
   4.4481895e-01  -5.5450212e-02   0.0000000e+00
   4.4481895e-01  -5.5450212e-02   0.0000000e+00
   4.4563629e-01  -4.6985924e-02   0.0000000e+00
   4.4481895e-01  -4.2511619e-02   0.0000000e+00
   4.4481895e-01  -4.2511619e-02   0.0000000e+00
   4.4481895e-01  -4.2511619e-02   0.0000000e+00
   4.4412251e-01  -3.0375233e-02   0.0000000e+00
   4.4412251e-01  -3.0375233e-02   0.0000000e+00
   4.4144271e-01   4.2306875e-03   0.0000000e+00
   4.4109449e-01   2.6175892e-02   0.0000000e+00
   4.4109449e-01   2.6175892e-02   0.0000000e+00
   4.3986450e-01   7.3901156e-02   0.0000000e+00
   4.3832703e-01   9.5313545e-02   0.0000000e+00
   4.3832703e-01   9.5313545e-02   0.0000000e+00
   4.3832703e-01   1.0380675e-01   0.0000000e+00
   4.3832703e-01   1.0456598e-01   0.0000000e+00
   4.3832703e-01   1.0456598e-01   0.0000000e+00
   4.3832703e-01   9.1387778e-02   0.0000000e+00
   4.3832703e-01   6.7127664e-02   0.0000000e+00
   2.5712331e-01   2.8610812e-01   0.0000000e+00
   2.5712331e-01   2.8432873e-01   0.0000000e+00
   2.5712331e-01   2.8432873e-01   0.0000000e+00
   2.5713437e-01   2.8408215e-01   0.0000000e+00
   2.5713437e-01   2.8408215e-01   0.0000000e+00
   2.5713437e-01   2.8408215e-01   0.0000000e+00
   2.5713437e-01   2.8408215e-01   0.0000000e+00
   2.5671399e-01   2.8558783e-01   0.0000000e+00
   2.5671399e-01   2.8488992e-01   0.0000000e+00
   2.5671399e-01   2.8488992e-01   0.0000000e+00
   2.5671399e-01   2.8488992e-01   0.0000000e+00
   2.5671399e-01   2.9471271e-01   0.0000000e+00
   2.4649897e-01   3.5465793e-01   0.0000000e+00
   2.4145846e-01   3.6317065e-01   0.0000000e+00
   2.3635095e-01   4.2746913e-01   0.0000000e+00
   2.2885720e-01   4.5890939e-01   0.0000000e+00
   2.2767287e-01   4.9600211e-01   0.0000000e+00
   2.1762537e-01   5.3952153e-01   0.0000000e+00
   2.1625594e-01   5.7623227e-01   0.0000000e+00
   2.0854358e-01   6.4127151e-01   0.0000000e+00
   2.0854358e-01   6.4127151e-01   0.0000000e+00
   7.6671946e-02   7.7448603e-01   0.0000000e+00
   7.6671946e-02   7.7448603e-01   0.0000000e+00
   7.6671946e-02   7.7448603e-01   0.0000000e+00
   7.6671946e-02   7.7448603e-01   0.0000000e+00
   7.6671946e-02   7.7972649e-01   0.0000000e+00
   7.6671946e-02   7.7795839e-01   0.0000000e+00
   7.6671946e-02   7.7751263e-01   0.0000000e+00
   7.6671946e-02   7.7751263e-01   0.0000000e+00
   6.5478283e-02   8.0853367e-01   0.0000000e+00
   5.4284619e-02   8.5250255e-01   0.0000000e+00
   4.1361934e-02   8.8392493e-01   0.0000000e+00
   3.0881602e-02   9.5525351e-01   0.0000000e+00
   8.9052471e-03   1.0719804e+00   0.0000000e+00
   0.0000000e+00   1.1846632e+00   0.0000000e+00
