   8.5142333e-01  -7.4852620e-02   0.0000000e+00
   8.5166116e-01  -8.8140374e-02   0.0000000e+00
   8.5166116e-01  -8.9058359e-02   0.0000000e+00
   8.5166116e-01  -8.9058359e-02   0.0000000e+00
   8.5166116e-01  -9.2817360e-02   0.0000000e+00
   8.5422969e-01  -1.2662505e-01   0.0000000e+00
   8.5422969e-01  -1.2662505e-01   0.0000000e+00
   8.5422969e-01  -1.2662505e-01   0.0000000e+00
   8.5422969e-01  -1.2662505e-01   0.0000000e+00
   8.4652408e-01  -1.5744631e-01   0.0000000e+00
   8.4652408e-01  -2.4777849e-01   0.0000000e+00
   8.4652408e-01  -2.4777849e-01   0.0000000e+00
   8.4652408e-01  -2.4777849e-01   0.0000000e+00
   8.4652408e-01  -2.4777849e-01   0.0000000e+00
   8.4652408e-01  -2.3102799e-01   0.0000000e+00
   8.4652408e-01  -2.3102799e-01   0.0000000e+00
   8.4652408e-01  -2.3102799e-01   0.0000000e+00
   8.4652408e-01  -2.3102799e-01   0.0000000e+00
   8.4652408e-01  -2.3102799e-01   0.0000000e+00
   8.4652408e-01  -2.3102799e-01   0.0000000e+00
   8.4652408e-01  -2.3102799e-01   0.0000000e+00
   8.4652408e-01  -2.3102799e-01   0.0000000e+00
   8.4652408e-01  -1.8690207e-01   0.0000000e+00
   8.4652408e-01  -1.8690207e-01   0.0000000e+00
   8.4652408e-01  -1.8690207e-01   0.0000000e+00
   8.4652408e-01  -1.6276894e-01   0.0000000e+00
   8.4652408e-01  -1.6276894e-01   0.0000000e+00
   8.4652408e-01  -1.5108514e-01   0.0000000e+00
   8.4652408e-01  -1.6276894e-01   0.0000000e+00
   8.4652408e-01  -1.6276894e-01   0.0000000e+00
   8.4001524e-01  -1.3275760e-01   0.0000000e+00
   8.4001524e-01  -1.3275760e-01   0.0000000e+00
   8.4001524e-01  -1.3275760e-01   0.0000000e+00
   8.4001524e-01  -1.3275760e-01   0.0000000e+00
   8.3350639e-01  -1.1027800e-01   0.0000000e+00
   8.3350639e-01  -1.1027800e-01   0.0000000e+00
   8.3350639e-01  -1.0052444e-01   0.0000000e+00
   8.3350639e-01  -1.0052444e-01   0.0000000e+00
   8.3350639e-01  -1.0052444e-01   0.0000000e+00
   8.3350639e-01  -1.0052444e-01   0.0000000e+00
   8.3350639e-01  -8.5396198e-02   0.0000000e+00
   8.3350639e-01  -8.5396198e-02   0.0000000e+00
   8.3350639e-01  -8.5396198e-02   0.0000000e+00
   8.3176135e-01  -6.3865146e-02   0.0000000e+00
   8.3176135e-01  -6.3865146e-02   0.0000000e+00
   8.3176135e-01  -6.3865146e-02   0.0000000e+00
   8.3176135e-01  -6.3865146e-02   0.0000000e+00
   8.3176135e-01  -2.5491325e-02   0.0000000e+00
   8.3176135e-01  -2.5491325e-02   0.0000000e+00
   8.3176135e-01  -2.5491325e-02   0.0000000e+00
   8.3176135e-01  -1.1390342e-02   0.0000000e+00
   8.3176135e-01  -1.1390342e-02   0.0000000e+00
   8.3176135e-01   1.1100141e-02   0.0000000e+00
   8.3176135e-01   1.1100141e-02   0.0000000e+00
   8.3176135e-01   1.1100141e-02   0.0000000e+00
   6.4872449e-01   2.4741198e-02   0.0000000e+00
   6.5030812e-01   1.9432995e-02   0.0000000e+00
   6.5030812e-01   1.9432995e-02   0.0000000e+00
   6.5030812e-01   1.9432995e-02   0.0000000e+00
   6.5030812e-01   1.9432995e-02   0.0000000e+00
   6.5030812e-01   1.2355941e-02   0.0000000e+00
   6.5030812e-01   1.2355941e-02   0.0000000e+00
   6.5030812e-01   1.2355941e-02   0.0000000e+00
   6.5030812e-01   1.2355941e-02   0.0000000e+00
   6.4753677e-01   2.0673974e-02   0.0000000e+00
   6.4753677e-01   2.5476989e-02   0.0000000e+00
   6.3833193e-01   3.2481386e-02   0.0000000e+00
   6.3833193e-01   3.2481386e-02   0.0000000e+00
   6.3833193e-01   3.2481386e-02   0.0000000e+00
   6.3833193e-01   3.2481386e-02   0.0000000e+00
   6.3833193e-01   3.2481386e-02   0.0000000e+00
   6.3833193e-01   3.2481386e-02   0.0000000e+00
   6.3833193e-01   3.2481386e-02   0.0000000e+00
   6.3833193e-01   2.8751609e-02   0.0000000e+00
   6.3833193e-01   2.8751609e-02   0.0000000e+00
   6.3833193e-01   1.9197219e-02   0.0000000e+00
   6.3833193e-01   1.9197219e-02   0.0000000e+00
   6.3833193e-01   1.9197219e-02   0.0000000e+00
   6.3833193e-01   1.2621996e-02   0.0000000e+00
   6.3833193e-01   1.2621996e-02   0.0000000e+00
   6.3833193e-01   5.1769842e-02   0.0000000e+00
   6.3833193e-01   5.1769842e-02   0.0000000e+00
   6.3833193e-01   8.5273110e-03   0.0000000e+00
   6.3833193e-01   3.3942894e-02   0.0000000e+00
   6.3833193e-01   7.0619368e-02   0.0000000e+00
   6.3833193e-01   9.9159790e-03   0.0000000e+00
   6.3833193e-01   9.9159790e-03   0.0000000e+00
   6.3833193e-01   4.8495298e-02   0.0000000e+00
   6.3833193e-01   4.8495298e-02   0.0000000e+00
   6.3833193e-01   8.2742618e-02   0.0000000e+00
   6.3833193e-01   8.2742618e-02   0.0000000e+00
   6.3833193e-01   8.2742618e-02   0.0000000e+00
   6.3833193e-01   1.3017750e-01   0.0000000e+00
   6.3833193e-01   1.3017750e-01   0.0000000e+00
   6.3833193e-01   3.5105164e-02   0.0000000e+00
   6.3833193e-01   3.5105164e-02   0.0000000e+00
   6.3833193e-01   5.7408778e-03   0.0000000e+00
   6.3833193e-01   5.7408778e-03   0.0000000e+00
   6.3833193e-01   2.9065836e-02   0.0000000e+00
   4.5398112e-01   3.4181239e-01   0.0000000e+00
   4.5398112e-01   3.2103502e-01   0.0000000e+00
   4.5886951e-01   2.2133085e-01   0.0000000e+00
   4.5886951e-01   2.2133085e-01   0.0000000e+00
   4.5886951e-01   2.2133085e-01   0.0000000e+00
   4.5886951e-01   2.2133085e-01   0.0000000e+00
   4.5886951e-01   2.2133085e-01   0.0000000e+00
   4.5886951e-01   2.2133085e-01   0.0000000e+00
   4.5886951e-01   2.2133085e-01   0.0000000e+00
   4.5886951e-01   2.2133085e-01   0.0000000e+00
   4.5886951e-01   2.7234005e-01   0.0000000e+00
   4.5398112e-01   2.7164076e-01   0.0000000e+00
   4.4504618e-01   2.5305053e-01   0.0000000e+00
   4.4504618e-01   2.5305053e-01   0.0000000e+00
   4.3611124e-01   2.8021956e-01   0.0000000e+00
   4.3611124e-01   2.8021956e-01   0.0000000e+00
   4.3611124e-01   2.7836358e-01   0.0000000e+00
   4.3611124e-01   3.0752020e-01   0.0000000e+00
   4.3611124e-01   2.7617858e-01   0.0000000e+00
   4.3611124e-01   2.7617858e-01   0.0000000e+00
   4.3611124e-01   2.7617858e-01   0.0000000e+00
   4.3611124e-01   2.7617858e-01   0.0000000e+00
   4.3611124e-01   2.7617858e-01   0.0000000e+00
   4.3611124e-01   2.7617858e-01   0.0000000e+00
   4.3611124e-01   2.7617858e-01   0.0000000e+00
   4.3611124e-01   2.7617858e-01   0.0000000e+00
   4.3611124e-01   2.7001273e-01   0.0000000e+00
   4.3611124e-01   2.6262567e-01   0.0000000e+00
   2.5167659e-01   4.7855201e-01   0.0000000e+00
   2.5167659e-01   4.7855201e-01   0.0000000e+00
   2.5167659e-01   4.7855201e-01   0.0000000e+00
   2.5167659e-01   4.7855201e-01   0.0000000e+00
   2.5167659e-01   4.7855201e-01   0.0000000e+00
   2.5167659e-01   4.7062279e-01   0.0000000e+00
   2.5167659e-01   4.6090766e-01   0.0000000e+00
   2.5167659e-01   4.6090766e-01   0.0000000e+00
   2.5167659e-01   4.6090766e-01   0.0000000e+00
   2.5167659e-01   4.6090766e-01   0.0000000e+00
   2.5167659e-01   4.6090766e-01   0.0000000e+00
   2.5167659e-01   4.6090766e-01   0.0000000e+00
   2.5167659e-01   4.5190655e-01   0.0000000e+00
   2.5167659e-01   4.5190655e-01   0.0000000e+00
   2.5167659e-01   4.5190655e-01   0.0000000e+00
   2.5167659e-01   4.4864890e-01   0.0000000e+00
   2.5167659e-01   4.4649795e-01   0.0000000e+00
   2.5167659e-01   4.4649795e-01   0.0000000e+00
   2.5167659e-01   4.4649795e-01   0.0000000e+00
   2.5167659e-01   4.4454433e-01   0.0000000e+00
   2.5167659e-01   4.4454433e-01   0.0000000e+00
   2.5167659e-01   4.4649795e-01   0.0000000e+00
   2.5167659e-01   4.5263270e-01   0.0000000e+00
   2.5167659e-01   4.7739536e-01   0.0000000e+00
   2.4676456e-01   5.0062341e-01   0.0000000e+00
   2.4185253e-01   5.0902836e-01   0.0000000e+00
   2.4185253e-01   5.0902836e-01   0.0000000e+00
   2.4185253e-01   5.0902836e-01   0.0000000e+00
   2.4185253e-01   5.3621048e-01   0.0000000e+00
   2.3457953e-01   5.7304166e-01   0.0000000e+00
   2.3417673e-01   5.8513049e-01   0.0000000e+00
   2.3417673e-01   5.8513049e-01   0.0000000e+00
   2.2362252e-01   6.1828687e-01   0.0000000e+00
   2.2362252e-01   6.1828687e-01   0.0000000e+00
   2.2362252e-01   6.1828687e-01   0.0000000e+00
   2.0785292e-01   6.7204168e-01   0.0000000e+00
   2.0715861e-01   6.6377091e-01   0.0000000e+00
   2.0715861e-01   6.6377091e-01   0.0000000e+00
   2.0715861e-01   7.0930762e-01   0.0000000e+00
   1.9892666e-01   7.2816575e-01   0.0000000e+00
   1.9892666e-01   7.2816575e-01   0.0000000e+00
   6.9640758e-02   8.1398691e-01   0.0000000e+00
   6.9640758e-02   8.1398691e-01   0.0000000e+00
   6.9640758e-02   8.1398691e-01   0.0000000e+00
   7.2867456e-02   8.0456241e-01   0.0000000e+00
   7.1254107e-02   8.0332538e-01   0.0000000e+00
   7.1254107e-02   8.0332538e-01   0.0000000e+00
   7.1254107e-02   8.0332538e-01   0.0000000e+00
   7.1254107e-02   8.0332538e-01   0.0000000e+00
   7.1254107e-02   8.0332538e-01   0.0000000e+00
   7.1254107e-02   8.0332538e-01   0.0000000e+00
   7.1254107e-02   8.0332538e-01   0.0000000e+00
   7.1254107e-02   8.0332538e-01   0.0000000e+00
   7.1254107e-02   8.0332538e-01   0.0000000e+00
   6.8834084e-02   8.0540983e-01   0.0000000e+00
   6.8834084e-02   8.1435112e-01   0.0000000e+00
   7.5768596e-02   7.9349047e-01   0.0000000e+00
   7.5768596e-02   7.9349047e-01   0.0000000e+00
   7.9777868e-02   7.8129895e-01   0.0000000e+00
   7.2354540e-02   7.9684425e-01   0.0000000e+00
   6.1952773e-02   8.1866255e-01   0.0000000e+00
   6.1952773e-02   8.1866255e-01   0.0000000e+00
   6.1952773e-02   8.2556190e-01   0.0000000e+00
   5.4965060e-02   8.9800984e-01   0.0000000e+00
   4.6946517e-02   9.4251297e-01   0.0000000e+00
   4.6946517e-02   9.6810982e-01   0.0000000e+00
   3.1571385e-02   1.0200233e+00   0.0000000e+00
   3.1571385e-02   1.0200233e+00   0.0000000e+00
   2.0648072e-02   1.0712894e+00   0.0000000e+00
   2.0648072e-02   1.0712894e+00   0.0000000e+00
   1.2253429e-02   1.1863091e+00   0.0000000e+00
   1.6297545e-03   1.2809261e+00   0.0000000e+00
   0.0000000e+00   1.3166162e+00   0.0000000e+00
