   8.4687632e-01   7.1270413e-02   0.0000000e+00
   8.4687632e-01   5.9955730e-02   0.0000000e+00
   8.4687632e-01   5.9955730e-02   0.0000000e+00
   8.4687632e-01   5.9955730e-02   0.0000000e+00
   8.4687632e-01   5.5570465e-02   0.0000000e+00
   8.4687632e-01   5.5570465e-02   0.0000000e+00
   8.4687632e-01   5.5570465e-02   0.0000000e+00
   8.4687632e-01   5.5570465e-02   0.0000000e+00
   8.4687632e-01   4.9650382e-02   0.0000000e+00
   8.4687632e-01   4.9585649e-02   0.0000000e+00
   8.4687632e-01   4.9585649e-02   0.0000000e+00
   8.4687632e-01   4.9585649e-02   0.0000000e+00
   8.4687632e-01   4.9585649e-02   0.0000000e+00
   8.4687632e-01   4.9585649e-02   0.0000000e+00
   8.4687632e-01   4.9585649e-02   0.0000000e+00
   8.4687632e-01   4.9483557e-02   0.0000000e+00
   8.4687632e-01   4.9483557e-02   0.0000000e+00
   8.4687632e-01   4.9483557e-02   0.0000000e+00
   8.4687632e-01   4.9483557e-02   0.0000000e+00
   8.4687632e-01   4.9483557e-02   0.0000000e+00
   8.4687632e-01   4.9483557e-02   0.0000000e+00
   8.4687632e-01   4.9483557e-02   0.0000000e+00
   8.4687632e-01   4.9483557e-02   0.0000000e+00
   8.4687632e-01   5.9990223e-02   0.0000000e+00
   8.4687632e-01   5.9990223e-02   0.0000000e+00
   8.4687632e-01   5.9990223e-02   0.0000000e+00
   8.4687632e-01   5.9990223e-02   0.0000000e+00
   8.4687632e-01   5.9744981e-02   0.0000000e+00
   8.4687632e-01   5.9744981e-02   0.0000000e+00
   8.4687632e-01   5.9744981e-02   0.0000000e+00
   8.4687632e-01   5.9744981e-02   0.0000000e+00
   8.4687632e-01   5.9744981e-02   0.0000000e+00
   8.4687632e-01   5.9744981e-02   0.0000000e+00
   8.4687632e-01   5.9744981e-02   0.0000000e+00
   8.4687632e-01   5.9744981e-02   0.0000000e+00
   8.4183056e-01   7.9298232e-02   0.0000000e+00
   8.4183056e-01   5.7655779e-02   0.0000000e+00
   8.4183056e-01   5.7655779e-02   0.0000000e+00
   8.4183056e-01   5.7655779e-02   0.0000000e+00
   8.4183056e-01   5.7655779e-02   0.0000000e+00
   8.4183056e-01   9.4190757e-02   0.0000000e+00
   8.4183056e-01   9.4190757e-02   0.0000000e+00
   8.4183056e-01   9.4190757e-02   0.0000000e+00
   8.4183056e-01   5.7655779e-02   0.0000000e+00
   8.4183056e-01   5.8442323e-02   0.0000000e+00
   8.4183056e-01   6.6825005e-02   0.0000000e+00
   8.4183056e-01   6.6825005e-02   0.0000000e+00
   8.4183056e-01   6.6825005e-02   0.0000000e+00
   8.3608069e-01   4.5930347e-02   0.0000000e+00
   8.3320575e-01   3.9014147e-02   0.0000000e+00
   8.3033081e-01   4.0834066e-02   0.0000000e+00
   8.3033081e-01   4.0834066e-02   0.0000000e+00
   8.3033081e-01   4.0834066e-02   0.0000000e+00
   8.3033081e-01   4.0834066e-02   0.0000000e+00
   8.3033081e-01  -4.1241630e-02   0.0000000e+00
   8.3033081e-01  -4.1241630e-02   0.0000000e+00
   8.3033081e-01  -4.1241630e-02   0.0000000e+00
   8.2719477e-01   2.8838762e-02   0.0000000e+00
   8.2719477e-01   2.8838762e-02   0.0000000e+00
   8.2719477e-01   2.8838762e-02   0.0000000e+00
   8.2719477e-01   2.8838762e-02   0.0000000e+00
   8.2719477e-01   2.8838762e-02   0.0000000e+00
   6.4668309e-01   2.2337092e-01   0.0000000e+00
   6.4668309e-01   2.2337092e-01   0.0000000e+00
   6.4668309e-01   2.2337092e-01   0.0000000e+00
   6.4668309e-01   2.2337092e-01   0.0000000e+00
   6.4668309e-01   2.2337092e-01   0.0000000e+00
   6.4668309e-01   2.2337092e-01   0.0000000e+00
   6.4668309e-01   2.2337092e-01   0.0000000e+00
   6.4668309e-01   2.2337092e-01   0.0000000e+00
   6.4668309e-01   2.2710581e-01   0.0000000e+00
   6.4668309e-01   2.2710581e-01   0.0000000e+00
   6.4668309e-01   2.2933526e-01   0.0000000e+00
   6.4668309e-01   2.2933526e-01   0.0000000e+00
   6.4668309e-01   8.0915867e-02   0.0000000e+00
   6.4668309e-01   8.0915867e-02   0.0000000e+00
   6.4668309e-01   8.0915867e-02   0.0000000e+00
   6.4668309e-01   8.0915867e-02   0.0000000e+00
   6.4668309e-01   8.0915867e-02   0.0000000e+00
   4.5651832e-01   2.9881822e-01   0.0000000e+00
   4.5651832e-01   2.9881822e-01   0.0000000e+00
   4.5651832e-01   2.8550938e-01   0.0000000e+00
   4.5651832e-01   2.8550938e-01   0.0000000e+00
   4.5651832e-01   2.8550938e-01   0.0000000e+00
   4.5651832e-01   2.8310396e-01   0.0000000e+00
   4.5651832e-01   2.8016654e-01   0.0000000e+00
   4.5651832e-01   2.8016654e-01   0.0000000e+00
   4.5651832e-01   2.8016654e-01   0.0000000e+00
   4.5651832e-01   2.8016654e-01   0.0000000e+00
   4.5651832e-01   2.8016654e-01   0.0000000e+00
   4.5651832e-01   2.7982889e-01   0.0000000e+00
   4.5651832e-01   2.7982889e-01   0.0000000e+00
   4.5651832e-01   2.7982889e-01   0.0000000e+00
   4.5651832e-01   2.8016654e-01   0.0000000e+00
   4.5651832e-01   2.8554313e-01   0.0000000e+00
   4.5651832e-01   2.8493453e-01   0.0000000e+00
   4.5651832e-01   2.9143839e-01   0.0000000e+00
   4.5651832e-01   2.9143839e-01   0.0000000e+00
   4.5651832e-01   2.8437168e-01   0.0000000e+00
   4.5651832e-01   3.3015645e-01   0.0000000e+00
   4.5651832e-01   3.3703623e-01   0.0000000e+00
   4.5651832e-01   3.1706030e-01   0.0000000e+00
   4.5651832e-01   3.1706030e-01   0.0000000e+00
   4.5651832e-01   3.7184693e-01   0.0000000e+00
   4.5651832e-01   3.2735994e-01   0.0000000e+00
   4.5651832e-01   3.1228843e-01   0.0000000e+00
   4.5651832e-01   3.0883028e-01   0.0000000e+00
   4.5651832e-01   3.3774343e-01   0.0000000e+00
   4.5651832e-01   2.2744731e-01   0.0000000e+00
   4.5651832e-01   2.5718709e-01   0.0000000e+00
   4.5651832e-01   3.5520130e-01   0.0000000e+00
   4.5651832e-01   1.6515371e-01   0.0000000e+00
   4.5651832e-01   1.6515371e-01   0.0000000e+00
   2.5058712e-01   4.7418173e-01   0.0000000e+00
   2.5058712e-01   4.7418173e-01   0.0000000e+00
   2.5058712e-01   4.7167816e-01   0.0000000e+00
   2.5058712e-01   4.6918854e-01   0.0000000e+00
   2.5058712e-01   4.6918854e-01   0.0000000e+00
   2.5058712e-01   4.6918854e-01   0.0000000e+00
   2.5058712e-01   4.6918854e-01   0.0000000e+00
   2.5058712e-01   4.6617993e-01   0.0000000e+00
   2.5058712e-01   4.6617993e-01   0.0000000e+00
   2.5058712e-01   4.6604087e-01   0.0000000e+00
   2.5058712e-01   4.6604087e-01   0.0000000e+00
   2.5058712e-01   4.6604087e-01   0.0000000e+00
   2.5058712e-01   4.6604087e-01   0.0000000e+00
   2.5058712e-01   4.6604087e-01   0.0000000e+00
   2.5279434e-01   4.5898004e-01   0.0000000e+00
   2.5279434e-01   4.4602605e-01   0.0000000e+00
   2.5279434e-01   4.4602605e-01   0.0000000e+00
   2.5279434e-01   4.4602605e-01   0.0000000e+00
   2.5279434e-01   4.4602605e-01   0.0000000e+00
   2.5279434e-01   4.4602605e-01   0.0000000e+00
   2.5127688e-01   4.4045972e-01   0.0000000e+00
   2.5127688e-01   4.4045972e-01   0.0000000e+00
   2.5279434e-01   4.3757292e-01   0.0000000e+00
   2.5279434e-01   4.3757292e-01   0.0000000e+00
   2.5127688e-01   4.3616216e-01   0.0000000e+00
   2.5127688e-01   4.4045972e-01   0.0000000e+00
   2.5127688e-01   4.4045972e-01   0.0000000e+00
   2.5127688e-01   4.4045972e-01   0.0000000e+00
   2.4824195e-01   4.9402585e-01   0.0000000e+00
   2.4824195e-01   4.9781442e-01   0.0000000e+00
   2.4065463e-01   5.0462898e-01   0.0000000e+00
   2.4065463e-01   5.0467469e-01   0.0000000e+00
   2.4065463e-01   5.0467469e-01   0.0000000e+00
   2.4065463e-01   5.0467469e-01   0.0000000e+00
   2.4065463e-01   5.0467469e-01   0.0000000e+00
   2.4065463e-01   5.7791228e-01   0.0000000e+00
   2.4024326e-01   4.1557147e-01   0.0000000e+00
   2.4024326e-01   4.1557147e-01   0.0000000e+00
   2.4024326e-01   4.1557147e-01   0.0000000e+00
   2.4024326e-01   4.1557147e-01   0.0000000e+00
   2.4024326e-01   4.1016654e-01   0.0000000e+00
   2.4024326e-01   4.1016654e-01   0.0000000e+00
   7.7741706e-02   7.2314116e-01   0.0000000e+00
   7.7741706e-02   7.2314116e-01   0.0000000e+00
   7.7741706e-02   7.0978452e-01   0.0000000e+00
   7.7741706e-02   7.0934393e-01   0.0000000e+00
   7.7741706e-02   7.0934393e-01   0.0000000e+00
   7.7741706e-02   7.0934393e-01   0.0000000e+00
   7.7741706e-02   7.0934393e-01   0.0000000e+00
   7.7741706e-02   7.0230368e-01   0.0000000e+00
   7.7741706e-02   7.0230368e-01   0.0000000e+00
   7.7741706e-02   6.9526782e-01   0.0000000e+00
   7.7741706e-02   6.9526782e-01   0.0000000e+00
   7.7741706e-02   6.9526782e-01   0.0000000e+00
   7.7741706e-02   6.9526782e-01   0.0000000e+00
   7.7741706e-02   6.9526782e-01   0.0000000e+00
   7.7741706e-02   6.9526782e-01   0.0000000e+00
   7.7741706e-02   6.9526782e-01   0.0000000e+00
   7.7741706e-02   6.9526782e-01   0.0000000e+00
   7.7741706e-02   6.9368429e-01   0.0000000e+00
   7.7741706e-02   6.9368429e-01   0.0000000e+00
   7.7741706e-02   6.9368429e-01   0.0000000e+00
   7.7741706e-02   6.9368429e-01   0.0000000e+00
   7.7741706e-02   6.9368429e-01   0.0000000e+00
   7.7741706e-02   6.9368429e-01   0.0000000e+00
   7.7741706e-02   6.9368429e-01   0.0000000e+00
   7.7741706e-02   6.9368429e-01   0.0000000e+00
   7.7741706e-02   6.9368429e-01   0.0000000e+00
   7.7741706e-02   6.9368429e-01   0.0000000e+00
   7.7741706e-02   6.9804376e-01   0.0000000e+00
   6.6607302e-02   7.1650120e-01   0.0000000e+00
   6.6607302e-02   7.1650120e-01   0.0000000e+00
   6.4261350e-02   7.4125334e-01   0.0000000e+00
   5.3605399e-02   7.7478830e-01   0.0000000e+00
   5.3605399e-02   7.7478830e-01   0.0000000e+00
   5.2070843e-02   7.6725958e-01   0.0000000e+00
   4.8516650e-02   7.9396263e-01   0.0000000e+00
   3.8637420e-02   8.0834504e-01   0.0000000e+00
   3.8637420e-02   8.0834504e-01   0.0000000e+00
   3.4893390e-02   8.2780998e-01   0.0000000e+00
   2.5101287e-02   8.6965097e-01   0.0000000e+00
   2.1649804e-02   8.8676908e-01   0.0000000e+00
   1.4161744e-02   9.1995638e-01   0.0000000e+00
   1.4161744e-02   9.1995638e-01   0.0000000e+00
   8.1817055e-03   9.4643351e-01   0.0000000e+00
   2.0655980e-03   9.9689154e-01   0.0000000e+00
   0.0000000e+00   1.0636684e+00   0.0000000e+00
