   8.4765415e-01   6.7144338e-02   0.0000000e+00
   8.4765415e-01   6.7058937e-02   0.0000000e+00
   8.4765415e-01   5.5924947e-02   0.0000000e+00
   8.4765415e-01   5.5924947e-02   0.0000000e+00
   8.4765415e-01   5.3995239e-02   0.0000000e+00
   8.4765415e-01   5.3329582e-02   0.0000000e+00
   8.4765415e-01   5.3329582e-02   0.0000000e+00
   8.4765415e-01   4.1257404e-02   0.0000000e+00
   8.4765415e-01   4.1257404e-02   0.0000000e+00
   8.4717167e-01  -6.1028003e-04   0.0000000e+00
   8.4694517e-01   1.3545617e-02   0.0000000e+00
   8.4694517e-01   1.3545617e-02   0.0000000e+00
   8.4694517e-01   1.3545617e-02   0.0000000e+00
   8.4694517e-01   1.3545617e-02   0.0000000e+00
   8.3944383e-01   2.5130097e-02   0.0000000e+00
   8.3944383e-01   2.5130097e-02   0.0000000e+00
   8.3944383e-01   2.5130097e-02   0.0000000e+00
   8.3944383e-01   2.5130097e-02   0.0000000e+00
   8.3944383e-01   3.2622539e-02   0.0000000e+00
   8.3944383e-01   5.3130286e-02   0.0000000e+00
   8.3626205e-01   5.0346119e-02   0.0000000e+00
   8.3626205e-01   5.0346119e-02   0.0000000e+00
   8.3308027e-01   7.2443224e-02   0.0000000e+00
   8.3308027e-01   7.1592933e-02   0.0000000e+00
   8.3308027e-01   7.1592933e-02   0.0000000e+00
   8.3308027e-01   7.1592933e-02   0.0000000e+00
   8.3308027e-01   7.1592933e-02   0.0000000e+00
   8.3308027e-01   7.1592933e-02   0.0000000e+00
   8.2976987e-01   9.4573057e-02   0.0000000e+00
   8.2976987e-01   9.4573057e-02   0.0000000e+00
   8.2976987e-01   9.4573057e-02   0.0000000e+00
   8.2976987e-01   9.4573057e-02   0.0000000e+00
   8.2645947e-01   1.0352220e-01   0.0000000e+00
   8.2645947e-01   1.0352220e-01   0.0000000e+00
   8.2645947e-01   1.0352220e-01   0.0000000e+00
   8.2645947e-01   1.2508751e-01   0.0000000e+00
   8.2462557e-01   1.4864953e-01   0.0000000e+00
   8.2462557e-01   1.4864953e-01   0.0000000e+00
   8.2628077e-01   1.5743221e-01   0.0000000e+00
   8.2628077e-01   1.5743221e-01   0.0000000e+00
   8.2628077e-01   1.5743221e-01   0.0000000e+00
   8.2628077e-01   1.5743221e-01   0.0000000e+00
   8.2628077e-01   1.5743221e-01   0.0000000e+00
   8.2628077e-01   1.5743221e-01   0.0000000e+00
   8.2628077e-01   1.5743221e-01   0.0000000e+00
   8.2607082e-01   1.5424423e-01   0.0000000e+00
   8.2586086e-01   1.9682461e-01   0.0000000e+00
   8.2586086e-01   1.9682461e-01   0.0000000e+00
   8.2586086e-01   1.9682461e-01   0.0000000e+00
   8.2586086e-01   1.9682461e-01   0.0000000e+00
   8.2586086e-01   2.4247386e-01   0.0000000e+00
   8.2586086e-01   2.4247386e-01   0.0000000e+00
   8.2582961e-01   2.4237162e-01   0.0000000e+00
   8.2582961e-01   2.4237162e-01   0.0000000e+00
   8.2581398e-01   2.4683055e-01   0.0000000e+00
   8.2581398e-01   2.4683055e-01   0.0000000e+00
   8.2579836e-01   2.5261312e-01   0.0000000e+00
   8.2579836e-01   2.5261312e-01   0.0000000e+00
   8.2579836e-01   2.5261312e-01   0.0000000e+00
   8.2579836e-01   2.6327977e-01   0.0000000e+00
   8.2579836e-01   2.6327977e-01   0.0000000e+00
   8.2579836e-01   2.6327977e-01   0.0000000e+00
   8.2579836e-01   2.6349492e-01   0.0000000e+00
   8.2579836e-01   2.6349492e-01   0.0000000e+00
   8.2579836e-01   2.6349492e-01   0.0000000e+00
   6.3489174e-01   3.1375219e-01   0.0000000e+00
   6.3489174e-01   3.1375219e-01   0.0000000e+00
   6.3489174e-01   3.0635339e-01   0.0000000e+00
   6.3489174e-01   3.0635339e-01   0.0000000e+00
   6.3489174e-01   3.0635339e-01   0.0000000e+00
   6.3489174e-01   3.1375219e-01   0.0000000e+00
   6.3489174e-01   3.1375219e-01   0.0000000e+00
   6.3489174e-01   3.0058611e-01   0.0000000e+00
   6.3489174e-01   3.0058611e-01   0.0000000e+00
   6.3489174e-01   3.0058611e-01   0.0000000e+00
   6.3489174e-01   3.0058611e-01   0.0000000e+00
   4.4668691e-01   3.2315619e-01   0.0000000e+00
   4.4668691e-01   3.2315619e-01   0.0000000e+00
   4.4668691e-01   3.2315619e-01   0.0000000e+00
   4.4668691e-01   3.2315619e-01   0.0000000e+00
   4.4668691e-01   3.2315619e-01   0.0000000e+00
   4.4668691e-01   3.2315619e-01   0.0000000e+00
   4.4668691e-01   3.2315619e-01   0.0000000e+00
   4.4668691e-01   3.2315619e-01   0.0000000e+00
   4.4668691e-01   3.3167435e-01   0.0000000e+00
   4.4668691e-01   3.3167435e-01   0.0000000e+00
   4.4668691e-01   3.3167435e-01   0.0000000e+00
   4.4668691e-01   3.3167435e-01   0.0000000e+00
   4.4668691e-01   3.3167435e-01   0.0000000e+00
   4.4668691e-01   3.3939103e-01   0.0000000e+00
   4.4668691e-01   3.3939103e-01   0.0000000e+00
   4.4439090e-01   3.4370655e-01   0.0000000e+00
   4.4439090e-01   3.4370655e-01   0.0000000e+00
   4.4439090e-01   3.5811626e-01   0.0000000e+00
   4.4439090e-01   3.5811626e-01   0.0000000e+00
   4.4439090e-01   3.5811626e-01   0.0000000e+00
   4.4439090e-01   3.5811626e-01   0.0000000e+00
   4.4439090e-01   3.5811626e-01   0.0000000e+00
   4.4439090e-01   3.5811626e-01   0.0000000e+00
   4.4439090e-01   3.5811626e-01   0.0000000e+00
   4.4439090e-01   3.5077654e-01   0.0000000e+00
   4.4439090e-01   3.9236207e-01   0.0000000e+00
   4.4439090e-01   3.9236207e-01   0.0000000e+00
   4.4439090e-01   3.7579200e-01   0.0000000e+00
   4.4439090e-01   3.8943511e-01   0.0000000e+00
   4.4439090e-01   3.8943511e-01   0.0000000e+00
   4.4439090e-01   3.6425280e-01   0.0000000e+00
   4.4401376e-01   3.6830384e-01   0.0000000e+00
   4.4401376e-01   3.6830384e-01   0.0000000e+00
   4.4401376e-01   3.6830384e-01   0.0000000e+00
   4.4401376e-01   3.6830384e-01   0.0000000e+00
   4.4401376e-01   3.6830384e-01   0.0000000e+00
   4.4401376e-01   3.6830384e-01   0.0000000e+00
   2.5338933e-01   4.4892357e-01   0.0000000e+00
   2.5338933e-01   4.4892357e-01   0.0000000e+00
   2.5338933e-01   4.4892357e-01   0.0000000e+00
   2.5338933e-01   4.4892357e-01   0.0000000e+00
   2.5338933e-01   4.4892357e-01   0.0000000e+00
   2.5338933e-01   4.4892357e-01   0.0000000e+00
   2.5338933e-01   4.4892357e-01   0.0000000e+00
   2.5338933e-01   4.4892357e-01   0.0000000e+00
   2.5338933e-01   4.4879868e-01   0.0000000e+00
   2.5338933e-01   4.4462586e-01   0.0000000e+00
   2.5338933e-01   4.4462586e-01   0.0000000e+00
   2.5338933e-01   4.4462586e-01   0.0000000e+00
   2.5338933e-01   4.4462586e-01   0.0000000e+00
   2.5338933e-01   4.4462586e-01   0.0000000e+00
   2.5338933e-01   4.4462586e-01   0.0000000e+00
   2.5338933e-01   4.4462586e-01   0.0000000e+00
   2.5338933e-01   4.4462586e-01   0.0000000e+00
   2.5267078e-01   4.4446930e-01   0.0000000e+00
   2.5267078e-01   4.4446930e-01   0.0000000e+00
   2.5267078e-01   4.4446930e-01   0.0000000e+00
   2.5231151e-01   4.6359651e-01   0.0000000e+00
   2.5231151e-01   4.6359651e-01   0.0000000e+00
   2.5213187e-01   4.8717933e-01   0.0000000e+00
   2.5213187e-01   4.8717933e-01   0.0000000e+00
   2.5213187e-01   4.8717933e-01   0.0000000e+00
   2.5195224e-01   5.3739339e-01   0.0000000e+00
   2.5195224e-01   5.3739339e-01   0.0000000e+00
   2.5195224e-01   5.3739339e-01   0.0000000e+00
   2.5195224e-01   5.3739339e-01   0.0000000e+00
   2.5195224e-01   5.3739339e-01   0.0000000e+00
   2.5195224e-01   5.3739339e-01   0.0000000e+00
   2.5195224e-01   5.3739339e-01   0.0000000e+00
   2.5195224e-01   5.3739339e-01   0.0000000e+00
   2.5195224e-01   5.4098349e-01   0.0000000e+00
   2.5142047e-01   3.6453706e-01   0.0000000e+00
   2.5142047e-01   3.6453706e-01   0.0000000e+00
   2.5142047e-01   3.6453706e-01   0.0000000e+00
   7.5488255e-02   7.2646952e-01   0.0000000e+00
   7.5488255e-02   7.2646952e-01   0.0000000e+00
   7.5488255e-02   7.1819932e-01   0.0000000e+00
   7.5488255e-02   7.1819932e-01   0.0000000e+00
   7.8678875e-02   7.0462471e-01   0.0000000e+00
   7.8678875e-02   6.9688751e-01   0.0000000e+00
   7.8678875e-02   6.9688751e-01   0.0000000e+00
   7.8678875e-02   6.9264806e-01   0.0000000e+00
   7.8678875e-02   6.9264806e-01   0.0000000e+00
   7.8678875e-02   6.9264806e-01   0.0000000e+00
   7.8678875e-02   6.9264806e-01   0.0000000e+00
   7.8678875e-02   6.9264806e-01   0.0000000e+00
   7.8678875e-02   6.9264806e-01   0.0000000e+00
   7.8678875e-02   6.9264806e-01   0.0000000e+00
   7.8678875e-02   6.9264806e-01   0.0000000e+00
   7.8678875e-02   6.9271935e-01   0.0000000e+00
   7.8678875e-02   6.9685917e-01   0.0000000e+00
   7.8678875e-02   6.9685917e-01   0.0000000e+00
   7.8678875e-02   6.9685917e-01   0.0000000e+00
   7.8678875e-02   6.9030511e-01   0.0000000e+00
   7.8678875e-02   6.9030511e-01   0.0000000e+00
   7.8678875e-02   6.9030511e-01   0.0000000e+00
   7.8678875e-02   6.9030511e-01   0.0000000e+00
   7.8678875e-02   6.9030511e-01   0.0000000e+00
   7.8678875e-02   6.9030511e-01   0.0000000e+00
   7.8678875e-02   6.9030511e-01   0.0000000e+00
   7.8678875e-02   6.9030511e-01   0.0000000e+00
   7.8678875e-02   6.9113373e-01   0.0000000e+00
   7.8678875e-02   6.9113373e-01   0.0000000e+00
   7.8678875e-02   6.9113373e-01   0.0000000e+00
   7.4365330e-02   7.1053649e-01   0.0000000e+00
   7.0051785e-02   7.1090971e-01   0.0000000e+00
   7.0051785e-02   7.2245783e-01   0.0000000e+00
   6.3911593e-02   7.2326272e-01   0.0000000e+00
   6.3911593e-02   7.2326272e-01   0.0000000e+00
   5.4047389e-02   7.8100367e-01   0.0000000e+00
   5.4047389e-02   7.8100367e-01   0.0000000e+00
   4.8874992e-02   7.8768572e-01   0.0000000e+00
   4.8874992e-02   7.8768572e-01   0.0000000e+00
   4.6198996e-02   8.5613933e-01   0.0000000e+00
   4.2311380e-02   8.7426640e-01   0.0000000e+00
   3.1966586e-02   8.9214040e-01   0.0000000e+00
   3.1966586e-02   8.9214040e-01   0.0000000e+00
   2.9543348e-02   9.2873110e-01   0.0000000e+00
   2.0410172e-02   9.5754492e-01   0.0000000e+00
   2.0410172e-02   9.5754492e-01   0.0000000e+00
   1.4771674e-02   1.0354826e+00   0.0000000e+00
   8.8537589e-03   1.0455577e+00   0.0000000e+00
   4.4268795e-03   1.1053832e+00   0.0000000e+00
   0.0000000e+00   1.2001907e+00   0.0000000e+00
