   8.4900312e-01  -4.3255832e-01   0.0000000e+00
   8.4900312e-01  -4.3255832e-01   0.0000000e+00
   8.4900312e-01  -4.3255832e-01   0.0000000e+00
   8.4900312e-01  -4.3255832e-01   0.0000000e+00
   8.4900312e-01  -4.5331287e-01   0.0000000e+00
   8.4061962e-01  -4.5128684e-01   0.0000000e+00
   8.4061962e-01  -4.5128684e-01   0.0000000e+00
   8.4061962e-01  -4.5128684e-01   0.0000000e+00
   8.4061962e-01  -4.4637598e-01   0.0000000e+00
   8.4061962e-01  -4.4637598e-01   0.0000000e+00
   8.4061962e-01  -4.4637598e-01   0.0000000e+00
   8.4061962e-01  -4.4637598e-01   0.0000000e+00
   8.4061962e-01  -4.4637598e-01   0.0000000e+00
   8.4061962e-01  -4.4637598e-01   0.0000000e+00
   8.4061962e-01  -4.4637598e-01   0.0000000e+00
   8.4061962e-01  -4.4637598e-01   0.0000000e+00
   8.4061962e-01  -4.4637598e-01   0.0000000e+00
   8.3918766e-01  -3.9266382e-01   0.0000000e+00
   8.3918766e-01  -3.9266382e-01   0.0000000e+00
   8.3918766e-01  -3.9266382e-01   0.0000000e+00
   8.3546230e-01  -3.9306024e-01   0.0000000e+00
   8.3546230e-01  -3.9306024e-01   0.0000000e+00
   8.3546230e-01  -3.9306024e-01   0.0000000e+00
   8.3546230e-01  -3.9306024e-01   0.0000000e+00
   8.3546230e-01  -3.9306024e-01   0.0000000e+00
   8.3546230e-01  -3.5159696e-01   0.0000000e+00
   8.3546230e-01  -3.5159696e-01   0.0000000e+00
   8.3359962e-01  -3.3802594e-01   0.0000000e+00
   8.3238674e-01  -3.3694989e-01   0.0000000e+00
   8.3238674e-01  -3.3694989e-01   0.0000000e+00
   8.3192868e-01  -3.2569312e-01   0.0000000e+00
   8.3192868e-01  -3.2569312e-01   0.0000000e+00
   8.3147062e-01  -3.0921264e-01   0.0000000e+00
   8.3147062e-01  -3.0921264e-01   0.0000000e+00
   8.3147062e-01  -3.0921264e-01   0.0000000e+00
   8.3147062e-01  -3.0921264e-01   0.0000000e+00
   8.3147062e-01  -3.0044357e-01   0.0000000e+00
   8.3147062e-01  -3.0044357e-01   0.0000000e+00
   8.3147062e-01  -3.0044357e-01   0.0000000e+00
   8.3147062e-01  -3.0044357e-01   0.0000000e+00
   8.3147062e-01  -3.0044357e-01   0.0000000e+00
   8.3072659e-01  -3.1113944e-01   0.0000000e+00
   8.3072659e-01  -3.1113944e-01   0.0000000e+00
   8.3072659e-01  -3.1113944e-01   0.0000000e+00
   8.3072659e-01  -3.1113944e-01   0.0000000e+00
   8.2967668e-01  -2.7510581e-01   0.0000000e+00
   8.2967668e-01  -2.7510581e-01   0.0000000e+00
   8.2967668e-01  -2.7510581e-01   0.0000000e+00
   8.2967668e-01  -2.2851252e-01   0.0000000e+00
   8.2967668e-01  -2.2851252e-01   0.0000000e+00
   8.2967668e-01  -2.2851252e-01   0.0000000e+00
   8.2967668e-01  -2.2851252e-01   0.0000000e+00
   8.2967668e-01  -1.8295857e-01   0.0000000e+00
   8.2967668e-01  -1.8295857e-01   0.0000000e+00
   8.2967668e-01  -1.8295857e-01   0.0000000e+00
   8.2967668e-01  -1.8295857e-01   0.0000000e+00
   8.2967668e-01  -1.4373017e-01   0.0000000e+00
   8.2967668e-01  -1.3566505e-01   0.0000000e+00
   8.2967668e-01  -1.4373017e-01   0.0000000e+00
   8.2967668e-01  -1.4769414e-01   0.0000000e+00
   6.5236535e-01  -1.6820503e-01   0.0000000e+00
   6.5236535e-01  -1.6820503e-01   0.0000000e+00
   6.5236535e-01  -1.6820503e-01   0.0000000e+00
   6.5236535e-01  -1.6820503e-01   0.0000000e+00
   6.5236535e-01  -1.6820503e-01   0.0000000e+00
   6.4736013e-01  -1.6236080e-01   0.0000000e+00
   6.4736013e-01  -1.6236080e-01   0.0000000e+00
   6.4736013e-01  -1.6236080e-01   0.0000000e+00
   6.4736013e-01  -1.6236080e-01   0.0000000e+00
   6.4736013e-01  -1.6236080e-01   0.0000000e+00
   6.4736013e-01  -1.6236080e-01   0.0000000e+00
   6.4736013e-01  -1.1240989e-01   0.0000000e+00
   6.4736013e-01  -1.1240989e-01   0.0000000e+00
   6.4736013e-01  -9.4043798e-02   0.0000000e+00
   6.4736013e-01  -8.7308908e-02   0.0000000e+00
   6.4736013e-01  -8.7308908e-02   0.0000000e+00
   6.4736013e-01  -8.7308908e-02   0.0000000e+00
   6.4736013e-01  -8.7308908e-02   0.0000000e+00
   6.4103158e-01  -5.3025336e-02   0.0000000e+00
   6.4103158e-01  -5.7327363e-02   0.0000000e+00
   6.4103158e-01  -5.7327363e-02   0.0000000e+00
   6.3944945e-01  -4.2566262e-02   0.0000000e+00
   6.3786731e-01  -2.3274749e-02   0.0000000e+00
   6.3786731e-01  -2.3274749e-02   0.0000000e+00
   6.3786731e-01  -2.3274749e-02   0.0000000e+00
   6.3312090e-01   6.6808062e-03   0.0000000e+00
   6.3312090e-01   6.6808062e-03   0.0000000e+00
   6.3153876e-01   2.2866679e-02   0.0000000e+00
   6.3153876e-01   2.2866679e-02   0.0000000e+00
   6.3153876e-01   4.1790151e-02   0.0000000e+00
   6.3153876e-01   4.2782645e-02   0.0000000e+00
   6.3153876e-01   4.2782645e-02   0.0000000e+00
   6.3153876e-01   4.2782645e-02   0.0000000e+00
   6.3114323e-01   5.2017473e-02   0.0000000e+00
   6.3114323e-01   5.2017473e-02   0.0000000e+00
   6.3054993e-01   7.3156897e-02   0.0000000e+00
   6.3054993e-01   7.3156897e-02   0.0000000e+00
   6.3054993e-01   7.3156897e-02   0.0000000e+00
   6.3054993e-01   7.3156897e-02   0.0000000e+00
   6.3054993e-01   7.3156897e-02   0.0000000e+00
   6.3054993e-01   7.3156897e-02   0.0000000e+00
   6.3054993e-01   7.3156897e-02   0.0000000e+00
   6.3054993e-01   7.3156897e-02   0.0000000e+00
   6.3054993e-01   7.3156897e-02   0.0000000e+00
   4.4873037e-01   2.1081105e-01   0.0000000e+00
   4.4873037e-01   1.9073572e-01   0.0000000e+00
   4.4873037e-01   1.9000372e-01   0.0000000e+00
   4.4873037e-01   1.8748848e-01   0.0000000e+00
   4.4873037e-01   1.8748848e-01   0.0000000e+00
   4.4873037e-01   1.8748848e-01   0.0000000e+00
   4.4873037e-01   1.8748848e-01   0.0000000e+00
   4.4873037e-01   1.8748848e-01   0.0000000e+00
   4.4873037e-01   1.8748848e-01   0.0000000e+00
   4.4873037e-01   1.8714850e-01   0.0000000e+00
   4.4873037e-01   1.8714850e-01   0.0000000e+00
   4.4873037e-01   1.8714850e-01   0.0000000e+00
   4.4873037e-01   1.8714850e-01   0.0000000e+00
   4.4873037e-01   1.8714850e-01   0.0000000e+00
   4.4248814e-01   1.8462876e-01   0.0000000e+00
   4.4248814e-01   1.8462876e-01   0.0000000e+00
   4.4248814e-01   1.8462876e-01   0.0000000e+00
   4.4248814e-01   1.8462876e-01   0.0000000e+00
   4.4248814e-01   1.8722548e-01   0.0000000e+00
   4.4248814e-01   1.8722548e-01   0.0000000e+00
   4.4248814e-01   1.8722548e-01   0.0000000e+00
   4.4248814e-01   1.8722548e-01   0.0000000e+00
   4.3692334e-01   2.9412836e-01   0.0000000e+00
   4.3692334e-01   2.9744479e-01   0.0000000e+00
   4.3692334e-01   2.9744479e-01   0.0000000e+00
   4.3692334e-01   2.9744479e-01   0.0000000e+00
   4.3326253e-01   3.4915020e-01   0.0000000e+00
   4.3326253e-01   3.4915020e-01   0.0000000e+00
   4.3326253e-01   3.8437610e-01   0.0000000e+00
   4.3326253e-01   3.9798344e-01   0.0000000e+00
   4.3326253e-01   3.9798344e-01   0.0000000e+00
   4.2960173e-01   4.2895492e-01   0.0000000e+00
   4.2960173e-01   4.2895492e-01   0.0000000e+00
   4.2594092e-01   4.6852230e-01   0.0000000e+00
   4.2594092e-01   4.8089423e-01   0.0000000e+00
   4.2594092e-01   4.8089423e-01   0.0000000e+00
   2.5747327e-01   5.2659668e-01   0.0000000e+00
   2.5747327e-01   5.2005299e-01   0.0000000e+00
   2.5747327e-01   5.2005299e-01   0.0000000e+00
   2.5747327e-01   5.2005299e-01   0.0000000e+00
   2.5747327e-01   5.2005299e-01   0.0000000e+00
   2.5747327e-01   5.2005299e-01   0.0000000e+00
   2.5747327e-01   5.2005299e-01   0.0000000e+00
   2.5747327e-01   5.2005299e-01   0.0000000e+00
   2.5747327e-01   5.2005299e-01   0.0000000e+00
   2.5747327e-01   5.0000152e-01   0.0000000e+00
   2.5747327e-01   4.9858262e-01   0.0000000e+00
   2.5747327e-01   4.9858262e-01   0.0000000e+00
   2.5747327e-01   4.9218944e-01   0.0000000e+00
   2.5747327e-01   4.9218944e-01   0.0000000e+00
   2.5747327e-01   4.9218944e-01   0.0000000e+00
   2.3900982e-01   4.9208269e-01   0.0000000e+00
   2.3900982e-01   4.9208269e-01   0.0000000e+00
   2.3900982e-01   4.9208269e-01   0.0000000e+00
   2.3900982e-01   4.9208269e-01   0.0000000e+00
   2.3900982e-01   4.9208269e-01   0.0000000e+00
   2.3900982e-01   5.1041890e-01   0.0000000e+00
   2.2977810e-01   5.2765312e-01   0.0000000e+00
   2.2285430e-01   5.3166229e-01   0.0000000e+00
   2.2054637e-01   5.3714827e-01   0.0000000e+00
   2.2054637e-01   5.3714827e-01   0.0000000e+00
   2.1593051e-01   5.8555408e-01   0.0000000e+00
   2.1362258e-01   6.0566004e-01   0.0000000e+00
   2.1362258e-01   6.0566004e-01   0.0000000e+00
   2.1362258e-01   6.0566004e-01   0.0000000e+00
   6.7958266e-02   7.2271713e-01   0.0000000e+00
   6.7958266e-02   7.2271713e-01   0.0000000e+00
   6.7958266e-02   7.2271713e-01   0.0000000e+00
   6.7958266e-02   7.2271713e-01   0.0000000e+00
   6.7958266e-02   7.2271713e-01   0.0000000e+00
   6.7958266e-02   7.2271713e-01   0.0000000e+00
   6.7958266e-02   7.2271713e-01   0.0000000e+00
   6.7958266e-02   7.2271713e-01   0.0000000e+00
   6.7958266e-02   7.2890905e-01   0.0000000e+00
   6.7958266e-02   7.2890905e-01   0.0000000e+00
   6.7958266e-02   7.2890905e-01   0.0000000e+00
   6.7958266e-02   7.2890905e-01   0.0000000e+00
   6.5079879e-02   7.3406219e-01   0.0000000e+00
   6.5079879e-02   7.3406219e-01   0.0000000e+00
   6.7958266e-02   7.4152936e-01   0.0000000e+00
   6.7958266e-02   7.5081463e-01   0.0000000e+00
   6.7958266e-02   7.5081463e-01   0.0000000e+00
   6.7958266e-02   7.5081463e-01   0.0000000e+00
   7.3715040e-02   7.5091888e-01   0.0000000e+00
   7.1556250e-02   7.5362211e-01   0.0000000e+00
   6.2921089e-02   7.7316543e-01   0.0000000e+00
   5.9338649e-02   8.1847448e-01   0.0000000e+00
   5.0687945e-02   8.2622488e-01   0.0000000e+00
   4.7809558e-02   8.4195636e-01   0.0000000e+00
   3.9007074e-02   8.8886637e-01   0.0000000e+00
   3.3386537e-02   9.2610518e-01   0.0000000e+00
   1.6085129e-02   9.8300537e-01   0.0000000e+00
   1.6085129e-02   9.8300537e-01   0.0000000e+00
   1.6085129e-02   1.0371350e+00   0.0000000e+00
   3.9644625e-03   1.1233861e+00   0.0000000e+00
   0.0000000e+00   1.2405176e+00   0.0000000e+00
