   8.4697192e-01  -1.6923403e-01   0.0000000e+00
   8.4697192e-01  -1.6923403e-01   0.0000000e+00
   8.4697192e-01  -1.6923403e-01   0.0000000e+00
   8.4697192e-01  -1.6923403e-01   0.0000000e+00
   8.4697192e-01  -1.6923403e-01   0.0000000e+00
   8.4642952e-01  -1.6404164e-01   0.0000000e+00
   8.4642952e-01  -1.6348347e-01   0.0000000e+00
   8.4520912e-01  -1.5659448e-01   0.0000000e+00
   8.4202634e-01  -1.7162690e-01   0.0000000e+00
   8.4202634e-01  -1.6268418e-01   0.0000000e+00
   8.4202634e-01  -1.6268418e-01   0.0000000e+00
   8.4202634e-01  -1.6268418e-01   0.0000000e+00
   8.4202634e-01  -1.6268418e-01   0.0000000e+00
   8.4202634e-01  -1.6268418e-01   0.0000000e+00
   8.4202634e-01  -1.6268418e-01   0.0000000e+00
   8.3868571e-01  -1.2090604e-01   0.0000000e+00
   8.3868571e-01  -1.2090604e-01   0.0000000e+00
   8.3868571e-01  -1.1077107e-01   0.0000000e+00
   8.3534508e-01  -1.0258508e-01   0.0000000e+00
   8.3534508e-01  -1.0258508e-01   0.0000000e+00
   8.3534508e-01  -1.0258508e-01   0.0000000e+00
   8.3534508e-01  -9.0216451e-02   0.0000000e+00
   8.3534508e-01  -9.0216451e-02   0.0000000e+00
   8.3534508e-01  -8.5354601e-02   0.0000000e+00
   8.3534508e-01  -8.5354601e-02   0.0000000e+00
   8.3423154e-01  -6.6733539e-02   0.0000000e+00
   8.3423154e-01  -6.6733539e-02   0.0000000e+00
   8.3423154e-01  -6.6733539e-02   0.0000000e+00
   8.3423154e-01  -6.6733539e-02   0.0000000e+00
   8.3311799e-01  -4.4756377e-02   0.0000000e+00
   8.3311799e-01  -4.0377640e-02   0.0000000e+00
   8.3311799e-01  -3.2935437e-02   0.0000000e+00
   8.3311799e-01  -2.8239106e-02   0.0000000e+00
   8.3311799e-01  -2.8239106e-02   0.0000000e+00
   8.3311799e-01  -2.8239106e-02   0.0000000e+00
   8.3311799e-01  -3.2935437e-02   0.0000000e+00
   8.3311799e-01  -1.6703438e-02   0.0000000e+00
   8.3311799e-01  -1.6703438e-02   0.0000000e+00
   8.3311799e-01  -2.9708804e-02   0.0000000e+00
   8.3311799e-01  -2.9708804e-02   0.0000000e+00
   6.4396354e-01   1.5393991e-02   0.0000000e+00
   6.4396354e-01   1.5393991e-02   0.0000000e+00
   6.4396354e-01   1.5393991e-02   0.0000000e+00
   6.4396354e-01   1.1159290e-02   0.0000000e+00
   6.4396354e-01   1.1159290e-02   0.0000000e+00
   6.4396354e-01   1.1159290e-02   0.0000000e+00
   6.4396354e-01   1.1159290e-02   0.0000000e+00
   6.4396354e-01   1.1159290e-02   0.0000000e+00
   6.4396354e-01   1.5393991e-02   0.0000000e+00
   6.3229697e-01   2.1766882e-02   0.0000000e+00
   6.3229697e-01   2.2044748e-02   0.0000000e+00
   6.3229697e-01   2.2044748e-02   0.0000000e+00
   6.3229697e-01   2.2044748e-02   0.0000000e+00
   6.3229697e-01   2.2044748e-02   0.0000000e+00
   6.3229697e-01   2.2044748e-02   0.0000000e+00
   6.2984698e-01   4.6654151e-02   0.0000000e+00
   6.2984698e-01   4.6654151e-02   0.0000000e+00
   6.2984698e-01   4.6654151e-02   0.0000000e+00
   6.2984698e-01   7.1457773e-02   0.0000000e+00
   6.2821365e-01   7.4747126e-02   0.0000000e+00
   6.2821365e-01   7.4747126e-02   0.0000000e+00
   6.2821365e-01   8.5886614e-02   0.0000000e+00
   6.2821365e-01   8.5886614e-02   0.0000000e+00
   6.2739699e-01   1.0463919e-01   0.0000000e+00
   6.2739699e-01   1.0463919e-01   0.0000000e+00
   6.2739699e-01   1.1061041e-01   0.0000000e+00
   6.2739699e-01   1.1061041e-01   0.0000000e+00
   6.2739699e-01   1.1061041e-01   0.0000000e+00
   6.2739699e-01   1.1061041e-01   0.0000000e+00
   6.2739699e-01   1.1061041e-01   0.0000000e+00
   6.2739699e-01   1.1061041e-01   0.0000000e+00
   6.2739699e-01   1.1061041e-01   0.0000000e+00
   6.2739699e-01   1.0901089e-01   0.0000000e+00
   6.2739699e-01   9.7698344e-02   0.0000000e+00
   6.2739699e-01   9.7698344e-02   0.0000000e+00
   6.2739699e-01   9.1686297e-02   0.0000000e+00
   6.2739699e-01   9.1686297e-02   0.0000000e+00
   6.2739699e-01   9.1686297e-02   0.0000000e+00
   6.2739699e-01   8.0578703e-02   0.0000000e+00
   4.4968939e-01   1.6874739e-01   0.0000000e+00
   4.4968939e-01   1.6874739e-01   0.0000000e+00
   4.4968939e-01   1.5943014e-01   0.0000000e+00
   4.4968939e-01   1.5943014e-01   0.0000000e+00
   4.4968939e-01   1.5943014e-01   0.0000000e+00
   4.4968939e-01   1.3916098e-01   0.0000000e+00
   4.4968939e-01   1.3916098e-01   0.0000000e+00
   4.4968939e-01   1.3916098e-01   0.0000000e+00
   4.4968939e-01   1.5943014e-01   0.0000000e+00
   4.4176870e-01   1.6450929e-01   0.0000000e+00
   4.4176870e-01   1.6450929e-01   0.0000000e+00
   4.4176870e-01   1.6450929e-01   0.0000000e+00
   4.4176870e-01   1.6450929e-01   0.0000000e+00
   4.4112107e-01   1.7134938e-01   0.0000000e+00
   4.4112107e-01   1.7134938e-01   0.0000000e+00
   4.4112107e-01   1.7134938e-01   0.0000000e+00
   4.4112107e-01   1.7134938e-01   0.0000000e+00
   4.4112107e-01   2.0159521e-01   0.0000000e+00
   4.4112107e-01   2.0159521e-01   0.0000000e+00
   4.3815313e-01   2.2506425e-01   0.0000000e+00
   4.3815313e-01   2.2506425e-01   0.0000000e+00
   4.3778694e-01   2.4157126e-01   0.0000000e+00
   4.3778694e-01   2.5402661e-01   0.0000000e+00
   4.3380921e-01   2.6228306e-01   0.0000000e+00
   4.3380921e-01   2.6228306e-01   0.0000000e+00
   4.3380921e-01   2.6228306e-01   0.0000000e+00
   4.2983149e-01   2.9375834e-01   0.0000000e+00
   4.2983149e-01   3.0162439e-01   0.0000000e+00
   4.2983149e-01   3.0506919e-01   0.0000000e+00
   4.2983149e-01   3.0506919e-01   0.0000000e+00
   4.2983149e-01   3.3400021e-01   0.0000000e+00
   4.2983149e-01   3.3718689e-01   0.0000000e+00
   4.2983149e-01   3.3400021e-01   0.0000000e+00
   4.2983149e-01   3.3400021e-01   0.0000000e+00
   4.2983149e-01   3.3400021e-01   0.0000000e+00
   2.5768837e-01   3.8608980e-01   0.0000000e+00
   2.5768837e-01   3.5697814e-01   0.0000000e+00
   2.5617312e-01   3.4222467e-01   0.0000000e+00
   2.5617312e-01   3.4222467e-01   0.0000000e+00
   2.5465786e-01   3.2618149e-01   0.0000000e+00
   2.5465786e-01   3.2618149e-01   0.0000000e+00
   2.5465786e-01   3.2618149e-01   0.0000000e+00
   2.5465786e-01   3.2618149e-01   0.0000000e+00
   2.5465786e-01   3.2471833e-01   0.0000000e+00
   2.5465786e-01   3.2471833e-01   0.0000000e+00
   2.5465786e-01   3.2471833e-01   0.0000000e+00
   2.5465786e-01   3.0732748e-01   0.0000000e+00
   2.5465786e-01   3.0732748e-01   0.0000000e+00
   2.5465786e-01   3.0732748e-01   0.0000000e+00
   2.5465786e-01   3.0732748e-01   0.0000000e+00
   2.5465786e-01   3.0732748e-01   0.0000000e+00
   2.5546939e-01   3.0549672e-01   0.0000000e+00
   2.5546939e-01   3.0549672e-01   0.0000000e+00
   2.5357581e-01   3.1120487e-01   0.0000000e+00
   2.5357581e-01   3.1861132e-01   0.0000000e+00
   2.5357581e-01   3.1861132e-01   0.0000000e+00
   2.5357581e-01   3.1861132e-01   0.0000000e+00
   2.5249376e-01   3.5029104e-01   0.0000000e+00
   2.5195273e-01   3.7007832e-01   0.0000000e+00
   2.4870659e-01   3.7326120e-01   0.0000000e+00
   2.4383737e-01   3.8433013e-01   0.0000000e+00
   2.4383737e-01   3.8898231e-01   0.0000000e+00
   2.4383737e-01   3.8898231e-01   0.0000000e+00
   2.3977968e-01   4.1567056e-01   0.0000000e+00
   2.3977968e-01   4.1567056e-01   0.0000000e+00
   2.3977968e-01   4.3493183e-01   0.0000000e+00
   2.3977968e-01   4.5660830e-01   0.0000000e+00
   2.3977968e-01   4.5660830e-01   0.0000000e+00
   2.3417062e-01   4.5539797e-01   0.0000000e+00
   2.2527299e-01   4.8004567e-01   0.0000000e+00
   2.2527299e-01   4.8004567e-01   0.0000000e+00
   2.1637537e-01   4.9701616e-01   0.0000000e+00
   2.1637537e-01   4.9701616e-01   0.0000000e+00
   2.1637537e-01   4.9701616e-01   0.0000000e+00
   2.1383319e-01   5.3123509e-01   0.0000000e+00
   2.1383319e-01   5.4366809e-01   0.0000000e+00
   2.1383319e-01   5.3277546e-01   0.0000000e+00
   2.1383319e-01   5.7255443e-01   0.0000000e+00
   2.1383319e-01   5.7255443e-01   0.0000000e+00
   2.1383319e-01   5.7385901e-01   0.0000000e+00
   2.1383319e-01   5.7385901e-01   0.0000000e+00
   8.5718037e-02   6.9120682e-01   0.0000000e+00
   8.5718037e-02   6.9120682e-01   0.0000000e+00
   8.7174649e-02   6.8672957e-01   0.0000000e+00
   8.4989731e-02   6.8631068e-01   0.0000000e+00
   8.2804813e-02   6.8592469e-01   0.0000000e+00
   8.2804813e-02   6.8592469e-01   0.0000000e+00
   8.2440660e-02   6.8137033e-01   0.0000000e+00
   8.2440660e-02   6.8137033e-01   0.0000000e+00
   8.2440660e-02   6.8137033e-01   0.0000000e+00
   8.3351042e-02   6.8106901e-01   0.0000000e+00
   8.3351042e-02   6.8106901e-01   0.0000000e+00
   8.3351042e-02   6.8002936e-01   0.0000000e+00
   8.3351042e-02   6.8002936e-01   0.0000000e+00
   8.3351042e-02   6.8002936e-01   0.0000000e+00
   8.3351042e-02   6.8002936e-01   0.0000000e+00
   8.3351042e-02   6.8002936e-01   0.0000000e+00
   8.3351042e-02   6.8002936e-01   0.0000000e+00
   8.3351042e-02   6.8002936e-01   0.0000000e+00
   8.3351042e-02   6.8002936e-01   0.0000000e+00
   8.3351042e-02   6.8002936e-01   0.0000000e+00
   8.3351042e-02   6.8002936e-01   0.0000000e+00
   8.4716616e-02   6.8016410e-01   0.0000000e+00
   8.0619895e-02   6.8082948e-01   0.0000000e+00
   7.4781618e-02   6.8544395e-01   0.0000000e+00
   7.1674488e-02   6.9254463e-01   0.0000000e+00
   6.2729082e-02   7.1246922e-01   0.0000000e+00
   6.2729082e-02   7.1246922e-01   0.0000000e+00
   5.1765334e-02   7.6289101e-01   0.0000000e+00
   5.1765334e-02   7.6289101e-01   0.0000000e+00
   4.7414078e-02   7.8571923e-01   0.0000000e+00
   4.7414078e-02   8.0764907e-01   0.0000000e+00
   4.3665066e-02   8.4752059e-01   0.0000000e+00
   3.2401070e-02   8.7892512e-01   0.0000000e+00
   3.2401070e-02   8.7892512e-01   0.0000000e+00
   2.6561127e-02   8.9814680e-01   0.0000000e+00
   1.6200535e-02   9.4924372e-01   0.0000000e+00
   1.6200535e-02   9.4924372e-01   0.0000000e+00
   6.5322537e-03   1.0446766e+00   0.0000000e+00
   6.5322537e-03   1.0805636e+00   0.0000000e+00
   0.0000000e+00   1.1364515e+00   0.0000000e+00
