   8.4905963e-01  -1.4359023e-01   0.0000000e+00
   8.4905963e-01  -1.4619222e-01   0.0000000e+00
   8.4905963e-01  -1.4719721e-01   0.0000000e+00
   8.4905963e-01  -1.4719721e-01   0.0000000e+00
   8.4905963e-01  -1.5640043e-01   0.0000000e+00
   8.4905963e-01  -1.4619222e-01   0.0000000e+00
   8.4905963e-01  -1.4151668e-01   0.0000000e+00
   8.4905963e-01  -1.4151668e-01   0.0000000e+00
   8.4905963e-01  -1.3187982e-01   0.0000000e+00
   8.4905963e-01  -1.3187982e-01   0.0000000e+00
   8.4905963e-01  -1.3187982e-01   0.0000000e+00
   8.4905963e-01  -1.3187982e-01   0.0000000e+00
   8.4905963e-01  -1.1560809e-01   0.0000000e+00
   8.4905963e-01  -1.1560809e-01   0.0000000e+00
   8.4905963e-01  -1.2332789e-01   0.0000000e+00
   8.4905963e-01  -1.3346195e-01   0.0000000e+00
   8.4905963e-01  -1.1380732e-01   0.0000000e+00
   8.4639397e-01  -8.8099867e-02   0.0000000e+00
   8.4639397e-01  -8.8099867e-02   0.0000000e+00
   8.4639397e-01  -8.8099867e-02   0.0000000e+00
   8.4639397e-01  -8.8099867e-02   0.0000000e+00
   8.4639397e-01  -7.6818624e-02   0.0000000e+00
   8.4639397e-01  -7.6818624e-02   0.0000000e+00
   8.3839701e-01  -6.0764504e-02   0.0000000e+00
   8.3839701e-01  -6.0178971e-02   0.0000000e+00
   8.3776544e-01  -7.8407292e-02   0.0000000e+00
   8.3776544e-01  -7.8407292e-02   0.0000000e+00
   8.3776544e-01  -7.8407292e-02   0.0000000e+00
   8.3700755e-01  -5.1002018e-02   0.0000000e+00
   8.3700755e-01  -5.1002018e-02   0.0000000e+00
   8.3700755e-01  -5.1002018e-02   0.0000000e+00
   8.3700755e-01  -5.1002018e-02   0.0000000e+00
   8.3700755e-01  -5.1002018e-02   0.0000000e+00
   8.3700755e-01  -6.4986560e-02   0.0000000e+00
   8.3700755e-01  -6.4986560e-02   0.0000000e+00
   8.3700755e-01  -6.4986560e-02   0.0000000e+00
   8.3700755e-01  -6.4986560e-02   0.0000000e+00
   8.3700755e-01  -6.4986560e-02   0.0000000e+00
   8.3700755e-01  -6.4986560e-02   0.0000000e+00
   8.3700755e-01  -6.4986560e-02   0.0000000e+00
   8.3681808e-01  -3.8980652e-02   0.0000000e+00
   8.3681808e-01  -3.8980652e-02   0.0000000e+00
   8.3681808e-01  -3.8980652e-02   0.0000000e+00
   8.3681808e-01   1.4687466e-03   0.0000000e+00
   8.3681808e-01   1.4687466e-03   0.0000000e+00
   8.3681808e-01   1.4687466e-03   0.0000000e+00
   8.3681808e-01   1.4687466e-03   0.0000000e+00
   8.3681808e-01   1.4687466e-03   0.0000000e+00
   8.3674703e-01  -1.7422534e-02   0.0000000e+00
   8.3674703e-01  -1.7422534e-02   0.0000000e+00
   8.3653388e-01  -3.6267363e-02   0.0000000e+00
   8.3610757e-01  -6.8424316e-02   0.0000000e+00
   8.3546811e-01  -5.5310740e-02   0.0000000e+00
   8.3546811e-01  -5.5310740e-02   0.0000000e+00
   8.3546811e-01  -5.5310740e-02   0.0000000e+00
   8.3546811e-01  -5.5310740e-02   0.0000000e+00
   8.3546811e-01  -8.6153405e-02   0.0000000e+00
   8.2193525e-01   1.6059716e-01   0.0000000e+00
   8.2193525e-01   1.6059716e-01   0.0000000e+00
   8.2193525e-01   1.6059716e-01   0.0000000e+00
   8.2193525e-01   1.6059716e-01   0.0000000e+00
   8.2193525e-01   1.6059716e-01   0.0000000e+00
   6.4629198e-01   2.0285719e-01   0.0000000e+00
   6.4629198e-01   2.0285719e-01   0.0000000e+00
   6.4629198e-01   2.0285719e-01   0.0000000e+00
   6.4629198e-01   1.1905997e-01   0.0000000e+00
   6.4629198e-01   1.1905997e-01   0.0000000e+00
   6.4629198e-01   1.1905997e-01   0.0000000e+00
   6.4629198e-01   1.1905997e-01   0.0000000e+00
   6.4629198e-01   1.1905997e-01   0.0000000e+00
   6.4629198e-01   1.2903830e-01   0.0000000e+00
   4.3053924e-01   1.8021330e-01   0.0000000e+00
   4.3053924e-01   1.8021330e-01   0.0000000e+00
   4.3053924e-01   1.8021330e-01   0.0000000e+00
   4.3053924e-01   1.5805985e-01   0.0000000e+00
   4.3053924e-01   1.5805985e-01   0.0000000e+00
   4.3053924e-01   1.5560923e-01   0.0000000e+00
   4.3053924e-01   1.5560923e-01   0.0000000e+00
   4.3053924e-01   1.5560923e-01   0.0000000e+00
   4.3053924e-01   1.5560923e-01   0.0000000e+00
   4.3053924e-01   1.5560923e-01   0.0000000e+00
   4.3053924e-01   1.4394925e-01   0.0000000e+00
   4.3053924e-01   1.4394925e-01   0.0000000e+00
   4.3053924e-01   1.4394925e-01   0.0000000e+00
   4.3053924e-01   1.4394925e-01   0.0000000e+00
   4.3053924e-01   1.4394925e-01   0.0000000e+00
   4.3053924e-01   1.4394925e-01   0.0000000e+00
   4.3053924e-01   1.6599827e-01   0.0000000e+00
   4.3053924e-01   1.6556638e-01   0.0000000e+00
   4.2992945e-01   1.7903145e-01   0.0000000e+00
   4.2992945e-01   1.7903145e-01   0.0000000e+00
   4.2992945e-01   1.7903145e-01   0.0000000e+00
   4.2992945e-01   1.7903145e-01   0.0000000e+00
   4.2992945e-01   1.7903145e-01   0.0000000e+00
   4.2992945e-01   1.7903145e-01   0.0000000e+00
   4.2992945e-01   2.2220686e-01   0.0000000e+00
   4.2972619e-01   2.3187780e-01   0.0000000e+00
   4.2972619e-01   2.3469367e-01   0.0000000e+00
   4.2972619e-01   2.3469367e-01   0.0000000e+00
   4.2751569e-01   2.5154196e-01   0.0000000e+00
   4.2751569e-01   2.5154196e-01   0.0000000e+00
   4.2751569e-01   2.6641662e-01   0.0000000e+00
   4.2751569e-01   2.6641662e-01   0.0000000e+00
   4.2453664e-01   2.9064642e-01   0.0000000e+00
   4.2717268e-01   2.8394305e-01   0.0000000e+00
   4.2717268e-01   3.0662015e-01   0.0000000e+00
   4.2683682e-01   3.0780289e-01   0.0000000e+00
   4.2534729e-01   3.2167899e-01   0.0000000e+00
   4.2460253e-01   3.3417918e-01   0.0000000e+00
   4.2460253e-01   3.4377367e-01   0.0000000e+00
   4.2460253e-01   3.4377367e-01   0.0000000e+00
   4.2460253e-01   3.4377367e-01   0.0000000e+00
   4.2460253e-01   3.4377367e-01   0.0000000e+00
   4.2460253e-01   3.4377367e-01   0.0000000e+00
   4.2460253e-01   3.4377367e-01   0.0000000e+00
   4.2460253e-01   3.3417918e-01   0.0000000e+00
   4.2460253e-01   3.4654650e-01   0.0000000e+00
   4.2460253e-01   3.4654650e-01   0.0000000e+00
   4.2460253e-01   3.4412306e-01   0.0000000e+00
   4.2460253e-01   3.4561447e-01   0.0000000e+00
   2.5350346e-01   4.6028483e-01   0.0000000e+00
   2.5350346e-01   4.5797998e-01   0.0000000e+00
   2.5350346e-01   4.5050983e-01   0.0000000e+00
   2.5350346e-01   4.5050983e-01   0.0000000e+00
   2.5350346e-01   4.5050983e-01   0.0000000e+00
   2.5350346e-01   4.5050983e-01   0.0000000e+00
   2.5350346e-01   4.5050983e-01   0.0000000e+00
   2.5350346e-01   4.5050983e-01   0.0000000e+00
   2.5350346e-01   4.5050983e-01   0.0000000e+00
   2.5350346e-01   4.5050983e-01   0.0000000e+00
   2.5523971e-01   4.1632064e-01   0.0000000e+00
   2.5523971e-01   4.1632064e-01   0.0000000e+00
   2.5523971e-01   4.1632064e-01   0.0000000e+00
   2.5523971e-01   4.1632064e-01   0.0000000e+00
   2.5523971e-01   4.1632064e-01   0.0000000e+00
   2.5523971e-01   4.1324272e-01   0.0000000e+00
   2.5523971e-01   4.1324272e-01   0.0000000e+00
   2.5819085e-01   3.9542187e-01   0.0000000e+00
   2.5523971e-01   4.1324272e-01   0.0000000e+00
   2.5523971e-01   4.1632064e-01   0.0000000e+00
   2.5523971e-01   4.2241956e-01   0.0000000e+00
   2.5523971e-01   4.5302748e-01   0.0000000e+00
   2.5523971e-01   4.6524453e-01   0.0000000e+00
   2.5007919e-01   4.5329293e-01   0.0000000e+00
   2.5007919e-01   4.5329293e-01   0.0000000e+00
   2.5007919e-01   4.5329293e-01   0.0000000e+00
   2.4821437e-01   5.1007758e-01   0.0000000e+00
   2.4778043e-01   5.2540083e-01   0.0000000e+00
   2.4448472e-01   5.4381687e-01   0.0000000e+00
   2.4448472e-01   5.4381687e-01   0.0000000e+00
   2.4448472e-01   5.6337277e-01   0.0000000e+00
   2.4307228e-01   5.9442136e-01   0.0000000e+00
   2.4165983e-01   5.2442117e-01   0.0000000e+00
   2.4165983e-01   5.2442117e-01   0.0000000e+00
   2.4165983e-01   6.5258422e-01   0.0000000e+00
   2.4165983e-01   6.8017870e-01   0.0000000e+00
   2.4165983e-01   6.8017870e-01   0.0000000e+00
   8.6369390e-02   7.2123246e-01   0.0000000e+00
   8.6369390e-02   7.1839939e-01   0.0000000e+00
   8.6369390e-02   7.1839939e-01   0.0000000e+00
   8.6369390e-02   7.1839939e-01   0.0000000e+00
   8.6369390e-02   7.1839939e-01   0.0000000e+00
   8.6369390e-02   7.1839939e-01   0.0000000e+00
   8.6369390e-02   7.1839939e-01   0.0000000e+00
   8.6369390e-02   7.1839939e-01   0.0000000e+00
   8.6369390e-02   7.1839939e-01   0.0000000e+00
   8.6369390e-02   7.1848486e-01   0.0000000e+00
   8.6369390e-02   7.1848486e-01   0.0000000e+00
   8.6369390e-02   7.1679974e-01   0.0000000e+00
   8.6369390e-02   7.1679974e-01   0.0000000e+00
   8.6369390e-02   7.1679974e-01   0.0000000e+00
   8.6369390e-02   7.1662307e-01   0.0000000e+00
   8.6369390e-02   7.1662307e-01   0.0000000e+00
   8.6369390e-02   7.1662307e-01   0.0000000e+00
   8.6369390e-02   7.1662307e-01   0.0000000e+00
   8.6369390e-02   7.1662307e-01   0.0000000e+00
   8.6369390e-02   7.1662307e-01   0.0000000e+00
   8.6369390e-02   7.1662307e-01   0.0000000e+00
   8.6369390e-02   7.1662307e-01   0.0000000e+00
   8.6369390e-02   7.1662307e-01   0.0000000e+00
   8.6369390e-02   7.1662307e-01   0.0000000e+00
   8.6369390e-02   7.1662307e-01   0.0000000e+00
   6.7243197e-02   7.4546115e-01   0.0000000e+00
   6.7243197e-02   7.4546115e-01   0.0000000e+00
   6.7243197e-02   7.4546115e-01   0.0000000e+00
   6.7243197e-02   7.4546115e-01   0.0000000e+00
   6.0340006e-02   7.5540495e-01   0.0000000e+00
   5.9290892e-02   7.6359302e-01   0.0000000e+00
   5.6363854e-02   7.7938671e-01   0.0000000e+00
   5.1952913e-02   8.1578142e-01   0.0000000e+00
   4.8117003e-02   8.7031436e-01   0.0000000e+00
   4.0677643e-02   8.7903385e-01   0.0000000e+00
   3.3813313e-02   8.9929589e-01   0.0000000e+00
   3.3708725e-02   9.1616753e-01   0.0000000e+00
   2.4143286e-02   9.3190706e-01   0.0000000e+00
   2.0084654e-02   9.8399375e-01   0.0000000e+00
   1.6958951e-02   1.0087017e+00   0.0000000e+00
   1.0768926e-02   1.0353743e+00   0.0000000e+00
   2.3940387e-03   1.0941396e+00   0.0000000e+00
   0.0000000e+00   1.2003350e+00   0.0000000e+00
