   8.4961809e-01  -7.5191018e-01   0.0000000e+00
   8.4456274e-01  -7.3114904e-01   0.0000000e+00
   8.4200903e-01  -7.1204140e-01   0.0000000e+00
   8.3908224e-01  -6.8540423e-01   0.0000000e+00
   8.3780538e-01  -6.6902409e-01   0.0000000e+00
   8.3610473e-01  -6.3165380e-01   0.0000000e+00
   8.3387337e-01  -6.0069675e-01   0.0000000e+00
   8.3387337e-01  -5.9986214e-01   0.0000000e+00
   8.2996142e-01  -5.4785973e-01   0.0000000e+00
   8.2996142e-01  -5.4785973e-01   0.0000000e+00
   8.2996142e-01  -5.4574038e-01   0.0000000e+00
   6.5221440e-01  -4.3648406e-01   0.0000000e+00
   6.5221440e-01  -4.3648406e-01   0.0000000e+00
   6.5005810e-01  -4.2885545e-01   0.0000000e+00
   6.4579622e-01  -4.0901552e-01   0.0000000e+00
   6.3727245e-01  -3.5532693e-01   0.0000000e+00
   6.3272107e-01  -3.1632013e-01   0.0000000e+00
   6.2921868e-01  -2.7698265e-01   0.0000000e+00
   6.2517110e-01  -2.2379931e-01   0.0000000e+00
   6.2517110e-01  -2.0195715e-01   0.0000000e+00
   4.5144958e-01  -1.2119328e-01   0.0000000e+00
   4.5144958e-01  -1.2119328e-01   0.0000000e+00
   4.5144958e-01  -1.2119328e-01   0.0000000e+00
   4.5046216e-01  -1.1113416e-01   0.0000000e+00
   4.4061721e-01  -6.9101797e-02   0.0000000e+00
   4.2904080e-01   1.4585616e-02   0.0000000e+00
   4.2284364e-01   7.9232608e-02   0.0000000e+00
   4.1400143e-01   1.8324993e-01   0.0000000e+00
   2.5634410e-01   2.4407920e-01   0.0000000e+00
   2.5634410e-01   2.4407920e-01   0.0000000e+00
   2.5634410e-01   2.4407920e-01   0.0000000e+00
   2.5634410e-01   2.4407920e-01   0.0000000e+00
   2.3224300e-01   3.2273063e-01   0.0000000e+00
   2.1652978e-01   4.3461676e-01   0.0000000e+00
   1.9628129e-01   5.8404402e-01   0.0000000e+00
   8.6140437e-02   6.7487155e-01   0.0000000e+00
   8.6140437e-02   6.7487155e-01   0.0000000e+00
   7.0517839e-02   6.8362772e-01   0.0000000e+00
   3.9272644e-02   7.6963416e-01   0.0000000e+00
   0.0000000e+00   1.0056036e+00   0.0000000e+00
