   8.5022164e-01  -7.6251760e-01   0.0000000e+00
   8.4566508e-01  -7.4706472e-01   0.0000000e+00
   8.4150643e-01  -7.1781477e-01   0.0000000e+00
   8.3886663e-01  -6.9239487e-01   0.0000000e+00
   8.3886663e-01  -6.8244333e-01   0.0000000e+00
   8.3656644e-01  -6.5056905e-01   0.0000000e+00
   8.3426625e-01  -6.1149596e-01   0.0000000e+00
   8.3283486e-01  -5.8553594e-01   0.0000000e+00
   8.3071830e-01  -5.5475530e-01   0.0000000e+00
   8.2894432e-01  -5.3169164e-01   0.0000000e+00
   8.2748825e-01  -4.8071286e-01   0.0000000e+00
   6.5410405e-01  -4.3785248e-01   0.0000000e+00
   6.5258889e-01  -4.3853726e-01   0.0000000e+00
   6.5208383e-01  -4.3744412e-01   0.0000000e+00
   6.4253685e-01  -4.0272910e-01   0.0000000e+00
   6.3950652e-01  -3.6958775e-01   0.0000000e+00
   6.3559644e-01  -3.2587448e-01   0.0000000e+00
   6.3312022e-01  -2.9260645e-01   0.0000000e+00
   6.3066045e-01  -2.3193012e-01   0.0000000e+00
   6.2502670e-01  -1.7124496e-01   0.0000000e+00
   6.2258847e-01  -1.1200921e-01   0.0000000e+00
   4.5240035e-01  -1.0120836e-01   0.0000000e+00
   4.5240035e-01  -1.0120836e-01   0.0000000e+00
   4.5240035e-01  -1.0120836e-01   0.0000000e+00
   4.4121297e-01  -6.3512912e-02   0.0000000e+00
   4.3171086e-01   5.6229940e-03   0.0000000e+00
   4.2527452e-01   8.2637977e-02   0.0000000e+00
   4.2220875e-01   1.5686642e-01   0.0000000e+00
   2.5507112e-01   2.4717049e-01   0.0000000e+00
   2.5507112e-01   2.4717049e-01   0.0000000e+00
   2.5507112e-01   2.4717049e-01   0.0000000e+00
   2.5507112e-01   2.4717049e-01   0.0000000e+00
   2.3545439e-01   3.1361895e-01   0.0000000e+00
   2.1583767e-01   4.3251175e-01   0.0000000e+00
   8.3658467e-02   6.6979519e-01   0.0000000e+00
   8.3658467e-02   6.6979519e-01   0.0000000e+00
   8.3658467e-02   6.6979519e-01   0.0000000e+00
   7.6409817e-02   6.7211362e-01   0.0000000e+00
   3.8824223e-02   7.6663164e-01   0.0000000e+00
   0.0000000e+00   1.0001397e+00   0.0000000e+00
