   6.5316573e-01  -4.5271028e-01   0.0000000e+00
   6.4595435e-01  -4.3824975e-01   0.0000000e+00
   6.4293820e-01  -4.2324791e-01   0.0000000e+00
   6.3993430e-01  -4.0331153e-01   0.0000000e+00
   6.3859379e-01  -3.9062895e-01   0.0000000e+00
   6.3618431e-01  -3.6384601e-01   0.0000000e+00
   6.3444508e-01  -3.4310375e-01   0.0000000e+00
   6.3317777e-01  -3.1977247e-01   0.0000000e+00
   6.3171008e-01  -2.9168394e-01   0.0000000e+00
   6.2884001e-01  -2.6569714e-01   0.0000000e+00
   6.2810616e-01  -2.4104960e-01   0.0000000e+00
   6.2667475e-01  -2.3287151e-01   0.0000000e+00
   6.2365093e-01  -1.8867863e-01   0.0000000e+00
   6.2365093e-01  -1.6951715e-01   0.0000000e+00
   4.5551146e-01  -1.2054101e-01   0.0000000e+00
   4.5551146e-01  -1.2054101e-01   0.0000000e+00
   4.5551146e-01  -1.2054101e-01   0.0000000e+00
   4.4796789e-01  -1.1115948e-01   0.0000000e+00
   4.4298846e-01  -7.5134903e-02   0.0000000e+00
   4.3800903e-01  -3.7602146e-02   0.0000000e+00
   4.3551932e-01  -1.0912872e-02   0.0000000e+00
   4.2903415e-01   4.5191945e-02   0.0000000e+00
   4.2503871e-01   8.7787714e-02   0.0000000e+00
   4.2093490e-01   1.4571974e-01   0.0000000e+00
   4.2093490e-01   1.6752767e-01   0.0000000e+00
   2.5747842e-01   2.5280246e-01   0.0000000e+00
   2.5747842e-01   2.5280246e-01   0.0000000e+00
   2.5747842e-01   2.5280246e-01   0.0000000e+00
   2.5747842e-01   2.5280246e-01   0.0000000e+00
   2.4836905e-01   2.6527481e-01   0.0000000e+00
   2.3207653e-01   3.2640770e-01   0.0000000e+00
   2.2073731e-01   3.9959159e-01   0.0000000e+00
   2.0700650e-01   5.0077396e-01   0.0000000e+00
   1.9161130e-01   6.1406914e-01   0.0000000e+00
   8.2468143e-02   6.7107400e-01   0.0000000e+00
   8.2468143e-02   6.7107400e-01   0.0000000e+00
   8.2468143e-02   6.7107400e-01   0.0000000e+00
   6.1245234e-02   6.9652261e-01   0.0000000e+00
   3.2676785e-02   7.9282090e-01   0.0000000e+00
   0.0000000e+00   1.0018895e+00   0.0000000e+00
