   8.5132431e-01  -7.6965102e-01   0.0000000e+00
   8.5132431e-01  -7.6965102e-01   0.0000000e+00
   8.4709003e-01  -7.6052063e-01   0.0000000e+00
   8.4451740e-01  -7.4689058e-01   0.0000000e+00
   8.4326109e-01  -7.3490537e-01   0.0000000e+00
   8.4200290e-01  -7.2630191e-01   0.0000000e+00
   8.4094767e-01  -7.1867290e-01   0.0000000e+00
   8.4019692e-01  -7.0975440e-01   0.0000000e+00
   8.3902471e-01  -6.9940084e-01   0.0000000e+00
   8.3828922e-01  -6.9217715e-01   0.0000000e+00
   8.3699205e-01  -6.7824958e-01   0.0000000e+00
   8.3639637e-01  -6.6815499e-01   0.0000000e+00
   8.3532034e-01  -6.5611848e-01   0.0000000e+00
   8.3451344e-01  -6.4623140e-01   0.0000000e+00
   8.3380069e-01  -6.3613370e-01   0.0000000e+00
   8.3451344e-01  -6.4794095e-01   0.0000000e+00
   8.3247911e-01  -6.1702619e-01   0.0000000e+00
   8.3223717e-01  -6.0717861e-01   0.0000000e+00
   8.3060400e-01  -5.8751074e-01   0.0000000e+00
   8.2999513e-01  -5.7710588e-01   0.0000000e+00
   8.2999513e-01  -5.7300268e-01   0.0000000e+00
   8.2857031e-01  -5.5545460e-01   0.0000000e+00
   8.2787982e-01  -5.3605336e-01   0.0000000e+00
   8.2725013e-01  -5.2897041e-01   0.0000000e+00
   8.2725013e-01  -5.2897041e-01   0.0000000e+00
   8.2527841e-01  -4.9544371e-01   0.0000000e+00
   8.2477740e-01  -4.8182914e-01   0.0000000e+00
   8.2395631e-01  -4.6577348e-01   0.0000000e+00
   6.5271137e-01  -4.5688889e-01   0.0000000e+00
   6.5271137e-01  -4.5688889e-01   0.0000000e+00
   6.5271137e-01  -4.5688889e-01   0.0000000e+00
   6.5271137e-01  -4.5688889e-01   0.0000000e+00
   6.5271137e-01  -4.5688889e-01   0.0000000e+00
   6.4941831e-01  -4.4994250e-01   0.0000000e+00
   6.4588346e-01  -4.3758637e-01   0.0000000e+00
   6.4294571e-01  -4.2435281e-01   0.0000000e+00
   6.4104896e-01  -4.1374526e-01   0.0000000e+00
   6.4042090e-01  -3.9854295e-01   0.0000000e+00
   6.3767569e-01  -3.8034749e-01   0.0000000e+00
   6.3596143e-01  -3.6821977e-01   0.0000000e+00
   6.3402124e-01  -3.5095298e-01   0.0000000e+00
   6.3266423e-01  -3.3232554e-01   0.0000000e+00
   6.3160399e-01  -3.2080277e-01   0.0000000e+00
   6.3011003e-01  -3.0198061e-01   0.0000000e+00
   6.2853082e-01  -2.7615018e-01   0.0000000e+00
   6.2702790e-01  -2.5893193e-01   0.0000000e+00
   6.2559452e-01  -2.3822535e-01   0.0000000e+00
   6.2559452e-01  -2.1736023e-01   0.0000000e+00
   6.2318311e-01  -1.9685296e-01   0.0000000e+00
   6.2234241e-01  -1.8696823e-01   0.0000000e+00
   6.2058854e-01  -1.5709705e-01   0.0000000e+00
   6.1963562e-01  -1.4480780e-01   0.0000000e+00
   4.5459003e-01  -1.2401345e-01   0.0000000e+00
   4.5459003e-01  -1.2401345e-01   0.0000000e+00
   4.5459003e-01  -1.2401345e-01   0.0000000e+00
   4.5459003e-01  -1.2401345e-01   0.0000000e+00
   4.5459003e-01  -1.2401345e-01   0.0000000e+00
   4.5459003e-01  -1.2401345e-01   0.0000000e+00
   4.5459003e-01  -1.2401345e-01   0.0000000e+00
   4.4969320e-01  -1.1972633e-01   0.0000000e+00
   4.4428514e-01  -1.0309960e-01   0.0000000e+00
   4.4012404e-01  -8.0568748e-02   0.0000000e+00
   4.3661629e-01  -5.8643738e-02   0.0000000e+00
   4.3376915e-01  -3.4460161e-02   0.0000000e+00
   4.3045203e-01  -4.8791883e-03   0.0000000e+00
   4.2792485e-01   2.2717971e-02   0.0000000e+00
   4.2473433e-01   5.0470578e-02   0.0000000e+00
   4.2183172e-01   8.6225297e-02   0.0000000e+00
   4.1882849e-01   1.2125101e-01   0.0000000e+00
   4.1643006e-01   1.5131804e-01   0.0000000e+00
   4.1398774e-01   1.8316652e-01   0.0000000e+00
   4.1014312e-01   2.3323484e-01   0.0000000e+00
   2.5749378e-01   2.4225552e-01   0.0000000e+00
   2.5749378e-01   2.4225552e-01   0.0000000e+00
   2.5749378e-01   2.4225552e-01   0.0000000e+00
   2.5749378e-01   2.4225552e-01   0.0000000e+00
   2.5749378e-01   2.4225552e-01   0.0000000e+00
   2.5749378e-01   2.4225552e-01   0.0000000e+00
   2.5749378e-01   2.4225552e-01   0.0000000e+00
   2.5749378e-01   2.4225552e-01   0.0000000e+00
   2.5234133e-01   2.4651993e-01   0.0000000e+00
   2.4336598e-01   2.7016205e-01   0.0000000e+00
   2.3600059e-01   3.0412950e-01   0.0000000e+00
   2.2846824e-01   3.4482943e-01   0.0000000e+00
   2.2152527e-01   3.9069811e-01   0.0000000e+00
   2.1457945e-01   4.4290036e-01   0.0000000e+00
   2.0533665e-01   5.1290328e-01   0.0000000e+00
   1.9768883e-01   5.6973191e-01   0.0000000e+00
   1.8976191e-01   6.2437265e-01   0.0000000e+00
   8.5523312e-02   6.6998751e-01   0.0000000e+00
   8.5523312e-02   6.6998751e-01   0.0000000e+00
   8.5523312e-02   6.6998751e-01   0.0000000e+00
   8.5523312e-02   6.6998751e-01   0.0000000e+00
   8.5523312e-02   6.6998751e-01   0.0000000e+00
   8.5523312e-02   6.6998751e-01   0.0000000e+00
   7.2949449e-02   6.7511488e-01   0.0000000e+00
   5.9444746e-02   6.9935827e-01   0.0000000e+00
   4.2761656e-02   7.5155084e-01   0.0000000e+00
   3.0287190e-02   8.0130538e-01   0.0000000e+00
   1.4050847e-02   8.7546432e-01   0.0000000e+00
   0.0000000e+00   1.0000000e+00   0.0000000e+00
