   8.5082599e-01  -5.7742967e-01   0.0000000e+00
   8.4816451e-01  -5.6884677e-01   0.0000000e+00
   8.4550303e-01  -5.6112907e-01   0.0000000e+00
   8.4207745e-01  -5.5337830e-01   0.0000000e+00
   8.4207745e-01  -5.4239206e-01   0.0000000e+00
   8.4085480e-01  -5.3753472e-01   0.0000000e+00
   8.3963214e-01  -5.3077153e-01   0.0000000e+00
   8.3963214e-01  -5.3329341e-01   0.0000000e+00
   8.3721216e-01  -5.1136752e-01   0.0000000e+00
   8.3576018e-01  -4.9894630e-01   0.0000000e+00
   8.3479219e-01  -4.8503444e-01   0.0000000e+00
   8.3459826e-01  -4.7762521e-01   0.0000000e+00
   8.3188821e-01  -4.6928910e-01   0.0000000e+00
   8.3188821e-01  -4.6248503e-01   0.0000000e+00
   8.3150037e-01  -4.5159519e-01   0.0000000e+00
   8.3073711e-01  -4.2916577e-01   0.0000000e+00
   8.3017400e-01  -4.2220252e-01   0.0000000e+00
   8.3017400e-01  -4.2220252e-01   0.0000000e+00
   8.3017400e-01  -3.9311811e-01   0.0000000e+00
   8.2953980e-01  -3.9202312e-01   0.0000000e+00
   8.2890560e-01  -3.7548040e-01   0.0000000e+00
   8.2890560e-01  -3.7548040e-01   0.0000000e+00
   8.2890560e-01  -3.7548040e-01   0.0000000e+00
   8.2890560e-01  -3.2974976e-01   0.0000000e+00
   8.2890560e-01  -3.1651393e-01   0.0000000e+00
   8.2890560e-01  -3.2291476e-01   0.0000000e+00
   8.2890560e-01  -2.9168745e-01   0.0000000e+00
   6.4219768e-01  -3.0266633e-01   0.0000000e+00
   6.4219768e-01  -3.0266633e-01   0.0000000e+00
   6.4219768e-01  -3.0266633e-01   0.0000000e+00
   6.4219768e-01  -3.0266633e-01   0.0000000e+00
   6.4132234e-01  -2.8662833e-01   0.0000000e+00
   6.4044701e-01  -2.7706844e-01   0.0000000e+00
   6.4044701e-01  -2.7706844e-01   0.0000000e+00
   6.3960985e-01  -2.4550606e-01   0.0000000e+00
   6.3834745e-01  -2.3811942e-01   0.0000000e+00
   6.3834745e-01  -2.3811942e-01   0.0000000e+00
   6.3746655e-01  -2.0902372e-01   0.0000000e+00
   6.3671934e-01  -1.8389029e-01   0.0000000e+00
   6.3671934e-01  -1.8389029e-01   0.0000000e+00
   6.3590085e-01  -1.6469895e-01   0.0000000e+00
   6.3590085e-01  -1.6469895e-01   0.0000000e+00
   6.3508235e-01  -1.3752194e-01   0.0000000e+00
   6.3508235e-01  -1.3752194e-01   0.0000000e+00
   6.3498440e-01  -7.5543773e-02   0.0000000e+00
   6.3498440e-01  -6.5580570e-02   0.0000000e+00
   6.3498440e-01  -6.5580570e-02   0.0000000e+00
   6.3498440e-01  -4.7247556e-02   0.0000000e+00
   6.3498440e-01  -6.4278060e-03   0.0000000e+00
   6.3498440e-01  -6.4278060e-03   0.0000000e+00
   4.5030871e-01   6.8282916e-02   0.0000000e+00
   4.4927310e-01   3.2136423e-02   0.0000000e+00
   4.4920335e-01   1.1617470e-02   0.0000000e+00
   4.4920335e-01   1.1617470e-02   0.0000000e+00
   4.4920335e-01  -9.1976441e-03   0.0000000e+00
   4.4920335e-01  -9.1976441e-03   0.0000000e+00
   4.4920335e-01   1.6837521e-03   0.0000000e+00
   4.4564032e-01   2.0836129e-02   0.0000000e+00
   4.4029578e-01   4.9689242e-02   0.0000000e+00
   4.3698502e-01   5.8243885e-02   0.0000000e+00
   4.3495124e-01   7.9205629e-02   0.0000000e+00
   4.3495124e-01   8.7490952e-02   0.0000000e+00
   4.2832972e-01   1.3853297e-01   0.0000000e+00
   4.2832972e-01   1.6252946e-01   0.0000000e+00
   4.2148347e-01   1.9195912e-01   0.0000000e+00
   4.1920139e-01   2.2514166e-01   0.0000000e+00
   4.1806035e-01   2.5559255e-01   0.0000000e+00
   4.1577827e-01   2.7774190e-01   0.0000000e+00
   4.1691931e-01   2.9319128e-01   0.0000000e+00
   4.1463723e-01   3.6937464e-01   0.0000000e+00
   2.6024766e-01   4.0864820e-01   0.0000000e+00
   2.5539879e-01   3.6938193e-01   0.0000000e+00
   2.5539879e-01   3.6938193e-01   0.0000000e+00
   2.5809865e-01   3.6839168e-01   0.0000000e+00
   2.5809865e-01   3.6182843e-01   0.0000000e+00
   2.5809865e-01   3.6182843e-01   0.0000000e+00
   2.5809865e-01   3.6182843e-01   0.0000000e+00
   2.5809865e-01   3.6182843e-01   0.0000000e+00
   2.5404886e-01   3.6651274e-01   0.0000000e+00
   2.4999907e-01   3.9643331e-01   0.0000000e+00
   2.4221779e-01   4.3112860e-01   0.0000000e+00
   2.3388236e-01   4.7455961e-01   0.0000000e+00
   2.2831838e-01   5.2897894e-01   0.0000000e+00
   2.2256999e-01   5.5972892e-01   0.0000000e+00
   2.1058055e-01   5.9749519e-01   0.0000000e+00
   2.1058055e-01   6.7883415e-01   0.0000000e+00
   8.2458689e-02   7.4253084e-01   0.0000000e+00
   8.2458689e-02   7.4253084e-01   0.0000000e+00
   8.2458689e-02   7.3486793e-01   0.0000000e+00
   8.2458689e-02   7.3486793e-01   0.0000000e+00
   8.2458689e-02   7.3486793e-01   0.0000000e+00
   8.2458689e-02   7.3486793e-01   0.0000000e+00
   7.0191255e-02   7.3728628e-01   0.0000000e+00
   7.0191255e-02   7.3728628e-01   0.0000000e+00
   7.0191255e-02   7.3728628e-01   0.0000000e+00
   5.7077790e-02   7.6254178e-01   0.0000000e+00
   4.6185153e-02   8.7560777e-01   0.0000000e+00
   3.4241764e-02   9.7872115e-01   0.0000000e+00
   1.6864331e-02   1.1625079e+00   0.0000000e+00
   0.0000000e+00   1.3501494e+00   0.0000000e+00
