7.372373e-01	3.438479e+00	0.000000e+00
3.008990e-01	4.340028e+00	0.000000e+00
4.706755e-01	3.893771e+00	0.000000e+00
6.254781e-01	3.631961e+00	0.000000e+00
2.204766e-02	4.613898e+00	0.000000e+00
5.585398e-01	4.407515e+00	0.000000e+00
9.995850e-01	3.155705e+00	0.000000e+00
9.151988e-01	4.064506e+00	0.000000e+00
8.676574e-01	1.534195e+00	0.000000e+00
3.904288e-01	3.941725e+00	0.000000e+00
3.460029e-01	4.830818e+00	0.000000e+00
8.336408e-01	2.114847e+00	0.000000e+00
4.388786e-01	3.333288e+00	0.000000e+00
8.064001e-01	3.095943e+00	0.000000e+00
1.827969e-01	4.600379e+00	0.000000e+00
9.275129e-01	3.470346e+00	0.000000e+00
3.632049e-01	4.693213e+00	0.000000e+00
9.010694e-01	3.710938e+00	0.000000e+00
2.697341e-01	3.759290e+00	0.000000e+00
1.929675e-01	4.602891e+00	0.000000e+00
5.273669e-01	3.740997e+00	0.000000e+00
2.380046e-01	3.995423e+00	0.000000e+00
5.984956e-01	3.726690e+00	0.000000e+00
4.779512e-01	3.363343e+00	0.000000e+00
7.277439e-01	4.022945e+00	0.000000e+00
4.890797e-01	3.408195e+00	0.000000e+00
3.662858e-01	4.574474e+00	0.000000e+00
6.820822e-01	3.241858e+00	0.000000e+00
6.895265e-02	4.958319e+00	0.000000e+00
5.172324e-01	4.515873e+00	0.000000e+00
4.419722e-01	4.068089e+00	0.000000e+00
3.076261e-01	4.233972e+00	0.000000e+00
5.865246e-02	4.225067e+00	0.000000e+00
1.365821e-01	4.845253e+00	0.000000e+00
7.513784e-01	4.878423e+00	0.000000e+00
2.547020e-01	3.959217e+00	0.000000e+00
3.280096e-01	5.018938e+00	0.000000e+00
1.312833e-01	5.276239e+00	0.000000e+00
3.287360e-01	4.474493e+00	0.000000e+00
7.778718e-01	3.683036e+00	0.000000e+00
6.992901e-01	2.961274e+00	0.000000e+00
3.008990e-01	3.573695e+00	0.000000e+00
5.865246e-02	4.204930e+00	0.000000e+00
4.381963e-01	3.059568e+00	0.000000e+00
2.697341e-01	3.747946e+00	0.000000e+00
2.204766e-02	4.588860e+00	0.000000e+00
8.676574e-01	1.528757e+00	0.000000e+00
2.131785e-01	4.193421e+00	0.000000e+00
8.581309e-01	2.092801e+00	0.000000e+00
2.380046e-01	3.824816e+00	0.000000e+00
8.336408e-01	2.114847e+00	0.000000e+00
4.388786e-01	3.147833e+00	0.000000e+00
2.547020e-01	3.959217e+00	0.000000e+00
2.380046e-01	3.995423e+00	0.000000e+00
8.676574e-01	1.534195e+00	0.000000e+00
2.204766e-02	4.613898e+00	0.000000e+00
2.697341e-01	3.759290e+00	0.000000e+00
8.064001e-01	3.095943e+00	0.000000e+00
5.865246e-02	4.225067e+00	0.000000e+00
4.388786e-01	3.325159e+00	0.000000e+00
5.865246e-02	4.369334e+00	0.000000e+00
8.676574e-01	1.645524e+00	0.000000e+00
3.076261e-01	4.233972e+00	0.000000e+00
3.904288e-01	3.941725e+00	0.000000e+00
3.008990e-01	4.340028e+00	0.000000e+00
4.559965e-01	3.234684e+00	0.000000e+00
5.910623e-02	4.965421e+00	0.000000e+00
4.930730e-01	3.316557e+00	0.000000e+00
3.287360e-01	4.474493e+00	0.000000e+00
6.820822e-01	3.241858e+00	0.000000e+00
9.275129e-01	3.123567e+00	0.000000e+00
1.929675e-01	4.586667e+00	0.000000e+00
1.365821e-01	4.845253e+00	0.000000e+00
6.895265e-02	4.958319e+00	0.000000e+00
1.827969e-01	4.600379e+00	0.000000e+00
4.388786e-01	3.333288e+00	0.000000e+00
6.895265e-02	4.960064e+00	0.000000e+00
9.995850e-01	3.155705e+00	0.000000e+00
7.234418e-01	3.289788e+00	0.000000e+00
4.779512e-01	3.363343e+00	0.000000e+00
6.637720e-01	2.541367e+00	0.000000e+00
2.131785e-01	3.839798e+00	0.000000e+00
8.388619e-01	1.703256e+00	0.000000e+00
2.437506e-01	3.323921e+00	0.000000e+00
4.381963e-01	3.050307e+00	0.000000e+00
1.613692e-02	4.525648e+00	0.000000e+00
8.676574e-01	1.455371e+00	0.000000e+00
8.336408e-01	2.114847e+00	0.000000e+00
2.380046e-01	3.824816e+00	0.000000e+00
5.865246e-02	4.204930e+00	0.000000e+00
8.581309e-01	1.818697e+00	0.000000e+00
2.450974e-01	3.789353e+00	0.000000e+00
2.204766e-02	4.581287e+00	0.000000e+00
8.382781e-01	2.583057e+00	0.000000e+00
5.865246e-02	4.225067e+00	0.000000e+00
2.380046e-01	3.995423e+00	0.000000e+00
8.676574e-01	1.528757e+00	0.000000e+00
4.381963e-01	3.059568e+00	0.000000e+00
2.697341e-01	3.747946e+00	0.000000e+00
3.008990e-01	3.573695e+00	0.000000e+00
2.131785e-01	4.193421e+00	0.000000e+00
6.860605e-01	2.708333e+00	0.000000e+00
1.822424e-01	4.294166e+00	0.000000e+00
4.388786e-01	3.078316e+00	0.000000e+00
2.697341e-01	3.750893e+00	0.000000e+00
5.865246e-02	4.369334e+00	0.000000e+00
8.676574e-01	1.534195e+00	0.000000e+00
6.992901e-01	2.961274e+00	0.000000e+00
2.204766e-02	4.588860e+00	0.000000e+00
2.547020e-01	3.959217e+00	0.000000e+00
8.581309e-01	2.092801e+00	0.000000e+00
4.559965e-01	3.124099e+00	0.000000e+00
2.204766e-02	4.604859e+00	0.000000e+00
2.667566e-01	3.966391e+00	0.000000e+00
5.865246e-02	4.422901e+00	0.000000e+00
8.676574e-01	1.541621e+00	0.000000e+00
8.064001e-01	3.095943e+00	0.000000e+00
2.697341e-01	3.759290e+00	0.000000e+00
4.388786e-01	3.147833e+00	0.000000e+00
2.204766e-02	4.613414e+00	0.000000e+00
8.692273e-01	1.403145e+00	0.000000e+00
2.204766e-02	4.392438e+00	0.000000e+00
2.169736e-01	3.790124e+00	0.000000e+00
2.405850e-02	4.232007e+00	0.000000e+00
3.522167e-03	4.761450e+00	0.000000e+00
2.324081e-01	3.222609e+00	0.000000e+00
6.515180e-01	2.249475e+00	0.000000e+00
4.381963e-01	3.045799e+00	0.000000e+00
8.194107e-01	1.836884e+00	0.000000e+00
1.268197e-02	4.632952e+00	0.000000e+00
2.780158e-01	3.194243e+00	0.000000e+00
3.396945e-02	4.106744e+00	0.000000e+00
8.676574e-01	1.455371e+00	0.000000e+00
1.613692e-02	4.525648e+00	0.000000e+00
8.388619e-01	1.703256e+00	0.000000e+00
2.131785e-01	3.839798e+00	0.000000e+00
2.573685e-02	4.431889e+00	0.000000e+00
5.496338e-02	4.368430e+00	0.000000e+00
2.424386e-01	3.689611e+00	0.000000e+00
4.381963e-01	3.050307e+00	0.000000e+00
8.676574e-01	1.478704e+00	0.000000e+00
8.336408e-01	2.096347e+00	0.000000e+00
5.865246e-02	4.204667e+00	0.000000e+00
2.131785e-01	4.193421e+00	0.000000e+00
8.581309e-01	1.818697e+00	0.000000e+00
4.388786e-01	3.046768e+00	0.000000e+00
4.381963e-01	3.050307e+00	0.000000e+00
6.637720e-01	2.541367e+00	0.000000e+00
2.380046e-01	3.824816e+00	0.000000e+00
2.437506e-01	3.323921e+00	0.000000e+00
2.204766e-02	4.468990e+00	0.000000e+00
8.676574e-01	1.495083e+00	0.000000e+00
2.204766e-02	4.581287e+00	0.000000e+00
4.381963e-01	3.059568e+00	0.000000e+00
6.860605e-01	2.638598e+00	0.000000e+00
2.697341e-01	3.562465e+00	0.000000e+00
5.865246e-02	4.204930e+00	0.000000e+00
2.380046e-01	3.995423e+00	0.000000e+00
8.025820e-01	2.577010e+00	0.000000e+00
8.336408e-01	2.114847e+00	0.000000e+00
8.692273e-01	1.392594e+00	0.000000e+00
1.965461e-02	4.462609e+00	0.000000e+00
2.833515e-01	2.500080e+00	0.000000e+00
6.515180e-01	2.200794e+00	0.000000e+00
3.522167e-03	4.756874e+00	0.000000e+00
3.396945e-02	4.071392e+00	0.000000e+00
2.131785e-01	3.839798e+00	0.000000e+00
8.388619e-01	1.703256e+00	0.000000e+00
1.613692e-02	4.525648e+00	0.000000e+00
8.676574e-01	1.455371e+00	0.000000e+00
2.780158e-01	3.194243e+00	0.000000e+00
1.268197e-02	4.632952e+00	0.000000e+00
8.194107e-01	1.836884e+00	0.000000e+00
2.324081e-01	3.222609e+00	0.000000e+00
2.405850e-02	4.232007e+00	0.000000e+00
2.169736e-01	3.790124e+00	0.000000e+00
2.204766e-02	4.392438e+00	0.000000e+00
8.336408e-01	2.050483e+00	0.000000e+00
4.377938e-01	2.994495e+00	0.000000e+00
2.131785e-01	3.879284e+00	0.000000e+00
2.780158e-01	3.228099e+00	0.000000e+00
2.437506e-01	3.322505e+00	0.000000e+00
2.204766e-02	4.468990e+00	0.000000e+00
2.380046e-01	3.824816e+00	0.000000e+00
8.581309e-01	1.818697e+00	0.000000e+00
8.676574e-01	1.478704e+00	0.000000e+00
2.424386e-01	3.689611e+00	0.000000e+00
2.573685e-02	4.431889e+00	0.000000e+00
3.396945e-02	4.106744e+00	0.000000e+00
3.522167e-03	4.761450e+00	0.000000e+00
6.515180e-01	2.249475e+00	0.000000e+00
8.692273e-01	1.403145e+00	0.000000e+00
3.522167e-03	4.770992e+00	0.000000e+00
8.692273e-01	1.406618e+00	0.000000e+00
4.381963e-01	3.018390e+00	0.000000e+00
6.515180e-01	2.277937e+00	0.000000e+00
2.380046e-01	3.842495e+00	0.000000e+00
2.437506e-01	3.323921e+00	0.000000e+00
3.396945e-02	4.134709e+00	0.000000e+00
8.336408e-01	2.096347e+00	0.000000e+00
8.692273e-01	1.321663e+00	0.000000e+00
3.522167e-03	4.364208e+00	0.000000e+00
2.833515e-01	2.475881e+00	0.000000e+00
8.581309e-01	1.508582e+00	0.000000e+00
2.780158e-01	2.838594e+00	0.000000e+00
3.396945e-02	3.829251e+00	0.000000e+00
1.522093e-02	3.940951e+00	0.000000e+00
2.131785e-01	3.676336e+00	0.000000e+00
6.446265e-01	1.799725e+00	0.000000e+00
2.720453e-01	2.844920e+00	0.000000e+00
2.324081e-01	3.222609e+00	0.000000e+00
8.676574e-01	1.455371e+00	0.000000e+00
8.388619e-01	1.703256e+00	0.000000e+00
3.522167e-03	4.740066e+00	0.000000e+00
6.382646e-01	2.498880e+00	0.000000e+00
8.388619e-01	1.738402e+00	0.000000e+00
3.396945e-02	4.056336e+00	0.000000e+00
8.573218e-01	1.711104e+00	0.000000e+00
2.589371e-01	3.303296e+00	0.000000e+00
6.452002e-01	2.274851e+00	0.000000e+00
2.424386e-01	3.689611e+00	0.000000e+00
8.676574e-01	1.478704e+00	0.000000e+00
2.437506e-01	3.322505e+00	0.000000e+00
2.780158e-01	3.194243e+00	0.000000e+00
8.194107e-01	1.836884e+00	0.000000e+00
6.515180e-01	2.200794e+00	0.000000e+00
2.169736e-01	3.790124e+00	0.000000e+00
2.131785e-01	3.839798e+00	0.000000e+00
2.204766e-02	4.392438e+00	0.000000e+00
2.405850e-02	4.232007e+00	0.000000e+00
1.613692e-02	4.525648e+00	0.000000e+00
1.965461e-02	4.462609e+00	0.000000e+00
2.833515e-01	2.500080e+00	0.000000e+00
8.342376e-03	4.592144e+00	0.000000e+00
8.692273e-01	1.392594e+00	0.000000e+00
3.522167e-03	4.756874e+00	0.000000e+00
8.692273e-01	1.403145e+00	0.000000e+00
6.515180e-01	2.249475e+00	0.000000e+00
4.381963e-01	2.838860e+00	0.000000e+00
2.780158e-01	3.228099e+00	0.000000e+00
6.387344e-01	1.766472e+00	0.000000e+00
6.382646e-01	2.453496e+00	0.000000e+00
2.781493e-01	2.496454e+00	0.000000e+00
2.130260e-01	3.697482e+00	0.000000e+00
2.131785e-01	3.610842e+00	0.000000e+00
8.692273e-01	1.232021e+00	0.000000e+00
8.388619e-01	1.703256e+00	0.000000e+00
8.676574e-01	1.455371e+00	0.000000e+00
2.324081e-01	3.222609e+00	0.000000e+00
2.720453e-01	2.844920e+00	0.000000e+00
1.522093e-02	3.940951e+00	0.000000e+00
3.396945e-02	3.829251e+00	0.000000e+00
2.780158e-01	2.838594e+00	0.000000e+00
8.581309e-01	1.508582e+00	0.000000e+00
2.833515e-01	2.475881e+00	0.000000e+00
3.522167e-03	4.364208e+00	0.000000e+00
2.324081e-01	3.258554e+00	0.000000e+00
8.692273e-01	1.284067e+00	0.000000e+00
8.388619e-01	1.714859e+00	0.000000e+00
2.833515e-01	2.496142e+00	0.000000e+00
3.522167e-03	4.374570e+00	0.000000e+00
1.522093e-02	4.005266e+00	0.000000e+00
2.720453e-01	2.900271e+00	0.000000e+00
2.733995e-01	2.883250e+00	0.000000e+00
8.676574e-01	1.478704e+00	0.000000e+00
8.573218e-01	1.711104e+00	0.000000e+00
2.131785e-01	3.676336e+00	0.000000e+00
2.801795e-01	2.625375e+00	0.000000e+00
8.279783e-01	1.769038e+00	0.000000e+00
6.446265e-01	1.799725e+00	0.000000e+00
8.692273e-01	1.321663e+00	0.000000e+00
3.522167e-03	4.555217e+00	0.000000e+00
6.382646e-01	2.498880e+00	0.000000e+00
2.833515e-01	2.500080e+00	0.000000e+00
3.189530e-02	4.011980e+00	0.000000e+00
2.131785e-01	3.693678e+00	0.000000e+00
6.534498e-01	1.833801e+00	0.000000e+00
8.388619e-01	1.738402e+00	0.000000e+00
6.446265e-01	1.968805e+00	0.000000e+00
2.832180e-01	2.806539e+00	0.000000e+00
6.293989e-01	1.854153e+00	0.000000e+00
8.205406e-01	1.685747e+00	0.000000e+00
1.047143e-01	3.414783e+00	0.000000e+00
3.522167e-03	4.314005e+00	0.000000e+00
2.324081e-01	3.204576e+00	0.000000e+00
2.401089e-01	2.797866e+00	0.000000e+00
8.388619e-01	1.671838e+00	0.000000e+00
3.396945e-02	3.794369e+00	0.000000e+00
1.522093e-02	3.837213e+00	0.000000e+00
8.692273e-01	1.225329e+00	0.000000e+00
2.833515e-01	2.475881e+00	0.000000e+00
8.581309e-01	1.508582e+00	0.000000e+00
8.676574e-01	1.455371e+00	0.000000e+00
2.781493e-01	2.496454e+00	0.000000e+00
6.387344e-01	1.766472e+00	0.000000e+00
8.692273e-01	1.230640e+00	0.000000e+00
2.598898e-01	3.018066e+00	0.000000e+00
6.387344e-01	1.774970e+00	0.000000e+00
3.121106e-02	3.935698e+00	0.000000e+00
2.801795e-01	2.625375e+00	0.000000e+00
8.676574e-01	1.478704e+00	0.000000e+00
2.833515e-01	2.496142e+00	0.000000e+00
1.522093e-02	3.940951e+00	0.000000e+00
3.396945e-02	3.829251e+00	0.000000e+00
8.388619e-01	1.703256e+00	0.000000e+00
2.753885e-01	2.842027e+00	0.000000e+00
2.780158e-01	2.838594e+00	0.000000e+00
2.720453e-01	2.844920e+00	0.000000e+00
2.324081e-01	3.209303e+00	0.000000e+00
3.522167e-03	4.333814e+00	0.000000e+00
2.131785e-01	3.610842e+00	0.000000e+00
2.130260e-01	3.697482e+00	0.000000e+00
8.279783e-01	1.753572e+00	0.000000e+00
6.382646e-01	2.052264e+00	0.000000e+00
3.522167e-03	4.364208e+00	0.000000e+00
8.692273e-01	1.232021e+00	0.000000e+00
2.833515e-01	2.499091e+00	0.000000e+00
6.382646e-01	2.453496e+00	0.000000e+00
1.522093e-02	4.005266e+00	0.000000e+00
2.023132e-01	3.843485e+00	0.000000e+00
2.781493e-01	2.491993e+00	0.000000e+00
1.982448e-01	3.404729e+00	0.000000e+00
1.238465e-03	4.263851e+00	0.000000e+00
8.279783e-01	1.678560e+00	0.000000e+00
8.378248e-01	1.153910e+00	0.000000e+00
3.522167e-03	4.061355e+00	0.000000e+00
8.692273e-01	1.123310e+00	0.000000e+00
1.522093e-02	3.833462e+00	0.000000e+00
2.104719e-01	2.763391e+00	0.000000e+00
2.504715e-01	2.645299e+00	0.000000e+00
6.293989e-01	1.693839e+00	0.000000e+00
2.833515e-01	2.475881e+00	0.000000e+00
3.396945e-02	3.794369e+00	0.000000e+00
1.047143e-01	3.414783e+00	0.000000e+00
8.205406e-01	1.685747e+00	0.000000e+00
2.135267e-01	2.940197e+00	0.000000e+00
8.692273e-01	1.135547e+00	0.000000e+00
2.131785e-01	3.598774e+00	0.000000e+00
8.279783e-01	1.753572e+00	0.000000e+00
2.130260e-01	3.697482e+00	0.000000e+00
3.396945e-02	3.829251e+00	0.000000e+00
2.833515e-01	2.496142e+00	0.000000e+00
6.387344e-01	1.766472e+00	0.000000e+00
6.293989e-01	1.854153e+00	0.000000e+00
2.401089e-01	2.797866e+00	0.000000e+00
1.522093e-02	3.837213e+00	0.000000e+00
3.522167e-03	4.294610e+00	0.000000e+00
1.118826e-02	4.086578e+00	0.000000e+00
8.475792e-01	1.573503e+00	0.000000e+00
8.676574e-01	1.455371e+00	0.000000e+00
8.581309e-01	1.508582e+00	0.000000e+00
8.388619e-01	1.671838e+00	0.000000e+00
1.540277e-03	4.376578e+00	0.000000e+00
2.781493e-01	2.496454e+00	0.000000e+00
3.522167e-03	4.309501e+00	0.000000e+00
8.692273e-01	1.198443e+00	0.000000e+00
6.293989e-01	1.886933e+00	0.000000e+00
2.833515e-01	2.499091e+00	0.000000e+00
8.388619e-01	1.703256e+00	0.000000e+00
6.387344e-01	1.774970e+00	0.000000e+00
8.279783e-01	1.668185e+00	0.000000e+00
1.982448e-01	3.404729e+00	0.000000e+00
8.407354e-01	9.331711e-01	0.000000e+00
6.264880e-01	1.899834e+00	0.000000e+00
2.135267e-01	2.613914e+00	0.000000e+00
3.522167e-03	3.876448e+00	0.000000e+00
2.104719e-01	2.729496e+00	0.000000e+00
1.522093e-02	3.648976e+00	0.000000e+00
2.745255e-01	2.448047e+00	0.000000e+00
9.616040e-04	4.402827e+00	0.000000e+00
8.205406e-01	1.685747e+00	0.000000e+00
1.047143e-01	3.414783e+00	0.000000e+00
6.293989e-01	1.693839e+00	0.000000e+00
8.378248e-01	1.153910e+00	0.000000e+00
1.238465e-03	4.263851e+00	0.000000e+00
1.982448e-01	3.404729e+00	0.000000e+00
1.238465e-03	4.409055e+00	0.000000e+00
6.293989e-01	1.735003e+00	0.000000e+00
3.396945e-02	3.760360e+00	0.000000e+00
1.540277e-03	4.296162e+00	0.000000e+00
1.135410e-01	3.418028e+00	0.000000e+00
8.378248e-01	1.182300e+00	0.000000e+00
1.510457e-03	4.334020e+00	0.000000e+00
2.833515e-01	2.475881e+00	0.000000e+00
2.781493e-01	2.491993e+00	0.000000e+00
5.816514e-02	3.691174e+00	0.000000e+00
1.522093e-02	3.833462e+00	0.000000e+00
2.104719e-01	2.763391e+00	0.000000e+00
3.522167e-03	4.061355e+00	0.000000e+00
2.504715e-01	2.645299e+00	0.000000e+00
8.692273e-01	1.123310e+00	0.000000e+00
8.279783e-01	1.678560e+00	0.000000e+00
1.540277e-03	4.376578e+00	0.000000e+00
8.692273e-01	1.135547e+00	0.000000e+00
6.293989e-01	1.841639e+00	0.000000e+00
2.833515e-01	2.496142e+00	0.000000e+00
1.911086e-01	3.572313e+00	0.000000e+00
2.135267e-01	2.940197e+00	0.000000e+00
3.396945e-02	3.794369e+00	0.000000e+00
8.279783e-01	1.753572e+00	0.000000e+00
8.407354e-01	9.297103e-01	0.000000e+00
6.263920e-01	1.902910e+00	0.000000e+00
6.293989e-01	1.687043e+00	0.000000e+00
2.104719e-01	2.567814e+00	0.000000e+00
3.396945e-02	3.261592e+00	0.000000e+00
8.279783e-01	1.627236e+00	0.000000e+00
8.378248e-01	1.153910e+00	0.000000e+00
6.519806e-01	1.639332e+00	0.000000e+00
9.616040e-04	3.838365e+00	0.000000e+00
2.816475e-02	3.482039e+00	0.000000e+00
2.632867e-01	2.462655e+00	0.000000e+00
1.982448e-01	3.156402e+00	0.000000e+00
8.378248e-01	1.153910e+00	0.000000e+00
2.745255e-01	2.448047e+00	0.000000e+00
1.522093e-02	3.648976e+00	0.000000e+00
6.264880e-01	1.899834e+00	0.000000e+00
8.279783e-01	1.634800e+00	0.000000e+00
1.540277e-03	4.032430e+00	0.000000e+00
3.069831e-02	3.664166e+00	0.000000e+00
2.833515e-01	2.467028e+00	0.000000e+00
1.522093e-02	3.833462e+00	0.000000e+00
2.781493e-01	2.491993e+00	0.000000e+00
8.378248e-01	1.182300e+00	0.000000e+00
1.238465e-03	4.263851e+00	0.000000e+00
9.616040e-04	4.402827e+00	0.000000e+00
3.522167e-03	3.876448e+00	0.000000e+00
8.205406e-01	1.685747e+00	0.000000e+00
8.337147e-02	3.469068e+00	0.000000e+00
1.116764e-01	3.286346e+00	0.000000e+00
1.047143e-01	3.414783e+00	0.000000e+00
2.504715e-01	2.595079e+00	0.000000e+00
2.104719e-01	2.729496e+00	0.000000e+00
2.135267e-01	2.613914e+00	0.000000e+00
6.293989e-01	1.693839e+00	0.000000e+00
8.407354e-01	9.331711e-01	0.000000e+00
9.616040e-04	4.480520e+00	0.000000e+00
8.685592e-01	9.927613e-01	0.000000e+00
6.293989e-01	1.735003e+00	0.000000e+00
2.833515e-01	2.475881e+00	0.000000e+00
8.279783e-01	1.668185e+00	0.000000e+00
1.157489e-01	3.139456e+00	0.000000e+00
9.616040e-04	3.388831e+00	0.000000e+00
1.703811e-01	3.105605e+00	0.000000e+00
2.745255e-01	2.312648e+00	0.000000e+00
8.278250e-01	1.304976e+00	0.000000e+00
8.337405e-01	1.212786e+00	0.000000e+00
2.902662e-01	2.268417e+00	0.000000e+00
6.264880e-01	1.899834e+00	0.000000e+00
8.378248e-01	1.153910e+00	0.000000e+00
2.632867e-01	2.462655e+00	0.000000e+00
6.519806e-01	1.639332e+00	0.000000e+00
8.378248e-01	1.153910e+00	0.000000e+00
3.396945e-02	3.261592e+00	0.000000e+00
2.104719e-01	2.567814e+00	0.000000e+00
6.293989e-01	1.687043e+00	0.000000e+00
6.263920e-01	1.902910e+00	0.000000e+00
8.407354e-01	9.297103e-01	0.000000e+00
1.540277e-03	3.729601e+00	0.000000e+00
6.519806e-01	1.645209e+00	0.000000e+00
2.632867e-01	2.476989e+00	0.000000e+00
8.279783e-01	1.576666e+00	0.000000e+00
6.263920e-01	1.914738e+00	0.000000e+00
6.293989e-01	1.688151e+00	0.000000e+00
8.407354e-01	9.317808e-01	0.000000e+00
8.378248e-01	1.178634e+00	0.000000e+00
2.135267e-01	2.613914e+00	0.000000e+00
2.104719e-01	2.729496e+00	0.000000e+00
2.504715e-01	2.595079e+00	0.000000e+00
1.047143e-01	3.414783e+00	0.000000e+00
1.116764e-01	3.286346e+00	0.000000e+00
8.337147e-02	3.469068e+00	0.000000e+00
2.745255e-01	2.448047e+00	0.000000e+00
1.982448e-01	3.154217e+00	0.000000e+00
1.522093e-02	3.648976e+00	0.000000e+00
2.816475e-02	3.482039e+00	0.000000e+00
9.616040e-04	3.838365e+00	0.000000e+00
8.407354e-01	9.331711e-01	0.000000e+00
9.616040e-04	3.910418e+00	0.000000e+00
6.263920e-01	2.325927e+00	0.000000e+00
1.982448e-01	3.156402e+00	0.000000e+00
5.524713e-02	3.113874e+00	0.000000e+00
5.320938e-03	3.225164e+00	0.000000e+00
8.350444e-01	7.103458e-01	0.000000e+00
1.703811e-01	3.089483e+00	0.000000e+00
6.263920e-01	1.898314e+00	0.000000e+00
1.982448e-01	2.911940e+00	0.000000e+00
6.466287e-01	1.327163e+00	0.000000e+00
2.071030e-01	2.401770e+00	0.000000e+00
6.293989e-01	1.687043e+00	0.000000e+00
2.902662e-01	2.268417e+00	0.000000e+00
8.337405e-01	1.212786e+00	0.000000e+00
8.278250e-01	1.304976e+00	0.000000e+00
2.745255e-01	2.312648e+00	0.000000e+00
9.616040e-04	3.388831e+00	0.000000e+00
9.616040e-04	3.743804e+00	0.000000e+00
2.902662e-01	2.447614e+00	0.000000e+00
2.236573e-01	2.566924e+00	0.000000e+00
2.745255e-01	2.448047e+00	0.000000e+00
6.293989e-01	1.688151e+00	0.000000e+00
1.540277e-03	3.729601e+00	0.000000e+00
2.100189e-01	2.639051e+00	0.000000e+00
2.104719e-01	2.567814e+00	0.000000e+00
2.632867e-01	2.462655e+00	0.000000e+00
6.507305e-01	1.663153e+00	0.000000e+00
8.269859e-01	1.353884e+00	0.000000e+00
6.519806e-01	1.639332e+00	0.000000e+00
6.263920e-01	1.902910e+00	0.000000e+00
6.264880e-01	1.899834e+00	0.000000e+00
1.703811e-01	3.105605e+00	0.000000e+00
8.415745e-01	8.892180e-01	0.000000e+00
8.407354e-01	9.297103e-01	0.000000e+00
8.378248e-01	1.153910e+00	0.000000e+00
8.378248e-01	1.153910e+00	0.000000e+00
1.295979e-02	3.291805e+00	0.000000e+00
3.396945e-02	3.261592e+00	0.000000e+00
1.157489e-01	3.139456e+00	0.000000e+00
9.616040e-04	3.838365e+00	0.000000e+00
8.503457e-01	8.980481e-01	0.000000e+00
6.263920e-01	1.907738e+00	0.000000e+00
2.632867e-01	2.476989e+00	0.000000e+00
2.902662e-01	2.234463e+00	0.000000e+00
5.320938e-03	3.201735e+00	0.000000e+00
1.982448e-01	2.545302e+00	0.000000e+00
4.960523e-02	2.844530e+00	0.000000e+00
2.686274e-01	2.357122e+00	0.000000e+00
6.262539e-01	1.531448e+00	0.000000e+00
9.616040e-04	3.335729e+00	0.000000e+00
8.346689e-01	1.006409e+00	0.000000e+00
8.411109e-01	6.440711e-01	0.000000e+00
8.278250e-01	1.304976e+00	0.000000e+00
2.745255e-01	2.312648e+00	0.000000e+00
8.278250e-01	1.304976e+00	0.000000e+00
8.337405e-01	1.212786e+00	0.000000e+00
2.071030e-01	2.401770e+00	0.000000e+00
6.466287e-01	1.327163e+00	0.000000e+00
8.350444e-01	7.103458e-01	0.000000e+00
6.292802e-01	1.679057e+00	0.000000e+00
9.616040e-04	3.380379e+00	0.000000e+00
8.337405e-01	1.235394e+00	0.000000e+00
8.415745e-01	8.490150e-01	0.000000e+00
6.293989e-01	1.609156e+00	0.000000e+00
8.503457e-01	6.529102e-01	0.000000e+00
6.263920e-01	1.732241e+00	0.000000e+00
8.378248e-01	1.153910e+00	0.000000e+00
8.378248e-01	1.153910e+00	0.000000e+00
8.407354e-01	9.297103e-01	0.000000e+00
8.269859e-01	1.353884e+00	0.000000e+00
2.632867e-01	2.462655e+00	0.000000e+00
2.104719e-01	2.567814e+00	0.000000e+00
2.100189e-01	2.639051e+00	0.000000e+00
2.745255e-01	2.448047e+00	0.000000e+00
2.236573e-01	2.566924e+00	0.000000e+00
6.999992e-02	2.866995e+00	0.000000e+00
5.524713e-02	3.113874e+00	0.000000e+00
5.320938e-03	3.225164e+00	0.000000e+00
2.902662e-01	2.268417e+00	0.000000e+00
8.415745e-01	8.610552e-01	0.000000e+00
9.616040e-04	3.388831e+00	0.000000e+00
6.263920e-01	1.891248e+00	0.000000e+00
2.902662e-01	2.447614e+00	0.000000e+00
6.466287e-01	1.296911e+00	0.000000e+00
4.960523e-02	2.838599e+00	0.000000e+00
8.346689e-01	9.406600e-01	0.000000e+00
6.999992e-02	2.837740e+00	0.000000e+00
9.616040e-04	3.104154e+00	0.000000e+00
7.442704e-02	2.676895e+00	0.000000e+00
1.974094e-01	2.631683e+00	0.000000e+00
6.163028e-01	1.852859e+00	0.000000e+00
8.411109e-01	6.348562e-01	0.000000e+00
8.350444e-01	7.103458e-01	0.000000e+00
2.071030e-01	2.401770e+00	0.000000e+00
8.337405e-01	1.212786e+00	0.000000e+00
2.745255e-01	2.312648e+00	0.000000e+00
6.262539e-01	1.531448e+00	0.000000e+00
2.686274e-01	2.357122e+00	0.000000e+00
1.982448e-01	2.545302e+00	0.000000e+00
2.902662e-01	2.234463e+00	0.000000e+00
2.902662e-01	2.264734e+00	0.000000e+00
2.100189e-01	2.519666e+00	0.000000e+00
6.293989e-01	1.553159e+00	0.000000e+00
6.262539e-01	1.568599e+00	0.000000e+00
9.616040e-04	3.279215e+00	0.000000e+00
5.320938e-03	3.183684e+00	0.000000e+00
2.686274e-01	2.393112e+00	0.000000e+00
3.094272e-01	2.258142e+00	0.000000e+00
8.337405e-01	1.229126e+00	0.000000e+00
2.632867e-01	2.462655e+00	0.000000e+00
8.407354e-01	9.297103e-01	0.000000e+00
8.503457e-01	6.404776e-01	0.000000e+00
8.411109e-01	6.440711e-01	0.000000e+00
8.346689e-01	1.006409e+00	0.000000e+00
4.960523e-02	2.844530e+00	0.000000e+00
8.278250e-01	1.304976e+00	0.000000e+00
6.466287e-01	1.327163e+00	0.000000e+00
8.278250e-01	1.304976e+00	0.000000e+00
8.278250e-01	1.304976e+00	0.000000e+00
9.616040e-04	3.335729e+00	0.000000e+00
8.411109e-01	6.470463e-01	0.000000e+00
6.262539e-01	1.588554e+00	0.000000e+00
2.902662e-01	2.268417e+00	0.000000e+00
6.161583e-01	1.527862e+00	0.000000e+00
2.451762e-01	2.027890e+00	0.000000e+00
8.411109e-01	5.512687e-01	0.000000e+00
2.027324e-01	2.456323e+00	0.000000e+00
2.071030e-01	2.378524e+00	0.000000e+00
8.337405e-01	9.377103e-01	0.000000e+00
6.264718e-01	1.477897e+00	0.000000e+00
6.313217e-01	1.333025e+00	0.000000e+00
3.958150e-04	3.139819e+00	0.000000e+00
2.902662e-01	1.972346e+00	0.000000e+00
5.128398e-02	2.641995e+00	0.000000e+00
1.982448e-01	2.545302e+00	0.000000e+00
8.350444e-01	7.103458e-01	0.000000e+00
1.974094e-01	2.631683e+00	0.000000e+00
9.616040e-04	3.104154e+00	0.000000e+00
4.960523e-02	2.838599e+00	0.000000e+00
6.466287e-01	1.296911e+00	0.000000e+00
7.442704e-02	2.676895e+00	0.000000e+00
8.346689e-01	9.406600e-01	0.000000e+00
8.150475e-01	1.321503e+00	0.000000e+00
9.616040e-04	3.148383e+00	0.000000e+00
6.999992e-02	2.824858e+00	0.000000e+00
6.464109e-01	1.479860e+00	0.000000e+00
5.320938e-03	3.122600e+00	0.000000e+00
8.278250e-01	1.304976e+00	0.000000e+00
8.278250e-01	1.304976e+00	0.000000e+00
6.466287e-01	1.327163e+00	0.000000e+00
8.278250e-01	1.304976e+00	0.000000e+00
4.960523e-02	2.844530e+00	0.000000e+00
8.407354e-01	9.297103e-01	0.000000e+00
7.442704e-02	2.676895e+00	0.000000e+00
2.902662e-01	2.234463e+00	0.000000e+00
8.337405e-01	1.212786e+00	0.000000e+00
8.346689e-01	9.406600e-01	0.000000e+00
2.071030e-01	2.390250e+00	0.000000e+00
8.411109e-01	6.348562e-01	0.000000e+00
2.506817e-01	2.327363e+00	0.000000e+00
2.745255e-01	2.312648e+00	0.000000e+00
6.163028e-01	1.729958e+00	0.000000e+00
6.262539e-01	1.531448e+00	0.000000e+00
8.411109e-01	5.488475e-01	0.000000e+00
4.960523e-02	2.637133e+00	0.000000e+00
5.128398e-02	2.625931e+00	0.000000e+00
6.141237e-01	1.640112e+00	0.000000e+00
5.935895e-01	1.770777e+00	0.000000e+00
2.451762e-01	2.015148e+00	0.000000e+00
8.346689e-01	9.087152e-01	0.000000e+00
1.974531e-01	2.473414e+00	0.000000e+00
5.320938e-03	3.064774e+00	0.000000e+00
6.466287e-01	1.296911e+00	0.000000e+00
9.616040e-04	3.104154e+00	0.000000e+00
8.350444e-01	7.103458e-01	0.000000e+00
2.902662e-01	1.972346e+00	0.000000e+00
3.958150e-04	3.139819e+00	0.000000e+00
6.313217e-01	1.333025e+00	0.000000e+00
6.264718e-01	1.477897e+00	0.000000e+00
8.337405e-01	9.377103e-01	0.000000e+00
2.071030e-01	2.378524e+00	0.000000e+00
2.027324e-01	2.456323e+00	0.000000e+00
6.161583e-01	1.527862e+00	0.000000e+00
8.411109e-01	5.512687e-01	0.000000e+00
3.958150e-04	3.182606e+00	0.000000e+00
5.990840e-01	1.986022e+00	0.000000e+00
2.902662e-01	1.998004e+00	0.000000e+00
6.466287e-01	1.312884e+00	0.000000e+00
5.128398e-02	2.641995e+00	0.000000e+00
2.071030e-01	2.390250e+00	0.000000e+00
2.451762e-01	2.027890e+00	0.000000e+00
4.960523e-02	2.838599e+00	0.000000e+00
8.278250e-01	1.304976e+00	0.000000e+00
1.974094e-01	2.631683e+00	0.000000e+00
6.163028e-01	1.720343e+00	0.000000e+00
5.320938e-03	3.122600e+00	0.000000e+00
8.350444e-01	8.924571e-01	0.000000e+00
8.337405e-01	1.212786e+00	0.000000e+00
6.262539e-01	1.531448e+00	0.000000e+00
6.464109e-01	1.454212e+00	0.000000e+00
8.346689e-01	9.406600e-01	0.000000e+00
1.982448e-01	2.545302e+00	0.000000e+00
8.278250e-01	1.304976e+00	0.000000e+00
6.323545e-01	1.253229e+00	0.000000e+00
8.188471e-01	1.144157e+00	0.000000e+00
2.451762e-01	1.947826e+00	0.000000e+00
1.974094e-01	2.333124e+00	0.000000e+00
2.069878e-01	2.288962e+00	0.000000e+00
2.367143e-01	2.187791e+00	0.000000e+00
6.538590e-01	1.235025e+00	0.000000e+00
8.411109e-01	3.879973e-01	0.000000e+00
3.958150e-04	3.078434e+00	0.000000e+00
2.902662e-01	1.918581e+00	0.000000e+00
6.161583e-01	1.527862e+00	0.000000e+00
8.337405e-01	9.377103e-01	0.000000e+00
6.264718e-01	1.477897e+00	0.000000e+00
6.313217e-01	1.333025e+00	0.000000e+00
8.350444e-01	7.103458e-01	0.000000e+00
5.320938e-03	3.064774e+00	0.000000e+00
8.346689e-01	9.087152e-01	0.000000e+00
5.935895e-01	1.770777e+00	0.000000e+00
6.141237e-01	1.640112e+00	0.000000e+00
5.128398e-02	2.625931e+00	0.000000e+00
4.960523e-02	2.637133e+00	0.000000e+00
2.000847e-01	2.385465e+00	0.000000e+00
2.902662e-01	1.948079e+00	0.000000e+00
5.935895e-01	1.807067e+00	0.000000e+00
6.163028e-01	1.619170e+00	0.000000e+00
8.346689e-01	9.406600e-01	0.000000e+00
6.262539e-01	1.531448e+00	0.000000e+00
8.337405e-01	1.212786e+00	0.000000e+00
8.350444e-01	8.924571e-01	0.000000e+00
1.974094e-01	2.631683e+00	0.000000e+00
4.960523e-02	2.838599e+00	0.000000e+00
5.128398e-02	2.641995e+00	0.000000e+00
3.958150e-04	3.139819e+00	0.000000e+00
9.616040e-04	3.104154e+00	0.000000e+00
8.411109e-01	5.456159e-01	0.000000e+00
2.071030e-01	2.378524e+00	0.000000e+00
1.974531e-01	2.473414e+00	0.000000e+00
2.451762e-01	2.015148e+00	0.000000e+00
6.404507e-01	1.317184e+00	0.000000e+00
6.466287e-01	1.296911e+00	0.000000e+00
4.531652e-02	2.644126e+00	0.000000e+00
8.280102e-01	8.770061e-01	0.000000e+00
3.958150e-04	3.024015e+00	0.000000e+00
6.264718e-01	1.292285e+00	0.000000e+00
8.350444e-01	7.083783e-01	0.000000e+00
1.939835e-01	2.415668e+00	0.000000e+00
1.992935e-01	2.011551e+00	0.000000e+00
6.466287e-01	1.033354e+00	0.000000e+00
6.262539e-01	1.495701e+00	0.000000e+00
1.090614e-02	2.920511e+00	0.000000e+00
4.960523e-02	2.637133e+00	0.000000e+00
5.128398e-02	2.625931e+00	0.000000e+00
6.141237e-01	1.640112e+00	0.000000e+00
5.935895e-01	1.770777e+00	0.000000e+00
6.161583e-01	1.527862e+00	0.000000e+00
2.902662e-01	1.918581e+00	0.000000e+00
8.411109e-01	3.879973e-01	0.000000e+00
1.974094e-01	2.333124e+00	0.000000e+00
2.451762e-01	1.947826e+00	0.000000e+00
6.323545e-01	1.253229e+00	0.000000e+00
3.958150e-04	3.078434e+00	0.000000e+00
8.411109e-01	4.626158e-01	0.000000e+00
5.935895e-01	1.777733e+00	0.000000e+00
2.902662e-01	1.948079e+00	0.000000e+00
8.188471e-01	1.141975e+00	0.000000e+00
6.538590e-01	1.235025e+00	0.000000e+00
1.974094e-01	2.631683e+00	0.000000e+00
4.941607e-02	2.900220e+00	0.000000e+00
5.128398e-02	2.641995e+00	0.000000e+00
8.350444e-01	7.103458e-01	0.000000e+00
2.102730e-01	2.043788e+00	0.000000e+00
2.069878e-01	2.288962e+00	0.000000e+00
2.451762e-01	1.959899e+00	0.000000e+00
5.320938e-03	3.064774e+00	0.000000e+00
8.337405e-01	9.377103e-01	0.000000e+00
4.960523e-02	2.644777e+00	0.000000e+00
1.974531e-01	2.473414e+00	0.000000e+00
8.346689e-01	9.087152e-01	0.000000e+00
6.141237e-01	1.640179e+00	0.000000e+00
6.264718e-01	1.477897e+00	0.000000e+00
6.198165e-01	1.172550e+00	0.000000e+00
2.324687e-01	1.819812e+00	0.000000e+00
3.132231e-03	2.842252e+00	0.000000e+00
6.141237e-01	1.506001e+00	0.000000e+00
4.531652e-02	2.562350e+00	0.000000e+00
2.122096e-01	1.964309e+00	0.000000e+00
1.914548e-01	2.326575e+00	0.000000e+00
8.411109e-01	3.524267e-01	0.000000e+00
8.338612e-01	7.892419e-01	0.000000e+00
6.466287e-01	1.029617e+00	0.000000e+00
5.935895e-01	1.770777e+00	0.000000e+00
1.992935e-01	2.011551e+00	0.000000e+00
8.350444e-01	7.083783e-01	0.000000e+00
3.958150e-04	3.024015e+00	0.000000e+00
8.280102e-01	8.770061e-01	0.000000e+00
8.280102e-01	8.790967e-01	0.000000e+00
5.128398e-02	2.586468e+00	0.000000e+00
1.939835e-01	2.415668e+00	0.000000e+00
1.992935e-01	2.030098e+00	0.000000e+00
5.320938e-03	3.064774e+00	0.000000e+00
8.350444e-01	7.103458e-01	0.000000e+00
5.935895e-01	1.777733e+00	0.000000e+00
3.958150e-04	3.078434e+00	0.000000e+00
6.466287e-01	1.033354e+00	0.000000e+00
8.349237e-01	8.201700e-01	0.000000e+00
8.411109e-01	3.879973e-01	0.000000e+00
1.974094e-01	2.333124e+00	0.000000e+00
1.939835e-01	2.415668e+00	0.000000e+00
4.960523e-02	2.637133e+00	0.000000e+00
4.531652e-02	2.644126e+00	0.000000e+00
6.161583e-01	1.527862e+00	0.000000e+00
6.141237e-01	1.640112e+00	0.000000e+00
1.090614e-02	2.920511e+00	0.000000e+00
2.451762e-01	1.947826e+00	0.000000e+00
2.902662e-01	1.918581e+00	0.000000e+00
6.323545e-01	1.236266e+00	0.000000e+00
6.262539e-01	1.495701e+00	0.000000e+00
6.264718e-01	1.292285e+00	0.000000e+00
8.411109e-01	4.626158e-01	0.000000e+00
3.958150e-04	3.097934e+00	0.000000e+00
6.194650e-01	1.097512e+00	0.000000e+00
3.958150e-04	2.964509e+00	0.000000e+00
3.132231e-03	2.798196e+00	0.000000e+00
8.279143e-01	6.937229e-01	0.000000e+00
1.130894e-01	2.496509e+00	0.000000e+00
6.141237e-01	1.454084e+00	0.000000e+00
6.275687e-01	1.051350e+00	0.000000e+00
4.531652e-02	2.525711e+00	0.000000e+00
5.951515e-01	1.658135e+00	0.000000e+00
3.934742e-02	2.588339e+00	0.000000e+00
5.935895e-01	1.745462e+00	0.000000e+00
6.450635e-01	8.348188e-01	0.000000e+00
1.992935e-01	2.011551e+00	0.000000e+00
8.411109e-01	3.524267e-01	0.000000e+00
1.914548e-01	2.326575e+00	0.000000e+00
2.122096e-01	1.964309e+00	0.000000e+00
2.324687e-01	1.819812e+00	0.000000e+00
5.935895e-01	1.769561e+00	0.000000e+00
6.466287e-01	8.351523e-01	0.000000e+00
1.914548e-01	2.446896e+00	0.000000e+00
2.324687e-01	1.898584e+00	0.000000e+00
5.128398e-02	2.559809e+00	0.000000e+00
2.122096e-01	1.979963e+00	0.000000e+00
8.411109e-01	3.526586e-01	0.000000e+00
1.939835e-01	2.415668e+00	0.000000e+00
1.974094e-01	2.333124e+00	0.000000e+00
1.992935e-01	2.030098e+00	0.000000e+00
1.939835e-01	2.415668e+00	0.000000e+00
4.531652e-02	2.562350e+00	0.000000e+00
6.141237e-01	1.506001e+00	0.000000e+00
8.350444e-01	7.083783e-01	0.000000e+00
8.338612e-01	7.892419e-01	0.000000e+00
3.132231e-03	2.842252e+00	0.000000e+00
3.958150e-04	3.024015e+00	0.000000e+00
6.198165e-01	1.172550e+00	0.000000e+00
8.411109e-01	3.708551e-01	0.000000e+00
3.958150e-04	3.078434e+00	0.000000e+00
2.902662e-01	1.918581e+00	0.000000e+00
5.914317e-01	1.910595e+00	0.000000e+00
6.466287e-01	1.029617e+00	0.000000e+00
6.188952e-01	1.186783e+00	0.000000e+00
3.132231e-03	2.588058e+00	0.000000e+00
3.958150e-04	2.955263e+00	0.000000e+00
2.324687e-01	1.812172e+00	0.000000e+00
6.450635e-01	8.214779e-01	0.000000e+00
8.411109e-01	3.409106e-01	0.000000e+00
4.395098e-01	1.369383e+00	0.000000e+00
1.914548e-01	2.295031e+00	0.000000e+00
2.122096e-01	1.964309e+00	0.000000e+00
1.992935e-01	2.011551e+00	0.000000e+00
4.531652e-02	2.525711e+00	0.000000e+00
6.275687e-01	1.051350e+00	0.000000e+00
1.130894e-01	2.496509e+00	0.000000e+00
8.279143e-01	6.937229e-01	0.000000e+00
6.194650e-01	1.097512e+00	0.000000e+00
5.935895e-01	1.664037e+00	0.000000e+00
5.941593e-01	1.652000e+00	0.000000e+00
1.130894e-01	2.504813e+00	0.000000e+00
8.279143e-01	8.152684e-01	0.000000e+00
6.198165e-01	1.172550e+00	0.000000e+00
8.338612e-01	7.892419e-01	0.000000e+00
8.350444e-01	7.083783e-01	0.000000e+00
4.531652e-02	2.562350e+00	0.000000e+00
1.992935e-01	2.030098e+00	0.000000e+00
2.122096e-01	1.979963e+00	0.000000e+00
5.128398e-02	2.559809e+00	0.000000e+00
1.914548e-01	2.326575e+00	0.000000e+00
6.141237e-01	1.454084e+00	0.000000e+00
8.411109e-01	3.524267e-01	0.000000e+00
6.450635e-01	8.348188e-01	0.000000e+00
2.324687e-01	1.819812e+00	0.000000e+00
3.958150e-04	2.964509e+00	0.000000e+00
3.132231e-03	2.729599e+00	0.000000e+00
2.889492e-02	2.695835e+00	0.000000e+00
3.934742e-02	2.588339e+00	0.000000e+00
8.411109e-01	3.526586e-01	0.000000e+00
3.958150e-04	3.014451e+00	0.000000e+00
6.466287e-01	8.351523e-01	0.000000e+00
2.324687e-01	1.822183e+00	0.000000e+00
5.935895e-01	1.718177e+00	0.000000e+00
1.878976e-01	2.345468e+00	0.000000e+00
3.958150e-04	2.953780e+00	0.000000e+00
1.066802e-01	2.364950e+00	0.000000e+00
4.395098e-01	1.292677e+00	0.000000e+00
1.501923e-03	2.824255e+00	0.000000e+00
2.474112e-01	1.809744e+00	0.000000e+00
4.046486e-01	1.710598e+00	0.000000e+00
6.424408e-01	7.015272e-01	0.000000e+00
8.307346e-01	6.586327e-01	0.000000e+00
3.132231e-03	2.586951e+00	0.000000e+00
6.194650e-01	1.097512e+00	0.000000e+00
8.279143e-01	6.937229e-01	0.000000e+00
6.275687e-01	1.051350e+00	0.000000e+00
4.531652e-02	2.525711e+00	0.000000e+00
1.992935e-01	2.011551e+00	0.000000e+00
2.122096e-01	1.964309e+00	0.000000e+00
1.914548e-01	2.295031e+00	0.000000e+00
8.411109e-01	3.409106e-01	0.000000e+00
2.324687e-01	1.812172e+00	0.000000e+00
6.188952e-01	1.186783e+00	0.000000e+00
1.166466e-01	2.477078e+00	0.000000e+00
6.256393e-01	1.126476e+00	0.000000e+00
8.279143e-01	7.811462e-01	0.000000e+00
2.324687e-01	1.812195e+00	0.000000e+00
6.198165e-01	1.144113e+00	0.000000e+00
1.992935e-01	2.013242e+00	0.000000e+00
8.411109e-01	3.463815e-01	0.000000e+00
1.914548e-01	2.326575e+00	0.000000e+00
5.128398e-02	2.559809e+00	0.000000e+00
2.122096e-01	1.979963e+00	0.000000e+00
4.531652e-02	2.562350e+00	0.000000e+00
8.350444e-01	7.083783e-01	0.000000e+00
3.132231e-03	2.588058e+00	0.000000e+00
6.450635e-01	8.214779e-01	0.000000e+00
4.395098e-01	1.369383e+00	0.000000e+00
1.130894e-01	2.488859e+00	0.000000e+00
3.958150e-04	2.955263e+00	0.000000e+00
3.958150e-04	2.958823e+00	0.000000e+00
8.411109e-01	3.524267e-01	0.000000e+00
2.324687e-01	1.819812e+00	0.000000e+00
2.324687e-01	1.739633e+00	0.000000e+00
3.958150e-04	2.944907e+00	0.000000e+00
3.132231e-03	2.544213e+00	0.000000e+00
6.421755e-01	9.011389e-01	0.000000e+00
4.075366e-01	1.612550e+00	0.000000e+00
9.173990e-04	2.884129e+00	0.000000e+00
8.411109e-01	3.352704e-01	0.000000e+00
1.990588e-01	2.114152e+00	0.000000e+00
7.175248e-03	2.447657e+00	0.000000e+00
1.004216e-01	2.295000e+00	0.000000e+00
6.188952e-01	1.186783e+00	0.000000e+00
2.122096e-01	1.964309e+00	0.000000e+00
1.992935e-01	2.011551e+00	0.000000e+00
6.275687e-01	1.051350e+00	0.000000e+00
8.279143e-01	6.937229e-01	0.000000e+00
6.194650e-01	1.097512e+00	0.000000e+00
8.307346e-01	6.586327e-01	0.000000e+00
6.424408e-01	7.015272e-01	0.000000e+00
4.046486e-01	1.710598e+00	0.000000e+00
1.501923e-03	2.824255e+00	0.000000e+00
4.395098e-01	1.292677e+00	0.000000e+00
6.198165e-01	1.101300e+00	0.000000e+00
6.424408e-01	7.689590e-01	0.000000e+00
1.166466e-01	2.336485e+00	0.000000e+00
4.395098e-01	1.295356e+00	0.000000e+00
6.188952e-01	1.238622e+00	0.000000e+00
8.279143e-01	7.040749e-01	0.000000e+00
4.046486e-01	1.721207e+00	0.000000e+00
2.122096e-01	1.979963e+00	0.000000e+00
1.992935e-01	2.013242e+00	0.000000e+00
1.914548e-01	2.295031e+00	0.000000e+00
1.066802e-01	2.364950e+00	0.000000e+00
4.531652e-02	2.525711e+00	0.000000e+00
8.411109e-01	3.409106e-01	0.000000e+00
3.132231e-03	2.586951e+00	0.000000e+00
3.958150e-04	2.945891e+00	0.000000e+00
2.442041e-01	1.811868e+00	0.000000e+00
2.531819e-01	1.802887e+00	0.000000e+00
2.324687e-01	1.812172e+00	0.000000e+00
2.474112e-01	1.809744e+00	0.000000e+00
3.132231e-03	2.539701e+00	0.000000e+00
2.122096e-01	1.813403e+00	0.000000e+00
4.285158e-01	1.395421e+00	0.000000e+00
3.958150e-04	2.851806e+00	0.000000e+00
6.188952e-01	1.070207e+00	0.000000e+00
1.990588e-01	2.090409e+00	0.000000e+00
8.279143e-01	6.662998e-01	0.000000e+00
6.309449e-01	7.445938e-01	0.000000e+00
8.394100e-01	5.882107e-01	0.000000e+00
4.395098e-01	1.271762e+00	0.000000e+00
7.887697e-02	2.239625e+00	0.000000e+00
4.046486e-01	1.690929e+00	0.000000e+00
1.501923e-03	2.824255e+00	0.000000e+00
6.424408e-01	7.015272e-01	0.000000e+00
8.307346e-01	6.586327e-01	0.000000e+00
6.275687e-01	1.051350e+00	0.000000e+00
1.992935e-01	2.011551e+00	0.000000e+00
7.175248e-03	2.447657e+00	0.000000e+00
8.411109e-01	3.352704e-01	0.000000e+00
4.075366e-01	1.612550e+00	0.000000e+00
2.324687e-01	1.739633e+00	0.000000e+00
8.411109e-01	3.357425e-01	0.000000e+00
3.958150e-04	2.904500e+00	0.000000e+00
4.395098e-01	1.292677e+00	0.000000e+00
8.279143e-01	6.698881e-01	0.000000e+00
1.004216e-01	2.295000e+00	0.000000e+00
6.424408e-01	7.689590e-01	0.000000e+00
2.324687e-01	1.755595e+00	0.000000e+00
6.188952e-01	1.153567e+00	0.000000e+00
4.046486e-01	1.710598e+00	0.000000e+00
1.990588e-01	2.114152e+00	0.000000e+00
7.175248e-03	2.456166e+00	0.000000e+00
4.075366e-01	1.626702e+00	0.000000e+00
3.132231e-03	2.544213e+00	0.000000e+00
6.421755e-01	9.011389e-01	0.000000e+00
1.501923e-03	2.855250e+00	0.000000e+00
2.249566e-01	1.911275e+00	0.000000e+00
6.275687e-01	1.081816e+00	0.000000e+00
1.992935e-01	2.013242e+00	0.000000e+00
2.122096e-01	1.964309e+00	0.000000e+00
6.424408e-01	5.953818e-01	0.000000e+00
3.958150e-04	2.793104e+00	0.000000e+00
4.006177e-01	1.646435e+00	0.000000e+00
4.374695e-01	1.281455e+00	0.000000e+00
4.225514e-01	1.430665e+00	0.000000e+00
4.046486e-01	1.557804e+00	0.000000e+00
1.990588e-01	2.061881e+00	0.000000e+00
2.324687e-01	1.734005e+00	0.000000e+00
4.283735e-01	1.370977e+00	0.000000e+00
3.132231e-03	2.539701e+00	0.000000e+00
8.357822e-01	3.901482e-01	0.000000e+00
8.411109e-01	3.352704e-01	0.000000e+00
7.175248e-03	2.447657e+00	0.000000e+00
1.992935e-01	2.011551e+00	0.000000e+00
6.275687e-01	1.051350e+00	0.000000e+00
7.887697e-02	2.239625e+00	0.000000e+00
4.395098e-01	1.271762e+00	0.000000e+00
6.309449e-01	7.445938e-01	0.000000e+00
6.188952e-01	1.070207e+00	0.000000e+00
2.122096e-01	1.813403e+00	0.000000e+00
3.132231e-03	2.539701e+00	0.000000e+00
8.411109e-01	3.357425e-01	0.000000e+00
3.958150e-04	2.851806e+00	0.000000e+00
6.188952e-01	1.072878e+00	0.000000e+00
4.395098e-01	1.292677e+00	0.000000e+00
6.424408e-01	6.912456e-01	0.000000e+00
2.324687e-01	1.739633e+00	0.000000e+00
4.046486e-01	1.690929e+00	0.000000e+00
8.279143e-01	6.662998e-01	0.000000e+00
1.004216e-01	2.295000e+00	0.000000e+00
1.990588e-01	2.090409e+00	0.000000e+00
7.175248e-03	2.456166e+00	0.000000e+00
6.349758e-01	8.515960e-01	0.000000e+00
7.887697e-02	2.318387e+00	0.000000e+00
3.132231e-03	2.544213e+00	0.000000e+00
4.075366e-01	1.612550e+00	0.000000e+00
1.501923e-03	2.824255e+00	0.000000e+00
2.249566e-01	1.911275e+00	0.000000e+00
4.285158e-01	1.395421e+00	0.000000e+00
8.404393e-01	4.874574e-01	0.000000e+00
7.175248e-03	2.432804e+00	0.000000e+00
6.424408e-01	5.695070e-01	0.000000e+00
4.395098e-01	1.084964e+00	0.000000e+00
4.283735e-01	1.369863e+00	0.000000e+00
3.958150e-04	2.717474e+00	0.000000e+00
8.432660e-01	1.566076e-01	0.000000e+00
7.887697e-02	2.074379e+00	0.000000e+00
1.798549e-01	2.013786e+00	0.000000e+00
4.046486e-01	1.547906e+00	0.000000e+00
3.132231e-03	2.539701e+00	0.000000e+00
2.122096e-01	1.813403e+00	0.000000e+00
6.188952e-01	1.070207e+00	0.000000e+00
6.309449e-01	7.445938e-01	0.000000e+00
6.275687e-01	1.051350e+00	0.000000e+00
1.992935e-01	2.011551e+00	0.000000e+00
8.411109e-01	3.352704e-01	0.000000e+00
8.357822e-01	3.901482e-01	0.000000e+00
3.132231e-03	2.539701e+00	0.000000e+00
2.324687e-01	1.734005e+00	0.000000e+00
4.225514e-01	1.430665e+00	0.000000e+00
4.374695e-01	1.281455e+00	0.000000e+00
4.006177e-01	1.646435e+00	0.000000e+00
3.958150e-04	2.793104e+00	0.000000e+00
8.411109e-01	3.357425e-01	0.000000e+00
6.424408e-01	5.953818e-01	0.000000e+00
4.395098e-01	1.217227e+00	0.000000e+00
8.357822e-01	4.847633e-01	0.000000e+00
6.188952e-01	1.072878e+00	0.000000e+00
4.006177e-01	1.653902e+00	0.000000e+00
2.324687e-01	1.737656e+00	0.000000e+00
7.175248e-03	2.436309e+00	0.000000e+00
9.545258e-02	2.195851e+00	0.000000e+00
7.887697e-02	2.219741e+00	0.000000e+00
6.349758e-01	8.515960e-01	0.000000e+00
1.990588e-01	2.050363e+00	0.000000e+00
4.283735e-01	1.370977e+00	0.000000e+00
2.249566e-01	1.818702e+00	0.000000e+00
3.132231e-03	2.544213e+00	0.000000e+00
4.046486e-01	1.557804e+00	0.000000e+00
2.017918e-01	2.044738e+00	0.000000e+00
7.175248e-03	2.396987e+00	0.000000e+00
6.188952e-01	1.015765e+00	0.000000e+00
4.046486e-01	1.479606e+00	0.000000e+00
8.432263e-01	1.094667e-01	0.000000e+00
2.331527e-01	1.707413e+00	0.000000e+00
7.887697e-02	2.074379e+00	0.000000e+00
4.054601e-01	1.448600e+00	0.000000e+00
4.346674e-01	1.280224e+00	0.000000e+00
8.269503e-01	5.467799e-01	0.000000e+00
2.412136e-01	1.703740e+00	0.000000e+00
8.357822e-01	3.894450e-01	0.000000e+00
5.813751e-03	2.429368e+00	0.000000e+00
9.744907e-03	2.361403e+00	0.000000e+00
1.990028e-01	1.914667e+00	0.000000e+00
4.006177e-01	1.646435e+00	0.000000e+00
4.225514e-01	1.430665e+00	0.000000e+00
2.324687e-01	1.734005e+00	0.000000e+00
3.132231e-03	2.539701e+00	0.000000e+00
8.411109e-01	3.352704e-01	0.000000e+00
6.309449e-01	7.445938e-01	0.000000e+00
2.122096e-01	1.813403e+00	0.000000e+00
3.132231e-03	2.539701e+00	0.000000e+00
1.798549e-01	2.013786e+00	0.000000e+00
7.887697e-02	2.074379e+00	0.000000e+00
3.958150e-04	2.717474e+00	0.000000e+00
4.283735e-01	1.369863e+00	0.000000e+00
4.395098e-01	1.084964e+00	0.000000e+00
6.424408e-01	5.695070e-01	0.000000e+00
3.958150e-04	2.746043e+00	0.000000e+00
8.432660e-01	1.241122e-01	0.000000e+00
6.424408e-01	5.935366e-01	0.000000e+00
7.887697e-02	2.130700e+00	0.000000e+00
8.357822e-01	3.901482e-01	0.000000e+00
6.141937e-01	1.187311e+00	0.000000e+00
4.006177e-01	1.653902e+00	0.000000e+00
2.324687e-01	1.737656e+00	0.000000e+00
7.175248e-03	2.432804e+00	0.000000e+00
4.395659e-01	1.211813e+00	0.000000e+00
6.349758e-01	8.515960e-01	0.000000e+00
1.983748e-01	2.027583e+00	0.000000e+00
4.315088e-01	9.472458e-01	0.000000e+00
2.122096e-01	1.750401e+00	0.000000e+00
6.364869e-01	6.851944e-01	0.000000e+00
2.686899e-02	2.228879e+00	0.000000e+00
3.958150e-04	2.568569e+00	0.000000e+00
2.412136e-01	1.668141e+00	0.000000e+00
6.188952e-01	9.411270e-01	0.000000e+00
1.990028e-01	1.847173e+00	0.000000e+00
2.324687e-01	1.724221e+00	0.000000e+00
8.357822e-01	3.783401e-01	0.000000e+00
7.887697e-02	2.025330e+00	0.000000e+00
4.006177e-01	1.623367e+00	0.000000e+00
8.432263e-01	1.030270e-01	0.000000e+00
4.007284e-01	1.505923e+00	0.000000e+00
6.424408e-01	5.695070e-01	0.000000e+00
4.283735e-01	1.369863e+00	0.000000e+00
1.798549e-01	2.013786e+00	0.000000e+00
3.132231e-03	2.539701e+00	0.000000e+00
6.309449e-01	7.445938e-01	0.000000e+00
8.411109e-01	3.352704e-01	0.000000e+00
3.132231e-03	2.539701e+00	0.000000e+00
4.225514e-01	1.430665e+00	0.000000e+00
9.744907e-03	2.361403e+00	0.000000e+00
5.813751e-03	2.429368e+00	0.000000e+00
8.269503e-01	5.467799e-01	0.000000e+00
4.054601e-01	1.448600e+00	0.000000e+00
2.331527e-01	1.707413e+00	0.000000e+00
4.046486e-01	1.479606e+00	0.000000e+00
7.175248e-03	2.396987e+00	0.000000e+00
3.958150e-04	2.717474e+00	0.000000e+00
8.432263e-01	1.094667e-01	0.000000e+00
4.006177e-01	1.646435e+00	0.000000e+00
6.424408e-01	5.781724e-01	0.000000e+00
7.175248e-03	2.432804e+00	0.000000e+00
8.357822e-01	3.889015e-01	0.000000e+00
4.395098e-01	1.084964e+00	0.000000e+00
4.346674e-01	1.280224e+00	0.000000e+00
6.188952e-01	1.001820e+00	0.000000e+00
2.412136e-01	1.703740e+00	0.000000e+00
7.887697e-02	2.074379e+00	0.000000e+00
2.412136e-01	1.668141e+00	0.000000e+00
4.054601e-01	1.442380e+00	0.000000e+00
8.334922e-01	2.833777e-01	0.000000e+00
3.958150e-04	2.562857e+00	0.000000e+00
2.500442e-01	1.528225e+00	0.000000e+00
5.813751e-03	2.355768e+00	0.000000e+00
8.269503e-01	5.430025e-01	0.000000e+00
6.188952e-01	9.330891e-01	0.000000e+00
1.010207e-01	1.970799e+00	0.000000e+00
8.432263e-01	8.254218e-02	0.000000e+00
6.424408e-01	5.591342e-01	0.000000e+00
7.346224e-02	2.087483e+00	0.000000e+00
4.046486e-01	1.479606e+00	0.000000e+00
2.331527e-01	1.707413e+00	0.000000e+00
4.225514e-01	1.430665e+00	0.000000e+00
3.132231e-03	2.539701e+00	0.000000e+00
6.309449e-01	7.445938e-01	0.000000e+00
3.132231e-03	2.539701e+00	0.000000e+00
4.283735e-01	1.369863e+00	0.000000e+00
4.007284e-01	1.505923e+00	0.000000e+00
7.887697e-02	2.025330e+00	0.000000e+00
2.324687e-01	1.724221e+00	0.000000e+00
1.990028e-01	1.847173e+00	0.000000e+00
2.412136e-01	1.668141e+00	0.000000e+00
2.686899e-02	2.228879e+00	0.000000e+00
6.364869e-01	6.851944e-01	0.000000e+00
2.122096e-01	1.750401e+00	0.000000e+00
4.315088e-01	9.472458e-01	0.000000e+00
8.432263e-01	9.172261e-02	0.000000e+00
3.958150e-04	2.568569e+00	0.000000e+00
4.315088e-01	9.537630e-01	0.000000e+00
2.412136e-01	1.703740e+00	0.000000e+00
6.424408e-01	5.695070e-01	0.000000e+00
4.054601e-01	1.448600e+00	0.000000e+00
8.269503e-01	5.467799e-01	0.000000e+00
4.006177e-01	1.623367e+00	0.000000e+00
7.887697e-02	2.044467e+00	0.000000e+00
6.188952e-01	9.411270e-01	0.000000e+00
2.686899e-02	2.231317e+00	0.000000e+00
1.852701e-01	2.004107e+00	0.000000e+00
4.166265e-01	1.190364e+00	0.000000e+00
8.269503e-01	5.220386e-01	0.000000e+00
4.054322e-01	1.379397e+00	0.000000e+00
4.266942e-01	1.188062e+00	0.000000e+00
2.686899e-02	2.068061e+00	0.000000e+00
4.272850e-01	1.184202e+00	0.000000e+00
3.352052e-02	2.013329e+00	0.000000e+00
8.432263e-01	8.254218e-02	0.000000e+00
8.434854e-01	6.823882e-02	0.000000e+00
6.168180e-01	9.425353e-01	0.000000e+00
3.958150e-04	2.464991e+00	0.000000e+00
6.296057e-01	7.201167e-01	0.000000e+00
2.500442e-01	1.463857e+00	0.000000e+00
2.412136e-01	1.599350e+00	0.000000e+00
7.727393e-02	1.964178e+00	0.000000e+00
4.315088e-01	9.472458e-01	0.000000e+00
2.122096e-01	1.750401e+00	0.000000e+00
6.364869e-01	6.851944e-01	0.000000e+00
1.990028e-01	1.847173e+00	0.000000e+00
2.324687e-01	1.724221e+00	0.000000e+00
2.331527e-01	1.707413e+00	0.000000e+00
6.424408e-01	5.591342e-01	0.000000e+00
8.432263e-01	8.254218e-02	0.000000e+00
6.188952e-01	9.330891e-01	0.000000e+00
5.813751e-03	2.355768e+00	0.000000e+00
8.334922e-01	2.833777e-01	0.000000e+00
3.958150e-04	2.542332e+00	0.000000e+00
8.432263e-01	9.172261e-02	0.000000e+00
4.315088e-01	9.534786e-01	0.000000e+00
1.010207e-01	1.970799e+00	0.000000e+00
6.188952e-01	9.411270e-01	0.000000e+00
2.686899e-02	2.228879e+00	0.000000e+00
6.424408e-01	5.695070e-01	0.000000e+00
2.500442e-01	1.528225e+00	0.000000e+00
8.266912e-01	5.619587e-01	0.000000e+00
2.412136e-01	1.668141e+00	0.000000e+00
4.283735e-01	1.369863e+00	0.000000e+00
4.006177e-01	1.501167e+00	0.000000e+00
8.334922e-01	2.943866e-01	0.000000e+00
3.132231e-03	2.539701e+00	0.000000e+00
6.509609e-01	5.370112e-01	0.000000e+00
2.415263e-01	1.492731e+00	0.000000e+00
8.425252e-01	1.878467e-01	0.000000e+00
6.185118e-01	8.476358e-01	0.000000e+00
2.334262e-01	1.544707e+00	0.000000e+00
4.510145e-01	9.057718e-01	0.000000e+00
1.629275e-02	2.064868e+00	0.000000e+00
4.244330e-01	1.028150e+00	0.000000e+00
2.397675e-01	1.539270e+00	0.000000e+00
8.432263e-01	5.761275e-03	0.000000e+00
7.727393e-02	1.894593e+00	0.000000e+00
3.958150e-04	2.444144e+00	0.000000e+00
8.334922e-01	2.833777e-01	0.000000e+00
5.813751e-03	2.355768e+00	0.000000e+00
6.424408e-01	5.591342e-01	0.000000e+00
2.331527e-01	1.707413e+00	0.000000e+00
2.324687e-01	1.724221e+00	0.000000e+00
1.990028e-01	1.847173e+00	0.000000e+00
6.364869e-01	6.851944e-01	0.000000e+00
2.122096e-01	1.750401e+00	0.000000e+00
4.315088e-01	9.472458e-01	0.000000e+00
2.500442e-01	1.463857e+00	0.000000e+00
6.296057e-01	7.201167e-01	0.000000e+00
3.352052e-02	2.013329e+00	0.000000e+00
4.054322e-01	1.379397e+00	0.000000e+00
8.269503e-01	5.220386e-01	0.000000e+00
4.166265e-01	1.190364e+00	0.000000e+00
3.958150e-04	2.464991e+00	0.000000e+00
8.434854e-01	6.823882e-02	0.000000e+00
6.424408e-01	5.695070e-01	0.000000e+00
8.266912e-01	5.619587e-01	0.000000e+00
1.990028e-01	1.859905e+00	0.000000e+00
4.315088e-01	9.475510e-01	0.000000e+00
4.006177e-01	1.490414e+00	0.000000e+00
2.500442e-01	1.528225e+00	0.000000e+00
6.168180e-01	9.425353e-01	0.000000e+00
2.686899e-02	2.068061e+00	0.000000e+00
8.334922e-01	2.874462e-01	0.000000e+00
2.412136e-01	1.587244e+00	0.000000e+00
6.188952e-01	9.330891e-01	0.000000e+00
2.469730e-01	1.346904e+00	0.000000e+00
2.333994e-01	1.498940e+00	0.000000e+00
8.269503e-01	4.943751e-01	0.000000e+00
8.334922e-01	2.811769e-01	0.000000e+00
3.958150e-04	2.356390e+00	0.000000e+00
8.277218e-01	4.021090e-01	0.000000e+00
1.990028e-01	1.684715e+00	0.000000e+00
6.185118e-01	7.746493e-01	0.000000e+00
4.315088e-01	9.410286e-01	0.000000e+00
2.415263e-01	1.492674e+00	0.000000e+00
5.813751e-03	2.348698e+00	0.000000e+00
6.168180e-01	8.491836e-01	0.000000e+00
1.935490e-01	1.745578e+00	0.000000e+00
4.166265e-01	1.190364e+00	0.000000e+00
3.352052e-02	2.013329e+00	0.000000e+00
6.296057e-01	7.201167e-01	0.000000e+00
6.364869e-01	6.851944e-01	0.000000e+00
6.424408e-01	5.591342e-01	0.000000e+00
7.727393e-02	1.894593e+00	0.000000e+00
8.432263e-01	5.761275e-03	0.000000e+00
4.244330e-01	1.028150e+00	0.000000e+00
1.629275e-02	2.064868e+00	0.000000e+00
4.510145e-01	9.057718e-01	0.000000e+00
8.425252e-01	1.878467e-01	0.000000e+00
6.509609e-01	5.370112e-01	0.000000e+00
3.958150e-04	2.433743e+00	0.000000e+00
8.432263e-01	3.687848e-02	0.000000e+00
4.315088e-01	9.472458e-01	0.000000e+00
4.054322e-01	1.379397e+00	0.000000e+00
1.990028e-01	1.847173e+00	0.000000e+00
8.269503e-01	5.220386e-01	0.000000e+00
3.352052e-02	2.058790e+00	0.000000e+00
6.168180e-01	9.425353e-01	0.000000e+00
6.509609e-01	5.415172e-01	0.000000e+00
8.334922e-01	2.833777e-01	0.000000e+00
2.500442e-01	1.463857e+00	0.000000e+00
5.813751e-03	2.355768e+00	0.000000e+00
2.686899e-02	2.068061e+00	0.000000e+00
6.185118e-01	8.476358e-01	0.000000e+00
2.060484e-01	1.732407e+00	0.000000e+00
1.629275e-02	2.049450e+00	0.000000e+00
8.269503e-01	4.932368e-01	0.000000e+00
8.647360e-02	1.891062e+00	0.000000e+00
1.843495e-01	1.799981e+00	0.000000e+00
2.469730e-01	1.327021e+00	0.000000e+00
5.813751e-03	2.257679e+00	0.000000e+00
4.166265e-01	1.160101e+00	0.000000e+00
8.334922e-01	2.304985e-01	0.000000e+00
8.432263e-01	-4.495733e-02	0.000000e+00
6.368404e-01	6.055267e-01	0.000000e+00
8.313835e-01	3.457309e-01	0.000000e+00
4.135460e-01	1.306407e+00	0.000000e+00
6.509609e-01	5.370112e-01	0.000000e+00
8.425252e-01	1.878467e-01	0.000000e+00
4.510145e-01	9.057718e-01	0.000000e+00
4.244330e-01	1.028150e+00	0.000000e+00
7.727393e-02	1.894593e+00	0.000000e+00
6.424408e-01	5.591342e-01	0.000000e+00
6.364869e-01	6.851944e-01	0.000000e+00
6.296057e-01	7.201167e-01	0.000000e+00
3.352052e-02	2.013329e+00	0.000000e+00
1.935490e-01	1.745578e+00	0.000000e+00
6.168180e-01	8.491836e-01	0.000000e+00
2.415263e-01	1.492674e+00	0.000000e+00
4.315088e-01	9.410286e-01	0.000000e+00
6.185118e-01	7.746493e-01	0.000000e+00
1.990028e-01	1.684715e+00	0.000000e+00
8.277218e-01	4.021090e-01	0.000000e+00
3.958150e-04	2.356390e+00	0.000000e+00
2.333994e-01	1.498940e+00	0.000000e+00
8.432263e-01	5.761275e-03	0.000000e+00
3.958150e-04	2.394303e+00	0.000000e+00
2.469730e-01	1.346904e+00	0.000000e+00
4.166265e-01	1.190364e+00	0.000000e+00
4.315088e-01	9.472458e-01	0.000000e+00
7.727393e-02	1.902553e+00	0.000000e+00
6.509609e-01	5.415172e-01	0.000000e+00
6.164645e-01	9.301152e-01	0.000000e+00
8.269503e-01	4.943751e-01	0.000000e+00
2.333994e-01	1.509297e+00	0.000000e+00
2.176479e-01	1.487352e+00	0.000000e+00
4.527292e-01	8.050293e-01	0.000000e+00
8.290649e-01	3.539815e-01	0.000000e+00
6.651222e-01	3.911857e-01	0.000000e+00
4.144671e-01	1.221663e+00	0.000000e+00
6.287478e-01	7.130094e-01	0.000000e+00
5.062683e-03	2.035378e+00	0.000000e+00
2.413527e-01	1.472128e+00	0.000000e+00
4.583460e-01	8.011507e-01	0.000000e+00
7.727393e-02	1.877948e+00	0.000000e+00
1.843495e-01	1.772121e+00	0.000000e+00
3.958150e-04	2.356390e+00	0.000000e+00
1.990028e-01	1.684715e+00	0.000000e+00
6.185118e-01	7.746493e-01	0.000000e+00
4.315088e-01	9.410286e-01	0.000000e+00
1.935490e-01	1.745578e+00	0.000000e+00
3.352052e-02	2.013329e+00	0.000000e+00
6.364869e-01	6.851944e-01	0.000000e+00
6.424408e-01	5.591342e-01	0.000000e+00
4.244330e-01	1.028150e+00	0.000000e+00
4.510145e-01	9.057718e-01	0.000000e+00
8.425252e-01	1.878467e-01	0.000000e+00
6.509609e-01	5.370112e-01	0.000000e+00
4.135460e-01	1.306407e+00	0.000000e+00
8.313835e-01	3.457309e-01	0.000000e+00
6.368404e-01	6.055267e-01	0.000000e+00
8.432263e-01	-4.495733e-02	0.000000e+00
8.334922e-01	2.304985e-01	0.000000e+00
4.166265e-01	1.160101e+00	0.000000e+00
2.469730e-01	1.327021e+00	0.000000e+00
3.958150e-04	2.358122e+00	0.000000e+00
8.432263e-01	5.761275e-03	0.000000e+00
6.509609e-01	5.415172e-01	0.000000e+00
4.135460e-01	1.339413e+00	0.000000e+00
8.269503e-01	4.179097e-01	0.000000e+00
4.510145e-01	9.203015e-01	0.000000e+00
1.629275e-02	2.049450e+00	0.000000e+00
6.164645e-01	8.933873e-01	0.000000e+00
2.489143e-01	1.346405e+00	0.000000e+00
8.277218e-01	4.021090e-01	0.000000e+00
6.252773e-02	1.934578e+00	0.000000e+00
1.990028e-01	1.672446e+00	0.000000e+00
8.291742e-01	3.526839e-01	0.000000e+00
2.439140e-01	1.320319e+00	0.000000e+00
8.360820e-01	9.165942e-02	0.000000e+00
5.062683e-03	2.020084e+00	0.000000e+00
4.203890e-01	1.135991e+00	0.000000e+00
4.244330e-01	1.017296e+00	0.000000e+00
1.843495e-01	1.759009e+00	0.000000e+00
6.509609e-01	5.344902e-01	0.000000e+00
2.413527e-01	1.374905e+00	0.000000e+00
6.651222e-01	3.765675e-01	0.000000e+00
4.583460e-01	7.969556e-01	0.000000e+00
1.629275e-02	2.013038e+00	0.000000e+00
8.313835e-01	3.425759e-01	0.000000e+00
4.166265e-01	1.160101e+00	0.000000e+00
8.334922e-01	2.304985e-01	0.000000e+00
8.432263e-01	-4.495733e-02	0.000000e+00
6.368404e-01	6.055267e-01	0.000000e+00
4.135460e-01	1.306407e+00	0.000000e+00
4.510145e-01	9.057718e-01	0.000000e+00
6.424408e-01	5.591342e-01	0.000000e+00
6.364869e-01	6.851944e-01	0.000000e+00
1.935490e-01	1.745578e+00	0.000000e+00
4.315088e-01	9.410286e-01	0.000000e+00
6.185118e-01	7.746493e-01	0.000000e+00
3.958150e-04	2.356390e+00	0.000000e+00
7.727393e-02	1.877948e+00	0.000000e+00
6.287478e-01	7.130094e-01	0.000000e+00
4.144671e-01	1.221663e+00	0.000000e+00
8.290649e-01	3.539815e-01	0.000000e+00
4.527292e-01	8.050293e-01	0.000000e+00
2.176479e-01	1.487352e+00	0.000000e+00
3.958150e-04	2.358122e+00	0.000000e+00
8.432263e-01	5.761275e-03	0.000000e+00
6.509609e-01	5.370112e-01	0.000000e+00
4.583460e-01	8.011507e-01	0.000000e+00
4.135460e-01	1.312395e+00	0.000000e+00
8.313835e-01	3.457309e-01	0.000000e+00
6.651222e-01	3.911857e-01	0.000000e+00
2.176479e-01	1.367331e+00	0.000000e+00
4.934314e-02	1.758333e+00	0.000000e+00
1.843495e-01	1.732155e+00	0.000000e+00
6.628389e-01	3.696861e-01	0.000000e+00
8.290649e-01	3.193123e-01	0.000000e+00
4.583460e-01	7.879341e-01	0.000000e+00
6.509609e-01	5.279615e-01	0.000000e+00
6.604764e-01	4.019842e-01	0.000000e+00
4.203890e-01	1.104236e+00	0.000000e+00
2.468094e-04	2.278669e+00	0.000000e+00
4.135460e-01	1.303511e+00	0.000000e+00
4.244330e-01	9.516164e-01	0.000000e+00
4.527292e-01	8.050293e-01	0.000000e+00
4.144671e-01	1.221663e+00	0.000000e+00
6.287478e-01	7.130094e-01	0.000000e+00
6.185118e-01	7.746493e-01	0.000000e+00
4.315088e-01	9.410286e-01	0.000000e+00
6.364869e-01	6.851944e-01	0.000000e+00
6.424408e-01	5.591342e-01	0.000000e+00
4.510145e-01	9.057718e-01	0.000000e+00
6.368404e-01	6.055267e-01	0.000000e+00
8.432263e-01	-4.495733e-02	0.000000e+00
8.334922e-01	2.304985e-01	0.000000e+00
4.166265e-01	1.160101e+00	0.000000e+00
1.629275e-02	2.013038e+00	0.000000e+00
5.062683e-03	2.020084e+00	0.000000e+00
8.360820e-01	9.165942e-02	0.000000e+00
2.439140e-01	1.320319e+00	0.000000e+00
1.990028e-01	1.672446e+00	0.000000e+00
3.958150e-04	2.356390e+00	0.000000e+00
8.432263e-01	-4.182868e-03	0.000000e+00
6.185118e-01	7.823415e-01	0.000000e+00
2.413527e-01	1.374905e+00	0.000000e+00
4.583460e-01	7.880713e-01	0.000000e+00
6.651222e-01	3.765675e-01	0.000000e+00
4.135460e-01	1.306407e+00	0.000000e+00
5.062683e-03	2.107900e+00	0.000000e+00
6.509609e-01	5.344902e-01	0.000000e+00
7.727393e-02	1.865229e+00	0.000000e+00
8.290649e-01	3.539815e-01	0.000000e+00
6.185118e-01	7.697480e-01	0.000000e+00
8.525637e-01	-8.348863e-02	0.000000e+00
2.468094e-04	2.250745e+00	0.000000e+00
4.212745e-01	9.316002e-01	0.000000e+00
8.360820e-01	6.048301e-02	0.000000e+00
3.790221e-02	1.926849e+00	0.000000e+00
1.844461e-01	1.691920e+00	0.000000e+00
2.042897e-01	1.608385e+00	0.000000e+00
2.401643e-01	1.306340e+00	0.000000e+00
1.685910e-04	2.385763e+00	0.000000e+00
6.509609e-01	5.236643e-01	0.000000e+00
4.103417e-01	1.189537e+00	0.000000e+00
1.990028e-01	1.672446e+00	0.000000e+00
5.062683e-03	2.020084e+00	0.000000e+00
1.629275e-02	2.013038e+00	0.000000e+00
4.166265e-01	1.160101e+00	0.000000e+00
8.334922e-01	2.304985e-01	0.000000e+00
8.432263e-01	-4.495733e-02	0.000000e+00
6.368404e-01	6.055267e-01	0.000000e+00
4.510145e-01	9.057718e-01	0.000000e+00
6.424408e-01	5.591342e-01	0.000000e+00
6.364869e-01	6.851944e-01	0.000000e+00
6.287478e-01	7.130094e-01	0.000000e+00
4.527292e-01	8.050293e-01	0.000000e+00
4.203890e-01	1.104236e+00	0.000000e+00
6.604764e-01	4.019842e-01	0.000000e+00
4.583460e-01	7.879341e-01	0.000000e+00
8.290649e-01	3.193123e-01	0.000000e+00
6.628389e-01	3.696861e-01	0.000000e+00
1.843495e-01	1.732155e+00	0.000000e+00
4.934314e-02	1.758333e+00	0.000000e+00
2.176479e-01	1.367331e+00	0.000000e+00
8.432263e-01	-1.193420e-02	0.000000e+00
2.468094e-04	2.278669e+00	0.000000e+00
4.934314e-02	1.777801e+00	0.000000e+00
2.413527e-01	1.374905e+00	0.000000e+00
6.185118e-01	7.746493e-01	0.000000e+00
5.062683e-03	2.034567e+00	0.000000e+00
2.439140e-01	1.320319e+00	0.000000e+00
8.290649e-01	3.291991e-01	0.000000e+00
6.274234e-01	5.889579e-01	0.000000e+00
2.376293e-01	1.267021e+00	0.000000e+00
4.282695e-01	8.983533e-01	0.000000e+00
2.106315e-01	1.425657e+00	0.000000e+00
5.638145e-02	1.748159e+00	0.000000e+00
6.565925e-01	3.348968e-01	0.000000e+00
4.196066e-01	1.045682e+00	0.000000e+00
5.537043e-06	2.230269e+00	0.000000e+00
8.287156e-01	2.524790e-01	0.000000e+00
2.176479e-01	1.337725e+00	0.000000e+00
1.141153e-03	2.212060e+00	0.000000e+00
4.453891e-01	7.947313e-01	0.000000e+00
5.062683e-03	2.010440e+00	0.000000e+00
4.934314e-02	1.758333e+00	0.000000e+00
1.843495e-01	1.732155e+00	0.000000e+00
4.583460e-01	7.879341e-01	0.000000e+00
6.424408e-01	5.591342e-01	0.000000e+00
8.432263e-01	-4.495733e-02	0.000000e+00
8.334922e-01	2.304985e-01	0.000000e+00
4.166265e-01	1.160101e+00	0.000000e+00
1.990028e-01	1.672446e+00	0.000000e+00
4.103417e-01	1.189537e+00	0.000000e+00
6.509609e-01	5.236643e-01	0.000000e+00
2.042897e-01	1.608385e+00	0.000000e+00
1.844461e-01	1.691920e+00	0.000000e+00
3.790221e-02	1.926849e+00	0.000000e+00
8.360820e-01	6.048301e-02	0.000000e+00
4.212745e-01	9.316002e-01	0.000000e+00
8.525637e-01	-8.348863e-02	0.000000e+00
6.185118e-01	7.697480e-01	0.000000e+00
1.685910e-04	2.385763e+00	0.000000e+00
8.529131e-01	-1.647465e-02	0.000000e+00
8.290649e-01	3.079328e-01	0.000000e+00
1.965505e-01	1.705372e+00	0.000000e+00
4.934314e-02	1.777801e+00	0.000000e+00
4.111242e-01	1.303622e+00	0.000000e+00
2.401643e-01	1.306340e+00	0.000000e+00
6.628389e-01	3.696861e-01	0.000000e+00
6.185118e-01	7.746493e-01	0.000000e+00
2.176479e-01	1.367331e+00	0.000000e+00
2.258142e-01	1.215870e+00	0.000000e+00
8.525637e-01	-9.808996e-02	0.000000e+00
1.844461e-01	1.661229e+00	0.000000e+00
1.842538e-01	1.685398e+00	0.000000e+00
5.537043e-06	2.087871e+00	0.000000e+00
1.992512e-01	1.539051e+00	0.000000e+00
4.196066e-01	1.035701e+00	0.000000e+00
4.103417e-01	1.188488e+00	0.000000e+00
8.258272e-01	1.943990e-01	0.000000e+00
6.185118e-01	7.697480e-01	0.000000e+00
4.212745e-01	9.316002e-01	0.000000e+00
8.360820e-01	6.048301e-02	0.000000e+00
3.790221e-02	1.926849e+00	0.000000e+00
6.509609e-01	5.236643e-01	0.000000e+00
4.166265e-01	1.160101e+00	0.000000e+00
8.432263e-01	-4.495733e-02	0.000000e+00
6.424408e-01	5.591342e-01	0.000000e+00
4.583460e-01	7.879341e-01	0.000000e+00
4.934314e-02	1.758333e+00	0.000000e+00
5.062683e-03	2.010440e+00	0.000000e+00
4.453891e-01	7.947313e-01	0.000000e+00
2.176479e-01	1.337725e+00	0.000000e+00
6.565925e-01	3.348968e-01	0.000000e+00
5.638145e-02	1.748159e+00	0.000000e+00
2.106315e-01	1.425657e+00	0.000000e+00
4.282695e-01	8.983533e-01	0.000000e+00
6.274234e-01	5.889579e-01	0.000000e+00
8.525637e-01	-8.348863e-02	0.000000e+00
5.537043e-06	2.230269e+00	0.000000e+00
6.628389e-01	3.696861e-01	0.000000e+00
4.583460e-01	7.997875e-01	0.000000e+00
4.103417e-01	1.189537e+00	0.000000e+00
4.934314e-02	1.766892e+00	0.000000e+00
6.185118e-01	7.746493e-01	0.000000e+00
2.376293e-01	1.267021e+00	0.000000e+00
8.287156e-01	2.524790e-01	0.000000e+00
6.287664e-01	6.206880e-01	0.000000e+00
4.196066e-01	1.045682e+00	0.000000e+00
1.843495e-01	1.732155e+00	0.000000e+00
8.323529e-01	2.162892e-01	0.000000e+00
4.514094e-01	7.370580e-01	0.000000e+00
3.607253e-06	2.218137e+00	0.000000e+00
1.843495e-01	1.663071e+00	0.000000e+00
4.276705e-01	9.179621e-01	0.000000e+00
6.509609e-01	5.115250e-01	0.000000e+00
6.221122e-01	6.151616e-01	0.000000e+00
8.525637e-01	-1.132941e-01	0.000000e+00
5.537043e-06	2.086490e+00	0.000000e+00
1.257437e-02	1.912272e+00	0.000000e+00
4.934314e-02	1.724314e+00	0.000000e+00
5.062683e-03	1.976911e+00	0.000000e+00
6.274234e-01	5.889579e-01	0.000000e+00
4.282695e-01	8.983533e-01	0.000000e+00
2.106315e-01	1.425657e+00	0.000000e+00
6.565925e-01	3.348968e-01	0.000000e+00
2.176479e-01	1.337725e+00	0.000000e+00
4.453891e-01	7.947313e-01	0.000000e+00
6.424408e-01	5.591342e-01	0.000000e+00
8.432263e-01	-4.495733e-02	0.000000e+00
4.166265e-01	1.160101e+00	0.000000e+00
8.360820e-01	6.048301e-02	0.000000e+00
4.212745e-01	9.316002e-01	0.000000e+00
8.258272e-01	1.943990e-01	0.000000e+00
4.103417e-01	1.188488e+00	0.000000e+00
4.196066e-01	1.035701e+00	0.000000e+00
1.992512e-01	1.539051e+00	0.000000e+00
1.842538e-01	1.685398e+00	0.000000e+00
1.844461e-01	1.661229e+00	0.000000e+00
2.258142e-01	1.215870e+00	0.000000e+00
5.537043e-06	2.087871e+00	0.000000e+00
8.525637e-01	-9.808996e-02	0.000000e+00
2.258142e-01	1.238175e+00	0.000000e+00
1.843495e-01	1.732155e+00	0.000000e+00
6.565925e-01	3.378064e-01	0.000000e+00
4.103417e-01	1.189537e+00	0.000000e+00
4.583460e-01	7.879341e-01	0.000000e+00
8.287156e-01	2.524790e-01	0.000000e+00
6.182276e-01	7.449745e-01	0.000000e+00
5.638145e-02	1.748159e+00	0.000000e+00
8.360820e-01	6.525543e-02	0.000000e+00
4.472908e-03	2.035803e+00	0.000000e+00
6.509609e-01	4.953102e-01	0.000000e+00
6.565925e-01	2.844303e-01	0.000000e+00
2.099227e-01	1.514572e+00	0.000000e+00
3.607253e-06	2.197553e+00	0.000000e+00
8.258272e-01	1.192777e-01	0.000000e+00
5.537043e-06	2.042518e+00	0.000000e+00
6.424408e-01	5.591342e-01	0.000000e+00
2.258142e-01	1.212948e+00	0.000000e+00
4.103417e-01	1.076171e+00	0.000000e+00
8.360820e-01	3.529898e-02	0.000000e+00
4.408579e-01	8.355222e-01	0.000000e+00
1.844461e-01	1.661229e+00	0.000000e+00
1.842538e-01	1.685398e+00	0.000000e+00
1.992512e-01	1.539051e+00	0.000000e+00
4.196066e-01	1.035701e+00	0.000000e+00
4.212745e-01	9.316002e-01	0.000000e+00
8.432263e-01	-4.495733e-02	0.000000e+00
6.424408e-01	5.591342e-01	0.000000e+00
4.453891e-01	7.947313e-01	0.000000e+00
2.176479e-01	1.337725e+00	0.000000e+00
2.106315e-01	1.425657e+00	0.000000e+00
4.282695e-01	8.983533e-01	0.000000e+00
6.274234e-01	5.889579e-01	0.000000e+00
5.062683e-03	1.976911e+00	0.000000e+00
4.934314e-02	1.724314e+00	0.000000e+00
1.257437e-02	1.912272e+00	0.000000e+00
8.525637e-01	-1.132941e-01	0.000000e+00
6.221122e-01	6.151616e-01	0.000000e+00
4.276705e-01	9.179621e-01	0.000000e+00
1.843495e-01	1.663071e+00	0.000000e+00
4.514094e-01	7.370580e-01	0.000000e+00
3.607253e-06	2.218137e+00	0.000000e+00
8.525637e-01	-9.808996e-02	0.000000e+00
2.258142e-01	1.215870e+00	0.000000e+00
4.583460e-01	7.879341e-01	0.000000e+00
6.565925e-01	3.231355e-01	0.000000e+00
8.258272e-01	1.943990e-01	0.000000e+00
5.537043e-06	2.086490e+00	0.000000e+00
6.182276e-01	7.449745e-01	0.000000e+00
5.537043e-06	2.035996e+00	0.000000e+00
8.258272e-01	1.192777e-01	0.000000e+00
4.604041e-01	6.867677e-01	0.000000e+00
2.108346e-01	1.333458e+00	0.000000e+00
2.594655e-02	1.847758e+00	0.000000e+00
4.364492e-01	7.687823e-01	0.000000e+00
2.152876e-03	2.017568e+00	0.000000e+00
4.865513e-02	1.828132e+00	0.000000e+00
2.176479e-01	1.328700e+00	0.000000e+00
4.096564e-01	1.121936e+00	0.000000e+00
6.565925e-01	2.738001e-01	0.000000e+00
1.966638e-01	1.407780e+00	0.000000e+00
4.934314e-02	1.666796e+00	0.000000e+00
6.560620e-01	3.077974e-01	0.000000e+00
4.514094e-01	7.370580e-01	0.000000e+00
1.843495e-01	1.663071e+00	0.000000e+00
4.276705e-01	9.179621e-01	0.000000e+00
6.221122e-01	6.151616e-01	0.000000e+00
8.525637e-01	-1.132941e-01	0.000000e+00
1.257437e-02	1.912272e+00	0.000000e+00
5.062683e-03	1.976911e+00	0.000000e+00
6.274234e-01	5.889579e-01	0.000000e+00
4.282695e-01	8.983533e-01	0.000000e+00
6.424408e-01	5.591342e-01	0.000000e+00
8.432263e-01	-4.495733e-02	0.000000e+00
4.212745e-01	9.316002e-01	0.000000e+00
4.196066e-01	1.035701e+00	0.000000e+00
1.844461e-01	1.661229e+00	0.000000e+00
8.360820e-01	3.529898e-02	0.000000e+00
4.103417e-01	1.076171e+00	0.000000e+00
2.258142e-01	1.212948e+00	0.000000e+00
6.424408e-01	5.591342e-01	0.000000e+00
8.258272e-01	1.192777e-01	0.000000e+00
3.607253e-06	2.197553e+00	0.000000e+00
6.509609e-01	4.953102e-01	0.000000e+00
8.530941e-01	-9.895540e-02	0.000000e+00
3.607253e-06	2.218137e+00	0.000000e+00
6.509609e-01	5.321719e-01	0.000000e+00
4.109523e-01	1.136135e+00	0.000000e+00
4.526070e-01	7.422561e-01	0.000000e+00
8.530941e-01	-1.192591e-01	0.000000e+00
2.310086e-01	1.176810e+00	0.000000e+00
6.505651e-01	2.931803e-01	0.000000e+00
1.257437e-02	1.911047e+00	0.000000e+00
4.243030e-01	8.609676e-01	0.000000e+00
4.934314e-02	1.653837e+00	0.000000e+00
5.421045e-06	2.049103e+00	0.000000e+00
3.607253e-06	2.058991e+00	0.000000e+00
1.843495e-01	1.577953e+00	0.000000e+00
4.364492e-01	7.680703e-01	0.000000e+00
2.594655e-02	1.836276e+00	0.000000e+00
8.258272e-01	1.192777e-01	0.000000e+00
6.424408e-01	5.591342e-01	0.000000e+00
2.258142e-01	1.212948e+00	0.000000e+00
4.103417e-01	1.076171e+00	0.000000e+00
8.360820e-01	3.529898e-02	0.000000e+00
4.196066e-01	1.035701e+00	0.000000e+00
4.212745e-01	9.316002e-01	0.000000e+00
8.432263e-01	-4.495733e-02	0.000000e+00
6.424408e-01	5.591342e-01	0.000000e+00
6.274234e-01	5.889579e-01	0.000000e+00
5.062683e-03	1.976911e+00	0.000000e+00
8.525637e-01	-1.132941e-01	0.000000e+00
6.221122e-01	6.151616e-01	0.000000e+00
4.514094e-01	7.370580e-01	0.000000e+00
1.966638e-01	1.407780e+00	0.000000e+00
6.565925e-01	2.738001e-01	0.000000e+00
4.096564e-01	1.121936e+00	0.000000e+00
2.176479e-01	1.328700e+00	0.000000e+00
4.865513e-02	1.828132e+00	0.000000e+00
2.152876e-03	2.017568e+00	0.000000e+00
2.108346e-01	1.333458e+00	0.000000e+00
4.604041e-01	6.867677e-01	0.000000e+00
8.258272e-01	1.192777e-01	0.000000e+00
5.537043e-06	2.035996e+00	0.000000e+00
3.607253e-06	2.197553e+00	0.000000e+00
8.530941e-01	-9.895540e-02	0.000000e+00
8.258272e-01	1.425957e-01	0.000000e+00
6.560620e-01	3.077974e-01	0.000000e+00
6.221122e-01	6.158812e-01	0.000000e+00
4.103417e-01	1.057752e+00	0.000000e+00
8.521068e-01	-1.281619e-01	0.000000e+00
6.221122e-01	6.048399e-01	0.000000e+00
4.167821e-01	8.653374e-01	0.000000e+00
8.432263e-01	-7.899172e-02	0.000000e+00
6.451699e-01	2.256670e-01	0.000000e+00
6.424408e-01	5.089168e-01	0.000000e+00
8.360820e-01	2.111139e-02	0.000000e+00
2.310086e-01	1.167378e+00	0.000000e+00
4.829985e-02	1.619780e+00	0.000000e+00
8.328238e-01	5.135396e-02	0.000000e+00
5.537043e-06	2.035996e+00	0.000000e+00
8.258272e-01	1.192777e-01	0.000000e+00
4.604041e-01	6.867677e-01	0.000000e+00
2.108346e-01	1.333458e+00	0.000000e+00
2.152876e-03	2.017568e+00	0.000000e+00
2.176479e-01	1.328700e+00	0.000000e+00
4.096564e-01	1.121936e+00	0.000000e+00
1.966638e-01	1.407780e+00	0.000000e+00
4.514094e-01	7.370580e-01	0.000000e+00
5.062683e-03	1.976911e+00	0.000000e+00
6.274234e-01	5.889579e-01	0.000000e+00
2.258142e-01	1.212948e+00	0.000000e+00
8.258272e-01	1.192777e-01	0.000000e+00
2.594655e-02	1.836276e+00	0.000000e+00
4.364492e-01	7.680703e-01	0.000000e+00
1.843495e-01	1.577953e+00	0.000000e+00
3.607253e-06	2.058991e+00	0.000000e+00
5.421045e-06	2.049103e+00	0.000000e+00
4.243030e-01	8.609676e-01	0.000000e+00
1.257437e-02	1.911047e+00	0.000000e+00
8.530941e-01	-1.192591e-01	0.000000e+00
3.607253e-06	2.197398e+00	0.000000e+00
6.221122e-01	6.101831e-01	0.000000e+00
4.243030e-01	8.721963e-01	0.000000e+00
8.258272e-01	1.221302e-01	0.000000e+00
2.310086e-01	1.176810e+00	0.000000e+00
6.565925e-01	2.738001e-01	0.000000e+00
4.934314e-02	1.653837e+00	0.000000e+00
4.096564e-01	1.131844e+00	0.000000e+00
8.258272e-01	9.046568e-02	0.000000e+00
4.243030e-01	8.589144e-01	0.000000e+00
2.310086e-01	1.144612e+00	0.000000e+00
6.424408e-01	4.143122e-01	0.000000e+00
6.451699e-01	1.759216e-01	0.000000e+00
4.364492e-01	7.640248e-01	0.000000e+00
2.594655e-02	1.793765e+00	0.000000e+00
8.521068e-01	-1.398791e-01	0.000000e+00
4.096564e-01	1.089893e+00	0.000000e+00
1.257437e-02	1.911047e+00	0.000000e+00
5.421045e-06	2.049103e+00	0.000000e+00
3.607253e-06	2.058991e+00	0.000000e+00
1.843495e-01	1.577953e+00	0.000000e+00
2.258142e-01	1.212948e+00	0.000000e+00
6.274234e-01	5.889579e-01	0.000000e+00
5.062683e-03	1.976911e+00	0.000000e+00
4.514094e-01	7.370580e-01	0.000000e+00
1.966638e-01	1.407780e+00	0.000000e+00
2.176479e-01	1.328700e+00	0.000000e+00
2.152876e-03	2.017568e+00	0.000000e+00
2.108346e-01	1.333458e+00	0.000000e+00
4.604041e-01	6.867677e-01	0.000000e+00
5.537043e-06	2.035996e+00	0.000000e+00
8.328238e-01	5.135396e-02	0.000000e+00
4.829985e-02	1.619780e+00	0.000000e+00
8.360820e-01	2.111139e-02	0.000000e+00
8.432263e-01	-7.899172e-02	0.000000e+00
4.167821e-01	8.653374e-01	0.000000e+00
6.221122e-01	6.048399e-01	0.000000e+00
4.103417e-01	1.057752e+00	0.000000e+00
3.607253e-06	2.144676e+00	0.000000e+00
8.521068e-01	-1.281619e-01	0.000000e+00
6.451699e-01	2.256670e-01	0.000000e+00
6.221122e-01	6.101831e-01	0.000000e+00
2.310086e-01	1.167378e+00	0.000000e+00
8.258272e-01	1.006290e-01	0.000000e+00
4.604041e-01	7.259728e-01	0.000000e+00
3.899431e-01	1.146463e+00	0.000000e+00
6.424408e-01	4.866398e-01	0.000000e+00
1.966638e-01	1.477063e+00	0.000000e+00
8.982319e-03	1.962324e+00	0.000000e+00
2.108346e-01	1.252072e+00	0.000000e+00
1.933771e-01	1.356648e+00	0.000000e+00
3.607253e-06	2.016872e+00	0.000000e+00
8.258272e-01	5.980596e-02	0.000000e+00
6.221122e-01	5.918830e-01	0.000000e+00
4.438394e-01	6.567563e-01	0.000000e+00
6.209199e-02	1.493854e+00	0.000000e+00
6.339995e-01	3.680759e-01	0.000000e+00
8.255142e-01	1.073507e-01	0.000000e+00
8.524198e-01	-1.886079e-01	0.000000e+00
2.333644e-01	1.128607e+00	0.000000e+00
4.103417e-01	1.057752e+00	0.000000e+00
4.167821e-01	8.653374e-01	0.000000e+00
8.432263e-01	-7.899172e-02	0.000000e+00
8.360820e-01	2.111139e-02	0.000000e+00
4.829985e-02	1.619780e+00	0.000000e+00
8.328238e-01	5.135396e-02	0.000000e+00
5.062683e-03	1.976911e+00	0.000000e+00
6.274234e-01	5.889579e-01	0.000000e+00
2.258142e-01	1.212948e+00	0.000000e+00
1.257437e-02	1.911047e+00	0.000000e+00
4.096564e-01	1.089893e+00	0.000000e+00
8.521068e-01	-1.398791e-01	0.000000e+00
2.594655e-02	1.793765e+00	0.000000e+00
4.364492e-01	7.640248e-01	0.000000e+00
6.451699e-01	1.759216e-01	0.000000e+00
2.310086e-01	1.144612e+00	0.000000e+00
4.243030e-01	8.589144e-01	0.000000e+00
3.607253e-06	2.055683e+00	0.000000e+00
8.521068e-01	-1.281619e-01	0.000000e+00
1.843495e-01	1.577953e+00	0.000000e+00
2.152876e-03	2.017568e+00	0.000000e+00
3.899431e-01	1.146463e+00	0.000000e+00
6.451699e-01	1.766714e-01	0.000000e+00
6.221122e-01	6.048399e-01	0.000000e+00
8.258272e-01	8.663663e-02	0.000000e+00
4.402559e-01	7.782262e-01	0.000000e+00
4.604041e-01	6.815161e-01	0.000000e+00
2.310086e-01	1.147878e+00	0.000000e+00
2.638175e-01	1.007772e+00	0.000000e+00
1.933771e-01	1.351944e+00	0.000000e+00
4.364492e-01	7.151121e-01	0.000000e+00
6.268918e-01	3.830068e-01	0.000000e+00
4.333562e-01	7.892993e-01	0.000000e+00
5.176724e-04	1.963788e+00	0.000000e+00
1.841823e-01	1.396299e+00	0.000000e+00
2.035005e-02	1.738425e+00	0.000000e+00
3.607253e-06	1.997379e+00	0.000000e+00
2.108346e-01	1.238667e+00	0.000000e+00
5.154705e-02	1.601752e+00	0.000000e+00
4.243030e-01	8.589144e-01	0.000000e+00
2.310086e-01	1.144612e+00	0.000000e+00
6.451699e-01	1.759216e-01	0.000000e+00
8.521068e-01	-1.398791e-01	0.000000e+00
1.257437e-02	1.911047e+00	0.000000e+00
2.258142e-01	1.212948e+00	0.000000e+00
8.328238e-01	5.135396e-02	0.000000e+00
4.829985e-02	1.619780e+00	0.000000e+00
8.360820e-01	2.111139e-02	0.000000e+00
8.432263e-01	-7.899172e-02	0.000000e+00
4.167821e-01	8.653374e-01	0.000000e+00
2.333644e-01	1.128607e+00	0.000000e+00
8.524198e-01	-1.886079e-01	0.000000e+00
8.255142e-01	1.073507e-01	0.000000e+00
6.339995e-01	3.680759e-01	0.000000e+00
6.209199e-02	1.493854e+00	0.000000e+00
4.438394e-01	6.567563e-01	0.000000e+00
6.221122e-01	5.918830e-01	0.000000e+00
8.258272e-01	5.980596e-02	0.000000e+00
8.982319e-03	1.962324e+00	0.000000e+00
8.524198e-01	-1.722571e-01	0.000000e+00
3.607253e-06	2.016872e+00	0.000000e+00
6.451699e-01	1.766714e-01	0.000000e+00
4.604041e-01	6.815161e-01	0.000000e+00
8.258272e-01	8.663663e-02	0.000000e+00
6.221122e-01	5.934974e-01	0.000000e+00
2.644909e-01	1.122709e+00	0.000000e+00
4.364492e-01	7.640248e-01	0.000000e+00
6.274234e-01	5.889579e-01	0.000000e+00
2.638175e-01	9.709617e-01	0.000000e+00
1.928455e-01	1.364071e+00	0.000000e+00
1.330719e-02	1.774670e+00	0.000000e+00
8.482470e-01	-1.791313e-01	0.000000e+00
6.209199e-02	1.421436e+00	0.000000e+00
8.255142e-01	1.042918e-01	0.000000e+00
8.360820e-01	2.111139e-02	0.000000e+00
2.108346e-01	1.200868e+00	0.000000e+00
4.438394e-01	6.352476e-01	0.000000e+00
6.254031e-01	4.635038e-01	0.000000e+00
8.982319e-03	1.962324e+00	0.000000e+00
8.258272e-01	5.980596e-02	0.000000e+00
6.221122e-01	5.918830e-01	0.000000e+00
6.339995e-01	3.680759e-01	0.000000e+00
8.524198e-01	-1.886079e-01	0.000000e+00
2.333644e-01	1.128607e+00	0.000000e+00
4.167821e-01	8.653374e-01	0.000000e+00
8.432263e-01	-7.899172e-02	0.000000e+00
8.360820e-01	2.111139e-02	0.000000e+00
4.829985e-02	1.619780e+00	0.000000e+00
8.328238e-01	5.135396e-02	0.000000e+00
1.257437e-02	1.911047e+00	0.000000e+00
6.451699e-01	1.759216e-01	0.000000e+00
2.310086e-01	1.144612e+00	0.000000e+00
4.243030e-01	8.589144e-01	0.000000e+00
5.154705e-02	1.601752e+00	0.000000e+00
3.607253e-06	1.997379e+00	0.000000e+00
2.035005e-02	1.738425e+00	0.000000e+00
1.841823e-01	1.396299e+00	0.000000e+00
5.176724e-04	1.963788e+00	0.000000e+00
4.333562e-01	7.892993e-01	0.000000e+00
6.268918e-01	3.830068e-01	0.000000e+00
4.364492e-01	7.151121e-01	0.000000e+00
1.933771e-01	1.351944e+00	0.000000e+00
8.524198e-01	-1.722571e-01	0.000000e+00
3.607253e-06	2.015900e+00	0.000000e+00
6.209199e-02	1.493854e+00	0.000000e+00
6.451699e-01	1.766714e-01	0.000000e+00
2.638175e-01	9.972287e-01	0.000000e+00
2.108346e-01	1.238667e+00	0.000000e+00
8.482470e-01	-1.849663e-01	0.000000e+00
8.524198e-01	-2.024462e-01	0.000000e+00
6.451699e-01	1.434080e-01	0.000000e+00
6.507785e-01	1.245631e-01	0.000000e+00
2.310086e-01	1.118218e+00	0.000000e+00
2.035005e-02	1.719928e+00	0.000000e+00
2.202186e-01	1.195632e+00	0.000000e+00
8.255142e-01	8.590653e-02	0.000000e+00
1.330719e-02	1.772007e+00	0.000000e+00
3.607253e-06	1.828400e+00	0.000000e+00
4.438394e-01	6.311340e-01	0.000000e+00
4.243030e-01	7.933643e-01	0.000000e+00
2.611978e-01	1.101107e+00	0.000000e+00
1.933771e-01	1.351944e+00	0.000000e+00
4.364492e-01	7.151121e-01	0.000000e+00
6.268918e-01	3.830068e-01	0.000000e+00
4.333562e-01	7.892993e-01	0.000000e+00
1.841823e-01	1.396299e+00	0.000000e+00
5.154705e-02	1.601752e+00	0.000000e+00
8.328238e-01	5.135396e-02	0.000000e+00
4.829985e-02	1.619780e+00	0.000000e+00
8.360820e-01	2.111139e-02	0.000000e+00
8.432263e-01	-7.899172e-02	0.000000e+00
4.167821e-01	8.653374e-01	0.000000e+00
6.339995e-01	3.680759e-01	0.000000e+00
6.221122e-01	5.918830e-01	0.000000e+00
8.258272e-01	5.980596e-02	0.000000e+00
6.254031e-01	4.635038e-01	0.000000e+00
2.108346e-01	1.200868e+00	0.000000e+00
8.360820e-01	2.111139e-02	0.000000e+00
6.209199e-02	1.421436e+00	0.000000e+00
1.928455e-01	1.364071e+00	0.000000e+00
2.638175e-01	9.709617e-01	0.000000e+00
8.524198e-01	-1.886079e-01	0.000000e+00
3.607253e-06	1.995402e+00	0.000000e+00
6.268918e-01	4.529585e-01	0.000000e+00
4.438394e-01	6.352476e-01	0.000000e+00
6.451699e-01	1.759216e-01	0.000000e+00
4.243030e-01	8.589144e-01	0.000000e+00
2.638175e-01	9.972287e-01	0.000000e+00
6.339995e-01	3.011995e-01	0.000000e+00
8.367862e-01	-4.481579e-02	0.000000e+00
6.268918e-01	3.814818e-01	0.000000e+00
2.638175e-01	9.081980e-01	0.000000e+00
8.406709e-01	-1.025042e-01	0.000000e+00
4.243030e-01	7.797651e-01	0.000000e+00
4.403134e-01	6.428878e-01	0.000000e+00
8.524198e-01	-2.132926e-01	0.000000e+00
6.209199e-02	1.414477e+00	0.000000e+00
2.310086e-01	1.113321e+00	0.000000e+00
2.611978e-01	1.008766e+00	0.000000e+00
6.507785e-01	1.210529e-01	0.000000e+00
1.928455e-01	1.364071e+00	0.000000e+00
8.360820e-01	2.111139e-02	0.000000e+00
2.108346e-01	1.200868e+00	0.000000e+00
6.254031e-01	4.635038e-01	0.000000e+00
8.258272e-01	5.980596e-02	0.000000e+00
6.221122e-01	5.918830e-01	0.000000e+00
4.167821e-01	8.653374e-01	0.000000e+00
8.360820e-01	2.111139e-02	0.000000e+00
4.829985e-02	1.619780e+00	0.000000e+00
8.328238e-01	5.135396e-02	0.000000e+00
5.154705e-02	1.601752e+00	0.000000e+00
1.841823e-01	1.396299e+00	0.000000e+00
4.364492e-01	7.151121e-01	0.000000e+00
1.933771e-01	1.351944e+00	0.000000e+00
4.438394e-01	6.311340e-01	0.000000e+00
3.607253e-06	1.828400e+00	0.000000e+00
1.330719e-02	1.772007e+00	0.000000e+00
8.255142e-01	8.590653e-02	0.000000e+00
2.202186e-01	1.195632e+00	0.000000e+00
2.035005e-02	1.719928e+00	0.000000e+00
6.451699e-01	1.434080e-01	0.000000e+00
8.482470e-01	-1.849663e-01	0.000000e+00
3.607253e-06	1.889237e+00	0.000000e+00
8.524198e-01	-2.024462e-01	0.000000e+00
6.254031e-01	5.146815e-01	0.000000e+00
8.258272e-01	7.902900e-02	0.000000e+00
4.438394e-01	6.352476e-01	0.000000e+00
6.209199e-02	1.421436e+00	0.000000e+00
